2022-07-27 17:58:31,884 [INFO] Initializing RFSM 
2022-07-27 17:58:32,365 [DEBUG] Communicator is initialized
2022-07-27 17:58:32,365 [DEBUG] Running in vrf mode
2022-07-27 17:58:32,365 [DEBUG] RFAScenarioManagerConstructor executed successfully
2022-07-27 17:58:32,365 [DEBUG] SpawnManager_Nadav is initialized
2022-07-27 17:58:32,866 [DEBUG] Get Forces local 
2022-07-27 17:58:39,845 [DEBUG] Next Primitive Action: Change next destination to Attack Position: 54
2022-07-27 17:58:39,845 [DEBUG] Next destination has been changed to: 54
2022-07-27 17:58:40,348 [DEBUG] Next Primitive Task: move to Attack position number:  54
2022-07-27 17:58:40,348 [DEBUG] Squad started to move to Attack position: 54
2022-07-27 17:59:20,045 [DEBUG] case 2 at_1 Entity arrived to locaionAT_OP movement task completed
2022-07-27 17:59:20,045 [DEBUG] entity: at_1 changed state to AT_OP arrived to location 
2022-07-27 17:59:20,546 [DEBUG] Next Primitive Task: locate in position
2022-07-27 17:59:21,548 [DEBUG] Squad member at_1is locating in Attack position:  54
2022-07-27 17:59:22,549 [DEBUG] Squad member ob_1is locating in Attack position:  54
2022-07-27 17:59:23,550 [DEBUG] Squad member so_1is locating in Attack position:  54
2022-07-27 17:59:24,552 [DEBUG] Squad member so_2is locating in Attack position:  54
2022-07-27 17:59:25,054 [DEBUG] Next Primitive Task: scan for enemy 
2022-07-27 17:59:25,055 [DEBUG] Squad is scanning for enemies from Attack position: 54
2022-07-27 17:59:25,056 [DEBUG] Enemy: DJI 2 has been detected
2022-07-27 17:59:25,057 [DEBUG] Enemy: LAV_1 has been detected
2022-07-27 17:59:25,057 [DEBUG] Enemy: DJI 1 has been detected
