2022-07-27 18:06:10,887 [INFO] Initializing RFSM 
2022-07-27 18:06:11,362 [DEBUG] Communicator is initialized
2022-07-27 18:06:11,362 [DEBUG] Running in vrf mode
2022-07-27 18:06:11,362 [DEBUG] RFAScenarioManagerConstructor executed successfully
2022-07-27 18:06:11,363 [DEBUG] SpawnManager_Nadav is initialized
2022-07-27 18:06:11,864 [DEBUG] Get Forces local 
2022-07-27 18:06:19,709 [DEBUG] Next Primitive Action: Change next destination to Attack Position: 54
2022-07-27 18:06:19,709 [DEBUG] Next destination has been changed to: 54
2022-07-27 18:06:20,212 [DEBUG] Next Primitive Task: move to Attack position number:  54
2022-07-27 18:06:20,212 [DEBUG] Squad started to move to Attack position: 54
2022-07-27 18:07:23,551 [DEBUG] case 2 at_1 Entity arrived to locaionAT_OP movement task completed
2022-07-27 18:07:23,551 [DEBUG] entity: at_1 changed state to AT_OP arrived to location 
2022-07-27 18:07:24,054 [DEBUG] Next Primitive Task: locate in position
2022-07-27 18:07:25,055 [DEBUG] Squad member at_1is locating in Attack position:  54
2022-07-27 18:07:26,056 [DEBUG] Squad member ob_1is locating in Attack position:  54
2022-07-27 18:07:27,057 [DEBUG] Squad member so_1is locating in Attack position:  54
2022-07-27 18:07:28,059 [DEBUG] Squad member so_2is locating in Attack position:  54
2022-07-27 18:07:28,562 [DEBUG] Next Primitive Task: scan for enemy 
2022-07-27 18:07:28,562 [DEBUG] Squad is scanning for enemies from Attack position: 54
2022-07-27 18:07:28,564 [DEBUG] Enemy: DJI 2 has been detected
2022-07-27 18:07:28,565 [DEBUG] Enemy: LAV_1 has been detected
2022-07-27 18:07:28,565 [DEBUG] Enemy: DJI 1 has been detected
