2022-07-27 16:33:55,935 [INFO] Initializing RFSM 
2022-07-27 16:33:56,407 [DEBUG] Communicator is initialized
2022-07-27 16:33:56,407 [DEBUG] Running in vrf mode
2022-07-27 16:33:56,407 [DEBUG] RFAScenarioManagerConstructor executed successfully
2022-07-27 16:33:56,407 [DEBUG] SpawnManager_Nadav is initialized
2022-07-27 16:33:56,909 [DEBUG] Get Forces local 
2022-07-27 16:34:02,865 [DEBUG] Next Primitive Action: Change next destination to Attack Position: 54
2022-07-27 16:34:02,865 [DEBUG] Next destination has been changed to: 54
2022-07-27 16:34:03,368 [DEBUG] Next Primitive Task: move to Attack position number:  54
2022-07-27 16:34:03,368 [DEBUG] Squad started to move to Attack position: 54
2022-07-27 16:34:49,608 [DEBUG] case 2 at_1 Entity arrived to locaionAT_OP movement task completed
2022-07-27 16:34:49,608 [DEBUG] entity: at_1 changed state to AT_OP arrived to location 
2022-07-27 16:34:50,109 [DEBUG] Next Primitive Task: locate in position
2022-07-27 16:34:51,111 [DEBUG] Squad member at_1is locating in Attack position:  54
2022-07-27 16:34:52,111 [DEBUG] Squad member ob_1is locating in Attack position:  54
2022-07-27 16:34:53,111 [DEBUG] Squad member so_1is locating in Attack position:  54
2022-07-27 16:34:54,113 [DEBUG] Squad member so_2is locating in Attack position:  54
2022-07-27 16:34:54,615 [DEBUG] Next Primitive Task: scan for enemy 
2022-07-27 16:34:54,615 [DEBUG] Squad is scanning for enemies from Attack position: 54
2022-07-27 16:34:54,617 [DEBUG] Enemy: LAV_1 has been detected
2022-07-27 16:34:54,617 [DEBUG] Enemy: DJI 1 has been detected
2022-07-27 16:34:54,618 [DEBUG] Enemy: DJI 2 has been detected
2022-07-27 16:35:54,922 [DEBUG] SpawnManager_Nadav is initialized
2022-07-27 16:35:55,425 [DEBUG] Get Forces local 
