2022-07-26 18:02:32,574 [INFO] Initializing RFSM 
2022-07-26 18:02:33,039 [DEBUG] Communicator is initialized
2022-07-26 18:02:33,039 [DEBUG] Running in vrf mode
2022-07-26 18:02:33,039 [DEBUG] RFAScenarioManagerConstructor executed successfully
2022-07-26 18:02:33,039 [DEBUG] SpawnManager_Nadav is initialized
2022-07-26 18:02:33,540 [DEBUG] Get Forces local 
2022-07-26 18:02:42,747 [DEBUG] Next Primitive Action: Change next destination to Attack Position: 40
2022-07-26 18:02:42,747 [DEBUG] Next destination has been changed to: 40
2022-07-26 18:02:43,250 [DEBUG] Next Primitive Task: move to Attack position number:  40
2022-07-26 18:02:43,250 [DEBUG] Squad started to move to Attack position: 40
2022-07-26 18:03:40,037 [DEBUG] case 2 at_1 Entity arrived to locaionAT_OP movement task completed
2022-07-26 18:03:40,037 [DEBUG] entity: at_1 changed state to AT_OP arrived to location 
2022-07-26 18:03:40,540 [DEBUG] Next Primitive Task: locate in position
2022-07-26 18:03:41,541 [DEBUG] Squad member at_1is locating in Attack position:  40
2022-07-26 18:03:42,542 [DEBUG] Squad member ob_1is locating in Attack position:  40
2022-07-26 18:03:43,542 [DEBUG] Squad member so_1is locating in Attack position:  40
2022-07-26 18:03:44,544 [DEBUG] Squad member so_2is locating in Attack position:  40
2022-07-26 18:03:45,046 [DEBUG] Next Primitive Task: scan for enemy 
2022-07-26 18:03:45,046 [DEBUG] Squad is scanning for enemies from Attack position: 40
2022-07-26 18:03:45,047 [DEBUG] Enemy: LAV_1has been detected
2022-07-26 18:03:45,048 [DEBUG] Enemy: DJI 1has been detected
2022-07-26 18:03:45,049 [DEBUG] Enemy: DJI 2has been detected
