2022-07-27 16:38:40,946 [INFO] Initializing RFSM 
2022-07-27 16:38:41,412 [DEBUG] Communicator is initialized
2022-07-27 16:38:41,412 [DEBUG] Running in vrf mode
2022-07-27 16:38:41,412 [DEBUG] RFAScenarioManagerConstructor executed successfully
2022-07-27 16:38:41,413 [DEBUG] SpawnManager_Nadav is initialized
2022-07-27 16:38:41,914 [DEBUG] Get Forces local 
2022-07-27 16:38:47,830 [DEBUG] Next Primitive Action: Change next destination to Attack Position: 54
2022-07-27 16:38:47,830 [DEBUG] Next destination has been changed to: 54
2022-07-27 16:38:48,332 [DEBUG] Next Primitive Task: move to Attack position number:  54
2022-07-27 16:38:48,333 [DEBUG] Squad started to move to Attack position: 54
2022-07-27 16:39:34,565 [DEBUG] case 2 at_1 Entity arrived to locaionAT_OP movement task completed
2022-07-27 16:39:34,565 [DEBUG] entity: at_1 changed state to AT_OP arrived to location 
2022-07-27 16:39:35,069 [DEBUG] Next Primitive Task: locate in position
2022-07-27 16:39:36,069 [DEBUG] Squad member at_1is locating in Attack position:  54
2022-07-27 16:39:37,071 [DEBUG] Squad member ob_1is locating in Attack position:  54
2022-07-27 16:39:38,072 [DEBUG] Squad member so_1is locating in Attack position:  54
2022-07-27 16:39:39,073 [DEBUG] Squad member so_2is locating in Attack position:  54
2022-07-27 16:39:39,576 [DEBUG] Next Primitive Task: scan for enemy 
2022-07-27 16:39:39,576 [DEBUG] Squad is scanning for enemies from Attack position: 54
2022-07-27 16:39:39,577 [DEBUG] Enemy: LAV_1 has been detected
2022-07-27 16:39:39,578 [DEBUG] Enemy: DJI 1 has been detected
2022-07-27 16:39:39,580 [DEBUG] Enemy: DJI 2 has been detected
2022-07-27 16:47:26,882 [DEBUG] SpawnManager_Nadav is initialized
2022-07-27 16:47:27,385 [DEBUG] Get Forces local 
2022-07-27 17:05:26,276 [DEBUG] Next Primitive Action: Change next destination to Attack Position: 54
2022-07-27 17:05:26,276 [DEBUG] Next destination has been changed to: 54
2022-07-27 17:05:26,779 [DEBUG] Next Primitive Task: move to Attack position number:  54
2022-07-27 17:05:26,779 [DEBUG] Squad started to move to Attack position: 54
2022-07-27 17:05:53,918 [DEBUG] case 2 at_1 Entity arrived to locaionAT_OP movement task completed
2022-07-27 17:05:53,919 [DEBUG] entity: at_1 changed state to AT_OP arrived to location 
2022-07-27 17:05:54,422 [DEBUG] Next Primitive Task: locate in position
2022-07-27 17:05:55,424 [DEBUG] Squad member at_1is locating in Attack position:  54
2022-07-27 17:05:56,425 [DEBUG] Squad member ob_1is locating in Attack position:  54
2022-07-27 17:05:57,426 [DEBUG] Squad member so_1is locating in Attack position:  54
2022-07-27 17:05:58,427 [DEBUG] Squad member so_2is locating in Attack position:  54
2022-07-27 17:05:58,929 [DEBUG] Next Primitive Task: scan for enemy 
2022-07-27 17:05:58,929 [DEBUG] Squad is scanning for enemies from Attack position: 54
2022-07-27 17:05:58,930 [DEBUG] Enemy: LAV_1 has been detected
2022-07-27 17:05:58,931 [DEBUG] Enemy: DJI 1 has been detected
2022-07-27 17:05:58,932 [DEBUG] Enemy: DJI 2 has been detected
2022-07-27 17:27:25,203 [DEBUG] SpawnManager_Nadav is initialized
2022-07-27 17:27:25,706 [DEBUG] Get Forces local 
