2022-07-27 17:55:51,206 [INFO] Initializing RFSM 
2022-07-27 17:55:51,684 [DEBUG] Communicator is initialized
2022-07-27 17:55:51,685 [DEBUG] Running in vrf mode
2022-07-27 17:55:51,685 [DEBUG] RFAScenarioManagerConstructor executed successfully
2022-07-27 17:55:51,685 [DEBUG] SpawnManager_Nadav is initialized
2022-07-27 17:55:52,185 [DEBUG] Get Forces local 
2022-07-27 17:55:57,295 [DEBUG] Next Primitive Action: Change next destination to Attack Position: 54
2022-07-27 17:55:57,295 [DEBUG] Next destination has been changed to: 54
2022-07-27 17:55:57,798 [DEBUG] Next Primitive Task: move to Attack position number:  54
2022-07-27 17:55:57,798 [DEBUG] Squad started to move to Attack position: 54
2022-07-27 17:56:37,488 [DEBUG] case 2 at_1 Entity arrived to locaionAT_OP movement task completed
2022-07-27 17:56:37,488 [DEBUG] entity: at_1 changed state to AT_OP arrived to location 
2022-07-27 17:56:37,990 [DEBUG] Next Primitive Task: locate in position
2022-07-27 17:56:38,992 [DEBUG] Squad member at_1is locating in Attack position:  54
2022-07-27 17:56:39,992 [DEBUG] Squad member ob_1is locating in Attack position:  54
2022-07-27 17:56:40,993 [DEBUG] Squad member so_1is locating in Attack position:  54
2022-07-27 17:56:41,995 [DEBUG] Squad member so_2is locating in Attack position:  54
2022-07-27 17:56:42,497 [DEBUG] Next Primitive Task: scan for enemy 
2022-07-27 17:56:42,497 [DEBUG] Squad is scanning for enemies from Attack position: 54
2022-07-27 17:56:42,499 [DEBUG] Enemy: DJI 2 has been detected
2022-07-27 17:56:42,500 [DEBUG] Enemy: LAV_1 has been detected
2022-07-27 17:56:42,501 [DEBUG] Enemy: DJI 1 has been detected
2022-07-27 17:57:44,187 [DEBUG] SpawnManager_Nadav is initialized
2022-07-27 17:57:44,688 [DEBUG] Get Forces local 
