2022-07-26 17:55:09,504 [INFO] Initializing RFSM 
2022-07-26 17:55:09,975 [DEBUG] Communicator is initialized
2022-07-26 17:55:09,975 [DEBUG] Running in vrf mode
2022-07-26 17:55:09,975 [DEBUG] RFAScenarioManagerConstructor executed successfully
2022-07-26 17:55:09,975 [DEBUG] SpawnManager_Nadav is initialized
2022-07-26 17:55:10,477 [DEBUG] Get Forces local 
2022-07-26 17:55:21,675 [DEBUG] Next Primitive Action :Choose position:
2022-07-26 17:55:22,177 [DEBUG] Next Primitive Task: move to Attack position number:  42
2022-07-26 17:55:22,177 [DEBUG] Squad started to move to Attack position: 42
2022-07-26 17:55:24,689 [DEBUG] case 2 at_1 Entity arrived to locaionAT_OP movement task completed
2022-07-26 17:55:24,689 [DEBUG] entity: at_1 changed state to AT_OP arrived to location 
2022-07-26 17:55:25,192 [DEBUG] Next Primitive Task: locate in position
2022-07-26 17:55:26,192 [DEBUG] Squad is locating in Attack position:  42
2022-07-26 17:55:27,193 [DEBUG] Squad is locating in Attack position:  42
2022-07-26 17:55:28,194 [DEBUG] Squad is locating in Attack position:  42
2022-07-26 17:55:29,195 [DEBUG] Squad is locating in Attack position:  42
2022-07-26 17:55:29,697 [DEBUG] Next Primitive Task: scan for enemy 
2022-07-26 17:55:29,697 [DEBUG] Squad is scanning for enemies from Attack position: 42
2022-07-26 17:55:29,698 [DEBUG] Enemy: LAV_1has been detected
2022-07-26 17:55:29,699 [DEBUG] Enemy: DJI 1has been detected
2022-07-26 17:55:29,699 [DEBUG] Enemy: DJI 2has been detected
