2022-07-27 17:53:07,469 [INFO] Initializing RFSM 
2022-07-27 17:53:07,968 [DEBUG] Communicator is initialized
2022-07-27 17:53:07,969 [DEBUG] Running in vrf mode
2022-07-27 17:53:07,969 [DEBUG] RFAScenarioManagerConstructor executed successfully
2022-07-27 17:53:07,970 [DEBUG] SpawnManager_Nadav is initialized
2022-07-27 17:53:08,471 [DEBUG] Get Forces local 
2022-07-27 17:53:15,347 [DEBUG] Next Primitive Action: Change next destination to Attack Position: 54
2022-07-27 17:53:15,348 [DEBUG] Next destination has been changed to: 54
2022-07-27 17:53:15,850 [DEBUG] Next Primitive Task: move to Attack position number:  54
2022-07-27 17:53:15,851 [DEBUG] Squad started to move to Attack position: 54
2022-07-27 17:53:55,539 [DEBUG] case 2 at_1 Entity arrived to locaionAT_OP movement task completed
2022-07-27 17:53:55,539 [DEBUG] entity: at_1 changed state to AT_OP arrived to location 
2022-07-27 17:53:56,043 [DEBUG] Next Primitive Task: locate in position
2022-07-27 17:53:57,043 [DEBUG] Squad member at_1is locating in Attack position:  54
2022-07-27 17:53:58,045 [DEBUG] Squad member ob_1is locating in Attack position:  54
2022-07-27 17:53:59,047 [DEBUG] Squad member so_1is locating in Attack position:  54
2022-07-27 17:54:00,047 [DEBUG] Squad member so_2is locating in Attack position:  54
2022-07-27 17:54:00,549 [DEBUG] Next Primitive Task: scan for enemy 
2022-07-27 17:54:00,550 [DEBUG] Squad is scanning for enemies from Attack position: 54
2022-07-27 17:54:00,551 [DEBUG] Enemy: DJI 2 has been detected
2022-07-27 17:54:00,552 [DEBUG] Enemy: LAV_1 has been detected
2022-07-27 17:54:00,552 [DEBUG] Enemy: DJI 1 has been detected
