2022-07-26 18:01:27,547 [INFO] Initializing RFSM 
2022-07-26 18:01:28,010 [DEBUG] Communicator is initialized
2022-07-26 18:01:28,010 [DEBUG] Running in vrf mode
2022-07-26 18:01:28,010 [DEBUG] RFAScenarioManagerConstructor executed successfully
2022-07-26 18:01:28,011 [DEBUG] SpawnManager_Nadav is initialized
2022-07-26 18:01:28,512 [DEBUG] Get Forces local 
2022-07-26 18:01:34,892 [DEBUG] Next Primitive Action: Change next destination to Attack Position: 42
2022-07-26 18:01:34,892 [DEBUG] Next destination has been changed to: 42
2022-07-26 18:01:35,394 [DEBUG] Next Primitive Task: move to Attack position number:  42
2022-07-26 18:01:35,394 [DEBUG] Squad started to move to Attack position: 42
2022-07-26 18:01:37,904 [DEBUG] case 2 at_1 Entity arrived to locaionAT_OP movement task completed
2022-07-26 18:01:37,904 [DEBUG] entity: at_1 changed state to AT_OP arrived to location 
2022-07-26 18:01:38,408 [DEBUG] Next Primitive Task: locate in position
2022-07-26 18:01:39,409 [DEBUG] Squad member at_1is locating in Attack position:  42
2022-07-26 18:01:40,410 [DEBUG] Squad member at_1is locating in Attack position:  42
2022-07-26 18:01:41,411 [DEBUG] Squad member at_1is locating in Attack position:  42
2022-07-26 18:01:42,413 [DEBUG] Squad member at_1is locating in Attack position:  42
2022-07-26 18:01:42,915 [DEBUG] Next Primitive Task: scan for enemy 
2022-07-26 18:01:42,915 [DEBUG] Squad is scanning for enemies from Attack position: 42
2022-07-26 18:01:42,916 [DEBUG] Enemy: LAV_1has been detected
2022-07-26 18:01:42,917 [DEBUG] Enemy: DJI 1has been detected
2022-07-26 18:01:42,918 [DEBUG] Enemy: DJI 2has been detected
