2022-07-27 18:13:42,465 [INFO] Initializing RFSM 
2022-07-27 18:13:42,944 [DEBUG] Communicator is initialized
2022-07-27 18:13:42,944 [DEBUG] Running in vrf mode
2022-07-27 18:13:42,944 [DEBUG] RFAScenarioManagerConstructor executed successfully
2022-07-27 18:13:42,945 [DEBUG] SpawnManager_Nadav is initialized
2022-07-27 18:13:43,445 [DEBUG] Get Forces local 
2022-07-27 18:13:52,087 [DEBUG] Next Primitive Action: Change next destination to Attack Position: 54
2022-07-27 18:13:52,087 [DEBUG] Next destination has been changed to: 54
2022-07-27 18:13:52,589 [DEBUG] Next Primitive Task: move to Attack position number:  54
2022-07-27 18:13:52,590 [DEBUG] Squad started to move to Attack position: 54
2022-07-27 18:14:57,912 [DEBUG] case 2 at_1 Entity arrived to locaionAT_OP movement task completed
2022-07-27 18:14:57,912 [DEBUG] entity: at_1 changed state to AT_OP arrived to location 
2022-07-27 18:14:58,416 [DEBUG] Next Primitive Task: locate in position
2022-07-27 18:14:59,417 [DEBUG] Squad member at_1is locating in Attack position:  54
2022-07-27 18:15:00,418 [DEBUG] Squad member ob_1is locating in Attack position:  54
2022-07-27 18:15:01,419 [DEBUG] Squad member so_1is locating in Attack position:  54
2022-07-27 18:15:02,419 [DEBUG] Squad member so_2is locating in Attack position:  54
2022-07-27 18:15:02,922 [DEBUG] Next Primitive Task: scan for enemy 
2022-07-27 18:15:02,922 [DEBUG] Squad is scanning for enemies from Attack position: 54
2022-07-27 18:15:02,923 [DEBUG] Enemy: DJI 2 has been detected
2022-07-27 18:15:02,924 [DEBUG] Enemy: LAV_1 has been detected
2022-07-27 18:15:02,925 [DEBUG] Enemy: DJI 1 has been detected
2022-07-27 18:15:48,989 [DEBUG] SpawnManager_Nadav is initialized
2022-07-27 18:15:49,492 [DEBUG] Get Forces local 
