2022-07-27 16:36:01,173 [INFO] Initializing RFSM 
2022-07-27 16:36:01,637 [DEBUG] Communicator is initialized
2022-07-27 16:36:01,637 [DEBUG] Running in vrf mode
2022-07-27 16:36:01,637 [DEBUG] RFAScenarioManagerConstructor executed successfully
2022-07-27 16:36:01,637 [DEBUG] SpawnManager_Nadav is initialized
2022-07-27 16:36:02,139 [DEBUG] Get Forces local 
2022-07-27 16:36:09,593 [DEBUG] Next Primitive Action: Change next destination to Attack Position: 54
2022-07-27 16:36:09,593 [DEBUG] Next destination has been changed to: 54
2022-07-27 16:36:10,096 [DEBUG] Next Primitive Task: move to Attack position number:  54
2022-07-27 16:36:10,096 [DEBUG] Squad started to move to Attack position: 54
2022-07-27 16:36:56,355 [DEBUG] case 2 at_1 Entity arrived to locaionAT_OP movement task completed
2022-07-27 16:36:56,355 [DEBUG] entity: at_1 changed state to AT_OP arrived to location 
2022-07-27 16:36:56,858 [DEBUG] Next Primitive Task: locate in position
2022-07-27 16:36:57,861 [DEBUG] Squad member at_1is locating in Attack position:  54
2022-07-27 16:36:58,861 [DEBUG] Squad member ob_1is locating in Attack position:  54
2022-07-27 16:36:59,863 [DEBUG] Squad member so_1is locating in Attack position:  54
2022-07-27 16:37:00,863 [DEBUG] Squad member so_2is locating in Attack position:  54
2022-07-27 16:37:01,366 [DEBUG] Next Primitive Task: scan for enemy 
2022-07-27 16:37:01,366 [DEBUG] Squad is scanning for enemies from Attack position: 54
2022-07-27 16:37:01,368 [DEBUG] Enemy: LAV_1 has been detected
2022-07-27 16:37:01,369 [DEBUG] Enemy: DJI 2 has been detected
2022-07-27 16:38:00,778 [DEBUG] SpawnManager_Nadav is initialized
2022-07-27 16:38:01,280 [DEBUG] Get Forces local 
