2022-07-27 16:00:57,802 [INFO] Initializing RFSM 
2022-07-27 16:00:58,273 [DEBUG] Communicator is initialized
2022-07-27 16:00:58,273 [DEBUG] Running in vrf mode
2022-07-27 16:00:58,273 [DEBUG] RFAScenarioManagerConstructor executed successfully
2022-07-27 16:00:58,274 [DEBUG] SpawnManager_Nadav is initialized
2022-07-27 16:00:58,775 [DEBUG] Get Forces local 
2022-07-27 16:01:10,704 [DEBUG] Next Primitive Action: Change next destination to Attack Position: 54
2022-07-27 16:01:10,704 [DEBUG] Next destination has been changed to: 54
2022-07-27 16:01:11,206 [DEBUG] Next Primitive Task: move to Attack position number:  54
2022-07-27 16:01:11,206 [DEBUG] Squad started to move to Attack position: 54
2022-07-27 16:01:48,890 [DEBUG] case 2 at_1 Entity arrived to locaionAT_OP movement task completed
2022-07-27 16:01:48,890 [DEBUG] entity: at_1 changed state to AT_OP arrived to location 
2022-07-27 16:01:49,393 [DEBUG] Next Primitive Task: locate in position
2022-07-27 16:01:50,394 [DEBUG] Squad member at_1is locating in Attack position:  54
2022-07-27 16:01:51,395 [DEBUG] Squad member ob_1is locating in Attack position:  54
2022-07-27 16:01:52,396 [DEBUG] Squad member so_1is locating in Attack position:  54
2022-07-27 16:01:53,397 [DEBUG] Squad member so_2is locating in Attack position:  54
2022-07-27 16:01:53,899 [DEBUG] Next Primitive Task: scan for enemy 
2022-07-27 16:01:53,899 [DEBUG] Squad is scanning for enemies from Attack position: 54
2022-07-27 16:05:33,868 [DEBUG] SpawnManager_Nadav is initialized
2022-07-27 16:05:34,371 [DEBUG] Get Forces local 
