2022-07-26 17:59:38,305 [INFO] Initializing RFSM 
2022-07-26 17:59:38,773 [DEBUG] Communicator is initialized
2022-07-26 17:59:38,773 [DEBUG] Running in vrf mode
2022-07-26 17:59:38,773 [DEBUG] RFAScenarioManagerConstructor executed successfully
2022-07-26 17:59:38,774 [DEBUG] SpawnManager_Nadav is initialized
2022-07-26 17:59:39,276 [DEBUG] Get Forces local 
2022-07-26 17:59:45,081 [DEBUG] Next Primitive Action: Change next destination to Attack Position: 42
2022-07-26 17:59:45,081 [DEBUG] Next destination has been changed to: 42
2022-07-26 17:59:45,583 [DEBUG] Next Primitive Task: move to Attack position number:  42
2022-07-26 17:59:45,583 [DEBUG] Squad started to move to Attack position: 42
2022-07-26 17:59:48,098 [DEBUG] case 2 at_1 Entity arrived to locaionAT_OP movement task completed
2022-07-26 17:59:48,098 [DEBUG] entity: at_1 changed state to AT_OP arrived to location 
2022-07-26 17:59:48,601 [DEBUG] Next Primitive Task: locate in position
2022-07-26 17:59:49,602 [DEBUG] Squad is locating in Attack position:  42
2022-07-26 17:59:50,603 [DEBUG] Squad is locating in Attack position:  42
2022-07-26 17:59:51,604 [DEBUG] Squad is locating in Attack position:  42
2022-07-26 17:59:52,605 [DEBUG] Squad is locating in Attack position:  42
2022-07-26 17:59:53,108 [DEBUG] Next Primitive Task: scan for enemy 
2022-07-26 17:59:53,108 [DEBUG] Squad is scanning for enemies from Attack position: 42
2022-07-26 17:59:53,109 [DEBUG] Enemy: LAV_1has been detected
2022-07-26 17:59:53,110 [DEBUG] Enemy: DJI 1has been detected
2022-07-26 17:59:53,111 [DEBUG] Enemy: DJI 2has been detected
