2022-06-26 11:19:05,319 [INFO] Initializing RFSM 
2022-06-26 11:19:05,493 [DEBUG] Communicator is initialized
2022-06-26 11:19:05,493 [DEBUG] running in vrf mode
2022-06-26 11:19:05,493 [DEBUG] RFSMManager is initialized
2022-06-26 11:19:05,493 [INFO] RFSM initialized
2022-06-26 11:19:05,494 [DEBUG] SpawnManager_Nadav is initialized
2022-06-26 11:19:07,495 [DEBUG] Get Forces local 
2022-06-26 11:19:26,549 [DEBUG] case 2 Agent entity arrived to locaionAT_OP movement task completed
2022-06-26 11:19:26,550 [DEBUG] entity: Agent changed state to AT_OP arrived to location 999
2022-06-26 11:19:26,550 [DEBUG] case 2 Agent entity arrived to locaionAT_OP movement task completed
2022-06-26 11:19:26,550 [DEBUG] entity: Agent changed state to AT_OP arrived to location 999
2022-06-26 11:19:26,551 [DEBUG] case 2 Agent entity arrived to locaionAT_OP movement task completed
2022-06-26 11:19:26,551 [DEBUG] entity: Agent changed state to AT_OP arrived to location 999
2022-06-26 11:19:26,551 [DEBUG] case 2 Agent entity arrived to locaionAT_OP movement task completed
2022-06-26 11:19:26,551 [DEBUG] entity: Agent changed state to AT_OP arrived to location 999
2022-06-26 11:19:26,551 [DEBUG] case 2 Agent entity arrived to locaionAT_OP movement task completed
2022-06-26 11:19:26,551 [DEBUG] entity: Agent changed state to AT_OP arrived to location 999
2022-06-26 11:19:26,552 [DEBUG] case 2 Agent entity arrived to locaionAT_OP movement task completed
2022-06-26 11:19:26,552 [DEBUG] entity: Agent changed state to AT_OP arrived to location 999
2022-06-26 11:19:26,552 [DEBUG] case 2 Agent entity arrived to locaionAT_OP movement task completed
2022-06-26 11:19:26,552 [DEBUG] entity: Agent changed state to AT_OP arrived to location 999
2022-06-26 11:19:26,552 [DEBUG] case 2 Agent entity arrived to locaionAT_OP movement task completed
2022-06-26 11:19:26,552 [DEBUG] entity: Agent changed state to AT_OP arrived to location 999
2022-06-26 11:19:26,553 [DEBUG] case 2 Agent entity arrived to locaionAT_OP movement task completed
2022-06-26 11:19:26,553 [DEBUG] entity: Agent changed state to AT_OP arrived to location 999
2022-06-26 11:19:26,553 [DEBUG] case 2 Agent entity arrived to locaionAT_OP movement task completed
2022-06-26 11:19:26,553 [DEBUG] entity: Agent changed state to AT_OP arrived to location 999
2022-06-26 11:19:26,553 [DEBUG] case 2 Agent entity arrived to locaionAT_OP movement task completed
2022-06-26 11:19:26,553 [DEBUG] entity: Agent changed state to AT_OP arrived to location 999
2022-06-26 11:19:26,553 [DEBUG] case 2 Agent entity arrived to locaionAT_OP movement task completed
2022-06-26 11:19:26,553 [DEBUG] entity: Agent changed state to AT_OP arrived to location 999
2022-06-26 11:19:26,554 [DEBUG] case 2 Agent entity arrived to locaionAT_OP movement task completed
2022-06-26 11:19:26,554 [DEBUG] entity: Agent changed state to AT_OP arrived to location 999
2022-06-26 11:19:26,554 [DEBUG] case 2 Agent entity arrived to locaionAT_OP movement task completed
2022-06-26 11:19:26,554 [DEBUG] entity: Agent changed state to AT_OP arrived to location 999
2022-06-26 11:19:26,554 [DEBUG] case 2 Agent entity arrived to locaionAT_OP movement task completed
2022-06-26 11:19:26,554 [DEBUG] entity: Agent changed state to AT_OP arrived to location 999
2022-06-26 11:19:26,554 [DEBUG] case 2 Agent entity arrived to locaionAT_OP movement task completed
2022-06-26 11:19:26,554 [DEBUG] entity: Agent changed state to AT_OP arrived to location 999
2022-06-26 11:19:26,554 [DEBUG] case 2 Agent entity arrived to locaionAT_OP movement task completed
2022-06-26 11:19:26,555 [DEBUG] entity: Agent changed state to AT_OP arrived to location 999
2022-06-26 11:19:26,555 [DEBUG] case 2 Agent entity arrived to locaionAT_OP movement task completed
2022-06-26 11:19:26,555 [DEBUG] entity: Agent changed state to AT_OP arrived to location 999
2022-06-26 11:19:26,555 [DEBUG] case 2 Agent entity arrived to locaionAT_OP movement task completed
2022-06-26 11:19:26,555 [DEBUG] entity: Agent changed state to AT_OP arrived to location 999
2022-06-26 11:19:27,561 [DEBUG] case 2 Agent entity arrived to locaionAT_OP movement task completed
2022-06-26 11:19:27,561 [DEBUG] entity: Agent changed state to AT_OP arrived to location 999
2022-06-26 11:19:28,566 [DEBUG] case 2 Agent entity arrived to locaionAT_OP movement task completed
2022-06-26 11:19:28,566 [DEBUG] entity: Agent changed state to AT_OP arrived to location 999
2022-06-26 11:19:29,570 [DEBUG] case 2 Agent entity arrived to locaionAT_OP movement task completed
2022-06-26 11:19:29,570 [DEBUG] entity: Agent changed state to AT_OP arrived to location 999
2022-06-26 11:19:30,576 [DEBUG] case 2 Agent entity arrived to locaionAT_OP movement task completed
2022-06-26 11:19:30,576 [DEBUG] entity: Agent changed state to AT_OP arrived to location 999
2022-06-26 11:19:31,581 [DEBUG] case 2 Agent entity arrived to locaionAT_OP movement task completed
2022-06-26 11:19:31,581 [DEBUG] entity: Agent changed state to AT_OP arrived to location 999
2022-06-26 11:19:32,587 [DEBUG] case 2 Agent entity arrived to locaionAT_OP movement task completed
2022-06-26 11:19:32,587 [DEBUG] entity: Agent changed state to AT_OP arrived to location 999
2022-06-26 11:19:33,593 [DEBUG] case 2 Agent entity arrived to locaionAT_OP movement task completed
2022-06-26 11:19:33,594 [DEBUG] entity: Agent changed state to AT_OP arrived to location 999
2022-06-26 11:19:34,598 [DEBUG] case 2 Agent entity arrived to locaionAT_OP movement task completed
2022-06-26 11:19:34,599 [DEBUG] entity: Agent changed state to AT_OP arrived to location 999
2022-06-26 11:19:35,604 [DEBUG] case 2 Agent entity arrived to locaionAT_OP movement task completed
2022-06-26 11:19:35,604 [DEBUG] entity: Agent changed state to AT_OP arrived to location 999
2022-06-26 11:19:36,610 [DEBUG] case 2 Agent entity arrived to locaionAT_OP movement task completed
2022-06-26 11:19:36,610 [DEBUG] entity: Agent changed state to AT_OP arrived to location 999
2022-06-26 11:19:37,616 [DEBUG] case 2 Agent entity arrived to locaionAT_OP movement task completed
2022-06-26 11:19:37,616 [DEBUG] entity: Agent changed state to AT_OP arrived to location 999
2022-06-26 11:19:38,622 [DEBUG] case 2 Agent entity arrived to locaionAT_OP movement task completed
2022-06-26 11:19:38,622 [DEBUG] entity: Agent changed state to AT_OP arrived to location 999
2022-06-26 11:19:39,629 [DEBUG] case 2 Agent entity arrived to locaionAT_OP movement task completed
2022-06-26 11:19:39,629 [DEBUG] entity: Agent changed state to AT_OP arrived to location 999
2022-06-26 11:19:40,636 [DEBUG] case 2 Agent entity arrived to locaionAT_OP movement task completed
2022-06-26 11:19:40,636 [DEBUG] entity: Agent changed state to AT_OP arrived to location 999
2022-06-26 11:19:41,643 [DEBUG] case 2 Agent entity arrived to locaionAT_OP movement task completed
2022-06-26 11:19:41,643 [DEBUG] entity: Agent changed state to AT_OP arrived to location 999
2022-06-26 11:19:42,650 [DEBUG] case 2 Agent entity arrived to locaionAT_OP movement task completed
2022-06-26 11:19:42,650 [DEBUG] entity: Agent changed state to AT_OP arrived to location 999
2022-06-26 11:19:43,657 [DEBUG] case 2 Agent entity arrived to locaionAT_OP movement task completed
2022-06-26 11:19:43,657 [DEBUG] entity: Agent changed state to AT_OP arrived to location 999
2022-06-26 11:19:44,664 [DEBUG] case 2 Agent entity arrived to locaionAT_OP movement task completed
2022-06-26 11:19:44,664 [DEBUG] entity: Agent changed state to AT_OP arrived to location 999
2022-06-26 11:19:45,672 [DEBUG] case 2 Agent entity arrived to locaionAT_OP movement task completed
2022-06-26 11:19:45,672 [DEBUG] entity: Agent changed state to AT_OP arrived to location 999
2022-06-26 11:19:46,679 [DEBUG] case 2 Agent entity arrived to locaionAT_OP movement task completed
2022-06-26 11:19:46,680 [DEBUG] entity: Agent changed state to AT_OP arrived to location 999
2022-06-26 11:19:47,687 [DEBUG] case 2 Agent entity arrived to locaionAT_OP movement task completed
2022-06-26 11:19:47,687 [DEBUG] entity: Agent changed state to AT_OP arrived to location 999
2022-06-26 11:19:48,696 [DEBUG] case 2 Agent entity arrived to locaionAT_OP movement task completed
2022-06-26 11:19:48,696 [DEBUG] entity: Agent changed state to AT_OP arrived to location 999
2022-06-26 11:19:49,703 [DEBUG] case 2 Agent entity arrived to locaionAT_OP movement task completed
2022-06-26 11:19:49,703 [DEBUG] entity: Agent changed state to AT_OP arrived to location 999
2022-06-26 11:19:50,711 [DEBUG] case 2 Agent entity arrived to locaionAT_OP movement task completed
2022-06-26 11:19:50,711 [DEBUG] entity: Agent changed state to AT_OP arrived to location 999
2022-06-26 11:19:51,718 [DEBUG] case 2 Agent entity arrived to locaionAT_OP movement task completed
2022-06-26 11:19:51,718 [DEBUG] entity: Agent changed state to AT_OP arrived to location 999
2022-06-26 11:19:52,727 [DEBUG] case 2 Agent entity arrived to locaionAT_OP movement task completed
2022-06-26 11:19:52,727 [DEBUG] entity: Agent changed state to AT_OP arrived to location 999
2022-06-26 11:19:53,736 [DEBUG] case 2 Agent entity arrived to locaionAT_OP movement task completed
2022-06-26 11:19:53,737 [DEBUG] entity: Agent changed state to AT_OP arrived to location 999
2022-06-26 11:19:54,743 [DEBUG] case 2 Agent entity arrived to locaionAT_OP movement task completed
2022-06-26 11:19:54,744 [DEBUG] entity: Agent changed state to AT_OP arrived to location 999
2022-06-26 11:19:55,753 [DEBUG] case 2 Agent entity arrived to locaionAT_OP movement task completed
2022-06-26 11:19:55,753 [DEBUG] entity: Agent changed state to AT_OP arrived to location 999
2022-06-26 11:19:56,761 [DEBUG] case 2 Agent entity arrived to locaionAT_OP movement task completed
2022-06-26 11:19:56,761 [DEBUG] entity: Agent changed state to AT_OP arrived to location 999
2022-06-26 11:19:57,770 [DEBUG] case 2 Agent entity arrived to locaionAT_OP movement task completed
2022-06-26 11:19:57,770 [DEBUG] entity: Agent changed state to AT_OP arrived to location 999
2022-06-26 11:19:58,779 [DEBUG] case 2 Agent entity arrived to locaionAT_OP movement task completed
2022-06-26 11:19:58,779 [DEBUG] entity: Agent changed state to AT_OP arrived to location 999
2022-06-26 11:19:59,789 [DEBUG] case 2 Agent entity arrived to locaionAT_OP movement task completed
2022-06-26 11:19:59,789 [DEBUG] entity: Agent changed state to AT_OP arrived to location 999
