2022-06-26 11:37:51,967 [INFO] Initializing RFSM 
2022-06-26 11:37:52,141 [DEBUG] Communicator is initialized
2022-06-26 11:37:52,141 [DEBUG] running in vrf mode
2022-06-26 11:37:52,141 [DEBUG] RFSMManager is initialized
2022-06-26 11:37:52,141 [INFO] RFSM initialized
2022-06-26 11:37:53,143 [DEBUG] move entity: Agent to MOVE_TO_OP to location 999
2022-06-26 11:37:54,144 [DEBUG] case 2 Agent entity arrived to locaionAT_OP movement task completed
2022-06-26 11:37:54,145 [DEBUG] entity: Agent changed state to AT_OP arrived to location 999
2022-06-26 11:37:54,145 [DEBUG] move entity: Agent to MOVE_TO_OP to location 999
2022-06-26 11:37:55,147 [DEBUG] case 2 Agent entity arrived to locaionAT_OP movement task completed
2022-06-26 11:37:55,148 [DEBUG] entity: Agent changed state to AT_OP arrived to location 999
2022-06-26 11:37:55,148 [DEBUG] move entity: Agent to MOVE_TO_OP to location 999
2022-06-26 11:37:56,149 [DEBUG] case 2 Agent entity arrived to locaionAT_OP movement task completed
2022-06-26 11:37:56,149 [DEBUG] entity: Agent changed state to AT_OP arrived to location 999
2022-06-26 11:37:56,150 [DEBUG] move entity: Agent to MOVE_TO_OP to location 999
2022-06-26 11:37:57,152 [DEBUG] case 2 Agent entity arrived to locaionAT_OP movement task completed
2022-06-26 11:37:57,153 [DEBUG] entity: Agent changed state to AT_OP arrived to location 999
2022-06-26 11:37:57,153 [DEBUG] move entity: Agent to MOVE_TO_OP to location 999
2022-06-26 11:37:58,156 [DEBUG] case 2 Agent entity arrived to locaionAT_OP movement task completed
2022-06-26 11:37:58,156 [DEBUG] entity: Agent changed state to AT_OP arrived to location 999
2022-06-26 11:37:58,157 [DEBUG] move entity: Agent to MOVE_TO_OP to location 999
2022-06-26 11:37:59,161 [DEBUG] case 2 Agent entity arrived to locaionAT_OP movement task completed
2022-06-26 11:37:59,161 [DEBUG] entity: Agent changed state to AT_OP arrived to location 999
2022-06-26 11:37:59,162 [DEBUG] move entity: Agent to MOVE_TO_OP to location 999
2022-06-26 11:38:00,165 [DEBUG] case 2 Agent entity arrived to locaionAT_OP movement task completed
2022-06-26 11:38:00,165 [DEBUG] entity: Agent changed state to AT_OP arrived to location 999
2022-06-26 11:38:00,166 [DEBUG] move entity: Agent to MOVE_TO_OP to location 999
2022-06-26 11:38:01,174 [DEBUG] case 2 Agent entity arrived to locaionAT_OP movement task completed
2022-06-26 11:38:01,174 [DEBUG] entity: Agent changed state to AT_OP arrived to location 999
2022-06-26 11:38:01,175 [DEBUG] move entity: Agent to MOVE_TO_OP to location 999
2022-06-26 11:38:02,181 [DEBUG] case 2 Agent entity arrived to locaionAT_OP movement task completed
2022-06-26 11:38:02,181 [DEBUG] entity: Agent changed state to AT_OP arrived to location 999
2022-06-26 11:38:02,182 [DEBUG] move entity: Agent to MOVE_TO_OP to location 999
2022-06-26 11:38:03,191 [DEBUG] case 2 Agent entity arrived to locaionAT_OP movement task completed
2022-06-26 11:38:03,192 [DEBUG] entity: Agent changed state to AT_OP arrived to location 999
2022-06-26 11:38:03,193 [DEBUG] move entity: Agent to MOVE_TO_OP to location 999
2022-06-26 11:38:04,199 [DEBUG] case 2 Agent entity arrived to locaionAT_OP movement task completed
2022-06-26 11:38:04,200 [DEBUG] entity: Agent changed state to AT_OP arrived to location 999
2022-06-26 11:38:04,200 [DEBUG] move entity: Agent to MOVE_TO_OP to location 999
2022-06-26 11:38:05,212 [DEBUG] case 2 Agent entity arrived to locaionAT_OP movement task completed
2022-06-26 11:38:05,212 [DEBUG] entity: Agent changed state to AT_OP arrived to location 999
2022-06-26 11:38:05,213 [DEBUG] move entity: Agent to MOVE_TO_OP to location 999
2022-06-26 11:38:06,223 [DEBUG] case 2 Agent entity arrived to locaionAT_OP movement task completed
2022-06-26 11:38:06,224 [DEBUG] entity: Agent changed state to AT_OP arrived to location 999
2022-06-26 11:38:06,225 [DEBUG] move entity: Agent to MOVE_TO_OP to location 999
2022-06-26 11:38:07,234 [DEBUG] case 2 Agent entity arrived to locaionAT_OP movement task completed
2022-06-26 11:38:07,234 [DEBUG] entity: Agent changed state to AT_OP arrived to location 999
2022-06-26 11:38:07,235 [DEBUG] move entity: Agent to MOVE_TO_OP to location 999
