2022-06-26 13:25:30,183 [INFO] Initializing RFSM 
2022-06-26 13:25:30,361 [DEBUG] Communicator is initialized
2022-06-26 13:25:30,361 [DEBUG] running in vrf mode
2022-06-26 13:25:30,362 [DEBUG] RFSMManager is initialized
2022-06-26 13:25:30,362 [INFO] RFSM initialized
2022-06-26 13:25:31,363 [DEBUG] case 3 need to move position (from op to op position) Agent
2022-06-26 13:25:32,364 [DEBUG] case 3 need to move position (from op to op position) Agent
2022-06-26 13:25:32,365 [DEBUG] case 3 need to move position (from op to op position) Agent
2022-06-26 13:25:33,366 [DEBUG] case 3 need to move position (from op to op position) Agent
2022-06-26 13:25:33,367 [DEBUG] case 3 need to move position (from op to op position) Agent
2022-06-26 13:25:33,367 [DEBUG] case 3 need to move position (from op to op position) Agent
2022-06-26 13:25:34,367 [DEBUG] case 3 need to move position (from op to op position) Agent
2022-06-26 13:25:34,368 [DEBUG] case 3 need to move position (from op to op position) Agent
2022-06-26 13:25:34,368 [DEBUG] case 3 need to move position (from op to op position) Agent
2022-06-26 13:25:34,368 [DEBUG] case 3 need to move position (from op to op position) Agent
2022-06-26 13:25:35,369 [DEBUG] case 3 need to move position (from op to op position) Agent
2022-06-26 13:25:35,370 [DEBUG] case 3 need to move position (from op to op position) Agent
2022-06-26 13:25:35,370 [DEBUG] case 3 need to move position (from op to op position) Agent
2022-06-26 13:25:35,370 [DEBUG] case 3 need to move position (from op to op position) Agent
2022-06-26 13:25:35,371 [DEBUG] case 3 need to move position (from op to op position) Agent
2022-06-26 13:25:36,372 [DEBUG] case 3 need to move position (from op to op position) Agent
2022-06-26 13:25:36,373 [DEBUG] case 3 need to move position (from op to op position) Agent
2022-06-26 13:25:36,373 [DEBUG] case 3 need to move position (from op to op position) Agent
2022-06-26 13:25:36,373 [DEBUG] case 3 need to move position (from op to op position) Agent
2022-06-26 13:25:36,374 [DEBUG] case 3 need to move position (from op to op position) Agent
2022-06-26 13:25:36,374 [DEBUG] case 3 need to move position (from op to op position) Agent
2022-06-26 13:25:37,374 [DEBUG] case 3 need to move position (from op to op position) Agent
2022-06-26 13:25:37,375 [DEBUG] case 3 need to move position (from op to op position) Agent
2022-06-26 13:25:37,375 [DEBUG] case 3 need to move position (from op to op position) Agent
2022-06-26 13:25:37,375 [DEBUG] case 3 need to move position (from op to op position) Agent
2022-06-26 13:25:37,375 [DEBUG] case 3 need to move position (from op to op position) Agent
2022-06-26 13:25:37,375 [DEBUG] case 3 need to move position (from op to op position) Agent
2022-06-26 13:25:37,376 [DEBUG] case 3 need to move position (from op to op position) Agent
2022-06-26 13:25:38,377 [DEBUG] case 3 need to move position (from op to op position) Agent
2022-06-26 13:25:38,378 [DEBUG] case 3 need to move position (from op to op position) Agent
2022-06-26 13:25:38,378 [DEBUG] case 3 need to move position (from op to op position) Agent
2022-06-26 13:25:38,378 [DEBUG] case 3 need to move position (from op to op position) Agent
2022-06-26 13:25:38,378 [DEBUG] case 3 need to move position (from op to op position) Agent
2022-06-26 13:25:38,378 [DEBUG] case 3 need to move position (from op to op position) Agent
2022-06-26 13:25:38,379 [DEBUG] case 3 need to move position (from op to op position) Agent
2022-06-26 13:25:38,379 [DEBUG] case 3 need to move position (from op to op position) Agent
2022-06-26 13:25:39,380 [DEBUG] case 3 need to move position (from op to op position) Agent
2022-06-26 13:25:39,381 [DEBUG] case 3 need to move position (from op to op position) Agent
2022-06-26 13:25:39,381 [DEBUG] case 3 need to move position (from op to op position) Agent
2022-06-26 13:25:39,382 [DEBUG] case 3 need to move position (from op to op position) Agent
2022-06-26 13:25:39,382 [DEBUG] case 3 need to move position (from op to op position) Agent
2022-06-26 13:25:39,382 [DEBUG] case 3 need to move position (from op to op position) Agent
2022-06-26 13:25:39,382 [DEBUG] case 3 need to move position (from op to op position) Agent
2022-06-26 13:25:39,383 [DEBUG] case 3 need to move position (from op to op position) Agent
2022-06-26 13:25:39,383 [DEBUG] case 3 need to move position (from op to op position) Agent
