2022-06-27 11:04:07,625 [INFO] Initializing RFSM 
2022-06-27 11:04:07,812 [DEBUG] Communicator is initialized
2022-06-27 11:04:07,812 [DEBUG] running in vrf mode
2022-06-27 11:04:07,812 [DEBUG] RFSMManager is initialized
2022-06-27 11:04:07,812 [INFO] RFSM initialized
2022-06-27 11:04:07,812 [DEBUG] SpawnManager_Nadav is initialized
2022-06-27 11:04:09,814 [DEBUG] Get Forces local 
2022-06-27 11:04:13,511 [DEBUG] case 4 need to change face to South Agent
2022-06-27 11:04:14,512 [DEBUG] case 3 need to move position (from op to op position) Agent
2022-06-27 11:04:14,513 [DEBUG] move entity: Agent to MOVE_TO_OP to location -1
2022-06-27 11:04:15,514 [DEBUG] case 2 Agent entity arrived to locaionAT_OP movement task completed
2022-06-27 11:04:15,514 [DEBUG] entity: Agent changed state to AT_OP arrived to location -1
2022-06-27 11:04:16,515 [DEBUG] case 4 need to change face to South Agent
2022-06-27 11:04:17,517 [DEBUG] case 3 need to move position (from op to op position) Agent
2022-06-27 11:04:17,518 [DEBUG] move entity: Agent to MOVE_TO_OP to location -1
2022-06-27 11:04:18,519 [DEBUG] case 2 Agent entity arrived to locaionAT_OP movement task completed
2022-06-27 11:04:18,519 [DEBUG] entity: Agent changed state to AT_OP arrived to location -1
2022-06-27 11:04:19,520 [DEBUG] case 4 need to change face to South Agent
2022-06-27 11:04:20,521 [DEBUG] case 3 need to move position (from op to op position) Agent
2022-06-27 11:04:20,522 [DEBUG] move entity: Agent to MOVE_TO_OP to location -1
2022-06-27 11:04:21,522 [DEBUG] case 2 Agent entity arrived to locaionAT_OP movement task completed
2022-06-27 11:04:21,523 [DEBUG] entity: Agent changed state to AT_OP arrived to location -1
2022-06-27 11:04:22,524 [DEBUG] case 4 need to change face to South Agent
2022-06-27 11:04:23,526 [DEBUG] case 3 need to move position (from op to op position) Agent
2022-06-27 11:04:23,527 [DEBUG] move entity: Agent to MOVE_TO_OP to location -1
2022-06-27 11:04:24,528 [DEBUG] case 2 Agent entity arrived to locaionAT_OP movement task completed
2022-06-27 11:04:24,529 [DEBUG] entity: Agent changed state to AT_OP arrived to location -1
2022-06-27 11:04:25,529 [DEBUG] case 4 need to change face to West Agent
2022-06-27 11:04:26,530 [DEBUG] case 3 need to move position (from op to op position) Agent
2022-06-27 11:04:26,531 [DEBUG] move entity: Agent to MOVE_TO_OP to location -1
2022-06-27 11:04:27,532 [DEBUG] case 2 Agent entity arrived to locaionAT_OP movement task completed
2022-06-27 11:04:27,532 [DEBUG] entity: Agent changed state to AT_OP arrived to location -1
2022-06-27 11:04:28,533 [DEBUG] case 4 need to change face to South Agent
2022-06-27 11:04:29,534 [DEBUG] case 3 need to move position (from op to op position) Agent
2022-06-27 11:04:29,535 [DEBUG] move entity: Agent to MOVE_TO_OP to location -1
2022-06-27 11:04:30,537 [DEBUG] case 2 Agent entity arrived to locaionAT_OP movement task completed
2022-06-27 11:04:30,537 [DEBUG] entity: Agent changed state to AT_OP arrived to location -1
