2022-06-26 11:17:02,753 [INFO] Initializing RFSM 
2022-06-26 11:17:02,928 [DEBUG] Communicator is initialized
2022-06-26 11:17:02,928 [DEBUG] running in vrf mode
2022-06-26 11:17:02,928 [DEBUG] RFSMManager is initialized
2022-06-26 11:17:02,928 [INFO] RFSM initialized
2022-06-26 11:17:03,931 [DEBUG] move entity: Agent to MOVE_TO_OP to location 999
2022-06-26 11:17:04,932 [DEBUG] move entity: Agent to MOVE_TO_OP to location 999
2022-06-26 11:17:05,934 [DEBUG] move entity: Agent to MOVE_TO_OP to location 999
2022-06-26 11:17:06,936 [DEBUG] move entity: Agent to MOVE_TO_OP to location 999
2022-06-26 11:17:07,938 [DEBUG] move entity: Agent to MOVE_TO_OP to location 999
2022-06-26 11:17:08,941 [DEBUG] move entity: Agent to MOVE_TO_OP to location 999
2022-06-26 11:17:09,944 [DEBUG] move entity: Agent to MOVE_TO_OP to location 999
2022-06-26 11:17:10,947 [DEBUG] move entity: Agent to MOVE_TO_OP to location 999
2022-06-26 11:17:11,950 [DEBUG] move entity: Agent to MOVE_TO_OP to location 999
2022-06-26 11:17:12,952 [DEBUG] move entity: Agent to MOVE_TO_OP to location 999
2022-06-26 11:17:13,954 [DEBUG] move entity: Agent to MOVE_TO_OP to location 999
2022-06-26 11:17:14,957 [DEBUG] move entity: Agent to MOVE_TO_OP to location 999
2022-06-26 11:17:15,961 [DEBUG] move entity: Agent to MOVE_TO_OP to location 999
2022-06-26 11:17:16,966 [DEBUG] move entity: Agent to MOVE_TO_OP to location 999
2022-06-26 11:17:17,969 [DEBUG] move entity: Agent to MOVE_TO_OP to location 999
2022-06-26 11:17:18,973 [DEBUG] move entity: Agent to MOVE_TO_OP to location 999
