2022-07-10 14:43:52,753 [INFO] Initializing RFSM 
2022-07-10 14:43:52,930 [DEBUG] Communicator is initialized
2022-07-10 14:43:52,930 [DEBUG] running in vrf mode
2022-07-10 14:43:52,930 [DEBUG] RFSMManager is initialized
2022-07-10 14:43:52,930 [INFO] RFSM initialized
2022-07-10 14:43:52,931 [DEBUG] SpawnManager_Nadav is initialized
2022-07-10 14:43:54,931 [DEBUG] Get Forces local 
2022-07-10 14:44:14,701 [DEBUG] case 4 need to change face to East Agent
2022-07-10 14:44:14,701 [DEBUG] case 4 need to change face to South Green
2022-07-10 14:44:14,802 [DEBUG] case 3 need to move position (from op to op position) Agent
2022-07-10 14:44:14,803 [DEBUG] move entity: Agent to MOVE_TO_OP to location -1
2022-07-10 14:44:14,803 [DEBUG] case 3 need to move position (from op to op position) Green
2022-07-10 14:44:14,804 [DEBUG] move entity: Green to MOVE_TO_OP to location -1
2022-07-10 14:44:15,005 [DEBUG] case 2 Green entity arrived to locaionAT_OP movement task completed
2022-07-10 14:44:15,006 [DEBUG] entity: Green changed state to AT_OP arrived to location -1
2022-07-10 14:44:15,107 [DEBUG] case 2 Agent entity arrived to locaionAT_OP movement task completed
2022-07-10 14:44:15,107 [DEBUG] entity: Agent changed state to AT_OP arrived to location -1
2022-07-10 14:44:15,108 [DEBUG] case 4 need to change face to South Green
2022-07-10 14:44:15,209 [DEBUG] case 4 need to change face to East Agent
2022-07-10 14:44:15,209 [DEBUG] case 3 need to move position (from op to op position) Green
2022-07-10 14:44:15,210 [DEBUG] move entity: Green to MOVE_TO_OP to location -1
2022-07-10 14:44:15,310 [DEBUG] case 3 need to move position (from op to op position) Agent
2022-07-10 14:44:15,311 [DEBUG] move entity: Agent to MOVE_TO_OP to location -1
2022-07-10 14:44:15,311 [DEBUG] case 2 Green entity arrived to locaionAT_OP movement task completed
2022-07-10 14:44:15,311 [DEBUG] entity: Green changed state to AT_OP arrived to location -1
2022-07-10 14:44:15,412 [DEBUG] case 2 Agent entity arrived to locaionAT_OP movement task completed
2022-07-10 14:44:15,413 [DEBUG] entity: Agent changed state to AT_OP arrived to location -1
2022-07-10 14:44:15,413 [DEBUG] case 4 need to change face to South Green
2022-07-10 14:44:16,718 [DEBUG] case 4 need to change face to South Agent
2022-07-10 14:44:16,719 [DEBUG] case 3 need to move position (from op to op position) Green
2022-07-10 14:44:16,719 [DEBUG] move entity: Green to MOVE_TO_OP to location -1
2022-07-10 14:44:16,819 [DEBUG] case 3 need to move position (from op to op position) Agent
2022-07-10 14:44:16,820 [DEBUG] move entity: Agent to MOVE_TO_OP to location -1
2022-07-10 14:44:16,920 [DEBUG] case 2 Green entity arrived to locaionAT_OP movement task completed
2022-07-10 14:44:16,921 [DEBUG] entity: Green changed state to AT_OP arrived to location -1
2022-07-10 14:44:17,022 [DEBUG] case 2 Agent entity arrived to locaionAT_OP movement task completed
2022-07-10 14:44:17,022 [DEBUG] entity: Agent changed state to AT_OP arrived to location -1
2022-07-10 14:44:17,023 [DEBUG] case 4 need to change face to North Green
2022-07-10 14:44:17,124 [DEBUG] case 4 need to change face to East Agent
2022-07-10 14:44:17,124 [DEBUG] case 3 need to move position (from op to op position) Green
2022-07-10 14:44:17,125 [DEBUG] move entity: Green to MOVE_TO_OP to location -1
2022-07-10 14:44:17,226 [DEBUG] case 3 need to move position (from op to op position) Agent
2022-07-10 14:44:17,227 [DEBUG] move entity: Agent to MOVE_TO_OP to location -1
2022-07-10 14:44:18,410 [DEBUG] case 2 Agent entity arrived to locaionAT_OP movement task completed
2022-07-10 14:44:18,411 [DEBUG] entity: Agent changed state to AT_OP arrived to location -1
2022-07-10 14:44:18,411 [DEBUG] case 2 Green entity arrived to locaionAT_OP movement task completed
2022-07-10 14:44:18,411 [DEBUG] entity: Green changed state to AT_OP arrived to location -1
2022-07-10 14:44:18,512 [DEBUG] case 4 need to change face to South Agent
2022-07-10 14:44:18,512 [DEBUG] case 4 need to change face to North Green
2022-07-10 14:44:18,614 [DEBUG] case 3 need to move position (from op to op position) Agent
2022-07-10 14:44:18,615 [DEBUG] move entity: Agent to MOVE_TO_OP to location -1
2022-07-10 14:44:18,615 [DEBUG] case 3 need to move position (from op to op position) Green
2022-07-10 14:44:18,615 [DEBUG] move entity: Green to MOVE_TO_OP to location -1
2022-07-10 14:44:18,816 [DEBUG] case 2 Agent entity arrived to locaionAT_OP movement task completed
2022-07-10 14:44:18,816 [DEBUG] entity: Agent changed state to AT_OP arrived to location -1
2022-07-10 14:44:18,817 [DEBUG] case 2 Green entity arrived to locaionAT_OP movement task completed
2022-07-10 14:44:18,817 [DEBUG] entity: Green changed state to AT_OP arrived to location -1
2022-07-10 14:44:18,918 [DEBUG] case 4 need to change face to East Agent
2022-07-10 14:44:18,918 [DEBUG] case 4 need to change face to North Green
2022-07-10 14:44:19,019 [DEBUG] case 3 need to move position (from op to op position) Agent
2022-07-10 14:44:19,020 [DEBUG] move entity: Agent to MOVE_TO_OP to location -1
2022-07-10 14:44:19,020 [DEBUG] case 3 need to move position (from op to op position) Green
2022-07-10 14:44:19,020 [DEBUG] move entity: Green to MOVE_TO_OP to location -1
2022-07-10 14:44:19,122 [DEBUG] case 2 Green entity arrived to locaionAT_OP movement task completed
2022-07-10 14:44:19,122 [DEBUG] entity: Green changed state to AT_OP arrived to location -1
2022-07-10 14:44:19,223 [DEBUG] case 4 need to change face to South Green
2022-07-10 14:44:19,324 [DEBUG] case 2 Agent entity arrived to locaionAT_OP movement task completed
2022-07-10 14:44:19,324 [DEBUG] entity: Agent changed state to AT_OP arrived to location -1
2022-07-10 14:44:19,325 [DEBUG] case 3 need to move position (from op to op position) Green
2022-07-10 14:44:19,325 [DEBUG] move entity: Green to MOVE_TO_OP to location -1
2022-07-10 14:44:19,426 [DEBUG] case 4 need to change face to South Agent
2022-07-10 14:44:19,527 [DEBUG] case 3 need to move position (from op to op position) Agent
2022-07-10 14:44:19,528 [DEBUG] move entity: Agent to MOVE_TO_OP to location -1
2022-07-10 14:44:19,731 [DEBUG] case 2 Agent entity arrived to locaionAT_OP movement task completed
2022-07-10 14:44:19,732 [DEBUG] entity: Agent changed state to AT_OP arrived to location -1
2022-07-10 14:44:19,732 [DEBUG] case 2 Green entity arrived to locaionAT_OP movement task completed
2022-07-10 14:44:19,732 [DEBUG] entity: Green changed state to AT_OP arrived to location -1
2022-07-10 14:44:19,833 [DEBUG] case 4 need to change face to East Agent
2022-07-10 14:44:19,834 [DEBUG] case 4 need to change face to South Green
2022-07-10 14:44:19,934 [DEBUG] case 3 need to move position (from op to op position) Agent
2022-07-10 14:44:19,935 [DEBUG] move entity: Agent to MOVE_TO_OP to location -1
2022-07-10 14:44:19,935 [DEBUG] case 3 need to move position (from op to op position) Green
2022-07-10 14:44:19,935 [DEBUG] move entity: Green to MOVE_TO_OP to location -1
2022-07-10 14:44:20,036 [DEBUG] case 2 Green entity arrived to locaionAT_OP movement task completed
2022-07-10 14:44:20,037 [DEBUG] entity: Green changed state to AT_OP arrived to location -1
2022-07-10 14:44:20,137 [DEBUG] case 4 need to change face to West Green
2022-07-10 14:44:20,239 [DEBUG] case 2 Agent entity arrived to locaionAT_OP movement task completed
2022-07-10 14:44:20,240 [DEBUG] entity: Agent changed state to AT_OP arrived to location -1
2022-07-10 14:44:20,240 [DEBUG] case 3 need to move position (from op to op position) Green
2022-07-10 14:44:20,240 [DEBUG] move entity: Green to MOVE_TO_OP to location -1
2022-07-10 14:44:20,341 [DEBUG] case 4 need to change face to South Agent
2022-07-10 14:44:20,442 [DEBUG] case 3 need to move position (from op to op position) Agent
2022-07-10 14:44:20,443 [DEBUG] move entity: Agent to MOVE_TO_OP to location -1
2022-07-10 14:44:20,984 [DEBUG] case 2 Green entity arrived to locaionAT_OP movement task completed
2022-07-10 14:44:20,985 [DEBUG] entity: Green changed state to AT_OP arrived to location -1
2022-07-10 14:44:21,085 [DEBUG] case 2 Agent entity arrived to locaionAT_OP movement task completed
2022-07-10 14:44:21,085 [DEBUG] entity: Agent changed state to AT_OP arrived to location -1
2022-07-10 14:44:21,086 [DEBUG] case 4 need to change face to West Green
2022-07-10 14:44:21,187 [DEBUG] case 4 need to change face to South Agent
2022-07-10 14:44:21,187 [DEBUG] case 3 need to move position (from op to op position) Green
2022-07-10 14:44:21,188 [DEBUG] move entity: Green to MOVE_TO_OP to location -1
