2022-06-27 10:49:39,370 [INFO] Initializing RFSM 
2022-06-27 10:49:39,548 [DEBUG] Communicator is initialized
2022-06-27 10:49:39,548 [DEBUG] running in vrf mode
2022-06-27 10:49:39,548 [DEBUG] RFSMManager is initialized
2022-06-27 10:49:39,548 [INFO] RFSM initialized
2022-06-27 10:49:39,548 [DEBUG] SpawnManager_Nadav is initialized
2022-06-27 10:49:41,549 [DEBUG] Get Forces local 
2022-06-27 10:49:44,222 [DEBUG] case 4 need to change face to South Agent
2022-06-27 10:49:45,224 [DEBUG] case 3 need to move position (from op to op position) Agent
2022-06-27 10:49:45,225 [DEBUG] move entity: Agent to MOVE_TO_OP to location -1
2022-06-27 10:49:46,226 [DEBUG] case 2 Agent entity arrived to locaionAT_OP movement task completed
2022-06-27 10:49:46,226 [DEBUG] entity: Agent changed state to AT_OP arrived to location -1
2022-06-27 10:49:47,228 [DEBUG] case 4 need to change face to South Agent
2022-06-27 10:49:48,228 [DEBUG] case 3 need to move position (from op to op position) Agent
2022-06-27 10:49:48,229 [DEBUG] move entity: Agent to MOVE_TO_OP to location -1
2022-06-27 10:49:49,229 [DEBUG] case 2 Agent entity arrived to locaionAT_OP movement task completed
2022-06-27 10:49:49,229 [DEBUG] entity: Agent changed state to AT_OP arrived to location -1
2022-06-27 10:49:50,230 [DEBUG] case 4 need to change face to South Agent
2022-06-27 10:49:51,231 [DEBUG] case 3 need to move position (from op to op position) Agent
2022-06-27 10:49:51,232 [DEBUG] move entity: Agent to MOVE_TO_OP to location -1
2022-06-27 10:49:52,232 [DEBUG] case 2 Agent entity arrived to locaionAT_OP movement task completed
2022-06-27 10:49:52,232 [DEBUG] entity: Agent changed state to AT_OP arrived to location -1
2022-06-27 10:49:53,233 [DEBUG] case 4 need to change face to South Agent
2022-06-27 10:49:54,235 [DEBUG] case 3 need to move position (from op to op position) Agent
2022-06-27 10:49:54,236 [DEBUG] move entity: Agent to MOVE_TO_OP to location -1
2022-06-27 10:49:55,236 [DEBUG] case 2 Agent entity arrived to locaionAT_OP movement task completed
2022-06-27 10:49:55,236 [DEBUG] entity: Agent changed state to AT_OP arrived to location -1
2022-06-27 10:49:56,238 [DEBUG] case 4 need to change face to South Agent
2022-06-27 10:49:57,240 [DEBUG] case 3 need to move position (from op to op position) Agent
2022-06-27 10:49:57,241 [DEBUG] move entity: Agent to MOVE_TO_OP to location -1
2022-06-27 10:49:58,242 [DEBUG] case 2 Agent entity arrived to locaionAT_OP movement task completed
2022-06-27 10:49:58,242 [DEBUG] entity: Agent changed state to AT_OP arrived to location -1
2022-06-27 10:49:59,243 [DEBUG] case 4 need to change face to South Agent
2022-06-27 10:50:00,244 [DEBUG] case 3 need to move position (from op to op position) Agent
2022-06-27 10:50:00,245 [DEBUG] move entity: Agent to MOVE_TO_OP to location -1
