2022-06-27 12:06:16,104 [INFO] Initializing RFSM 
2022-06-27 12:06:16,296 [DEBUG] Communicator is initialized
2022-06-27 12:06:16,296 [DEBUG] running in vrf mode
2022-06-27 12:06:16,297 [DEBUG] RFSMManager is initialized
2022-06-27 12:06:16,297 [INFO] RFSM initialized
2022-06-27 12:06:16,297 [DEBUG] SpawnManager_Nadav is initialized
2022-06-27 12:06:18,297 [DEBUG] Get Forces local 
2022-06-27 12:06:29,966 [DEBUG] case 4 need to change face to East Agent
2022-06-27 12:06:30,967 [DEBUG] case 3 need to move position (from op to op position) Agent
2022-06-27 12:06:30,968 [DEBUG] move entity: Agent to MOVE_TO_OP to location -1
2022-06-27 12:06:30,968 [DEBUG] case 4 need to change face to South Green
2022-06-27 12:06:31,968 [DEBUG] case 3 need to move position (from op to op position) Green
2022-06-27 12:06:31,969 [DEBUG] move entity: Green to MOVE_TO_OP to location -1
2022-06-27 12:06:35,805 [DEBUG] case 2 Agent entity arrived to locaionAT_OP movement task completed
2022-06-27 12:06:35,805 [DEBUG] entity: Agent changed state to AT_OP arrived to location -1
2022-06-27 12:06:36,806 [DEBUG] case 4 need to change face to East Agent
2022-06-27 12:06:36,807 [DEBUG] case 2 Green entity arrived to locaionAT_OP movement task completed
2022-06-27 12:06:36,807 [DEBUG] entity: Green changed state to AT_OP arrived to location -1
2022-06-27 12:06:37,808 [DEBUG] case 3 need to move position (from op to op position) Agent
2022-06-27 12:06:37,809 [DEBUG] move entity: Agent to MOVE_TO_OP to location -1
2022-06-27 12:06:37,809 [DEBUG] case 4 need to change face to West Green
2022-06-27 12:06:38,810 [DEBUG] case 3 need to move position (from op to op position) Green
2022-06-27 12:06:38,811 [DEBUG] move entity: Green to MOVE_TO_OP to location -1
2022-06-27 12:06:42,529 [DEBUG] case 2 Agent entity arrived to locaionAT_OP movement task completed
2022-06-27 12:06:42,529 [DEBUG] entity: Agent changed state to AT_OP arrived to location -1
2022-06-27 12:06:42,530 [DEBUG] case 2 Green entity arrived to locaionAT_OP movement task completed
2022-06-27 12:06:42,530 [DEBUG] entity: Green changed state to AT_OP arrived to location -1
2022-06-27 12:06:43,531 [DEBUG] case 4 need to change face to South Agent
2022-06-27 12:06:43,531 [DEBUG] case 4 need to change face to South Green
2022-06-27 12:06:44,533 [DEBUG] case 3 need to move position (from op to op position) Agent
2022-06-27 12:06:44,534 [DEBUG] move entity: Agent to MOVE_TO_OP to location -1
2022-06-27 12:06:44,534 [DEBUG] case 3 need to move position (from op to op position) Green
2022-06-27 12:06:44,534 [DEBUG] move entity: Green to MOVE_TO_OP to location -1
2022-06-27 12:06:47,300 [DEBUG] case 2 Agent entity arrived to locaionAT_OP movement task completed
2022-06-27 12:06:47,300 [DEBUG] entity: Agent changed state to AT_OP arrived to location -1
2022-06-27 12:06:47,301 [DEBUG] case 2 Green entity arrived to locaionAT_OP movement task completed
2022-06-27 12:06:47,301 [DEBUG] entity: Green changed state to AT_OP arrived to location -1
2022-06-27 12:06:48,301 [DEBUG] case 4 need to change face to South Agent
2022-06-27 12:06:48,302 [DEBUG] case 4 need to change face to East Green
2022-06-27 12:06:49,302 [DEBUG] case 3 need to move position (from op to op position) Agent
2022-06-27 12:06:49,303 [DEBUG] move entity: Agent to MOVE_TO_OP to location -1
2022-06-27 12:06:49,303 [DEBUG] case 3 need to move position (from op to op position) Green
2022-06-27 12:06:49,303 [DEBUG] move entity: Green to MOVE_TO_OP to location -1
2022-06-27 12:06:51,933 [DEBUG] case 2 Agent entity arrived to locaionAT_OP movement task completed
2022-06-27 12:06:51,933 [DEBUG] entity: Agent changed state to AT_OP arrived to location -1
2022-06-27 12:06:51,933 [DEBUG] case 2 Green entity arrived to locaionAT_OP movement task completed
2022-06-27 12:06:51,933 [DEBUG] entity: Green changed state to AT_OP arrived to location -1
2022-06-27 12:06:52,933 [DEBUG] case 4 need to change face to East Agent
2022-06-27 12:06:52,933 [DEBUG] case 4 need to change face to East Green
2022-06-27 12:06:53,935 [DEBUG] case 3 need to move position (from op to op position) Agent
2022-06-27 12:06:53,936 [DEBUG] move entity: Agent to MOVE_TO_OP to location -1
2022-06-27 12:06:53,936 [DEBUG] case 3 need to move position (from op to op position) Green
2022-06-27 12:06:53,936 [DEBUG] move entity: Green to MOVE_TO_OP to location -1
