2022-06-27 13:33:51,954 [INFO] Initializing RFSM 
2022-06-27 13:33:52,130 [DEBUG] Communicator is initialized
2022-06-27 13:33:52,130 [DEBUG] running in vrf mode
2022-06-27 13:33:52,130 [DEBUG] RFSMManager is initialized
2022-06-27 13:33:52,130 [INFO] RFSM initialized
2022-06-27 13:33:52,131 [DEBUG] SpawnManager_Nadav is initialized
2022-06-27 13:33:54,133 [DEBUG] Get Forces local 
2022-06-27 13:33:58,249 [DEBUG] case 4 need to change face to East Agent
2022-06-27 13:33:59,251 [DEBUG] case 3 need to move position (from op to op position) Agent
2022-06-27 13:33:59,252 [DEBUG] move entity: Agent to MOVE_TO_OP to location -1
2022-06-27 13:33:59,252 [DEBUG] case 4 need to change face to West Green
2022-06-27 13:34:00,252 [DEBUG] case 2 Agent entity arrived to locaionAT_OP movement task completed
2022-06-27 13:34:00,252 [DEBUG] entity: Agent changed state to AT_OP arrived to location -1
2022-06-27 13:34:00,252 [DEBUG] case 3 need to move position (from op to op position) Green
2022-06-27 13:34:00,253 [DEBUG] move entity: Green to MOVE_TO_OP to location -1
2022-06-27 13:34:01,292 [DEBUG] case 4 need to change face to North Agent
2022-06-27 13:34:01,293 [DEBUG] case 2 Green entity arrived to locaionAT_OP movement task completed
2022-06-27 13:34:01,293 [DEBUG] entity: Green changed state to AT_OP arrived to location -1
2022-06-27 13:34:02,294 [DEBUG] case 3 need to move position (from op to op position) Agent
2022-06-27 13:34:02,294 [DEBUG] move entity: Agent to MOVE_TO_OP to location -1
2022-06-27 13:34:02,295 [DEBUG] case 4 need to change face to North Green
2022-06-27 13:34:03,295 [DEBUG] case 3 need to move position (from op to op position) Green
2022-06-27 13:34:03,296 [DEBUG] move entity: Green to MOVE_TO_OP to location -1
2022-06-27 13:34:04,335 [DEBUG] case 2 Agent entity arrived to locaionAT_OP movement task completed
2022-06-27 13:34:04,335 [DEBUG] entity: Agent changed state to AT_OP arrived to location -1
2022-06-27 13:34:05,335 [DEBUG] case 4 need to change face to North Agent
2022-06-27 13:34:05,335 [DEBUG] case 2 Green entity arrived to locaionAT_OP movement task completed
2022-06-27 13:34:05,335 [DEBUG] entity: Green changed state to AT_OP arrived to location -1
2022-06-27 13:34:06,336 [DEBUG] case 3 need to move position (from op to op position) Agent
2022-06-27 13:34:06,336 [DEBUG] move entity: Agent to MOVE_TO_OP to location -1
2022-06-27 13:34:06,337 [DEBUG] case 4 need to change face to West Green
2022-06-27 13:34:07,338 [DEBUG] case 3 need to move position (from op to op position) Green
2022-06-27 13:34:07,339 [DEBUG] move entity: Green to MOVE_TO_OP to location -1
