2022-06-27 11:01:23,868 [INFO] Initializing RFSM 
2022-06-27 11:01:24,047 [DEBUG] Communicator is initialized
2022-06-27 11:01:24,047 [DEBUG] running in vrf mode
2022-06-27 11:01:24,047 [DEBUG] RFSMManager is initialized
2022-06-27 11:01:24,047 [INFO] RFSM initialized
2022-06-27 11:01:24,047 [DEBUG] SpawnManager_Nadav is initialized
2022-06-27 11:01:26,048 [DEBUG] Get Forces local 
2022-06-27 11:01:28,928 [DEBUG] case 4 need to change face to South Agent
2022-06-27 11:01:29,929 [DEBUG] case 3 need to move position (from op to op position) Agent
2022-06-27 11:01:29,930 [DEBUG] move entity: Agent to MOVE_TO_OP to location -1
2022-06-27 11:01:30,930 [DEBUG] case 2 Agent entity arrived to locaionAT_OP movement task completed
2022-06-27 11:01:30,930 [DEBUG] entity: Agent changed state to AT_OP arrived to location -1
2022-06-27 11:01:31,932 [DEBUG] case 4 need to change face to South Agent
2022-06-27 11:01:32,934 [DEBUG] case 3 need to move position (from op to op position) Agent
2022-06-27 11:01:32,935 [DEBUG] move entity: Agent to MOVE_TO_OP to location -1
2022-06-27 11:01:33,935 [DEBUG] case 2 Agent entity arrived to locaionAT_OP movement task completed
2022-06-27 11:01:33,935 [DEBUG] entity: Agent changed state to AT_OP arrived to location -1
2022-06-27 11:01:34,936 [DEBUG] case 4 need to change face to East Agent
2022-06-27 11:01:35,937 [DEBUG] case 3 need to move position (from op to op position) Agent
2022-06-27 11:01:35,938 [DEBUG] move entity: Agent to MOVE_TO_OP to location -1
2022-06-27 11:01:36,939 [DEBUG] case 2 Agent entity arrived to locaionAT_OP movement task completed
2022-06-27 11:01:36,939 [DEBUG] entity: Agent changed state to AT_OP arrived to location -1
2022-06-27 11:01:37,940 [DEBUG] case 4 need to change face to South Agent
2022-06-27 11:01:38,942 [DEBUG] case 3 need to move position (from op to op position) Agent
2022-06-27 11:01:38,943 [DEBUG] move entity: Agent to MOVE_TO_OP to location -1
2022-06-27 11:01:39,944 [DEBUG] case 2 Agent entity arrived to locaionAT_OP movement task completed
2022-06-27 11:01:39,944 [DEBUG] entity: Agent changed state to AT_OP arrived to location -1
2022-06-27 11:01:40,945 [DEBUG] case 4 need to change face to East Agent
2022-06-27 11:01:41,947 [DEBUG] case 3 need to move position (from op to op position) Agent
2022-06-27 11:01:41,948 [DEBUG] move entity: Agent to MOVE_TO_OP to location -1
2022-06-27 11:01:42,948 [DEBUG] case 2 Agent entity arrived to locaionAT_OP movement task completed
2022-06-27 11:01:42,948 [DEBUG] entity: Agent changed state to AT_OP arrived to location -1
2022-06-27 11:01:43,950 [DEBUG] case 4 need to change face to South Agent
2022-06-27 11:01:44,951 [DEBUG] case 3 need to move position (from op to op position) Agent
2022-06-27 11:01:44,952 [DEBUG] move entity: Agent to MOVE_TO_OP to location -1
2022-06-27 11:01:45,952 [DEBUG] case 2 Agent entity arrived to locaionAT_OP movement task completed
2022-06-27 11:01:45,952 [DEBUG] entity: Agent changed state to AT_OP arrived to location -1
2022-06-27 11:01:46,954 [DEBUG] case 4 need to change face to East Agent
2022-06-27 11:01:47,955 [DEBUG] case 3 need to move position (from op to op position) Agent
2022-06-27 11:01:47,956 [DEBUG] move entity: Agent to MOVE_TO_OP to location -1
2022-06-27 11:01:48,957 [DEBUG] case 2 Agent entity arrived to locaionAT_OP movement task completed
2022-06-27 11:01:48,958 [DEBUG] entity: Agent changed state to AT_OP arrived to location -1
