2022-07-14 15:08:29,783 [INFO] Initializing RFSM 
2022-07-14 15:08:30,190 [DEBUG] Communicator is initialized
2022-07-14 15:08:30,190 [DEBUG] running in vrf mode
2022-07-14 15:08:30,190 [DEBUG] RFAScenarioManager is initialized
2022-07-14 15:08:30,190 [INFO] RFSM initialized
2022-07-14 15:08:30,190 [DEBUG] SpawnManager_Nadav is initialized
2022-07-14 15:08:31,191 [DEBUG] Get Forces local 
2022-07-14 15:08:31,191 [DEBUG] SpawnManager_Nadav is initialized
2022-07-14 15:08:32,192 [DEBUG] Get Forces local 
2022-07-14 15:08:32,192 [DEBUG] SpawnManager_Nadav is initialized
2022-07-14 15:08:33,193 [DEBUG] Get Forces local 
2022-07-14 15:08:33,193 [DEBUG] SpawnManager_Nadav is initialized
2022-07-14 15:08:34,193 [DEBUG] Get Forces local 
2022-07-14 15:08:34,193 [DEBUG] SpawnManager_Nadav is initialized
2022-07-14 15:08:35,193 [DEBUG] Get Forces local 
2022-07-14 15:08:35,193 [DEBUG] SpawnManager_Nadav is initialized
2022-07-14 15:08:36,194 [DEBUG] Get Forces local 
2022-07-14 15:08:36,194 [DEBUG] SpawnManager_Nadav is initialized
2022-07-14 15:08:37,194 [DEBUG] Get Forces local 
2022-07-14 15:08:37,194 [DEBUG] SpawnManager_Nadav is initialized
2022-07-14 15:08:38,194 [DEBUG] Get Forces local 
2022-07-14 15:08:38,194 [DEBUG] SpawnManager_Nadav is initialized
