2022-06-26 15:17:01,484 [INFO] Initializing RFSM 
2022-06-26 15:17:01,790 [DEBUG] Communicator is initialized
2022-06-26 15:17:01,790 [DEBUG] running in vrf mode
2022-06-26 15:17:01,790 [DEBUG] RFSMManager is initialized
2022-06-26 15:17:01,791 [INFO] RFSM initialized
2022-06-26 15:17:01,791 [DEBUG] SpawnManager_Nadav is initialized
2022-06-26 15:17:03,792 [DEBUG] Get Forces local 
2022-06-26 15:17:16,383 [DEBUG] case 3 need to move position (from op to op position) Agent
2022-06-26 15:17:16,384 [DEBUG] move entity: Agent to MOVE_TO_OP to location -1
2022-06-26 15:17:26,421 [DEBUG] case 2 Agent entity arrived to locaionAT_OP movement task completed
2022-06-26 15:17:46,438 [DEBUG] entity: Agent changed state to AT_OP arrived to location -1
2022-06-26 15:17:46,441 [DEBUG] case 2 Agent entity arrived to locaionAT_OP movement task completed
2022-06-26 15:17:48,132 [DEBUG] entity: Agent changed state to AT_OP arrived to location -1
2022-06-26 15:17:48,134 [DEBUG] case 2 Agent entity arrived to locaionAT_OP movement task completed
2022-06-26 15:17:48,897 [DEBUG] entity: Agent changed state to AT_OP arrived to location -1
2022-06-26 15:17:48,899 [DEBUG] case 2 Agent entity arrived to locaionAT_OP movement task completed
2022-06-26 15:17:49,579 [DEBUG] entity: Agent changed state to AT_OP arrived to location -1
2022-06-26 15:17:49,581 [DEBUG] case 2 Agent entity arrived to locaionAT_OP movement task completed
2022-06-26 15:17:50,173 [DEBUG] entity: Agent changed state to AT_OP arrived to location -1
2022-06-26 15:17:50,175 [DEBUG] case 2 Agent entity arrived to locaionAT_OP movement task completed
2022-06-26 15:17:50,851 [DEBUG] entity: Agent changed state to AT_OP arrived to location -1
2022-06-26 15:17:50,853 [DEBUG] case 2 Agent entity arrived to locaionAT_OP movement task completed
2022-06-26 15:17:51,508 [DEBUG] entity: Agent changed state to AT_OP arrived to location -1
2022-06-26 15:17:51,510 [DEBUG] case 2 Agent entity arrived to locaionAT_OP movement task completed
2022-06-26 15:17:52,242 [DEBUG] entity: Agent changed state to AT_OP arrived to location -1
2022-06-26 15:17:52,244 [DEBUG] case 2 Agent entity arrived to locaionAT_OP movement task completed
2022-06-26 15:17:52,810 [DEBUG] entity: Agent changed state to AT_OP arrived to location -1
2022-06-26 15:17:52,812 [DEBUG] case 2 Agent entity arrived to locaionAT_OP movement task completed
2022-06-26 15:17:53,359 [DEBUG] entity: Agent changed state to AT_OP arrived to location -1
2022-06-26 15:17:53,361 [DEBUG] case 2 Agent entity arrived to locaionAT_OP movement task completed
2022-06-26 15:17:53,878 [DEBUG] entity: Agent changed state to AT_OP arrived to location -1
