2022-06-26 13:36:58,473 [INFO] Initializing RFSM 
2022-06-26 13:36:58,647 [DEBUG] Communicator is initialized
2022-06-26 13:36:58,647 [DEBUG] running in vrf mode
2022-06-26 13:36:58,647 [DEBUG] RFSMManager is initialized
2022-06-26 13:36:58,647 [INFO] RFSM initialized
2022-06-26 13:36:58,648 [DEBUG] SpawnManager_Nadav is initialized
2022-06-26 13:37:00,649 [DEBUG] Get Forces local 
2022-06-26 13:37:03,166 [DEBUG] case 3 need to move position (from op to op position) Agent
2022-06-26 13:37:03,166 [DEBUG] move entity: Agent to MOVE_TO_OP to location 999
2022-06-26 13:37:03,166 [DEBUG] case 3 need to move position (from op to op position) Agent
2022-06-26 13:37:03,167 [DEBUG] move entity: Agent to MOVE_TO_OP to location 999
2022-06-26 13:37:04,167 [DEBUG] case 3 need to move position (from op to op position) Agent
2022-06-26 13:37:04,168 [DEBUG] move entity: Agent to MOVE_TO_OP to location 999
2022-06-26 13:37:05,169 [DEBUG] case 3 need to move position (from op to op position) Agent
2022-06-26 13:37:05,169 [DEBUG] move entity: Agent to MOVE_TO_OP to location 999
2022-06-26 13:37:06,171 [DEBUG] case 3 need to move position (from op to op position) Agent
2022-06-26 13:37:06,171 [DEBUG] move entity: Agent to MOVE_TO_OP to location 999
2022-06-26 13:37:07,172 [DEBUG] case 3 need to move position (from op to op position) Agent
2022-06-26 13:37:07,173 [DEBUG] move entity: Agent to MOVE_TO_OP to location 999
2022-06-26 13:37:08,176 [DEBUG] case 3 need to move position (from op to op position) Agent
2022-06-26 13:37:08,176 [DEBUG] move entity: Agent to MOVE_TO_OP to location 999
2022-06-26 13:37:09,179 [DEBUG] case 3 need to move position (from op to op position) Agent
2022-06-26 13:37:09,179 [DEBUG] move entity: Agent to MOVE_TO_OP to location 999
2022-06-26 13:37:10,181 [DEBUG] case 3 need to move position (from op to op position) Agent
2022-06-26 13:37:10,181 [DEBUG] move entity: Agent to MOVE_TO_OP to location 999
2022-06-26 13:37:11,184 [DEBUG] case 3 need to move position (from op to op position) Agent
2022-06-26 13:37:11,184 [DEBUG] move entity: Agent to MOVE_TO_OP to location 999
2022-06-26 13:37:12,187 [DEBUG] case 3 need to move position (from op to op position) Agent
2022-06-26 13:37:12,187 [DEBUG] move entity: Agent to MOVE_TO_OP to location 999
2022-06-26 13:37:13,189 [DEBUG] case 2 Agent entity arrived to locaionAT_OP movement task completed
2022-06-26 13:37:13,190 [DEBUG] entity: Agent changed state to AT_OP arrived to location 999
2022-06-26 13:37:13,190 [DEBUG] case 2 Agent entity arrived to locaionAT_OP movement task completed
2022-06-26 13:37:13,190 [DEBUG] entity: Agent changed state to AT_OP arrived to location 999
2022-06-26 13:37:13,190 [DEBUG] case 2 Agent entity arrived to locaionAT_OP movement task completed
2022-06-26 13:37:13,191 [DEBUG] entity: Agent changed state to AT_OP arrived to location 999
2022-06-26 13:37:13,191 [DEBUG] case 2 Agent entity arrived to locaionAT_OP movement task completed
2022-06-26 13:37:13,191 [DEBUG] entity: Agent changed state to AT_OP arrived to location 999
2022-06-26 13:37:13,191 [DEBUG] case 2 Agent entity arrived to locaionAT_OP movement task completed
2022-06-26 13:37:13,191 [DEBUG] entity: Agent changed state to AT_OP arrived to location 999
2022-06-26 13:37:13,191 [DEBUG] case 2 Agent entity arrived to locaionAT_OP movement task completed
2022-06-26 13:37:13,192 [DEBUG] entity: Agent changed state to AT_OP arrived to location 999
2022-06-26 13:37:13,192 [DEBUG] case 2 Agent entity arrived to locaionAT_OP movement task completed
2022-06-26 13:37:13,192 [DEBUG] entity: Agent changed state to AT_OP arrived to location 999
2022-06-26 13:37:13,192 [DEBUG] case 2 Agent entity arrived to locaionAT_OP movement task completed
2022-06-26 13:37:13,192 [DEBUG] entity: Agent changed state to AT_OP arrived to location 999
2022-06-26 13:37:13,192 [DEBUG] case 2 Agent entity arrived to locaionAT_OP movement task completed
2022-06-26 13:37:13,193 [DEBUG] entity: Agent changed state to AT_OP arrived to location 999
2022-06-26 13:37:13,193 [DEBUG] case 2 Agent entity arrived to locaionAT_OP movement task completed
2022-06-26 13:37:13,193 [DEBUG] entity: Agent changed state to AT_OP arrived to location 999
2022-06-26 13:37:13,193 [DEBUG] case 2 Agent entity arrived to locaionAT_OP movement task completed
2022-06-26 13:37:13,193 [DEBUG] entity: Agent changed state to AT_OP arrived to location 999
2022-06-26 13:37:13,194 [DEBUG] case 3 need to move position (from op to op position) Agent
2022-06-26 13:37:13,194 [DEBUG] move entity: Agent to MOVE_TO_OP to location 999
2022-06-26 13:37:14,194 [DEBUG] case 3 need to move position (from op to op position) Agent
2022-06-26 13:37:14,195 [DEBUG] case 3 need to move position (from op to op position) Agent
2022-06-26 13:37:14,195 [DEBUG] case 3 need to move position (from op to op position) Agent
2022-06-26 13:37:14,195 [DEBUG] case 3 need to move position (from op to op position) Agent
2022-06-26 13:37:14,196 [DEBUG] case 3 need to move position (from op to op position) Agent
2022-06-26 13:37:14,196 [DEBUG] case 3 need to move position (from op to op position) Agent
2022-06-26 13:37:14,197 [DEBUG] case 3 need to move position (from op to op position) Agent
2022-06-26 13:37:14,197 [DEBUG] case 3 need to move position (from op to op position) Agent
2022-06-26 13:37:14,197 [DEBUG] case 3 need to move position (from op to op position) Agent
2022-06-26 13:37:14,197 [DEBUG] case 3 need to move position (from op to op position) Agent
2022-06-26 13:37:14,198 [DEBUG] case 3 need to move position (from op to op position) Agent
2022-06-26 13:37:14,198 [DEBUG] case 2 Agent entity arrived to locaionAT_OP movement task completed
2022-06-26 13:37:14,198 [DEBUG] entity: Agent changed state to AT_OP arrived to location 999
2022-06-26 13:37:14,198 [DEBUG] case 3 need to move position (from op to op position) Agent
2022-06-26 13:37:14,198 [DEBUG] move entity: Agent to MOVE_TO_OP to location 999
2022-06-26 13:37:15,199 [DEBUG] case 3 need to move position (from op to op position) Agent
2022-06-26 13:37:15,200 [DEBUG] case 3 need to move position (from op to op position) Agent
2022-06-26 13:37:15,200 [DEBUG] case 3 need to move position (from op to op position) Agent
2022-06-26 13:37:15,200 [DEBUG] case 3 need to move position (from op to op position) Agent
2022-06-26 13:37:15,201 [DEBUG] case 3 need to move position (from op to op position) Agent
2022-06-26 13:37:15,201 [DEBUG] case 3 need to move position (from op to op position) Agent
2022-06-26 13:37:15,201 [DEBUG] case 3 need to move position (from op to op position) Agent
2022-06-26 13:37:15,201 [DEBUG] case 3 need to move position (from op to op position) Agent
2022-06-26 13:37:15,202 [DEBUG] case 3 need to move position (from op to op position) Agent
2022-06-26 13:37:15,202 [DEBUG] case 3 need to move position (from op to op position) Agent
2022-06-26 13:37:15,202 [DEBUG] case 3 need to move position (from op to op position) Agent
2022-06-26 13:37:15,202 [DEBUG] case 3 need to move position (from op to op position) Agent
2022-06-26 13:37:15,203 [DEBUG] case 2 Agent entity arrived to locaionAT_OP movement task completed
2022-06-26 13:37:15,203 [DEBUG] entity: Agent changed state to AT_OP arrived to location 999
2022-06-26 13:37:15,203 [DEBUG] case 3 need to move position (from op to op position) Agent
2022-06-26 13:37:15,203 [DEBUG] move entity: Agent to MOVE_TO_OP to location 999
2022-06-26 13:37:16,206 [DEBUG] case 3 need to move position (from op to op position) Agent
2022-06-26 13:37:16,206 [DEBUG] case 3 need to move position (from op to op position) Agent
2022-06-26 13:37:16,206 [DEBUG] case 3 need to move position (from op to op position) Agent
2022-06-26 13:37:16,206 [DEBUG] case 3 need to move position (from op to op position) Agent
2022-06-26 13:37:16,207 [DEBUG] case 3 need to move position (from op to op position) Agent
2022-06-26 13:37:16,207 [DEBUG] case 3 need to move position (from op to op position) Agent
2022-06-26 13:37:16,207 [DEBUG] case 3 need to move position (from op to op position) Agent
2022-06-26 13:37:16,207 [DEBUG] case 3 need to move position (from op to op position) Agent
2022-06-26 13:37:16,208 [DEBUG] case 3 need to move position (from op to op position) Agent
2022-06-26 13:37:16,208 [DEBUG] case 3 need to move position (from op to op position) Agent
2022-06-26 13:37:16,208 [DEBUG] case 3 need to move position (from op to op position) Agent
2022-06-26 13:37:16,209 [DEBUG] case 3 need to move position (from op to op position) Agent
2022-06-26 13:37:16,209 [DEBUG] case 3 need to move position (from op to op position) Agent
2022-06-26 13:37:16,209 [DEBUG] case 2 Agent entity arrived to locaionAT_OP movement task completed
2022-06-26 13:37:16,209 [DEBUG] entity: Agent changed state to AT_OP arrived to location 999
2022-06-26 13:37:16,209 [DEBUG] case 3 need to move position (from op to op position) Agent
2022-06-26 13:37:16,210 [DEBUG] move entity: Agent to MOVE_TO_OP to location 999
2022-06-26 13:37:17,211 [DEBUG] case 3 need to move position (from op to op position) Agent
2022-06-26 13:37:17,211 [DEBUG] case 3 need to move position (from op to op position) Agent
2022-06-26 13:37:17,211 [DEBUG] case 3 need to move position (from op to op position) Agent
2022-06-26 13:37:17,212 [DEBUG] case 3 need to move position (from op to op position) Agent
2022-06-26 13:37:17,212 [DEBUG] case 3 need to move position (from op to op position) Agent
2022-06-26 13:37:17,212 [DEBUG] case 3 need to move position (from op to op position) Agent
2022-06-26 13:37:17,212 [DEBUG] case 3 need to move position (from op to op position) Agent
2022-06-26 13:37:17,213 [DEBUG] case 3 need to move position (from op to op position) Agent
2022-06-26 13:37:17,213 [DEBUG] case 3 need to move position (from op to op position) Agent
2022-06-26 13:37:17,213 [DEBUG] case 3 need to move position (from op to op position) Agent
2022-06-26 13:37:17,213 [DEBUG] case 3 need to move position (from op to op position) Agent
2022-06-26 13:37:17,214 [DEBUG] case 3 need to move position (from op to op position) Agent
2022-06-26 13:37:17,214 [DEBUG] case 3 need to move position (from op to op position) Agent
2022-06-26 13:37:17,214 [DEBUG] case 3 need to move position (from op to op position) Agent
2022-06-26 13:37:17,214 [DEBUG] case 2 Agent entity arrived to locaionAT_OP movement task completed
2022-06-26 13:37:17,215 [DEBUG] entity: Agent changed state to AT_OP arrived to location 999
2022-06-26 13:37:17,215 [DEBUG] case 3 need to move position (from op to op position) Agent
2022-06-26 13:37:17,215 [DEBUG] move entity: Agent to MOVE_TO_OP to location 999
2022-06-26 13:37:18,215 [DEBUG] case 3 need to move position (from op to op position) Agent
2022-06-26 13:37:18,215 [DEBUG] case 3 need to move position (from op to op position) Agent
2022-06-26 13:37:18,216 [DEBUG] case 3 need to move position (from op to op position) Agent
2022-06-26 13:37:18,216 [DEBUG] case 3 need to move position (from op to op position) Agent
2022-06-26 13:37:18,216 [DEBUG] case 3 need to move position (from op to op position) Agent
2022-06-26 13:37:18,216 [DEBUG] case 3 need to move position (from op to op position) Agent
2022-06-26 13:37:18,217 [DEBUG] case 3 need to move position (from op to op position) Agent
2022-06-26 13:37:18,217 [DEBUG] case 3 need to move position (from op to op position) Agent
2022-06-26 13:37:18,217 [DEBUG] case 3 need to move position (from op to op position) Agent
2022-06-26 13:37:18,217 [DEBUG] case 3 need to move position (from op to op position) Agent
2022-06-26 13:37:18,217 [DEBUG] case 3 need to move position (from op to op position) Agent
2022-06-26 13:37:18,217 [DEBUG] case 3 need to move position (from op to op position) Agent
2022-06-26 13:37:18,218 [DEBUG] case 3 need to move position (from op to op position) Agent
2022-06-26 13:37:18,218 [DEBUG] case 3 need to move position (from op to op position) Agent
2022-06-26 13:37:18,218 [DEBUG] case 3 need to move position (from op to op position) Agent
2022-06-26 13:37:18,218 [DEBUG] case 2 Agent entity arrived to locaionAT_OP movement task completed
2022-06-26 13:37:18,218 [DEBUG] entity: Agent changed state to AT_OP arrived to location 999
2022-06-26 13:37:18,218 [DEBUG] case 3 need to move position (from op to op position) Agent
2022-06-26 13:37:18,219 [DEBUG] move entity: Agent to MOVE_TO_OP to location 999
2022-06-26 13:37:19,220 [DEBUG] case 3 need to move position (from op to op position) Agent
2022-06-26 13:37:19,221 [DEBUG] case 3 need to move position (from op to op position) Agent
2022-06-26 13:37:19,221 [DEBUG] case 3 need to move position (from op to op position) Agent
2022-06-26 13:37:19,221 [DEBUG] case 3 need to move position (from op to op position) Agent
2022-06-26 13:37:19,222 [DEBUG] case 3 need to move position (from op to op position) Agent
2022-06-26 13:37:19,222 [DEBUG] case 3 need to move position (from op to op position) Agent
2022-06-26 13:37:19,222 [DEBUG] case 3 need to move position (from op to op position) Agent
2022-06-26 13:37:19,222 [DEBUG] case 3 need to move position (from op to op position) Agent
2022-06-26 13:37:19,223 [DEBUG] case 3 need to move position (from op to op position) Agent
2022-06-26 13:37:19,223 [DEBUG] case 3 need to move position (from op to op position) Agent
2022-06-26 13:37:19,223 [DEBUG] case 3 need to move position (from op to op position) Agent
2022-06-26 13:37:19,223 [DEBUG] case 3 need to move position (from op to op position) Agent
2022-06-26 13:37:19,224 [DEBUG] case 3 need to move position (from op to op position) Agent
2022-06-26 13:37:19,224 [DEBUG] case 3 need to move position (from op to op position) Agent
2022-06-26 13:37:19,224 [DEBUG] case 3 need to move position (from op to op position) Agent
2022-06-26 13:37:19,224 [DEBUG] case 3 need to move position (from op to op position) Agent
2022-06-26 13:37:19,225 [DEBUG] case 2 Agent entity arrived to locaionAT_OP movement task completed
2022-06-26 13:37:19,225 [DEBUG] entity: Agent changed state to AT_OP arrived to location 999
2022-06-26 13:37:19,225 [DEBUG] case 3 need to move position (from op to op position) Agent
2022-06-26 13:37:19,225 [DEBUG] move entity: Agent to MOVE_TO_OP to location 999
2022-06-26 13:37:20,225 [DEBUG] case 3 need to move position (from op to op position) Agent
2022-06-26 13:37:20,226 [DEBUG] case 3 need to move position (from op to op position) Agent
2022-06-26 13:37:20,226 [DEBUG] case 3 need to move position (from op to op position) Agent
2022-06-26 13:37:20,226 [DEBUG] case 3 need to move position (from op to op position) Agent
2022-06-26 13:37:20,226 [DEBUG] case 3 need to move position (from op to op position) Agent
2022-06-26 13:37:20,226 [DEBUG] case 3 need to move position (from op to op position) Agent
2022-06-26 13:37:20,227 [DEBUG] case 3 need to move position (from op to op position) Agent
2022-06-26 13:37:20,227 [DEBUG] case 3 need to move position (from op to op position) Agent
2022-06-26 13:37:20,227 [DEBUG] case 3 need to move position (from op to op position) Agent
2022-06-26 13:37:20,227 [DEBUG] case 3 need to move position (from op to op position) Agent
2022-06-26 13:37:20,227 [DEBUG] case 3 need to move position (from op to op position) Agent
2022-06-26 13:37:20,228 [DEBUG] case 3 need to move position (from op to op position) Agent
2022-06-26 13:37:20,228 [DEBUG] case 3 need to move position (from op to op position) Agent
2022-06-26 13:37:20,228 [DEBUG] case 3 need to move position (from op to op position) Agent
2022-06-26 13:37:20,228 [DEBUG] case 3 need to move position (from op to op position) Agent
2022-06-26 13:37:20,228 [DEBUG] case 3 need to move position (from op to op position) Agent
2022-06-26 13:37:20,228 [DEBUG] case 3 need to move position (from op to op position) Agent
2022-06-26 13:37:20,229 [DEBUG] case 2 Agent entity arrived to locaionAT_OP movement task completed
2022-06-26 13:37:20,229 [DEBUG] entity: Agent changed state to AT_OP arrived to location 999
2022-06-26 13:37:20,229 [DEBUG] case 3 need to move position (from op to op position) Agent
2022-06-26 13:37:20,229 [DEBUG] move entity: Agent to MOVE_TO_OP to location 999
