2022-06-27 10:39:51,173 [INFO] Initializing RFSM 
2022-06-27 10:39:51,351 [DEBUG] Communicator is initialized
2022-06-27 10:39:51,351 [DEBUG] running in vrf mode
2022-06-27 10:39:51,351 [DEBUG] RFSMManager is initialized
2022-06-27 10:39:51,351 [INFO] RFSM initialized
2022-06-27 10:39:51,352 [DEBUG] SpawnManager_Nadav is initialized
2022-06-27 10:39:53,353 [DEBUG] Get Forces local 
2022-06-27 10:39:55,723 [DEBUG] case 4 need to change face to West Agent
2022-06-27 10:39:56,723 [DEBUG] case 3 need to move position (from op to op position) Agent
2022-06-27 10:39:56,724 [DEBUG] move entity: Agent to MOVE_TO_OP to location -1
2022-06-27 10:40:00,726 [DEBUG] case 2 Agent entity arrived to locaionAT_OP movement task completed
2022-06-27 10:40:00,726 [DEBUG] entity: Agent changed state to AT_OP arrived to location -1
2022-06-27 10:40:01,727 [DEBUG] case 4 need to change face to West Agent
2022-06-27 10:40:02,728 [DEBUG] case 3 need to move position (from op to op position) Agent
2022-06-27 10:40:02,729 [DEBUG] move entity: Agent to MOVE_TO_OP to location -1
2022-06-27 10:40:06,733 [DEBUG] case 2 Agent entity arrived to locaionAT_OP movement task completed
2022-06-27 10:40:06,734 [DEBUG] entity: Agent changed state to AT_OP arrived to location -1
2022-06-27 10:40:07,734 [DEBUG] case 4 need to change face to West Agent
2022-06-27 10:40:08,736 [DEBUG] case 3 need to move position (from op to op position) Agent
2022-06-27 10:40:08,737 [DEBUG] move entity: Agent to MOVE_TO_OP to location -1
2022-06-27 10:40:12,742 [DEBUG] case 2 Agent entity arrived to locaionAT_OP movement task completed
2022-06-27 10:40:12,743 [DEBUG] entity: Agent changed state to AT_OP arrived to location -1
2022-06-27 10:40:13,744 [DEBUG] case 4 need to change face to West Agent
2022-06-27 10:40:14,746 [DEBUG] case 3 need to move position (from op to op position) Agent
2022-06-27 10:40:14,747 [DEBUG] move entity: Agent to MOVE_TO_OP to location -1
2022-06-27 10:40:18,750 [DEBUG] case 2 Agent entity arrived to locaionAT_OP movement task completed
2022-06-27 10:40:18,751 [DEBUG] entity: Agent changed state to AT_OP arrived to location -1
2022-06-27 10:40:19,751 [DEBUG] case 4 need to change face to West Agent
2022-06-27 10:40:20,752 [DEBUG] case 3 need to move position (from op to op position) Agent
2022-06-27 10:40:20,753 [DEBUG] move entity: Agent to MOVE_TO_OP to location -1
2022-06-27 10:40:24,757 [DEBUG] case 2 Agent entity arrived to locaionAT_OP movement task completed
2022-06-27 10:40:24,758 [DEBUG] entity: Agent changed state to AT_OP arrived to location -1
