2022-06-27 14:01:13,752 [INFO] Initializing RFSM 
2022-06-27 14:01:13,930 [DEBUG] Communicator is initialized
2022-06-27 14:01:13,930 [DEBUG] running in vrf mode
2022-06-27 14:01:13,930 [DEBUG] RFSMManager is initialized
2022-06-27 14:01:13,930 [INFO] RFSM initialized
2022-06-27 14:01:13,931 [DEBUG] SpawnManager_Nadav is initialized
2022-06-27 14:01:15,932 [DEBUG] Get Forces local 
2022-06-27 14:01:21,979 [DEBUG] case 4 need to change face to West Agent
2022-06-27 14:01:22,979 [DEBUG] case 3 need to move position (from op to op position) Agent
2022-06-27 14:01:22,980 [DEBUG] move entity: Agent to MOVE_TO_OP to location -1
2022-06-27 14:01:23,980 [DEBUG] case 2 Agent entity arrived to locaionAT_OP movement task completed
2022-06-27 14:01:23,980 [DEBUG] entity: Agent changed state to AT_OP arrived to location -1
2022-06-27 14:01:24,982 [DEBUG] case 4 need to change face to West Agent
2022-06-27 14:01:25,983 [DEBUG] case 3 need to move position (from op to op position) Agent
2022-06-27 14:01:25,984 [DEBUG] move entity: Agent to MOVE_TO_OP to location -1
2022-06-27 14:01:26,985 [DEBUG] case 2 Agent entity arrived to locaionAT_OP movement task completed
2022-06-27 14:01:26,985 [DEBUG] entity: Agent changed state to AT_OP arrived to location -1
2022-06-27 14:01:27,986 [DEBUG] case 4 need to change face to West Agent
2022-06-27 14:01:28,986 [DEBUG] case 3 need to move position (from op to op position) Agent
2022-06-27 14:01:28,987 [DEBUG] move entity: Agent to MOVE_TO_OP to location -1
2022-06-27 14:01:29,988 [DEBUG] case 2 Agent entity arrived to locaionAT_OP movement task completed
2022-06-27 14:01:29,988 [DEBUG] entity: Agent changed state to AT_OP arrived to location -1
2022-06-27 14:01:30,990 [DEBUG] case 4 need to change face to West Agent
2022-06-27 14:01:31,990 [DEBUG] case 3 need to move position (from op to op position) Agent
2022-06-27 14:01:31,991 [DEBUG] move entity: Agent to MOVE_TO_OP to location -1
2022-06-27 14:01:32,991 [DEBUG] case 2 Agent entity arrived to locaionAT_OP movement task completed
2022-06-27 14:01:32,991 [DEBUG] entity: Agent changed state to AT_OP arrived to location -1
2022-06-27 14:01:33,993 [DEBUG] case 4 need to change face to West Agent
2022-06-27 14:01:34,993 [DEBUG] case 3 need to move position (from op to op position) Agent
2022-06-27 14:01:34,994 [DEBUG] move entity: Agent to MOVE_TO_OP to location -1
2022-06-27 14:01:35,995 [DEBUG] case 2 Agent entity arrived to locaionAT_OP movement task completed
2022-06-27 14:01:35,995 [DEBUG] entity: Agent changed state to AT_OP arrived to location -1
2022-06-27 14:01:36,996 [DEBUG] case 4 need to change face to South Agent
2022-06-27 14:01:37,997 [DEBUG] case 3 need to move position (from op to op position) Agent
2022-06-27 14:01:37,997 [DEBUG] move entity: Agent to MOVE_TO_OP to location -1
2022-06-27 14:01:38,998 [DEBUG] case 2 Agent entity arrived to locaionAT_OP movement task completed
2022-06-27 14:01:38,998 [DEBUG] entity: Agent changed state to AT_OP arrived to location -1
2022-06-27 14:01:39,999 [DEBUG] case 4 need to change face to West Agent
2022-06-27 14:01:40,999 [DEBUG] case 3 need to move position (from op to op position) Agent
2022-06-27 14:01:40,999 [DEBUG] move entity: Agent to MOVE_TO_OP to location -1
