2022-06-23 15:00:45,437 [INFO] Initializing RFSM 
2022-06-23 15:00:45,610 [DEBUG] Communicator is initialized
2022-06-23 15:00:45,611 [DEBUG] running in vrf mode
2022-06-23 15:00:45,611 [DEBUG] RFSMManager is initialized
2022-06-23 15:00:45,611 [INFO] RFSM initialized
2022-06-23 15:00:45,611 [DEBUG] SpawnManager is initialized
2022-06-23 15:00:45,611 [DEBUG] area compound BF area of interest X
2022-06-23 15:00:45,611 [DEBUG] create 5 red forces and 0 civilians in area B
2022-06-23 15:00:45,611 [DEBUG] create 6 red forces and 0 civilians in area F
2022-06-23 15:00:45,611 [DEBUG] create 1 long anti tank and 1 civilians in area X
2022-06-23 15:00:45,612 [DEBUG] start create entity
2022-06-23 15:00:45,613 [DEBUG] start create civilians
2022-06-23 15:00:58,620 [DEBUG] Create Entities
2022-06-23 15:00:58,621 [DEBUG] Send compound
2022-06-23 15:00:58,621 [DEBUG] Get Forces local 
2022-06-23 15:01:58,867 [DEBUG] change op location -> time_difference = 35.08892822265625 rand_time = 30.80710519830417 timeop_min = 30.0 timeop_max = 40.0
2022-06-23 15:01:58,869 [DEBUG] current position 253 move to state type Civil entity type name CIVILIA12
2022-06-23 15:01:58,870 [DEBUG] Position found 259
2022-06-23 15:01:58,871 [DEBUG] case 5 time passed and need to move position (from op to op position) CIVILIA12
2022-06-23 15:01:58,871 [DEBUG] move entity: CIVILIA12 to MOVE_TO_OP to location 259
2022-06-23 15:02:00,876 [DEBUG] case 2 CIVILIA12 entity arrived to locaionAT_OP movement task completed
2022-06-23 15:02:00,876 [DEBUG] entity: CIVILIA12 changed state to AT_OP arrived to location 259
