2022-06-23 15:22:09,397 [INFO] Initializing RFSM 
2022-06-23 15:22:09,571 [DEBUG] Communicator is initialized
2022-06-23 15:22:09,571 [DEBUG] running in vrf mode
2022-06-23 15:22:09,571 [DEBUG] RFSMManager is initialized
2022-06-23 15:22:09,571 [INFO] RFSM initialized
2022-06-23 15:22:09,571 [DEBUG] SpawnManager_Nadav is initialized
2022-06-23 15:22:11,574 [DEBUG] Get Forces local 
2022-06-23 15:22:13,850 [DEBUG] enemy_is_detected
2022-06-23 15:22:13,875 [DEBUG] enemy_is_detected
2022-06-23 15:22:13,888 [DEBUG] enemy_is_detected
2022-06-23 15:22:13,900 [DEBUG] enemy_is_detected
2022-06-23 15:22:13,925 [DEBUG] enemy_is_detected
2022-06-23 15:22:13,937 [DEBUG] enemy_is_detected
2022-06-23 15:22:13,949 [DEBUG] enemy_is_detected
2022-06-23 15:22:13,984 [DEBUG] enemy_is_detected
2022-06-23 15:22:14,044 [DEBUG] enemy_is_detected
2022-06-23 15:22:14,068 [DEBUG] enemy_is_detected
2022-06-23 15:22:14,092 [DEBUG] enemy_is_detected
2022-06-23 15:22:14,104 [DEBUG] enemy_is_detected
2022-06-23 15:22:14,116 [DEBUG] enemy_is_detected
2022-06-23 15:22:14,139 [DEBUG] enemy_is_detected
2022-06-23 15:22:14,151 [DEBUG] enemy_is_detected
2022-06-23 15:22:14,162 [DEBUG] enemy_is_detected
2022-06-23 15:22:14,175 [DEBUG] enemy_is_detected
2022-06-23 15:22:14,211 [DEBUG] enemy_is_detected
2022-06-23 15:22:14,223 [DEBUG] enemy_is_detected
2022-06-23 15:22:14,235 [DEBUG] enemy_is_detected
2022-06-23 15:22:14,259 [DEBUG] enemy_is_detected
2022-06-23 15:22:14,271 [DEBUG] enemy_is_detected
2022-06-23 15:22:14,283 [DEBUG] enemy_is_detected
2022-06-23 15:22:14,295 [DEBUG] enemy_is_detected
2022-06-23 15:22:14,319 [DEBUG] enemy_is_detected
2022-06-23 15:22:14,331 [DEBUG] enemy_is_detected
2022-06-23 15:22:14,343 [DEBUG] enemy_is_detected
2022-06-23 15:22:14,356 [DEBUG] enemy_is_detected
2022-06-23 15:22:14,368 [DEBUG] enemy_is_detected
2022-06-23 15:22:14,380 [DEBUG] enemy_is_detected
2022-06-23 15:22:14,392 [DEBUG] enemy_is_detected
2022-06-23 15:22:14,439 [DEBUG] enemy_is_detected
2022-06-23 15:22:14,487 [DEBUG] enemy_is_detected
2022-06-23 15:22:14,500 [DEBUG] enemy_is_detected
2022-06-23 15:22:14,536 [DEBUG] enemy_is_detected
2022-06-23 15:22:14,548 [DEBUG] enemy_is_detected
2022-06-23 15:22:14,596 [DEBUG] enemy_is_detected
2022-06-23 15:22:14,632 [DEBUG] enemy_is_detected
2022-06-23 15:22:14,644 [DEBUG] enemy_is_detected
2022-06-23 15:22:14,656 [DEBUG] enemy_is_detected
2022-06-23 15:22:14,668 [DEBUG] enemy_is_detected
2022-06-23 15:22:14,680 [DEBUG] enemy_is_detected
2022-06-23 15:22:14,692 [DEBUG] enemy_is_detected
2022-06-23 15:22:14,716 [DEBUG] enemy_is_detected
2022-06-23 15:22:14,727 [DEBUG] enemy_is_detected
2022-06-23 15:22:14,739 [DEBUG] enemy_is_detected
2022-06-23 15:22:14,751 [DEBUG] enemy_is_detected
2022-06-23 15:22:14,775 [DEBUG] enemy_is_detected
2022-06-23 15:22:14,787 [DEBUG] enemy_is_detected
2022-06-23 15:22:14,799 [DEBUG] enemy_is_detected
2022-06-23 15:22:14,811 [DEBUG] enemy_is_detected
2022-06-23 15:22:14,823 [DEBUG] enemy_is_detected
2022-06-23 15:22:14,859 [DEBUG] enemy_is_detected
2022-06-23 15:22:14,871 [DEBUG] enemy_is_detected
2022-06-23 15:22:14,883 [DEBUG] enemy_is_detected
2022-06-23 15:22:14,895 [DEBUG] enemy_is_detected
2022-06-23 15:22:14,906 [DEBUG] enemy_is_detected
2022-06-23 15:22:14,918 [DEBUG] enemy_is_detected
2022-06-23 15:22:14,931 [DEBUG] enemy_is_detected
2022-06-23 15:22:14,943 [DEBUG] enemy_is_detected
2022-06-23 15:22:14,955 [DEBUG] enemy_is_detected
2022-06-23 15:22:14,967 [DEBUG] enemy_is_detected
2022-06-23 15:22:14,979 [DEBUG] enemy_is_detected
2022-06-23 15:22:14,991 [DEBUG] enemy_is_detected
2022-06-23 15:22:15,003 [DEBUG] enemy_is_detected
2022-06-23 15:22:15,015 [DEBUG] enemy_is_detected
2022-06-23 15:22:15,027 [DEBUG] enemy_is_detected
2022-06-23 15:22:15,051 [DEBUG] enemy_is_detected
2022-06-23 15:22:15,075 [DEBUG] enemy_is_detected
2022-06-23 15:22:15,099 [DEBUG] enemy_is_detected
2022-06-23 15:22:15,135 [DEBUG] enemy_is_detected
2022-06-23 15:22:15,171 [DEBUG] enemy_is_detected
2022-06-23 15:22:15,183 [DEBUG] enemy_is_detected
2022-06-23 15:22:15,195 [DEBUG] enemy_is_detected
2022-06-23 15:22:15,219 [DEBUG] enemy_is_detected
2022-06-23 15:22:15,230 [DEBUG] enemy_is_detected
2022-06-23 15:22:15,242 [DEBUG] enemy_is_detected
2022-06-23 15:22:15,254 [DEBUG] enemy_is_detected
2022-06-23 15:22:15,265 [DEBUG] enemy_is_detected
2022-06-23 15:22:15,277 [DEBUG] enemy_is_detected
2022-06-23 15:22:15,289 [DEBUG] enemy_is_detected
2022-06-23 15:22:15,325 [DEBUG] enemy_is_detected
2022-06-23 15:22:15,337 [DEBUG] enemy_is_detected
2022-06-23 15:22:15,349 [DEBUG] enemy_is_detected
2022-06-23 15:22:15,362 [DEBUG] enemy_is_detected
2022-06-23 15:22:15,374 [DEBUG] enemy_is_detected
2022-06-23 15:22:15,398 [DEBUG] enemy_is_detected
2022-06-23 15:22:15,410 [DEBUG] enemy_is_detected
2022-06-23 15:22:15,434 [DEBUG] enemy_is_detected
2022-06-23 15:22:15,446 [DEBUG] enemy_is_detected
2022-06-23 15:22:15,458 [DEBUG] enemy_is_detected
2022-06-23 15:22:15,470 [DEBUG] enemy_is_detected
2022-06-23 15:22:15,506 [DEBUG] enemy_is_detected
2022-06-23 15:22:15,518 [DEBUG] enemy_is_detected
2022-06-23 15:22:15,542 [DEBUG] enemy_is_detected
2022-06-23 15:22:15,554 [DEBUG] enemy_is_detected
2022-06-23 15:22:15,590 [DEBUG] enemy_is_detected
2022-06-23 15:22:15,602 [DEBUG] enemy_is_detected
2022-06-23 15:22:15,614 [DEBUG] enemy_is_detected
2022-06-23 15:22:15,626 [DEBUG] enemy_is_detected
2022-06-23 15:22:15,638 [DEBUG] enemy_is_detected
2022-06-23 15:22:15,650 [DEBUG] enemy_is_detected
2022-06-23 15:22:15,673 [DEBUG] enemy_is_detected
2022-06-23 15:22:15,685 [DEBUG] enemy_is_detected
2022-06-23 15:22:15,709 [DEBUG] enemy_is_detected
2022-06-23 15:22:15,721 [DEBUG] enemy_is_detected
2022-06-23 15:22:15,733 [DEBUG] enemy_is_detected
2022-06-23 15:22:15,769 [DEBUG] enemy_is_detected
2022-06-23 15:22:15,793 [DEBUG] enemy_is_detected
2022-06-23 15:22:15,805 [DEBUG] enemy_is_detected
2022-06-23 15:22:15,817 [DEBUG] enemy_is_detected
2022-06-23 15:22:15,829 [DEBUG] enemy_is_detected
2022-06-23 15:22:15,842 [DEBUG] enemy_is_detected
2022-06-23 15:22:15,854 [DEBUG] enemy_is_detected
2022-06-23 15:22:15,878 [DEBUG] enemy_is_detected
2022-06-23 15:22:15,890 [DEBUG] enemy_is_detected
2022-06-23 15:22:15,902 [DEBUG] enemy_is_detected
2022-06-23 15:22:15,913 [DEBUG] enemy_is_detected
2022-06-23 15:22:15,925 [DEBUG] enemy_is_detected
2022-06-23 15:22:15,939 [DEBUG] enemy_is_detected
2022-06-23 15:22:15,952 [DEBUG] enemy_is_detected
2022-06-23 15:22:15,976 [DEBUG] enemy_is_detected
2022-06-23 15:22:15,988 [DEBUG] enemy_is_detected
2022-06-23 15:22:16,000 [DEBUG] enemy_is_detected
2022-06-23 15:22:16,012 [DEBUG] enemy_is_detected
2022-06-23 15:22:16,024 [DEBUG] enemy_is_detected
2022-06-23 15:22:16,060 [DEBUG] enemy_is_detected
2022-06-23 15:22:16,072 [DEBUG] enemy_is_detected
2022-06-23 15:22:16,108 [DEBUG] enemy_is_detected
2022-06-23 15:22:16,120 [DEBUG] enemy_is_detected
2022-06-23 15:22:16,132 [DEBUG] enemy_is_detected
2022-06-23 15:22:16,156 [DEBUG] enemy_is_detected
2022-06-23 15:22:16,178 [DEBUG] enemy_is_detected
2022-06-23 15:22:16,190 [DEBUG] enemy_is_detected
2022-06-23 15:22:16,202 [DEBUG] enemy_is_detected
2022-06-23 15:22:16,238 [DEBUG] enemy_is_detected
2022-06-23 15:22:16,250 [DEBUG] enemy_is_detected
2022-06-23 15:22:16,298 [DEBUG] enemy_is_detected
2022-06-23 15:22:16,310 [DEBUG] enemy_is_detected
2022-06-23 15:22:16,322 [DEBUG] enemy_is_detected
2022-06-23 15:22:16,334 [DEBUG] enemy_is_detected
2022-06-23 15:22:16,346 [DEBUG] enemy_is_detected
2022-06-23 15:22:16,358 [DEBUG] enemy_is_detected
2022-06-23 15:22:16,382 [DEBUG] enemy_is_detected
2022-06-23 15:22:16,394 [DEBUG] enemy_is_detected
2022-06-23 15:22:16,418 [DEBUG] enemy_is_detected
2022-06-23 15:22:16,441 [DEBUG] enemy_is_detected
2022-06-23 15:22:16,453 [DEBUG] enemy_is_detected
2022-06-23 15:22:16,465 [DEBUG] enemy_is_detected
2022-06-23 15:22:16,477 [DEBUG] enemy_is_detected
2022-06-23 15:22:16,489 [DEBUG] enemy_is_detected
2022-06-23 15:22:16,501 [DEBUG] enemy_is_detected
2022-06-23 15:22:16,525 [DEBUG] enemy_is_detected
2022-06-23 15:22:16,537 [DEBUG] enemy_is_detected
2022-06-23 15:22:16,549 [DEBUG] enemy_is_detected
2022-06-23 15:22:16,560 [DEBUG] enemy_is_detected
2022-06-23 15:22:16,586 [DEBUG] enemy_is_detected
2022-06-23 15:22:16,598 [DEBUG] enemy_is_detected
2022-06-23 15:22:16,610 [DEBUG] enemy_is_detected
2022-06-23 15:22:16,622 [DEBUG] enemy_is_detected
2022-06-23 15:22:16,634 [DEBUG] enemy_is_detected
2022-06-23 15:22:16,646 [DEBUG] enemy_is_detected
2022-06-23 15:22:16,658 [DEBUG] enemy_is_detected
2022-06-23 15:22:16,670 [DEBUG] enemy_is_detected
2022-06-23 15:22:16,682 [DEBUG] enemy_is_detected
2022-06-23 15:22:16,694 [DEBUG] enemy_is_detected
2022-06-23 15:22:16,706 [DEBUG] enemy_is_detected
2022-06-23 15:22:16,742 [DEBUG] enemy_is_detected
2022-06-23 15:22:16,766 [DEBUG] enemy_is_detected
2022-06-23 15:22:16,777 [DEBUG] enemy_is_detected
2022-06-23 15:22:16,788 [DEBUG] enemy_is_detected
2022-06-23 15:22:16,824 [DEBUG] enemy_is_detected
2022-06-23 15:22:16,836 [DEBUG] enemy_is_detected
2022-06-23 15:22:16,860 [DEBUG] enemy_is_detected
2022-06-23 15:22:16,873 [DEBUG] enemy_is_detected
2022-06-23 15:22:16,897 [DEBUG] enemy_is_detected
2022-06-23 15:22:16,909 [DEBUG] enemy_is_detected
2022-06-23 15:22:16,922 [DEBUG] enemy_is_detected
2022-06-23 15:22:16,934 [DEBUG] enemy_is_detected
2022-06-23 15:22:16,970 [DEBUG] enemy_is_detected
2022-06-23 15:22:16,993 [DEBUG] enemy_is_detected
2022-06-23 15:22:17,041 [DEBUG] enemy_is_detected
2022-06-23 15:22:17,053 [DEBUG] enemy_is_detected
2022-06-23 15:22:17,065 [DEBUG] enemy_is_detected
2022-06-23 15:22:17,078 [DEBUG] enemy_is_detected
2022-06-23 15:22:17,090 [DEBUG] enemy_is_detected
2022-06-23 15:22:17,102 [DEBUG] enemy_is_detected
2022-06-23 15:22:17,114 [DEBUG] enemy_is_detected
2022-06-23 15:22:17,126 [DEBUG] enemy_is_detected
2022-06-23 15:22:17,150 [DEBUG] enemy_is_detected
2022-06-23 15:22:17,162 [DEBUG] enemy_is_detected
2022-06-23 15:22:17,174 [DEBUG] enemy_is_detected
2022-06-23 15:22:17,186 [DEBUG] enemy_is_detected
2022-06-23 15:22:17,198 [DEBUG] enemy_is_detected
2022-06-23 15:22:17,210 [DEBUG] enemy_is_detected
2022-06-23 15:22:17,234 [DEBUG] enemy_is_detected
2022-06-23 15:22:17,246 [DEBUG] enemy_is_detected
2022-06-23 15:22:17,258 [DEBUG] enemy_is_detected
2022-06-23 15:22:17,270 [DEBUG] enemy_is_detected
2022-06-23 15:22:17,282 [DEBUG] enemy_is_detected
2022-06-23 15:22:17,306 [DEBUG] enemy_is_detected
2022-06-23 15:22:17,318 [DEBUG] enemy_is_detected
2022-06-23 15:22:17,342 [DEBUG] enemy_is_detected
2022-06-23 15:22:17,354 [DEBUG] enemy_is_detected
2022-06-23 15:22:17,366 [DEBUG] enemy_is_detected
2022-06-23 15:22:17,377 [DEBUG] enemy_is_detected
2022-06-23 15:22:17,413 [DEBUG] enemy_is_detected
2022-06-23 15:22:17,425 [DEBUG] enemy_is_detected
2022-06-23 15:22:17,437 [DEBUG] enemy_is_detected
2022-06-23 15:22:17,449 [DEBUG] enemy_is_detected
2022-06-23 15:22:17,473 [DEBUG] enemy_is_detected
2022-06-23 15:22:17,485 [DEBUG] enemy_is_detected
2022-06-23 15:22:17,498 [DEBUG] enemy_is_detected
2022-06-23 15:22:17,510 [DEBUG] enemy_is_detected
2022-06-23 15:22:17,522 [DEBUG] enemy_is_detected
2022-06-23 15:22:17,557 [DEBUG] enemy_is_detected
2022-06-23 15:22:17,569 [DEBUG] enemy_is_detected
2022-06-23 15:22:17,581 [DEBUG] enemy_is_detected
2022-06-23 15:22:17,593 [DEBUG] enemy_is_detected
2022-06-23 15:22:17,605 [DEBUG] enemy_is_detected
2022-06-23 15:22:17,629 [DEBUG] enemy_is_detected
2022-06-23 15:22:17,653 [DEBUG] enemy_is_detected
2022-06-23 15:22:17,689 [DEBUG] enemy_is_detected
2022-06-23 15:22:17,701 [DEBUG] enemy_is_detected
2022-06-23 15:22:17,713 [DEBUG] enemy_is_detected
2022-06-23 15:22:17,725 [DEBUG] enemy_is_detected
2022-06-23 15:22:17,737 [DEBUG] enemy_is_detected
2022-06-23 15:22:17,749 [DEBUG] enemy_is_detected
2022-06-23 15:22:17,761 [DEBUG] enemy_is_detected
2022-06-23 15:22:17,796 [DEBUG] enemy_is_detected
2022-06-23 15:22:17,808 [DEBUG] enemy_is_detected
2022-06-23 15:22:17,832 [DEBUG] enemy_is_detected
2022-06-23 15:22:17,844 [DEBUG] enemy_is_detected
2022-06-23 15:22:17,856 [DEBUG] enemy_is_detected
2022-06-23 15:22:17,868 [DEBUG] enemy_is_detected
2022-06-23 15:22:17,892 [DEBUG] enemy_is_detected
2022-06-23 15:22:17,904 [DEBUG] enemy_is_detected
2022-06-23 15:22:17,928 [DEBUG] enemy_is_detected
2022-06-23 15:22:17,939 [DEBUG] enemy_is_detected
2022-06-23 15:22:17,951 [DEBUG] enemy_is_detected
2022-06-23 15:22:17,963 [DEBUG] enemy_is_detected
2022-06-23 15:22:17,987 [DEBUG] enemy_is_detected
2022-06-23 15:22:17,999 [DEBUG] enemy_is_detected
2022-06-23 15:22:18,011 [DEBUG] enemy_is_detected
2022-06-23 15:22:18,023 [DEBUG] enemy_is_detected
2022-06-23 15:22:18,034 [DEBUG] enemy_is_detected
2022-06-23 15:22:18,058 [DEBUG] enemy_is_detected
2022-06-23 15:22:18,070 [DEBUG] enemy_is_detected
2022-06-23 15:22:18,106 [DEBUG] enemy_is_detected
2022-06-23 15:22:18,118 [DEBUG] enemy_is_detected
2022-06-23 15:22:18,130 [DEBUG] enemy_is_detected
2022-06-23 15:22:18,142 [DEBUG] enemy_is_detected
2022-06-23 15:22:18,154 [DEBUG] enemy_is_detected
2022-06-23 15:22:18,190 [DEBUG] enemy_is_detected
2022-06-23 15:22:18,202 [DEBUG] enemy_is_detected
2022-06-23 15:22:18,214 [DEBUG] enemy_is_detected
2022-06-23 15:22:18,227 [DEBUG] enemy_is_detected
2022-06-23 15:22:18,239 [DEBUG] enemy_is_detected
2022-06-23 15:22:18,251 [DEBUG] enemy_is_detected
2022-06-23 15:22:18,263 [DEBUG] enemy_is_detected
2022-06-23 15:22:18,275 [DEBUG] enemy_is_detected
2022-06-23 15:22:18,287 [DEBUG] enemy_is_detected
2022-06-23 15:22:18,299 [DEBUG] enemy_is_detected
2022-06-23 15:22:18,334 [DEBUG] enemy_is_detected
