2022-06-26 13:47:08,949 [INFO] Initializing RFSM 
2022-06-26 13:47:09,122 [DEBUG] Communicator is initialized
2022-06-26 13:47:09,123 [DEBUG] running in vrf mode
2022-06-26 13:47:09,123 [DEBUG] RFSMManager is initialized
2022-06-26 13:47:09,123 [INFO] RFSM initialized
2022-06-26 13:47:09,123 [DEBUG] SpawnManager_Nadav is initialized
2022-06-26 13:47:11,124 [DEBUG] Get Forces local 
2022-06-26 13:47:19,289 [DEBUG] case 3 need to move position (from op to op position) Agent
2022-06-26 13:47:19,289 [DEBUG] move entity: Agent to MOVE_TO_OP to location 999
2022-06-26 13:47:19,289 [DEBUG] case 3 need to move position (from op to op position) Agent
2022-06-26 13:47:19,290 [DEBUG] move entity: Agent to MOVE_TO_OP to location 999
2022-06-26 13:47:20,292 [DEBUG] case 3 need to move position (from op to op position) Agent
2022-06-26 13:47:20,292 [DEBUG] move entity: Agent to MOVE_TO_OP to location 999
2022-06-26 13:47:21,294 [DEBUG] case 3 need to move position (from op to op position) Agent
2022-06-26 13:47:21,294 [DEBUG] move entity: Agent to MOVE_TO_OP to location 999
2022-06-26 13:47:22,297 [DEBUG] case 3 need to move position (from op to op position) Agent
2022-06-26 13:47:22,298 [DEBUG] move entity: Agent to MOVE_TO_OP to location 999
2022-06-26 13:47:23,300 [DEBUG] case 3 need to move position (from op to op position) Agent
2022-06-26 13:47:23,301 [DEBUG] move entity: Agent to MOVE_TO_OP to location 999
2022-06-26 13:47:24,302 [DEBUG] case 3 need to move position (from op to op position) Agent
2022-06-26 13:47:24,303 [DEBUG] move entity: Agent to MOVE_TO_OP to location 999
2022-06-26 13:47:25,306 [DEBUG] case 3 need to move position (from op to op position) Agent
2022-06-26 13:47:25,306 [DEBUG] move entity: Agent to MOVE_TO_OP to location 999
2022-06-26 13:47:26,309 [DEBUG] case 3 need to move position (from op to op position) Agent
2022-06-26 13:47:26,309 [DEBUG] move entity: Agent to MOVE_TO_OP to location 999
2022-06-26 13:47:27,312 [DEBUG] case 3 need to move position (from op to op position) Agent
2022-06-26 13:47:27,312 [DEBUG] move entity: Agent to MOVE_TO_OP to location 999
2022-06-26 13:47:28,316 [DEBUG] case 3 need to move position (from op to op position) Agent
2022-06-26 13:47:28,316 [DEBUG] move entity: Agent to MOVE_TO_OP to location 999
2022-06-26 13:47:29,317 [DEBUG] case 2 Agent entity arrived to locaionAT_OP movement task completed
2022-06-26 13:47:29,318 [DEBUG] entity: Agent changed state to AT_OP arrived to location 999
2022-06-26 13:47:29,318 [DEBUG] case 2 Agent entity arrived to locaionAT_OP movement task completed
2022-06-26 13:47:29,318 [DEBUG] entity: Agent changed state to AT_OP arrived to location 999
2022-06-26 13:47:29,318 [DEBUG] case 2 Agent entity arrived to locaionAT_OP movement task completed
2022-06-26 13:47:29,318 [DEBUG] entity: Agent changed state to AT_OP arrived to location 999
2022-06-26 13:47:29,319 [DEBUG] case 2 Agent entity arrived to locaionAT_OP movement task completed
2022-06-26 13:47:29,319 [DEBUG] entity: Agent changed state to AT_OP arrived to location 999
2022-06-26 13:47:29,319 [DEBUG] case 2 Agent entity arrived to locaionAT_OP movement task completed
2022-06-26 13:47:29,319 [DEBUG] entity: Agent changed state to AT_OP arrived to location 999
2022-06-26 13:47:29,319 [DEBUG] case 2 Agent entity arrived to locaionAT_OP movement task completed
2022-06-26 13:47:29,319 [DEBUG] entity: Agent changed state to AT_OP arrived to location 999
2022-06-26 13:47:29,320 [DEBUG] case 2 Agent entity arrived to locaionAT_OP movement task completed
2022-06-26 13:47:29,320 [DEBUG] entity: Agent changed state to AT_OP arrived to location 999
2022-06-26 13:47:29,320 [DEBUG] case 2 Agent entity arrived to locaionAT_OP movement task completed
2022-06-26 13:47:29,320 [DEBUG] entity: Agent changed state to AT_OP arrived to location 999
2022-06-26 13:47:29,320 [DEBUG] case 2 Agent entity arrived to locaionAT_OP movement task completed
2022-06-26 13:47:29,320 [DEBUG] entity: Agent changed state to AT_OP arrived to location 999
2022-06-26 13:47:29,321 [DEBUG] case 2 Agent entity arrived to locaionAT_OP movement task completed
2022-06-26 13:47:29,321 [DEBUG] entity: Agent changed state to AT_OP arrived to location 999
2022-06-26 13:47:29,321 [DEBUG] case 2 Agent entity arrived to locaionAT_OP movement task completed
2022-06-26 13:47:29,321 [DEBUG] entity: Agent changed state to AT_OP arrived to location 999
2022-06-26 13:47:29,321 [DEBUG] case 3 need to move position (from op to op position) Agent
2022-06-26 13:47:29,322 [DEBUG] move entity: Agent to MOVE_TO_OP to location 999
