2022-07-13 10:38:18,568 [INFO] Initializing RFSM 
2022-07-13 10:38:18,745 [DEBUG] Communicator is initialized
2022-07-13 10:38:18,746 [DEBUG] running in vrf mode
2022-07-13 10:38:18,746 [DEBUG] RFSMManager is initialized
2022-07-13 10:38:18,746 [INFO] RFSM initialized
2022-07-13 10:38:18,746 [DEBUG] SpawnManager_Nadav is initialized
2022-07-13 10:38:20,746 [DEBUG] Get Forces local 
2022-07-13 10:38:29,152 [DEBUG] case 4 need to change face to North Agent
2022-07-13 10:38:29,252 [DEBUG] case 3 need to move position (from op to op position) Agent
2022-07-13 10:38:29,253 [DEBUG] move entity: Agent to MOVE_TO_OP to location -1
2022-07-13 10:38:29,656 [DEBUG] case 4 need to change face to East Green
2022-07-13 10:38:29,757 [DEBUG] case 3 need to move position (from op to op position) Green
2022-07-13 10:38:29,758 [DEBUG] move entity: Green to MOVE_TO_OP to location -1
2022-07-13 10:38:31,281 [DEBUG] case 2 Agent entity arrived to locaionAT_OP movement task completed
2022-07-13 10:38:31,281 [DEBUG] entity: Agent changed state to AT_OP arrived to location -1
2022-07-13 10:38:31,382 [DEBUG] case 4 need to change face to North Agent
2022-07-13 10:38:31,482 [DEBUG] case 3 need to move position (from op to op position) Agent
2022-07-13 10:38:31,483 [DEBUG] move entity: Agent to MOVE_TO_OP to location -1
2022-07-13 10:38:32,087 [DEBUG] case 2 Green entity arrived to locaionAT_OP movement task completed
2022-07-13 10:38:32,088 [DEBUG] entity: Green changed state to AT_OP arrived to location -1
2022-07-13 10:38:32,189 [DEBUG] case 4 need to change face to South Green
2022-07-13 10:38:32,290 [DEBUG] case 3 need to move position (from op to op position) Green
2022-07-13 10:38:32,291 [DEBUG] move entity: Green to MOVE_TO_OP to location -1
2022-07-13 10:38:33,398 [DEBUG] case 2 Agent entity arrived to locaionAT_OP movement task completed
2022-07-13 10:38:33,398 [DEBUG] entity: Agent changed state to AT_OP arrived to location -1
2022-07-13 10:38:33,500 [DEBUG] case 4 need to change face to North Agent
2022-07-13 10:38:33,601 [DEBUG] case 3 need to move position (from op to op position) Agent
2022-07-13 10:38:33,602 [DEBUG] move entity: Agent to MOVE_TO_OP to location -1
2022-07-13 10:38:34,248 [DEBUG] case 2 Green entity arrived to locaionAT_OP movement task completed
2022-07-13 10:38:34,248 [DEBUG] entity: Green changed state to AT_OP arrived to location -1
2022-07-13 10:38:34,349 [DEBUG] case 4 need to change face to North Green
2022-07-13 10:38:34,450 [DEBUG] case 3 need to move position (from op to op position) Green
2022-07-13 10:38:34,451 [DEBUG] move entity: Green to MOVE_TO_OP to location -1
2022-07-13 10:38:35,357 [DEBUG] case 2 Agent entity arrived to locaionAT_OP movement task completed
2022-07-13 10:38:35,357 [DEBUG] entity: Agent changed state to AT_OP arrived to location -1
2022-07-13 10:38:35,459 [DEBUG] case 4 need to change face to North Agent
2022-07-13 10:38:35,561 [DEBUG] case 3 need to move position (from op to op position) Agent
2022-07-13 10:38:35,562 [DEBUG] move entity: Agent to MOVE_TO_OP to location -1
2022-07-13 10:38:37,159 [DEBUG] SpawnManager_Nadav is initialized
2022-07-13 10:38:39,162 [DEBUG] Get Forces local 
