2022-06-27 11:32:38,184 [INFO] Initializing RFSM 
2022-06-27 11:32:38,381 [DEBUG] Communicator is initialized
2022-06-27 11:32:38,381 [DEBUG] running in vrf mode
2022-06-27 11:32:38,381 [DEBUG] RFSMManager is initialized
2022-06-27 11:32:38,381 [INFO] RFSM initialized
2022-06-27 11:32:38,381 [DEBUG] SpawnManager_Nadav is initialized
2022-06-27 11:32:40,382 [DEBUG] Get Forces local 
2022-06-27 11:32:42,720 [DEBUG] case 4 need to change face to South Agent
2022-06-27 11:32:43,721 [DEBUG] case 3 need to move position (from op to op position) Agent
2022-06-27 11:32:43,722 [DEBUG] move entity: Agent to MOVE_TO_OP to location -1
2022-06-27 11:32:44,722 [DEBUG] case 2 Agent entity arrived to locaionAT_OP movement task completed
2022-06-27 11:32:44,722 [DEBUG] entity: Agent changed state to AT_OP arrived to location -1
2022-06-27 11:32:45,723 [DEBUG] case 4 need to change face to South Agent
2022-06-27 11:32:46,724 [DEBUG] case 3 need to move position (from op to op position) Agent
2022-06-27 11:32:46,725 [DEBUG] move entity: Agent to MOVE_TO_OP to location -1
2022-06-27 11:32:47,726 [DEBUG] case 2 Agent entity arrived to locaionAT_OP movement task completed
2022-06-27 11:32:47,726 [DEBUG] entity: Agent changed state to AT_OP arrived to location -1
2022-06-27 11:32:48,728 [DEBUG] case 4 need to change face to South Agent
2022-06-27 11:32:49,729 [DEBUG] case 3 need to move position (from op to op position) Agent
2022-06-27 11:32:49,730 [DEBUG] move entity: Agent to MOVE_TO_OP to location -1
2022-06-27 11:32:50,730 [DEBUG] case 2 Agent entity arrived to locaionAT_OP movement task completed
2022-06-27 11:32:50,731 [DEBUG] entity: Agent changed state to AT_OP arrived to location -1
2022-06-27 11:32:51,732 [DEBUG] case 4 need to change face to South Agent
2022-06-27 11:32:52,733 [DEBUG] case 3 need to move position (from op to op position) Agent
2022-06-27 11:32:52,733 [DEBUG] move entity: Agent to MOVE_TO_OP to location -1
2022-06-27 11:32:53,735 [DEBUG] case 2 Agent entity arrived to locaionAT_OP movement task completed
2022-06-27 11:32:53,735 [DEBUG] entity: Agent changed state to AT_OP arrived to location -1
2022-06-27 11:32:54,737 [DEBUG] case 4 need to change face to South Agent
2022-06-27 11:32:55,739 [DEBUG] case 3 need to move position (from op to op position) Agent
2022-06-27 11:32:55,740 [DEBUG] move entity: Agent to MOVE_TO_OP to location -1
2022-06-27 11:32:56,740 [DEBUG] case 2 Agent entity arrived to locaionAT_OP movement task completed
2022-06-27 11:32:56,740 [DEBUG] entity: Agent changed state to AT_OP arrived to location -1
2022-06-27 11:32:57,742 [DEBUG] case 4 need to change face to South Agent
