2022-06-27 13:57:55,880 [INFO] Initializing RFSM 
2022-06-27 13:57:56,061 [DEBUG] Communicator is initialized
2022-06-27 13:57:56,061 [DEBUG] running in vrf mode
2022-06-27 13:57:56,061 [DEBUG] RFSMManager is initialized
2022-06-27 13:57:56,061 [INFO] RFSM initialized
2022-06-27 13:57:56,062 [DEBUG] SpawnManager_Nadav is initialized
2022-06-27 13:57:58,063 [DEBUG] Get Forces local 
2022-06-27 13:58:00,616 [DEBUG] case 4 need to change face to West Agent
2022-06-27 13:58:01,617 [DEBUG] case 3 need to move position (from op to op position) Agent
2022-06-27 13:58:01,618 [DEBUG] move entity: Agent to MOVE_TO_OP to location -1
2022-06-27 13:58:02,618 [DEBUG] case 2 Agent entity arrived to locaionAT_OP movement task completed
2022-06-27 13:58:02,618 [DEBUG] entity: Agent changed state to AT_OP arrived to location -1
2022-06-27 13:58:03,620 [DEBUG] case 4 need to change face to West Agent
2022-06-27 13:58:04,622 [DEBUG] case 3 need to move position (from op to op position) Agent
2022-06-27 13:58:04,623 [DEBUG] move entity: Agent to MOVE_TO_OP to location -1
2022-06-27 13:58:05,623 [DEBUG] case 2 Agent entity arrived to locaionAT_OP movement task completed
2022-06-27 13:58:05,623 [DEBUG] entity: Agent changed state to AT_OP arrived to location -1
2022-06-27 13:58:06,624 [DEBUG] case 4 need to change face to West Agent
2022-06-27 13:58:07,576 [DEBUG] SpawnManager_Nadav is initialized
2022-06-27 13:58:09,578 [DEBUG] Get Forces local 
