2022-06-27 13:18:51,222 [INFO] Initializing RFSM 
2022-06-27 13:18:51,401 [DEBUG] Communicator is initialized
2022-06-27 13:18:51,402 [DEBUG] running in vrf mode
2022-06-27 13:18:51,402 [DEBUG] RFSMManager is initialized
2022-06-27 13:18:51,402 [INFO] RFSM initialized
2022-06-27 13:18:51,402 [DEBUG] SpawnManager_Nadav is initialized
2022-06-27 13:18:53,403 [DEBUG] Get Forces local 
2022-06-27 13:18:58,507 [DEBUG] case 4 need to change face to South Agent
2022-06-27 13:18:58,507 [DEBUG] case 4 need to change face to North Green
2022-06-27 13:18:59,508 [DEBUG] case 3 need to move position (from op to op position) Agent
2022-06-27 13:18:59,509 [DEBUG] move entity: Agent to MOVE_TO_OP to location -1
2022-06-27 13:18:59,509 [DEBUG] case 3 need to move position (from op to op position) Green
2022-06-27 13:18:59,509 [DEBUG] move entity: Green to MOVE_TO_OP to location -1
2022-06-27 13:19:04,529 [DEBUG] case 2 Agent entity arrived to locaionAT_OP movement task completed
2022-06-27 13:19:04,529 [DEBUG] entity: Agent changed state to AT_OP arrived to location -1
2022-06-27 13:19:04,530 [DEBUG] case 2 Green entity arrived to locaionAT_OP movement task completed
2022-06-27 13:19:04,530 [DEBUG] entity: Green changed state to AT_OP arrived to location -1
2022-06-27 13:19:05,531 [DEBUG] case 4 need to change face to South Agent
2022-06-27 13:19:06,532 [DEBUG] case 3 need to move position (from op to op position) Agent
2022-06-27 13:19:06,533 [DEBUG] move entity: Agent to MOVE_TO_OP to location -1
2022-06-27 13:19:09,536 [DEBUG] case 4 need to change face to South Green
2022-06-27 13:19:10,538 [DEBUG] case 3 need to move position (from op to op position) Green
2022-06-27 13:19:10,539 [DEBUG] move entity: Green to MOVE_TO_OP to location -1
2022-06-27 13:19:11,541 [DEBUG] case 2 Agent entity arrived to locaionAT_OP movement task completed
2022-06-27 13:19:11,541 [DEBUG] entity: Agent changed state to AT_OP arrived to location -1
2022-06-27 13:19:13,561 [DEBUG] case 4 need to change face to South Agent
2022-06-27 13:19:14,561 [DEBUG] case 3 need to move position (from op to op position) Agent
2022-06-27 13:19:14,561 [DEBUG] move entity: Agent to MOVE_TO_OP to location -1
2022-06-27 13:19:15,563 [DEBUG] case 2 Green entity arrived to locaionAT_OP movement task completed
2022-06-27 13:19:15,563 [DEBUG] entity: Green changed state to AT_OP arrived to location -1
2022-06-27 13:19:19,567 [DEBUG] case 2 Agent entity arrived to locaionAT_OP movement task completed
2022-06-27 13:19:19,568 [DEBUG] entity: Agent changed state to AT_OP arrived to location -1
2022-06-27 13:19:48,592 [DEBUG] SpawnManager_Nadav is initialized
2022-06-27 13:19:50,593 [DEBUG] Get Forces local 
