2022-06-27 10:55:36,505 [INFO] Initializing RFSM 
2022-06-27 10:55:36,699 [DEBUG] Communicator is initialized
2022-06-27 10:55:36,699 [DEBUG] running in vrf mode
2022-06-27 10:55:36,699 [DEBUG] RFSMManager is initialized
2022-06-27 10:55:36,699 [INFO] RFSM initialized
2022-06-27 10:55:36,699 [DEBUG] SpawnManager_Nadav is initialized
2022-06-27 10:55:38,700 [DEBUG] Get Forces local 
2022-06-27 10:55:48,167 [DEBUG] case 4 need to change face to South Agent
2022-06-27 10:55:49,168 [DEBUG] case 3 need to move position (from op to op position) Agent
2022-06-27 10:55:49,169 [DEBUG] move entity: Agent to MOVE_TO_OP to location -1
2022-06-27 10:55:50,169 [DEBUG] case 2 Agent entity arrived to locaionAT_OP movement task completed
2022-06-27 10:55:50,169 [DEBUG] entity: Agent changed state to AT_OP arrived to location -1
2022-06-27 10:55:51,170 [DEBUG] case 4 need to change face to South Agent
2022-06-27 10:55:52,173 [DEBUG] case 3 need to move position (from op to op position) Agent
2022-06-27 10:55:52,173 [DEBUG] move entity: Agent to MOVE_TO_OP to location -1
2022-06-27 10:55:53,173 [DEBUG] case 2 Agent entity arrived to locaionAT_OP movement task completed
2022-06-27 10:55:53,173 [DEBUG] entity: Agent changed state to AT_OP arrived to location -1
2022-06-27 10:55:54,174 [DEBUG] case 4 need to change face to South Agent
2022-06-27 10:55:55,175 [DEBUG] case 3 need to move position (from op to op position) Agent
2022-06-27 10:55:55,176 [DEBUG] move entity: Agent to MOVE_TO_OP to location -1
2022-06-27 10:55:56,178 [DEBUG] case 2 Agent entity arrived to locaionAT_OP movement task completed
2022-06-27 10:55:56,178 [DEBUG] entity: Agent changed state to AT_OP arrived to location -1
2022-06-27 10:55:57,179 [DEBUG] case 4 need to change face to South Agent
2022-06-27 10:55:58,180 [DEBUG] case 3 need to move position (from op to op position) Agent
2022-06-27 10:55:58,181 [DEBUG] move entity: Agent to MOVE_TO_OP to location -1
2022-06-27 10:55:59,183 [DEBUG] case 2 Agent entity arrived to locaionAT_OP movement task completed
2022-06-27 10:55:59,183 [DEBUG] entity: Agent changed state to AT_OP arrived to location -1
2022-06-27 10:56:00,183 [DEBUG] case 4 need to change face to South Agent
2022-06-27 10:56:01,185 [DEBUG] case 3 need to move position (from op to op position) Agent
2022-06-27 10:56:01,186 [DEBUG] move entity: Agent to MOVE_TO_OP to location -1
2022-06-27 10:56:02,187 [DEBUG] case 2 Agent entity arrived to locaionAT_OP movement task completed
2022-06-27 10:56:02,188 [DEBUG] entity: Agent changed state to AT_OP arrived to location -1
2022-06-27 10:56:03,188 [DEBUG] case 4 need to change face to South Agent
2022-06-27 10:56:04,190 [DEBUG] case 3 need to move position (from op to op position) Agent
2022-06-27 10:56:04,191 [DEBUG] move entity: Agent to MOVE_TO_OP to location -1
2022-06-27 10:56:05,191 [DEBUG] case 2 Agent entity arrived to locaionAT_OP movement task completed
2022-06-27 10:56:05,192 [DEBUG] entity: Agent changed state to AT_OP arrived to location -1
2022-06-27 10:56:06,193 [DEBUG] case 4 need to change face to East Agent
2022-06-27 10:56:07,194 [DEBUG] case 3 need to move position (from op to op position) Agent
2022-06-27 10:56:07,195 [DEBUG] move entity: Agent to MOVE_TO_OP to location -1
2022-06-27 10:56:08,195 [DEBUG] case 2 Agent entity arrived to locaionAT_OP movement task completed
2022-06-27 10:56:08,196 [DEBUG] entity: Agent changed state to AT_OP arrived to location -1
2022-06-27 10:56:09,197 [DEBUG] case 4 need to change face to South Agent
2022-06-27 10:56:10,199 [DEBUG] case 3 need to move position (from op to op position) Agent
2022-06-27 10:56:10,200 [DEBUG] move entity: Agent to MOVE_TO_OP to location -1
2022-06-27 10:56:11,201 [DEBUG] case 2 Agent entity arrived to locaionAT_OP movement task completed
2022-06-27 10:56:11,202 [DEBUG] entity: Agent changed state to AT_OP arrived to location -1
2022-06-27 10:56:12,202 [DEBUG] case 4 need to change face to East Agent
2022-06-27 10:56:13,203 [DEBUG] case 3 need to move position (from op to op position) Agent
2022-06-27 10:56:13,204 [DEBUG] move entity: Agent to MOVE_TO_OP to location -1
