2022-06-27 11:18:13,290 [INFO] Initializing RFSM 
2022-06-27 11:18:13,466 [DEBUG] Communicator is initialized
2022-06-27 11:18:13,467 [DEBUG] running in vrf mode
2022-06-27 11:18:13,467 [DEBUG] RFSMManager is initialized
2022-06-27 11:18:13,467 [INFO] RFSM initialized
2022-06-27 11:18:13,747 [DEBUG] SpawnManager_Nadav is initialized
2022-06-27 11:18:15,750 [DEBUG] Get Forces local 
2022-06-27 11:18:21,836 [DEBUG] case 4 need to change face to North Agent
2022-06-27 11:18:22,836 [DEBUG] case 3 need to move position (from op to op position) Agent
2022-06-27 11:18:22,837 [DEBUG] move entity: Agent to MOVE_TO_OP to location -1
2022-06-27 11:18:23,837 [DEBUG] case 2 Agent entity arrived to locaionAT_OP movement task completed
2022-06-27 11:18:23,837 [DEBUG] entity: Agent changed state to AT_OP arrived to location -1
2022-06-27 11:18:24,838 [DEBUG] case 4 need to change face to North Agent
2022-06-27 11:18:25,840 [DEBUG] case 3 need to move position (from op to op position) Agent
2022-06-27 11:18:25,841 [DEBUG] move entity: Agent to MOVE_TO_OP to location -1
2022-06-27 11:18:26,842 [DEBUG] case 2 Agent entity arrived to locaionAT_OP movement task completed
2022-06-27 11:18:26,842 [DEBUG] entity: Agent changed state to AT_OP arrived to location -1
2022-06-27 11:18:27,843 [DEBUG] case 4 need to change face to North Agent
2022-06-27 11:18:28,843 [DEBUG] case 3 need to move position (from op to op position) Agent
2022-06-27 11:18:28,844 [DEBUG] move entity: Agent to MOVE_TO_OP to location -1
2022-06-27 11:18:29,845 [DEBUG] case 2 Agent entity arrived to locaionAT_OP movement task completed
2022-06-27 11:18:29,846 [DEBUG] entity: Agent changed state to AT_OP arrived to location -1
2022-06-27 11:18:30,846 [DEBUG] case 4 need to change face to North Agent
2022-06-27 11:18:31,848 [DEBUG] case 3 need to move position (from op to op position) Agent
2022-06-27 11:18:31,849 [DEBUG] move entity: Agent to MOVE_TO_OP to location -1
2022-06-27 11:18:32,849 [DEBUG] case 2 Agent entity arrived to locaionAT_OP movement task completed
2022-06-27 11:18:32,850 [DEBUG] entity: Agent changed state to AT_OP arrived to location -1
2022-06-27 11:18:33,850 [DEBUG] case 4 need to change face to North Agent
2022-06-27 11:18:34,852 [DEBUG] case 3 need to move position (from op to op position) Agent
2022-06-27 11:18:34,853 [DEBUG] move entity: Agent to MOVE_TO_OP to location -1
2022-06-27 11:18:35,853 [DEBUG] case 2 Agent entity arrived to locaionAT_OP movement task completed
2022-06-27 11:18:35,854 [DEBUG] entity: Agent changed state to AT_OP arrived to location -1
2022-06-27 11:18:36,855 [DEBUG] case 4 need to change face to North Agent
2022-06-27 11:18:37,856 [DEBUG] case 3 need to move position (from op to op position) Agent
2022-06-27 11:18:37,857 [DEBUG] move entity: Agent to MOVE_TO_OP to location -1
2022-06-27 11:18:38,858 [DEBUG] case 2 Agent entity arrived to locaionAT_OP movement task completed
2022-06-27 11:18:38,859 [DEBUG] entity: Agent changed state to AT_OP arrived to location -1
2022-06-27 11:18:39,861 [DEBUG] case 4 need to change face to North Agent
2022-06-27 11:18:40,861 [DEBUG] case 3 need to move position (from op to op position) Agent
2022-06-27 11:18:40,862 [DEBUG] move entity: Agent to MOVE_TO_OP to location -1
2022-06-27 11:18:41,863 [DEBUG] case 2 Agent entity arrived to locaionAT_OP movement task completed
2022-06-27 11:18:41,864 [DEBUG] entity: Agent changed state to AT_OP arrived to location -1
2022-06-27 11:18:42,864 [DEBUG] case 4 need to change face to North Agent
2022-06-27 11:18:43,866 [DEBUG] case 3 need to move position (from op to op position) Agent
2022-06-27 11:18:43,867 [DEBUG] move entity: Agent to MOVE_TO_OP to location -1
2022-06-27 11:18:44,867 [DEBUG] case 2 Agent entity arrived to locaionAT_OP movement task completed
2022-06-27 11:18:44,868 [DEBUG] entity: Agent changed state to AT_OP arrived to location -1
2022-06-27 11:18:45,869 [DEBUG] case 4 need to change face to West Agent
2022-06-27 11:18:46,870 [DEBUG] case 3 need to move position (from op to op position) Agent
2022-06-27 11:18:46,871 [DEBUG] move entity: Agent to MOVE_TO_OP to location -1
2022-06-27 11:18:47,873 [DEBUG] case 2 Agent entity arrived to locaionAT_OP movement task completed
2022-06-27 11:18:47,873 [DEBUG] entity: Agent changed state to AT_OP arrived to location -1
2022-06-27 11:18:48,874 [DEBUG] case 4 need to change face to North Agent
2022-06-27 11:18:49,875 [DEBUG] case 3 need to move position (from op to op position) Agent
2022-06-27 11:18:49,876 [DEBUG] move entity: Agent to MOVE_TO_OP to location -1
2022-06-27 11:18:50,876 [DEBUG] case 2 Agent entity arrived to locaionAT_OP movement task completed
2022-06-27 11:18:50,876 [DEBUG] entity: Agent changed state to AT_OP arrived to location -1
2022-06-27 11:18:51,878 [DEBUG] case 4 need to change face to West Agent
2022-06-27 11:18:52,879 [DEBUG] case 3 need to move position (from op to op position) Agent
2022-06-27 11:18:52,880 [DEBUG] move entity: Agent to MOVE_TO_OP to location -1
2022-06-27 11:18:53,881 [DEBUG] case 2 Agent entity arrived to locaionAT_OP movement task completed
2022-06-27 11:18:53,882 [DEBUG] entity: Agent changed state to AT_OP arrived to location -1
