2022-06-27 13:43:45,722 [INFO] Initializing RFSM 
2022-06-27 13:43:45,904 [DEBUG] Communicator is initialized
2022-06-27 13:43:45,905 [DEBUG] running in vrf mode
2022-06-27 13:43:45,905 [DEBUG] RFSMManager is initialized
2022-06-27 13:43:45,905 [INFO] RFSM initialized
2022-06-27 13:43:45,905 [DEBUG] SpawnManager_Nadav is initialized
2022-06-27 13:43:47,906 [DEBUG] Get Forces local 
2022-06-27 13:43:49,276 [DEBUG] case 4 need to change face to South Agent
2022-06-27 13:43:49,277 [DEBUG] case 4 need to change face to East Green
2022-06-27 13:43:50,278 [DEBUG] case 3 need to move position (from op to op position) Agent
2022-06-27 13:43:50,279 [DEBUG] move entity: Agent to MOVE_TO_OP to location -1
2022-06-27 13:43:50,279 [DEBUG] case 3 need to move position (from op to op position) Green
2022-06-27 13:43:50,279 [DEBUG] move entity: Green to MOVE_TO_OP to location -1
2022-06-27 13:43:51,658 [DEBUG] case 2 Agent entity arrived to locaionAT_OP movement task completed
2022-06-27 13:43:51,658 [DEBUG] entity: Agent changed state to AT_OP arrived to location -1
2022-06-27 13:43:51,659 [DEBUG] case 2 Green entity arrived to locaionAT_OP movement task completed
2022-06-27 13:43:51,659 [DEBUG] entity: Green changed state to AT_OP arrived to location -1
2022-06-27 13:43:52,660 [DEBUG] case 4 need to change face to South Agent
2022-06-27 13:43:53,660 [DEBUG] case 3 need to move position (from op to op position) Agent
2022-06-27 13:43:53,660 [DEBUG] move entity: Agent to MOVE_TO_OP to location -1
2022-06-27 13:43:53,661 [DEBUG] case 4 need to change face to North Green
2022-06-27 13:43:54,661 [DEBUG] case 2 Agent entity arrived to locaionAT_OP movement task completed
2022-06-27 13:43:54,661 [DEBUG] entity: Agent changed state to AT_OP arrived to location -1
2022-06-27 13:43:54,661 [DEBUG] case 3 need to move position (from op to op position) Green
2022-06-27 13:43:54,662 [DEBUG] move entity: Green to MOVE_TO_OP to location -1
2022-06-27 13:43:55,663 [DEBUG] case 4 need to change face to South Agent
2022-06-27 13:43:56,861 [DEBUG] case 4 need to change face to South Agent
2022-06-27 13:43:56,861 [DEBUG] case 2 Green entity arrived to locaionAT_OP movement task completed
2022-06-27 13:43:56,861 [DEBUG] entity: Green changed state to AT_OP arrived to location -1
2022-06-27 13:43:57,862 [DEBUG] case 3 need to move position (from op to op position) Agent
2022-06-27 13:43:57,862 [DEBUG] move entity: Agent to MOVE_TO_OP to location -1
2022-06-27 13:43:57,863 [DEBUG] case 4 need to change face to East Green
2022-06-27 13:43:58,863 [DEBUG] case 3 need to move position (from op to op position) Green
2022-06-27 13:43:58,864 [DEBUG] move entity: Green to MOVE_TO_OP to location -1
2022-06-27 13:43:59,865 [DEBUG] case 2 Agent entity arrived to locaionAT_OP movement task completed
2022-06-27 13:43:59,865 [DEBUG] entity: Agent changed state to AT_OP arrived to location -1
2022-06-27 13:43:59,866 [DEBUG] case 2 Green entity arrived to locaionAT_OP movement task completed
2022-06-27 13:43:59,866 [DEBUG] entity: Green changed state to AT_OP arrived to location -1
2022-06-27 13:44:00,933 [DEBUG] case 4 need to change face to South Agent
2022-06-27 13:44:00,934 [DEBUG] case 4 need to change face to East Green
2022-06-27 13:44:01,935 [DEBUG] case 3 need to move position (from op to op position) Agent
2022-06-27 13:44:01,935 [DEBUG] move entity: Agent to MOVE_TO_OP to location -1
2022-06-27 13:44:01,936 [DEBUG] case 3 need to move position (from op to op position) Green
2022-06-27 13:44:01,936 [DEBUG] move entity: Green to MOVE_TO_OP to location -1
2022-06-27 13:44:02,937 [DEBUG] case 2 Green entity arrived to locaionAT_OP movement task completed
2022-06-27 13:44:02,938 [DEBUG] entity: Green changed state to AT_OP arrived to location -1
2022-06-27 13:44:04,046 [DEBUG] case 2 Agent entity arrived to locaionAT_OP movement task completed
2022-06-27 13:44:04,046 [DEBUG] entity: Agent changed state to AT_OP arrived to location -1
2022-06-27 13:44:04,046 [DEBUG] case 4 need to change face to East Green
2022-06-27 13:44:05,048 [DEBUG] case 4 need to change face to South Agent
2022-06-27 13:44:05,048 [DEBUG] case 3 need to move position (from op to op position) Green
2022-06-27 13:44:05,049 [DEBUG] move entity: Green to MOVE_TO_OP to location -1
2022-06-27 13:44:06,269 [DEBUG] case 4 need to change face to East Agent
2022-06-27 13:44:06,269 [DEBUG] case 2 Green entity arrived to locaionAT_OP movement task completed
2022-06-27 13:44:06,269 [DEBUG] entity: Green changed state to AT_OP arrived to location -1
2022-06-27 13:44:07,270 [DEBUG] case 3 need to move position (from op to op position) Agent
2022-06-27 13:44:07,270 [DEBUG] move entity: Agent to MOVE_TO_OP to location -1
2022-06-27 13:44:07,271 [DEBUG] case 4 need to change face to West Green
2022-06-27 13:44:08,272 [DEBUG] case 2 Agent entity arrived to locaionAT_OP movement task completed
2022-06-27 13:44:08,272 [DEBUG] entity: Agent changed state to AT_OP arrived to location -1
2022-06-27 13:44:08,273 [DEBUG] case 3 need to move position (from op to op position) Green
2022-06-27 13:44:08,273 [DEBUG] move entity: Green to MOVE_TO_OP to location -1
2022-06-27 13:44:09,290 [DEBUG] case 4 need to change face to South Agent
2022-06-27 13:44:09,290 [DEBUG] case 2 Green entity arrived to locaionAT_OP movement task completed
2022-06-27 13:44:09,290 [DEBUG] entity: Green changed state to AT_OP arrived to location -1
2022-06-27 13:44:10,291 [DEBUG] case 3 need to move position (from op to op position) Agent
2022-06-27 13:44:10,291 [DEBUG] move entity: Agent to MOVE_TO_OP to location -1
2022-06-27 13:44:10,292 [DEBUG] case 4 need to change face to North Green
2022-06-27 13:44:11,293 [DEBUG] case 3 need to move position (from op to op position) Green
2022-06-27 13:44:11,294 [DEBUG] move entity: Green to MOVE_TO_OP to location -1
2022-06-27 13:44:12,311 [DEBUG] case 2 Agent entity arrived to locaionAT_OP movement task completed
2022-06-27 13:44:12,311 [DEBUG] entity: Agent changed state to AT_OP arrived to location -1
2022-06-27 13:44:13,313 [DEBUG] case 4 need to change face to West Agent
2022-06-27 13:44:14,335 [DEBUG] case 4 need to change face to North Agent
2022-06-27 13:44:14,335 [DEBUG] case 2 Green entity arrived to locaionAT_OP movement task completed
2022-06-27 13:44:14,335 [DEBUG] entity: Green changed state to AT_OP arrived to location -1
2022-06-27 13:44:15,337 [DEBUG] case 3 need to move position (from op to op position) Agent
2022-06-27 13:44:15,337 [DEBUG] move entity: Agent to MOVE_TO_OP to location -1
2022-06-27 13:44:15,337 [DEBUG] case 4 need to change face to West Green
2022-06-27 13:44:16,339 [DEBUG] case 3 need to move position (from op to op position) Green
2022-06-27 13:44:16,340 [DEBUG] move entity: Green to MOVE_TO_OP to location -1
2022-06-27 13:44:17,381 [DEBUG] case 2 Green entity arrived to locaionAT_OP movement task completed
2022-06-27 13:44:17,381 [DEBUG] entity: Green changed state to AT_OP arrived to location -1
2022-06-27 13:44:18,381 [DEBUG] case 4 need to change face to South Green
2022-06-27 13:44:19,382 [DEBUG] case 2 Agent entity arrived to locaionAT_OP movement task completed
2022-06-27 13:44:19,382 [DEBUG] entity: Agent changed state to AT_OP arrived to location -1
2022-06-27 13:44:19,383 [DEBUG] case 3 need to move position (from op to op position) Green
2022-06-27 13:44:19,383 [DEBUG] move entity: Green to MOVE_TO_OP to location -1
2022-06-27 13:44:20,452 [DEBUG] case 4 need to change face to West Agent
2022-06-27 13:44:21,454 [DEBUG] case 3 need to move position (from op to op position) Agent
2022-06-27 13:44:21,455 [DEBUG] move entity: Agent to MOVE_TO_OP to location -1
2022-06-27 13:44:21,455 [DEBUG] case 2 Green entity arrived to locaionAT_OP movement task completed
2022-06-27 13:44:21,455 [DEBUG] entity: Green changed state to AT_OP arrived to location -1
2022-06-27 13:44:22,455 [DEBUG] case 2 Agent entity arrived to locaionAT_OP movement task completed
2022-06-27 13:44:22,455 [DEBUG] entity: Agent changed state to AT_OP arrived to location -1
2022-06-27 13:44:22,455 [DEBUG] case 4 need to change face to South Green
2022-06-27 13:44:23,457 [DEBUG] case 4 need to change face to South Agent
2022-06-27 13:44:23,458 [DEBUG] case 3 need to move position (from op to op position) Green
2022-06-27 13:44:23,458 [DEBUG] move entity: Green to MOVE_TO_OP to location -1
2022-06-27 13:44:24,459 [DEBUG] case 3 need to move position (from op to op position) Agent
2022-06-27 13:44:24,459 [DEBUG] move entity: Agent to MOVE_TO_OP to location -1
2022-06-27 13:44:25,530 [DEBUG] case 2 Green entity arrived to locaionAT_OP movement task completed
2022-06-27 13:44:25,530 [DEBUG] entity: Green changed state to AT_OP arrived to location -1
2022-06-27 13:44:26,530 [DEBUG] case 2 Agent entity arrived to locaionAT_OP movement task completed
2022-06-27 13:44:26,530 [DEBUG] entity: Agent changed state to AT_OP arrived to location -1
2022-06-27 13:44:26,530 [DEBUG] case 4 need to change face to West Green
2022-06-27 13:44:27,531 [DEBUG] case 4 need to change face to South Agent
2022-06-27 13:44:27,531 [DEBUG] case 3 need to move position (from op to op position) Green
2022-06-27 13:44:27,532 [DEBUG] move entity: Green to MOVE_TO_OP to location -1
2022-06-27 13:44:28,587 [DEBUG] case 4 need to change face to West Agent
2022-06-27 13:44:28,587 [DEBUG] case 2 Green entity arrived to locaionAT_OP movement task completed
2022-06-27 13:44:28,587 [DEBUG] entity: Green changed state to AT_OP arrived to location -1
2022-06-27 13:44:29,587 [DEBUG] case 3 need to move position (from op to op position) Agent
2022-06-27 13:44:29,587 [DEBUG] move entity: Agent to MOVE_TO_OP to location -1
2022-06-27 13:44:29,588 [DEBUG] case 4 need to change face to South Green
2022-06-27 13:44:30,589 [DEBUG] case 2 Agent entity arrived to locaionAT_OP movement task completed
2022-06-27 13:44:30,589 [DEBUG] entity: Agent changed state to AT_OP arrived to location -1
2022-06-27 13:44:30,589 [DEBUG] case 3 need to move position (from op to op position) Green
2022-06-27 13:44:30,590 [DEBUG] move entity: Green to MOVE_TO_OP to location -1
2022-06-27 13:44:31,590 [DEBUG] case 4 need to change face to South Agent
2022-06-27 13:44:32,694 [DEBUG] case 4 need to change face to South Agent
2022-06-27 13:44:32,694 [DEBUG] case 2 Green entity arrived to locaionAT_OP movement task completed
2022-06-27 13:44:32,694 [DEBUG] entity: Green changed state to AT_OP arrived to location -1
2022-06-27 13:44:33,696 [DEBUG] case 3 need to move position (from op to op position) Agent
2022-06-27 13:44:33,697 [DEBUG] move entity: Agent to MOVE_TO_OP to location -1
2022-06-27 13:44:33,697 [DEBUG] case 4 need to change face to South Green
2022-06-27 13:44:34,698 [DEBUG] case 3 need to move position (from op to op position) Green
2022-06-27 13:44:34,699 [DEBUG] move entity: Green to MOVE_TO_OP to location -1
2022-06-27 13:44:35,699 [DEBUG] case 2 Agent entity arrived to locaionAT_OP movement task completed
2022-06-27 13:44:35,699 [DEBUG] entity: Agent changed state to AT_OP arrived to location -1
2022-06-27 13:44:36,798 [DEBUG] case 4 need to change face to South Agent
2022-06-27 13:44:36,798 [DEBUG] case 2 Green entity arrived to locaionAT_OP movement task completed
2022-06-27 13:44:36,798 [DEBUG] entity: Green changed state to AT_OP arrived to location -1
2022-06-27 13:44:37,798 [DEBUG] case 3 need to move position (from op to op position) Agent
2022-06-27 13:44:37,798 [DEBUG] move entity: Agent to MOVE_TO_OP to location -1
2022-06-27 13:44:37,799 [DEBUG] case 4 need to change face to West Green
2022-06-27 13:44:38,800 [DEBUG] case 3 need to move position (from op to op position) Green
2022-06-27 13:44:38,801 [DEBUG] move entity: Green to MOVE_TO_OP to location -1
2022-06-27 13:44:39,801 [DEBUG] case 2 Agent entity arrived to locaionAT_OP movement task completed
2022-06-27 13:44:39,801 [DEBUG] entity: Agent changed state to AT_OP arrived to location -1
2022-06-27 13:44:39,802 [DEBUG] case 2 Green entity arrived to locaionAT_OP movement task completed
2022-06-27 13:44:39,802 [DEBUG] entity: Green changed state to AT_OP arrived to location -1
2022-06-27 13:44:40,842 [DEBUG] case 4 need to change face to West Agent
2022-06-27 13:44:40,842 [DEBUG] case 4 need to change face to West Green
2022-06-27 13:44:41,843 [DEBUG] case 3 need to move position (from op to op position) Agent
2022-06-27 13:44:41,844 [DEBUG] move entity: Agent to MOVE_TO_OP to location -1
2022-06-27 13:44:41,844 [DEBUG] case 3 need to move position (from op to op position) Green
2022-06-27 13:44:41,844 [DEBUG] move entity: Green to MOVE_TO_OP to location -1
2022-06-27 13:44:42,845 [DEBUG] case 2 Agent entity arrived to locaionAT_OP movement task completed
2022-06-27 13:44:42,845 [DEBUG] entity: Agent changed state to AT_OP arrived to location -1
2022-06-27 13:44:42,846 [DEBUG] case 2 Green entity arrived to locaionAT_OP movement task completed
2022-06-27 13:44:42,846 [DEBUG] entity: Green changed state to AT_OP arrived to location -1
