2022-06-26 13:45:59,604 [INFO] Initializing RFSM 
2022-06-26 13:45:59,883 [DEBUG] Communicator is initialized
2022-06-26 13:45:59,884 [DEBUG] running in vrf mode
2022-06-26 13:45:59,884 [DEBUG] RFSMManager is initialized
2022-06-26 13:45:59,884 [INFO] RFSM initialized
2022-06-26 13:45:59,884 [DEBUG] SpawnManager_Nadav is initialized
2022-06-26 13:46:01,887 [DEBUG] Get Forces local 
2022-06-26 13:46:07,468 [DEBUG] case 3 need to move position (from op to op position) Agent
2022-06-26 13:46:07,469 [DEBUG] move entity: Agent to MOVE_TO_OP to location 999
2022-06-26 13:46:08,219 [DEBUG] case 3 need to move position (from op to op position) Agent
2022-06-26 13:46:08,220 [DEBUG] move entity: Agent to MOVE_TO_OP to location 999
2022-06-26 13:46:11,253 [DEBUG] case 3 need to move position (from op to op position) Agent
2022-06-26 13:46:11,254 [DEBUG] move entity: Agent to MOVE_TO_OP to location 999
2022-06-26 13:46:36,212 [DEBUG] case 3 need to move position (from op to op position) Agent
2022-06-26 13:46:36,213 [DEBUG] move entity: Agent to MOVE_TO_OP to location 999
2022-06-26 13:46:37,216 [DEBUG] case 2 Agent entity arrived to locaionAT_OP movement task completed
2022-06-26 13:46:37,216 [DEBUG] entity: Agent changed state to AT_OP arrived to location 999
2022-06-26 13:46:37,217 [DEBUG] case 2 Agent entity arrived to locaionAT_OP movement task completed
2022-06-26 13:46:37,217 [DEBUG] entity: Agent changed state to AT_OP arrived to location 999
2022-06-26 13:46:37,218 [DEBUG] case 2 Agent entity arrived to locaionAT_OP movement task completed
2022-06-26 13:46:37,218 [DEBUG] entity: Agent changed state to AT_OP arrived to location 999
2022-06-26 13:46:37,218 [DEBUG] case 2 Agent entity arrived to locaionAT_OP movement task completed
2022-06-26 13:46:37,218 [DEBUG] entity: Agent changed state to AT_OP arrived to location 999
