2022-06-27 14:01:59,593 [INFO] Initializing RFSM 
2022-06-27 14:01:59,770 [DEBUG] Communicator is initialized
2022-06-27 14:01:59,771 [DEBUG] running in vrf mode
2022-06-27 14:01:59,771 [DEBUG] RFSMManager is initialized
2022-06-27 14:01:59,771 [INFO] RFSM initialized
2022-06-27 14:01:59,771 [DEBUG] SpawnManager_Nadav is initialized
2022-06-27 14:02:01,772 [DEBUG] Get Forces local 
2022-06-27 14:02:04,690 [DEBUG] case 4 need to change face to South Agent
2022-06-27 14:02:05,691 [DEBUG] case 3 need to move position (from op to op position) Agent
2022-06-27 14:02:05,692 [DEBUG] move entity: Agent to MOVE_TO_OP to location -1
2022-06-27 14:02:06,692 [DEBUG] case 2 Agent entity arrived to locaionAT_OP movement task completed
2022-06-27 14:02:06,692 [DEBUG] entity: Agent changed state to AT_OP arrived to location -1
2022-06-27 14:02:07,693 [DEBUG] case 4 need to change face to South Agent
2022-06-27 14:02:08,695 [DEBUG] case 3 need to move position (from op to op position) Agent
2022-06-27 14:02:08,695 [DEBUG] move entity: Agent to MOVE_TO_OP to location -1
2022-06-27 14:02:09,697 [DEBUG] case 2 Agent entity arrived to locaionAT_OP movement task completed
2022-06-27 14:02:09,697 [DEBUG] entity: Agent changed state to AT_OP arrived to location -1
2022-06-27 14:02:10,699 [DEBUG] case 4 need to change face to South Agent
2022-06-27 14:02:11,699 [DEBUG] case 3 need to move position (from op to op position) Agent
2022-06-27 14:02:11,700 [DEBUG] move entity: Agent to MOVE_TO_OP to location -1
2022-06-27 14:02:12,700 [DEBUG] case 2 Agent entity arrived to locaionAT_OP movement task completed
2022-06-27 14:02:12,701 [DEBUG] entity: Agent changed state to AT_OP arrived to location -1
2022-06-27 14:02:13,701 [DEBUG] case 4 need to change face to South Agent
2022-06-27 14:02:14,702 [DEBUG] case 3 need to move position (from op to op position) Agent
2022-06-27 14:02:14,703 [DEBUG] move entity: Agent to MOVE_TO_OP to location -1
2022-06-27 14:02:15,705 [DEBUG] case 2 Agent entity arrived to locaionAT_OP movement task completed
2022-06-27 14:02:15,705 [DEBUG] entity: Agent changed state to AT_OP arrived to location -1
