2022-06-26 14:45:55,673 [INFO] Initializing RFSM 
2022-06-26 14:45:55,847 [DEBUG] Communicator is initialized
2022-06-26 14:45:55,847 [DEBUG] running in vrf mode
2022-06-26 14:45:55,847 [DEBUG] RFSMManager is initialized
2022-06-26 14:45:55,848 [INFO] RFSM initialized
2022-06-26 14:45:55,848 [DEBUG] SpawnManager_Nadav is initialized
2022-06-26 14:45:57,849 [DEBUG] Get Forces local 
2022-06-26 14:46:03,712 [DEBUG] case 3 need to move position (from op to op position) Agent
2022-06-26 14:46:03,712 [DEBUG] move entity: Agent to MOVE_TO_OP to location 999
2022-06-26 14:46:13,731 [DEBUG] case 2 Agent entity arrived to locaionAT_OP movement task completed
2022-06-26 14:46:13,732 [DEBUG] entity: Agent changed state to AT_OP arrived to location 999
2022-06-26 14:46:13,732 [DEBUG] case 2 Agent entity arrived to locaionAT_OP movement task completed
2022-06-26 14:46:13,733 [DEBUG] entity: Agent changed state to AT_OP arrived to location -1
2022-06-26 14:46:13,733 [DEBUG] case 2 Agent entity arrived to locaionAT_OP movement task completed
2022-06-26 14:46:13,733 [DEBUG] entity: Agent changed state to AT_OP arrived to location -1
2022-06-26 14:46:13,733 [DEBUG] case 2 Agent entity arrived to locaionAT_OP movement task completed
2022-06-26 14:46:13,733 [DEBUG] entity: Agent changed state to AT_OP arrived to location -1
2022-06-26 14:46:13,734 [DEBUG] case 2 Agent entity arrived to locaionAT_OP movement task completed
2022-06-26 14:46:13,734 [DEBUG] entity: Agent changed state to AT_OP arrived to location -1
2022-06-26 14:46:13,734 [DEBUG] case 2 Agent entity arrived to locaionAT_OP movement task completed
2022-06-26 14:46:13,734 [DEBUG] entity: Agent changed state to AT_OP arrived to location -1
2022-06-26 14:46:13,734 [DEBUG] case 2 Agent entity arrived to locaionAT_OP movement task completed
2022-06-26 14:46:13,734 [DEBUG] entity: Agent changed state to AT_OP arrived to location -1
2022-06-26 14:46:13,735 [DEBUG] case 2 Agent entity arrived to locaionAT_OP movement task completed
2022-06-26 14:46:13,735 [DEBUG] entity: Agent changed state to AT_OP arrived to location -1
2022-06-26 14:46:13,735 [DEBUG] case 2 Agent entity arrived to locaionAT_OP movement task completed
2022-06-26 14:46:13,735 [DEBUG] entity: Agent changed state to AT_OP arrived to location -1
2022-06-26 14:46:13,735 [DEBUG] case 2 Agent entity arrived to locaionAT_OP movement task completed
2022-06-26 14:46:13,735 [DEBUG] entity: Agent changed state to AT_OP arrived to location -1
2022-06-26 14:46:13,736 [DEBUG] case 2 Agent entity arrived to locaionAT_OP movement task completed
2022-06-26 14:46:13,736 [DEBUG] entity: Agent changed state to AT_OP arrived to location -1
2022-06-26 14:46:53,688 [DEBUG] SpawnManager_Nadav is initialized
2022-06-26 14:46:55,690 [DEBUG] Get Forces local 
