2022-06-22 10:01:28,688 [INFO] Initializing RFSM 
2022-06-22 10:01:28,864 [DEBUG] Communicator is initialized
2022-06-22 10:01:28,864 [DEBUG] running in vrf mode
2022-06-22 10:01:28,864 [DEBUG] RFSMManager is initialized
2022-06-22 10:01:28,864 [INFO] RFSM initialized
2022-06-22 10:01:28,864 [DEBUG] SpawnManager is initialized
2022-06-22 10:01:28,864 [DEBUG] area compound AD area of interest Y
2022-06-22 10:01:28,864 [DEBUG] create 6 red forces and 0 civilians in area A
2022-06-22 10:01:28,865 [DEBUG] create 6 red forces and 0 civilians in area D
2022-06-22 10:01:28,865 [DEBUG] create 1 long anti tank and 1 civilians in area Y
2022-06-22 10:01:28,865 [DEBUG] start create entity
2022-06-22 10:01:28,866 [DEBUG] start create civilians
2022-06-22 10:01:43,874 [DEBUG] Create Entities
2022-06-22 10:01:43,875 [DEBUG] Send compound
2022-06-22 10:01:43,875 [DEBUG] Get Forces local 
2022-06-22 10:03:37,457 [DEBUG] change op location -> time_difference = 34.115421772003174 rand_time = 31.450509268508917 timeop_min = 30.0 timeop_max = 40.0
2022-06-22 10:03:37,460 [DEBUG] current position 249 move to state type Civil entity type name CIVILIA13
2022-06-22 10:03:37,460 [DEBUG] Position found 267
2022-06-22 10:03:37,461 [DEBUG] case 5 time passed and need to move position (from op to op position) CIVILIA13
2022-06-22 10:03:37,461 [DEBUG] move entity: CIVILIA13 to MOVE_TO_OP to location 267
2022-06-22 10:04:23,616 [DEBUG] case 2 CIVILIA13 entity arrived to locaionAT_OP movement task completed
2022-06-22 10:04:23,616 [DEBUG] entity: CIVILIA13 changed state to AT_OP arrived to location 267
2022-06-22 10:04:55,728 [DEBUG] change op location -> time_difference = 32.11063623428345 rand_time = 31.205137032747846 timeop_min = 30.0 timeop_max = 40.0
2022-06-22 10:04:55,731 [DEBUG] current position 267 move to state type Civil entity type name CIVILIA13
2022-06-22 10:04:55,731 [DEBUG] Position found 262
2022-06-22 10:04:55,731 [DEBUG] case 5 time passed and need to move position (from op to op position) CIVILIA13
2022-06-22 10:04:55,732 [DEBUG] move entity: CIVILIA13 to MOVE_TO_OP to location 262
2022-06-22 10:05:13,792 [DEBUG] case 2 CIVILIA13 entity arrived to locaionAT_OP movement task completed
2022-06-22 10:05:13,792 [DEBUG] entity: CIVILIA13 changed state to AT_OP arrived to location 262
2022-06-22 10:05:48,915 [DEBUG] change op location -> time_difference = 35.12294411659241 rand_time = 31.761139503395054 timeop_min = 30.0 timeop_max = 40.0
2022-06-22 10:05:48,918 [DEBUG] current position 262 move to state type Civil entity type name CIVILIA13
2022-06-22 10:05:48,918 [DEBUG] Position found 272
2022-06-22 10:05:48,918 [DEBUG] case 5 time passed and need to move position (from op to op position) CIVILIA13
2022-06-22 10:05:48,919 [DEBUG] move entity: CIVILIA13 to MOVE_TO_OP to location 272
2022-06-22 10:06:35,077 [DEBUG] case 2 CIVILIA13 entity arrived to locaionAT_OP movement task completed
2022-06-22 10:06:35,077 [DEBUG] entity: CIVILIA13 changed state to AT_OP arrived to location 272
2022-06-22 10:07:08,194 [DEBUG] change op location -> time_difference = 33.11733031272888 rand_time = 30.724595378754056 timeop_min = 30.0 timeop_max = 40.0
2022-06-22 10:07:08,196 [DEBUG] current position 272 move to state type Civil entity type name CIVILIA13
2022-06-22 10:07:08,197 [DEBUG] Position found 274
2022-06-22 10:07:08,197 [DEBUG] case 5 time passed and need to move position (from op to op position) CIVILIA13
2022-06-22 10:07:08,198 [DEBUG] move entity: CIVILIA13 to MOVE_TO_OP to location 274
2022-06-22 10:07:35,291 [DEBUG] case 2 CIVILIA13 entity arrived to locaionAT_OP movement task completed
2022-06-22 10:07:35,291 [DEBUG] entity: CIVILIA13 changed state to AT_OP arrived to location 274
2022-06-22 10:08:06,402 [DEBUG] change op location -> time_difference = 31.111336708068848 rand_time = 30.29603756382655 timeop_min = 30.0 timeop_max = 40.0
2022-06-22 10:08:06,405 [DEBUG] current position 274 move to state type Civil entity type name CIVILIA13
2022-06-22 10:08:06,405 [DEBUG] Position found 267
2022-06-22 10:08:06,405 [DEBUG] case 5 time passed and need to move position (from op to op position) CIVILIA13
2022-06-22 10:08:06,406 [DEBUG] move entity: CIVILIA13 to MOVE_TO_OP to location 267
2022-06-22 10:09:36,713 [DEBUG] case 2 CIVILIA13 entity arrived to locaionAT_OP movement task completed
2022-06-22 10:09:36,713 [DEBUG] entity: CIVILIA13 changed state to AT_OP arrived to location 267
2022-06-22 10:10:09,832 [DEBUG] change op location -> time_difference = 33.11860990524292 rand_time = 32.07438778056534 timeop_min = 30.0 timeop_max = 40.0
2022-06-22 10:10:09,835 [DEBUG] current position 267 move to state type Civil entity type name CIVILIA13
2022-06-22 10:10:09,836 [DEBUG] Position found 263
2022-06-22 10:10:09,836 [DEBUG] case 5 time passed and need to move position (from op to op position) CIVILIA13
2022-06-22 10:10:09,836 [DEBUG] move entity: CIVILIA13 to MOVE_TO_OP to location 263
2022-06-22 10:10:28,901 [DEBUG] case 2 CIVILIA13 entity arrived to locaionAT_OP movement task completed
2022-06-22 10:10:28,901 [DEBUG] entity: CIVILIA13 changed state to AT_OP arrived to location 263
2022-06-22 10:11:02,018 [DEBUG] change op location -> time_difference = 33.117162227630615 rand_time = 30.934383534279437 timeop_min = 30.0 timeop_max = 40.0
2022-06-22 10:11:02,021 [DEBUG] current position 263 move to state type Civil entity type name CIVILIA13
2022-06-22 10:11:02,021 [DEBUG] Position found 273
2022-06-22 10:11:02,022 [DEBUG] case 5 time passed and need to move position (from op to op position) CIVILIA13
2022-06-22 10:11:02,022 [DEBUG] move entity: CIVILIA13 to MOVE_TO_OP to location 273
