2022-06-27 10:41:41,299 [INFO] Initializing RFSM 
2022-06-27 10:41:41,475 [DEBUG] Communicator is initialized
2022-06-27 10:41:41,475 [DEBUG] running in vrf mode
2022-06-27 10:41:41,475 [DEBUG] RFSMManager is initialized
2022-06-27 10:41:41,475 [INFO] RFSM initialized
2022-06-27 10:41:41,476 [DEBUG] SpawnManager_Nadav is initialized
2022-06-27 10:41:43,477 [DEBUG] Get Forces local 
2022-06-27 10:41:47,889 [DEBUG] case 4 need to change face to North Agent
2022-06-27 10:41:48,890 [DEBUG] case 3 need to move position (from op to op position) Agent
2022-06-27 10:41:48,891 [DEBUG] move entity: Agent to MOVE_TO_OP to location -1
2022-06-27 10:41:53,896 [DEBUG] case 2 Agent entity arrived to locaionAT_OP movement task completed
2022-06-27 10:41:53,896 [DEBUG] entity: Agent changed state to AT_OP arrived to location -1
2022-06-27 10:41:54,896 [DEBUG] case 4 need to change face to West Agent
2022-06-27 10:41:55,897 [DEBUG] case 3 need to move position (from op to op position) Agent
2022-06-27 10:41:55,898 [DEBUG] move entity: Agent to MOVE_TO_OP to location -1
2022-06-27 10:41:59,902 [DEBUG] case 2 Agent entity arrived to locaionAT_OP movement task completed
2022-06-27 10:41:59,903 [DEBUG] entity: Agent changed state to AT_OP arrived to location -1
2022-06-27 10:42:00,904 [DEBUG] case 4 need to change face to North Agent
2022-06-27 10:42:01,906 [DEBUG] case 3 need to move position (from op to op position) Agent
2022-06-27 10:42:01,907 [DEBUG] move entity: Agent to MOVE_TO_OP to location -1
2022-06-27 10:42:06,910 [DEBUG] case 2 Agent entity arrived to locaionAT_OP movement task completed
2022-06-27 10:42:06,911 [DEBUG] entity: Agent changed state to AT_OP arrived to location -1
2022-06-27 10:42:07,911 [DEBUG] case 4 need to change face to West Agent
2022-06-27 10:42:08,913 [DEBUG] case 3 need to move position (from op to op position) Agent
2022-06-27 10:42:08,914 [DEBUG] move entity: Agent to MOVE_TO_OP to location -1
2022-06-27 10:42:12,918 [DEBUG] case 2 Agent entity arrived to locaionAT_OP movement task completed
2022-06-27 10:42:12,919 [DEBUG] entity: Agent changed state to AT_OP arrived to location -1
2022-06-27 10:42:13,920 [DEBUG] case 4 need to change face to North Agent
2022-06-27 10:42:14,922 [DEBUG] case 3 need to move position (from op to op position) Agent
2022-06-27 10:42:14,923 [DEBUG] move entity: Agent to MOVE_TO_OP to location -1
2022-06-27 10:42:19,926 [DEBUG] case 2 Agent entity arrived to locaionAT_OP movement task completed
2022-06-27 10:42:19,927 [DEBUG] entity: Agent changed state to AT_OP arrived to location -1
2022-06-27 10:42:20,928 [DEBUG] case 4 need to change face to West Agent
2022-06-27 10:42:21,930 [DEBUG] case 3 need to move position (from op to op position) Agent
2022-06-27 10:42:21,931 [DEBUG] move entity: Agent to MOVE_TO_OP to location -1
2022-06-27 10:42:25,935 [DEBUG] case 2 Agent entity arrived to locaionAT_OP movement task completed
2022-06-27 10:42:25,936 [DEBUG] entity: Agent changed state to AT_OP arrived to location -1
2022-06-27 10:42:26,936 [DEBUG] case 4 need to change face to North Agent
2022-06-27 10:42:27,937 [DEBUG] case 3 need to move position (from op to op position) Agent
2022-06-27 10:42:27,938 [DEBUG] move entity: Agent to MOVE_TO_OP to location -1
2022-06-27 10:42:32,944 [DEBUG] case 2 Agent entity arrived to locaionAT_OP movement task completed
2022-06-27 10:42:32,945 [DEBUG] entity: Agent changed state to AT_OP arrived to location -1
2022-06-27 10:42:33,945 [DEBUG] case 4 need to change face to West Agent
2022-06-27 10:42:34,947 [DEBUG] case 3 need to move position (from op to op position) Agent
2022-06-27 10:42:34,948 [DEBUG] move entity: Agent to MOVE_TO_OP to location -1
2022-06-27 10:42:38,950 [DEBUG] case 2 Agent entity arrived to locaionAT_OP movement task completed
2022-06-27 10:42:38,951 [DEBUG] entity: Agent changed state to AT_OP arrived to location -1
2022-06-27 10:44:24,435 [DEBUG] SpawnManager_Nadav is initialized
