2022-06-27 14:34:52,108 [INFO] Initializing RFSM 
2022-06-27 14:34:52,284 [DEBUG] Communicator is initialized
2022-06-27 14:34:52,284 [DEBUG] running in vrf mode
2022-06-27 14:34:52,284 [DEBUG] RFSMManager is initialized
2022-06-27 14:34:52,284 [INFO] RFSM initialized
2022-06-27 14:34:52,285 [DEBUG] SpawnManager_Nadav is initialized
2022-06-27 14:34:54,285 [DEBUG] Get Forces local 
2022-06-27 14:39:19,857 [DEBUG] case 4 need to change face to East Agent
2022-06-27 14:39:20,857 [DEBUG] case 3 need to move position (from op to op position) Agent
2022-06-27 14:39:20,858 [DEBUG] move entity: Agent to MOVE_TO_OP to location -1
2022-06-27 14:39:21,858 [DEBUG] case 2 Agent entity arrived to locaionAT_OP movement task completed
2022-06-27 14:39:21,858 [DEBUG] entity: Agent changed state to AT_OP arrived to location -1
2022-06-27 14:39:22,859 [DEBUG] case 4 need to change face to East Agent
2022-06-27 14:39:22,859 [DEBUG] case 4 need to change face to South Green
2022-06-27 14:39:23,860 [DEBUG] case 3 need to move position (from op to op position) Agent
2022-06-27 14:39:23,860 [DEBUG] move entity: Agent to MOVE_TO_OP to location -1
2022-06-27 14:39:23,861 [DEBUG] case 3 need to move position (from op to op position) Green
2022-06-27 14:39:23,861 [DEBUG] move entity: Green to MOVE_TO_OP to location -1
2022-06-27 14:39:25,918 [DEBUG] case 2 Agent entity arrived to locaionAT_OP movement task completed
2022-06-27 14:39:25,918 [DEBUG] entity: Agent changed state to AT_OP arrived to location -1
2022-06-27 14:39:25,918 [DEBUG] case 2 Green entity arrived to locaionAT_OP movement task completed
2022-06-27 14:39:25,918 [DEBUG] entity: Green changed state to AT_OP arrived to location -1
2022-06-27 14:39:26,919 [DEBUG] case 4 need to change face to South Agent
2022-06-27 14:39:27,920 [DEBUG] case 3 need to move position (from op to op position) Agent
2022-06-27 14:39:27,921 [DEBUG] move entity: Agent to MOVE_TO_OP to location -1
2022-06-27 14:39:28,921 [DEBUG] case 2 Agent entity arrived to locaionAT_OP movement task completed
2022-06-27 14:39:28,921 [DEBUG] entity: Agent changed state to AT_OP arrived to location -1
2022-06-27 14:39:29,922 [DEBUG] case 4 need to change face to South Agent
2022-06-27 14:39:30,923 [DEBUG] case 3 need to move position (from op to op position) Agent
2022-06-27 14:39:30,924 [DEBUG] move entity: Agent to MOVE_TO_OP to location -1
2022-06-27 14:39:31,924 [DEBUG] case 2 Agent entity arrived to locaionAT_OP movement task completed
2022-06-27 14:39:31,924 [DEBUG] entity: Agent changed state to AT_OP arrived to location -1
2022-06-27 14:39:32,926 [DEBUG] case 4 need to change face to East Agent
2022-06-27 14:39:33,926 [DEBUG] case 3 need to move position (from op to op position) Agent
2022-06-27 14:39:33,927 [DEBUG] move entity: Agent to MOVE_TO_OP to location -1
2022-06-27 14:39:34,928 [DEBUG] case 2 Agent entity arrived to locaionAT_OP movement task completed
2022-06-27 14:39:34,929 [DEBUG] entity: Agent changed state to AT_OP arrived to location -1
2022-06-27 14:39:35,929 [DEBUG] case 4 need to change face to South Agent
2022-06-27 14:39:35,930 [DEBUG] case 4 need to change face to West Green
2022-06-27 14:39:36,932 [DEBUG] case 3 need to move position (from op to op position) Agent
2022-06-27 14:39:36,932 [DEBUG] move entity: Agent to MOVE_TO_OP to location -1
2022-06-27 14:39:36,932 [DEBUG] case 3 need to move position (from op to op position) Green
2022-06-27 14:39:36,933 [DEBUG] move entity: Green to MOVE_TO_OP to location -1
2022-06-27 14:39:38,655 [DEBUG] case 2 Agent entity arrived to locaionAT_OP movement task completed
2022-06-27 14:39:38,655 [DEBUG] entity: Agent changed state to AT_OP arrived to location -1
2022-06-27 14:39:38,656 [DEBUG] case 2 Green entity arrived to locaionAT_OP movement task completed
2022-06-27 14:39:38,656 [DEBUG] entity: Green changed state to AT_OP arrived to location -1
2022-06-27 14:39:39,656 [DEBUG] case 4 need to change face to South Agent
2022-06-27 14:39:40,657 [DEBUG] case 3 need to move position (from op to op position) Agent
2022-06-27 14:39:40,658 [DEBUG] move entity: Agent to MOVE_TO_OP to location -1
2022-06-27 14:39:41,658 [DEBUG] case 2 Agent entity arrived to locaionAT_OP movement task completed
2022-06-27 14:39:41,658 [DEBUG] entity: Agent changed state to AT_OP arrived to location -1
2022-06-27 14:39:42,660 [DEBUG] case 4 need to change face to East Agent
2022-06-27 14:39:43,660 [DEBUG] case 3 need to move position (from op to op position) Agent
2022-06-27 14:39:43,661 [DEBUG] move entity: Agent to MOVE_TO_OP to location -1
2022-06-27 14:39:44,662 [DEBUG] case 2 Agent entity arrived to locaionAT_OP movement task completed
2022-06-27 14:39:44,662 [DEBUG] entity: Agent changed state to AT_OP arrived to location -1
2022-06-27 14:39:45,663 [DEBUG] case 4 need to change face to South Agent
2022-06-27 14:39:46,665 [DEBUG] case 3 need to move position (from op to op position) Agent
2022-06-27 14:39:46,666 [DEBUG] move entity: Agent to MOVE_TO_OP to location -1
2022-06-27 14:39:47,667 [DEBUG] case 2 Agent entity arrived to locaionAT_OP movement task completed
2022-06-27 14:39:47,667 [DEBUG] entity: Agent changed state to AT_OP arrived to location -1
2022-06-27 14:39:48,668 [DEBUG] case 4 need to change face to East Agent
2022-06-27 14:39:49,669 [DEBUG] case 3 need to move position (from op to op position) Agent
2022-06-27 14:39:49,670 [DEBUG] move entity: Agent to MOVE_TO_OP to location -1
2022-06-27 14:39:49,670 [DEBUG] case 4 need to change face to West Green
2022-06-27 14:39:50,670 [DEBUG] case 2 Agent entity arrived to locaionAT_OP movement task completed
2022-06-27 14:39:50,671 [DEBUG] entity: Agent changed state to AT_OP arrived to location -1
2022-06-27 14:39:50,671 [DEBUG] case 3 need to move position (from op to op position) Green
2022-06-27 14:39:50,671 [DEBUG] move entity: Green to MOVE_TO_OP to location -1
2022-06-27 14:39:51,799 [DEBUG] case 4 need to change face to South Agent
2022-06-27 14:39:51,799 [DEBUG] case 2 Green entity arrived to locaionAT_OP movement task completed
2022-06-27 14:39:51,799 [DEBUG] entity: Green changed state to AT_OP arrived to location -1
2022-06-27 14:39:52,799 [DEBUG] case 3 need to move position (from op to op position) Agent
2022-06-27 14:39:52,799 [DEBUG] move entity: Agent to MOVE_TO_OP to location -1
2022-06-27 14:39:53,801 [DEBUG] case 2 Agent entity arrived to locaionAT_OP movement task completed
2022-06-27 14:39:53,801 [DEBUG] entity: Agent changed state to AT_OP arrived to location -1
2022-06-27 14:39:53,802 [DEBUG] case 4 need to change face to North Green
2022-06-27 14:39:54,803 [DEBUG] case 4 need to change face to South Agent
2022-06-27 14:39:54,803 [DEBUG] case 3 need to move position (from op to op position) Green
2022-06-27 14:39:54,804 [DEBUG] move entity: Green to MOVE_TO_OP to location -1
2022-06-27 14:39:55,822 [DEBUG] case 4 need to change face to East Agent
2022-06-27 14:39:55,822 [DEBUG] case 2 Green entity arrived to locaionAT_OP movement task completed
2022-06-27 14:39:55,822 [DEBUG] entity: Green changed state to AT_OP arrived to location -1
2022-06-27 14:39:56,822 [DEBUG] case 3 need to move position (from op to op position) Agent
2022-06-27 14:39:56,822 [DEBUG] move entity: Agent to MOVE_TO_OP to location -1
2022-06-27 14:39:56,823 [DEBUG] case 4 need to change face to North Green
2022-06-27 14:39:57,823 [DEBUG] case 2 Agent entity arrived to locaionAT_OP movement task completed
2022-06-27 14:39:57,823 [DEBUG] entity: Agent changed state to AT_OP arrived to location -1
2022-06-27 14:39:57,823 [DEBUG] case 3 need to move position (from op to op position) Green
2022-06-27 14:39:57,824 [DEBUG] move entity: Green to MOVE_TO_OP to location -1
2022-06-27 14:39:58,841 [DEBUG] case 4 need to change face to North Agent
2022-06-27 14:39:58,841 [DEBUG] case 2 Green entity arrived to locaionAT_OP movement task completed
2022-06-27 14:39:58,841 [DEBUG] entity: Green changed state to AT_OP arrived to location -1
2022-06-27 14:39:59,842 [DEBUG] case 3 need to move position (from op to op position) Agent
2022-06-27 14:39:59,843 [DEBUG] move entity: Agent to MOVE_TO_OP to location -1
2022-06-27 14:39:59,843 [DEBUG] case 4 need to change face to North Green
2022-06-27 14:40:00,844 [DEBUG] case 2 Agent entity arrived to locaionAT_OP movement task completed
2022-06-27 14:40:00,844 [DEBUG] entity: Agent changed state to AT_OP arrived to location -1
2022-06-27 14:40:00,845 [DEBUG] case 3 need to move position (from op to op position) Green
2022-06-27 14:40:00,845 [DEBUG] move entity: Green to MOVE_TO_OP to location -1
2022-06-27 14:40:01,863 [DEBUG] case 4 need to change face to North Agent
2022-06-27 14:40:01,863 [DEBUG] case 2 Green entity arrived to locaionAT_OP movement task completed
2022-06-27 14:40:01,863 [DEBUG] entity: Green changed state to AT_OP arrived to location -1
2022-06-27 14:40:02,864 [DEBUG] case 3 need to move position (from op to op position) Agent
2022-06-27 14:40:02,865 [DEBUG] move entity: Agent to MOVE_TO_OP to location -1
2022-06-27 14:40:03,865 [DEBUG] case 2 Agent entity arrived to locaionAT_OP movement task completed
2022-06-27 14:40:03,865 [DEBUG] entity: Agent changed state to AT_OP arrived to location -1
2022-06-27 14:40:03,865 [DEBUG] case 4 need to change face to South Green
2022-06-27 14:40:04,866 [DEBUG] case 3 need to move position (from op to op position) Green
2022-06-27 14:40:04,867 [DEBUG] move entity: Green to MOVE_TO_OP to location -1
2022-06-27 14:40:05,886 [DEBUG] case 4 need to change face to South Agent
2022-06-27 14:40:05,886 [DEBUG] case 2 Green entity arrived to locaionAT_OP movement task completed
2022-06-27 14:40:05,886 [DEBUG] entity: Green changed state to AT_OP arrived to location -1
2022-06-27 14:40:06,887 [DEBUG] case 3 need to move position (from op to op position) Agent
2022-06-27 14:40:06,887 [DEBUG] move entity: Agent to MOVE_TO_OP to location -1
2022-06-27 14:40:06,888 [DEBUG] case 4 need to change face to North Green
2022-06-27 14:40:07,889 [DEBUG] case 2 Agent entity arrived to locaionAT_OP movement task completed
2022-06-27 14:40:07,890 [DEBUG] entity: Agent changed state to AT_OP arrived to location -1
2022-06-27 14:40:07,890 [DEBUG] case 3 need to move position (from op to op position) Green
2022-06-27 14:40:07,890 [DEBUG] move entity: Green to MOVE_TO_OP to location -1
2022-06-27 14:40:08,907 [DEBUG] case 4 need to change face to North Agent
2022-06-27 14:40:08,908 [DEBUG] case 2 Green entity arrived to locaionAT_OP movement task completed
2022-06-27 14:40:08,908 [DEBUG] entity: Green changed state to AT_OP arrived to location -1
2022-06-27 14:40:09,909 [DEBUG] case 3 need to move position (from op to op position) Agent
2022-06-27 14:40:09,909 [DEBUG] move entity: Agent to MOVE_TO_OP to location -1
2022-06-27 14:40:09,910 [DEBUG] case 4 need to change face to West Green
2022-06-27 14:40:10,910 [DEBUG] case 2 Agent entity arrived to locaionAT_OP movement task completed
2022-06-27 14:40:10,910 [DEBUG] entity: Agent changed state to AT_OP arrived to location -1
2022-06-27 14:40:10,911 [DEBUG] case 3 need to move position (from op to op position) Green
2022-06-27 14:40:10,911 [DEBUG] move entity: Green to MOVE_TO_OP to location -1
2022-06-27 14:40:11,930 [DEBUG] case 4 need to change face to West Agent
2022-06-27 14:40:11,930 [DEBUG] case 2 Green entity arrived to locaionAT_OP movement task completed
2022-06-27 14:40:11,930 [DEBUG] entity: Green changed state to AT_OP arrived to location -1
2022-06-27 14:40:12,930 [DEBUG] case 3 need to move position (from op to op position) Agent
2022-06-27 14:40:12,931 [DEBUG] move entity: Agent to MOVE_TO_OP to location -1
2022-06-27 14:40:13,932 [DEBUG] case 2 Agent entity arrived to locaionAT_OP movement task completed
2022-06-27 14:40:13,933 [DEBUG] entity: Agent changed state to AT_OP arrived to location -1
2022-06-27 14:40:14,934 [DEBUG] case 4 need to change face to South Green
2022-06-27 14:40:15,936 [DEBUG] case 3 need to move position (from op to op position) Green
2022-06-27 14:40:15,937 [DEBUG] move entity: Green to MOVE_TO_OP to location -1
2022-06-27 14:40:16,955 [DEBUG] case 4 need to change face to South Agent
2022-06-27 14:40:16,955 [DEBUG] case 2 Green entity arrived to locaionAT_OP movement task completed
2022-06-27 14:40:16,955 [DEBUG] entity: Green changed state to AT_OP arrived to location -1
2022-06-27 14:40:17,955 [DEBUG] case 3 need to move position (from op to op position) Agent
2022-06-27 14:40:17,956 [DEBUG] move entity: Agent to MOVE_TO_OP to location -1
2022-06-27 14:40:17,956 [DEBUG] case 4 need to change face to East Green
2022-06-27 14:40:18,957 [DEBUG] case 2 Agent entity arrived to locaionAT_OP movement task completed
2022-06-27 14:40:18,957 [DEBUG] entity: Agent changed state to AT_OP arrived to location -1
2022-06-27 14:40:18,958 [DEBUG] case 3 need to move position (from op to op position) Green
2022-06-27 14:40:18,958 [DEBUG] move entity: Green to MOVE_TO_OP to location -1
2022-06-27 14:40:19,977 [DEBUG] case 4 need to change face to East Agent
2022-06-27 14:40:19,978 [DEBUG] case 2 Green entity arrived to locaionAT_OP movement task completed
2022-06-27 14:40:19,978 [DEBUG] entity: Green changed state to AT_OP arrived to location -1
2022-06-27 14:40:20,978 [DEBUG] case 3 need to move position (from op to op position) Agent
2022-06-27 14:40:20,979 [DEBUG] move entity: Agent to MOVE_TO_OP to location -1
2022-06-27 14:40:21,979 [DEBUG] case 2 Agent entity arrived to locaionAT_OP movement task completed
2022-06-27 14:40:21,979 [DEBUG] entity: Agent changed state to AT_OP arrived to location -1
2022-06-27 14:40:22,981 [DEBUG] case 4 need to change face to West Green
2022-06-27 14:40:23,983 [DEBUG] case 3 need to move position (from op to op position) Green
2022-06-27 14:40:23,984 [DEBUG] move entity: Green to MOVE_TO_OP to location -1
2022-06-27 14:40:25,002 [DEBUG] case 4 need to change face to West Agent
2022-06-27 14:40:25,002 [DEBUG] case 2 Green entity arrived to locaionAT_OP movement task completed
2022-06-27 14:40:25,002 [DEBUG] entity: Green changed state to AT_OP arrived to location -1
2022-06-27 14:40:26,002 [DEBUG] case 3 need to move position (from op to op position) Agent
2022-06-27 14:40:26,003 [DEBUG] move entity: Agent to MOVE_TO_OP to location -1
2022-06-27 14:40:26,003 [DEBUG] case 4 need to change face to North Green
2022-06-27 14:40:27,003 [DEBUG] case 2 Agent entity arrived to locaionAT_OP movement task completed
2022-06-27 14:40:27,003 [DEBUG] entity: Agent changed state to AT_OP arrived to location -1
2022-06-27 14:40:27,003 [DEBUG] case 3 need to move position (from op to op position) Green
2022-06-27 14:40:27,004 [DEBUG] move entity: Green to MOVE_TO_OP to location -1
2022-06-27 14:40:28,022 [DEBUG] case 4 need to change face to North Agent
2022-06-27 14:40:28,023 [DEBUG] case 2 Green entity arrived to locaionAT_OP movement task completed
2022-06-27 14:40:28,023 [DEBUG] entity: Green changed state to AT_OP arrived to location -1
2022-06-27 14:40:29,024 [DEBUG] case 3 need to move position (from op to op position) Agent
2022-06-27 14:40:29,024 [DEBUG] move entity: Agent to MOVE_TO_OP to location -1
2022-06-27 14:40:29,025 [DEBUG] case 4 need to change face to West Green
