2022-06-27 10:48:50,561 [INFO] Initializing RFSM 
2022-06-27 10:48:50,737 [DEBUG] Communicator is initialized
2022-06-27 10:48:50,737 [DEBUG] running in vrf mode
2022-06-27 10:48:50,737 [DEBUG] RFSMManager is initialized
2022-06-27 10:48:50,737 [INFO] RFSM initialized
2022-06-27 10:48:50,737 [DEBUG] SpawnManager_Nadav is initialized
2022-06-27 10:48:52,740 [DEBUG] Get Forces local 
2022-06-27 10:49:01,681 [DEBUG] case 4 need to change face to South Agent
2022-06-27 10:49:02,682 [DEBUG] case 3 need to move position (from op to op position) Agent
2022-06-27 10:49:02,683 [DEBUG] move entity: Agent to MOVE_TO_OP to location -1
2022-06-27 10:49:03,683 [DEBUG] case 2 Agent entity arrived to locaionAT_OP movement task completed
2022-06-27 10:49:03,683 [DEBUG] entity: Agent changed state to AT_OP arrived to location -1
2022-06-27 10:49:04,684 [DEBUG] case 4 need to change face to South Agent
2022-06-27 10:49:05,686 [DEBUG] case 3 need to move position (from op to op position) Agent
2022-06-27 10:49:05,687 [DEBUG] move entity: Agent to MOVE_TO_OP to location -1
2022-06-27 10:49:06,687 [DEBUG] case 2 Agent entity arrived to locaionAT_OP movement task completed
2022-06-27 10:49:06,687 [DEBUG] entity: Agent changed state to AT_OP arrived to location -1
2022-06-27 10:49:07,689 [DEBUG] case 4 need to change face to South Agent
2022-06-27 10:49:08,690 [DEBUG] case 3 need to move position (from op to op position) Agent
2022-06-27 10:49:08,690 [DEBUG] move entity: Agent to MOVE_TO_OP to location -1
2022-06-27 10:49:09,691 [DEBUG] case 2 Agent entity arrived to locaionAT_OP movement task completed
2022-06-27 10:49:09,691 [DEBUG] entity: Agent changed state to AT_OP arrived to location -1
2022-06-27 10:49:10,692 [DEBUG] case 4 need to change face to South Agent
2022-06-27 10:49:11,693 [DEBUG] case 3 need to move position (from op to op position) Agent
2022-06-27 10:49:11,694 [DEBUG] move entity: Agent to MOVE_TO_OP to location -1
2022-06-27 10:49:12,695 [DEBUG] case 2 Agent entity arrived to locaionAT_OP movement task completed
2022-06-27 10:49:12,696 [DEBUG] entity: Agent changed state to AT_OP arrived to location -1
2022-06-27 10:49:13,696 [DEBUG] case 4 need to change face to South Agent
2022-06-27 10:49:14,698 [DEBUG] case 3 need to move position (from op to op position) Agent
2022-06-27 10:49:14,699 [DEBUG] move entity: Agent to MOVE_TO_OP to location -1
2022-06-27 10:49:15,699 [DEBUG] case 2 Agent entity arrived to locaionAT_OP movement task completed
2022-06-27 10:49:15,700 [DEBUG] entity: Agent changed state to AT_OP arrived to location -1
2022-06-27 10:49:16,700 [DEBUG] case 4 need to change face to South Agent
2022-06-27 10:49:17,702 [DEBUG] case 3 need to move position (from op to op position) Agent
2022-06-27 10:49:17,703 [DEBUG] move entity: Agent to MOVE_TO_OP to location -1
2022-06-27 10:49:18,703 [DEBUG] case 2 Agent entity arrived to locaionAT_OP movement task completed
2022-06-27 10:49:18,704 [DEBUG] entity: Agent changed state to AT_OP arrived to location -1
