2022-07-20 16:00:59,950 [INFO] Initializing RFSM 
2022-07-20 16:01:00,361 [DEBUG] Communicator is initialized
2022-07-20 16:01:00,361 [DEBUG] running in vrf mode
2022-07-20 16:01:00,362 [DEBUG] RFAScenarioManager is initialized
2022-07-20 16:01:00,362 [INFO] RFSM initialized
2022-07-20 16:01:00,362 [DEBUG] SpawnManager_Nadav is initialized
2022-07-20 16:01:03,365 [DEBUG] Get Forces local 
2022-07-20 16:01:24,652 [DEBUG] case 3 need to choose position (from op to op position) at_1
2022-07-20 16:01:25,152 [DEBUG] case 3 need to move location (from op to op position) 0
2022-07-20 16:01:25,153 [DEBUG] move entity: at_1 to MOVE_TO_OP to location -1
2022-07-20 16:02:12,251 [DEBUG] case 2 at_1 entity arrived to locaionAT_OP movement task completed
2022-07-20 16:02:12,251 [DEBUG] entity: at_1 changed state to AT_OP arrived to location 
2022-07-20 16:02:12,752 [DEBUG] case 3 need to change posture to position posture at_1
2022-07-20 16:23:06,795 [DEBUG] SpawnManager_Nadav is initialized
2022-07-20 16:23:09,798 [DEBUG] Get Forces local 
2022-07-20 16:30:21,092 [DEBUG] case 3 need to choose position (from op to op position) at_1
2022-07-20 16:30:21,594 [DEBUG] case 3 need to move location (from op to op position) 0
2022-07-20 16:30:21,594 [DEBUG] move entity: at_1 to MOVE_TO_OP to location -1
2022-07-20 16:30:24,728 [DEBUG] SpawnManager_Nadav is initialized
2022-07-20 16:30:27,731 [DEBUG] Get Forces local 
