2022-05-22 07:52:38,609 [INFO] Initializing RFSM 
2022-05-22 07:52:38,764 [DEBUG] Communicator is initialized
2022-05-22 07:52:38,764 [DEBUG] running in vrf mode
2022-05-22 07:52:38,764 [DEBUG] RFSMManager is initialized
2022-05-22 07:52:38,764 [INFO] RFSM initialized
2022-05-22 07:52:38,767 [DEBUG] SpawnManager is initialized
2022-05-22 07:52:38,768 [DEBUG] area compound BE area of interest X
2022-05-22 07:52:38,768 [DEBUG] create 5 red forces and 2 civilians in area B
2022-05-22 07:52:38,768 [DEBUG] create 4 red forces and 2 civilians in area E
2022-05-22 07:52:38,769 [DEBUG] create 1 long anti tank and 1 civilians in area X
2022-05-22 07:52:38,769 [DEBUG] start create entity
2022-05-22 07:52:38,783 [DEBUG] start create civilians
2022-05-22 07:52:53,897 [DEBUG] Create Entities
2022-05-22 07:52:53,898 [DEBUG] Send compound
2022-05-22 07:52:53,899 [DEBUG] Get Forces local 
2022-05-22 07:53:29,148 [DEBUG] enemy_is_detected
2022-05-22 07:53:29,149 [DEBUG] current weapon range is too small
2022-05-22 07:53:29,167 [DEBUG] current position 93 move to state type Cover entity type name OBSERVE7
2022-05-22 07:53:29,172 [DEBUG] Position found 109
2022-05-22 07:53:29,172 [DEBUG] case 4 OBSERVE7 entity detected enemy LAV 1 run to cover event!
2022-05-22 07:53:29,172 [DEBUG] move entity: OBSERVE7 to MOVE_TO_COVER to location 109
2022-05-22 07:53:30,222 [DEBUG] enemy_is_detected
2022-05-22 07:53:30,223 [DEBUG] current weopon AIRPLATFORMS doesn't match platform GROUNDPLATFORM
2022-05-22 07:53:30,259 [DEBUG] current position 121 move to state type Cover entity type name SOLDIER9
2022-05-22 07:53:30,265 [DEBUG] Position found 106
2022-05-22 07:53:30,265 [DEBUG] case 4 SOLDIER9 entity detected enemy LAV 1 run to cover event!
2022-05-22 07:53:30,265 [DEBUG] move entity: SOLDIER9 to MOVE_TO_COVER to location 106
