2022-07-21 11:21:40,083 [INFO] Initializing RFSM 
2022-07-21 11:21:40,495 [DEBUG] Communicator is initialized
2022-07-21 11:21:40,495 [DEBUG] running in vrf mode
2022-07-21 11:21:40,495 [DEBUG] RFAScenarioManager is initialized
2022-07-21 11:21:40,495 [INFO] RFSM initialized
2022-07-21 11:21:40,495 [DEBUG] SpawnManager_Nadav is initialized
2022-07-21 11:21:40,996 [DEBUG] Get Forces local 
2022-07-21 11:21:55,800 [DEBUG] case 3 need to choose position (from op to op position) at_1
2022-07-21 11:21:56,301 [DEBUG] case 3 need to move location (from op to op position) 0
2022-07-21 11:21:56,301 [DEBUG] move entity: at_1 to MOVE_TO_OP to location -1
2022-07-21 11:22:25,382 [DEBUG] case 2 at_1 entity arrived to locaionAT_OP movement task completed
2022-07-21 11:22:25,382 [DEBUG] entity: at_1 changed state to AT_OP arrived to location 
2022-07-21 11:22:25,883 [DEBUG] case 3 need to change posture to position posture at_1
2022-07-21 11:23:56,998 [DEBUG] SpawnManager_Nadav is initialized
2022-07-21 11:23:57,500 [DEBUG] Get Forces local 
2022-07-21 11:24:25,258 [DEBUG] case 3 need to choose position (from op to op position) at_1
2022-07-21 11:24:25,760 [DEBUG] case 3 need to move location (from op to op position) 0
2022-07-21 11:24:25,760 [DEBUG] move entity: at_1 to MOVE_TO_OP to location -1
2022-07-21 11:24:34,587 [DEBUG] SpawnManager_Nadav is initialized
2022-07-21 11:24:35,087 [DEBUG] Get Forces local 
