2022-06-26 13:49:32,744 [INFO] Initializing RFSM 
2022-06-26 13:49:32,919 [DEBUG] Communicator is initialized
2022-06-26 13:49:32,919 [DEBUG] running in vrf mode
2022-06-26 13:49:32,919 [DEBUG] RFSMManager is initialized
2022-06-26 13:49:32,919 [INFO] RFSM initialized
2022-06-26 13:49:32,919 [DEBUG] SpawnManager_Nadav is initialized
2022-06-26 13:49:34,920 [DEBUG] Get Forces local 
2022-06-26 13:49:35,922 [DEBUG] case 3 need to move position (from op to op position) Agent
2022-06-26 13:49:35,922 [DEBUG] move entity: Agent to MOVE_TO_OP to location 999
2022-06-26 13:49:35,923 [DEBUG] case 3 need to move position (from op to op position) Green
2022-06-26 13:49:35,923 [DEBUG] move entity: Green to MOVE_TO_OP to location 999
2022-06-26 13:49:35,923 [DEBUG] case 3 need to move position (from op to op position) Agent
2022-06-26 13:49:35,924 [DEBUG] move entity: Agent to MOVE_TO_OP to location 999
2022-06-26 13:49:35,924 [DEBUG] case 3 need to move position (from op to op position) Green
2022-06-26 13:49:35,924 [DEBUG] move entity: Green to MOVE_TO_OP to location 999
2022-06-26 13:49:36,925 [DEBUG] case 3 need to move position (from op to op position) Agent
2022-06-26 13:49:36,925 [DEBUG] move entity: Agent to MOVE_TO_OP to location 999
2022-06-26 13:49:36,926 [DEBUG] case 3 need to move position (from op to op position) Green
2022-06-26 13:49:36,926 [DEBUG] move entity: Green to MOVE_TO_OP to location 999
2022-06-26 13:49:37,928 [DEBUG] case 3 need to move position (from op to op position) Agent
2022-06-26 13:49:37,928 [DEBUG] move entity: Agent to MOVE_TO_OP to location 999
2022-06-26 13:49:37,929 [DEBUG] case 3 need to move position (from op to op position) Green
2022-06-26 13:49:37,929 [DEBUG] move entity: Green to MOVE_TO_OP to location 999
2022-06-26 13:49:38,931 [DEBUG] case 3 need to move position (from op to op position) Agent
2022-06-26 13:49:38,932 [DEBUG] move entity: Agent to MOVE_TO_OP to location 999
2022-06-26 13:49:38,932 [DEBUG] case 3 need to move position (from op to op position) Green
2022-06-26 13:49:38,932 [DEBUG] move entity: Green to MOVE_TO_OP to location 999
2022-06-26 13:49:39,933 [DEBUG] case 3 need to move position (from op to op position) Agent
2022-06-26 13:49:39,934 [DEBUG] move entity: Agent to MOVE_TO_OP to location 999
2022-06-26 13:49:39,934 [DEBUG] case 3 need to move position (from op to op position) Green
2022-06-26 13:49:39,934 [DEBUG] move entity: Green to MOVE_TO_OP to location 999
2022-06-26 13:49:40,935 [DEBUG] case 2 Green entity arrived to locaionAT_OP movement task completed
2022-06-26 13:49:40,935 [DEBUG] entity: Green changed state to AT_OP arrived to location 999
2022-06-26 13:49:40,935 [DEBUG] case 2 Green entity arrived to locaionAT_OP movement task completed
2022-06-26 13:49:40,935 [DEBUG] entity: Green changed state to AT_OP arrived to location 999
2022-06-26 13:49:40,935 [DEBUG] case 2 Green entity arrived to locaionAT_OP movement task completed
2022-06-26 13:49:40,936 [DEBUG] entity: Green changed state to AT_OP arrived to location 999
2022-06-26 13:49:40,936 [DEBUG] case 2 Green entity arrived to locaionAT_OP movement task completed
2022-06-26 13:49:40,936 [DEBUG] entity: Green changed state to AT_OP arrived to location 999
2022-06-26 13:49:40,936 [DEBUG] case 2 Green entity arrived to locaionAT_OP movement task completed
2022-06-26 13:49:40,936 [DEBUG] entity: Green changed state to AT_OP arrived to location 999
2022-06-26 13:49:40,936 [DEBUG] case 2 Green entity arrived to locaionAT_OP movement task completed
2022-06-26 13:49:40,937 [DEBUG] entity: Green changed state to AT_OP arrived to location 999
2022-06-26 13:49:40,937 [DEBUG] case 3 need to move position (from op to op position) Agent
2022-06-26 13:49:40,937 [DEBUG] move entity: Agent to MOVE_TO_OP to location 999
2022-06-26 13:49:40,937 [DEBUG] case 3 need to move position (from op to op position) Green
2022-06-26 13:49:40,938 [DEBUG] move entity: Green to MOVE_TO_OP to location 999
2022-06-26 13:49:41,940 [DEBUG] case 3 need to move position (from op to op position) Green
2022-06-26 13:49:41,940 [DEBUG] case 3 need to move position (from op to op position) Green
2022-06-26 13:49:41,940 [DEBUG] case 3 need to move position (from op to op position) Green
2022-06-26 13:49:41,941 [DEBUG] case 3 need to move position (from op to op position) Green
2022-06-26 13:49:41,941 [DEBUG] case 3 need to move position (from op to op position) Green
2022-06-26 13:49:41,941 [DEBUG] case 3 need to move position (from op to op position) Green
2022-06-26 13:49:41,942 [DEBUG] case 2 Green entity arrived to locaionAT_OP movement task completed
2022-06-26 13:49:41,942 [DEBUG] entity: Green changed state to AT_OP arrived to location 999
2022-06-26 13:49:41,942 [DEBUG] case 3 need to move position (from op to op position) Agent
2022-06-26 13:49:41,942 [DEBUG] move entity: Agent to MOVE_TO_OP to location 999
2022-06-26 13:49:41,942 [DEBUG] case 3 need to move position (from op to op position) Green
2022-06-26 13:49:41,943 [DEBUG] move entity: Green to MOVE_TO_OP to location 999
2022-06-26 13:49:42,945 [DEBUG] case 3 need to move position (from op to op position) Green
2022-06-26 13:49:42,945 [DEBUG] case 3 need to move position (from op to op position) Green
2022-06-26 13:49:42,945 [DEBUG] case 3 need to move position (from op to op position) Green
2022-06-26 13:49:42,946 [DEBUG] case 3 need to move position (from op to op position) Green
2022-06-26 13:49:42,946 [DEBUG] case 3 need to move position (from op to op position) Green
2022-06-26 13:49:42,946 [DEBUG] case 3 need to move position (from op to op position) Green
2022-06-26 13:49:42,946 [DEBUG] case 3 need to move position (from op to op position) Green
2022-06-26 13:49:42,947 [DEBUG] case 2 Green entity arrived to locaionAT_OP movement task completed
2022-06-26 13:49:42,947 [DEBUG] entity: Green changed state to AT_OP arrived to location 999
2022-06-26 13:49:42,947 [DEBUG] case 3 need to move position (from op to op position) Agent
2022-06-26 13:49:42,947 [DEBUG] move entity: Agent to MOVE_TO_OP to location 999
2022-06-26 13:49:42,947 [DEBUG] case 3 need to move position (from op to op position) Green
2022-06-26 13:49:42,948 [DEBUG] move entity: Green to MOVE_TO_OP to location 999
2022-06-26 13:49:43,949 [DEBUG] case 3 need to move position (from op to op position) Green
2022-06-26 13:49:43,949 [DEBUG] case 3 need to move position (from op to op position) Green
2022-06-26 13:49:43,949 [DEBUG] case 3 need to move position (from op to op position) Green
2022-06-26 13:49:43,950 [DEBUG] case 3 need to move position (from op to op position) Green
2022-06-26 13:49:43,950 [DEBUG] case 3 need to move position (from op to op position) Green
2022-06-26 13:49:43,950 [DEBUG] case 3 need to move position (from op to op position) Green
2022-06-26 13:49:43,950 [DEBUG] case 3 need to move position (from op to op position) Green
2022-06-26 13:49:43,951 [DEBUG] case 3 need to move position (from op to op position) Green
2022-06-26 13:49:43,951 [DEBUG] case 2 Green entity arrived to locaionAT_OP movement task completed
2022-06-26 13:49:43,951 [DEBUG] entity: Green changed state to AT_OP arrived to location 999
2022-06-26 13:49:43,951 [DEBUG] case 3 need to move position (from op to op position) Agent
2022-06-26 13:49:43,951 [DEBUG] move entity: Agent to MOVE_TO_OP to location 999
2022-06-26 13:49:43,952 [DEBUG] case 3 need to move position (from op to op position) Green
2022-06-26 13:49:43,952 [DEBUG] move entity: Green to MOVE_TO_OP to location 999
2022-06-26 13:49:44,954 [DEBUG] case 3 need to move position (from op to op position) Green
2022-06-26 13:49:44,954 [DEBUG] case 3 need to move position (from op to op position) Green
2022-06-26 13:49:44,954 [DEBUG] case 3 need to move position (from op to op position) Green
2022-06-26 13:49:44,955 [DEBUG] case 3 need to move position (from op to op position) Green
2022-06-26 13:49:44,955 [DEBUG] case 3 need to move position (from op to op position) Green
2022-06-26 13:49:44,955 [DEBUG] case 3 need to move position (from op to op position) Green
2022-06-26 13:49:44,955 [DEBUG] case 3 need to move position (from op to op position) Green
2022-06-26 13:49:44,956 [DEBUG] case 3 need to move position (from op to op position) Green
2022-06-26 13:49:44,956 [DEBUG] case 3 need to move position (from op to op position) Green
2022-06-26 13:49:44,956 [DEBUG] case 2 Green entity arrived to locaionAT_OP movement task completed
2022-06-26 13:49:44,956 [DEBUG] entity: Green changed state to AT_OP arrived to location 999
2022-06-26 13:49:44,957 [DEBUG] case 3 need to move position (from op to op position) Agent
2022-06-26 13:49:44,957 [DEBUG] move entity: Agent to MOVE_TO_OP to location 999
2022-06-26 13:49:44,957 [DEBUG] case 3 need to move position (from op to op position) Green
2022-06-26 13:49:44,957 [DEBUG] move entity: Green to MOVE_TO_OP to location 999
2022-06-26 13:49:45,957 [DEBUG] Task completed, didn't arrive to location, unwanted situation
2022-06-26 13:49:45,958 [DEBUG] case 3 need to move position (from op to op position) Green
2022-06-26 13:49:45,958 [DEBUG] Task completed, didn't arrive to location, unwanted situation
2022-06-26 13:49:45,958 [DEBUG] case 3 need to move position (from op to op position) Green
2022-06-26 13:49:45,958 [DEBUG] Task completed, didn't arrive to location, unwanted situation
2022-06-26 13:49:45,958 [DEBUG] case 3 need to move position (from op to op position) Green
2022-06-26 13:49:45,959 [DEBUG] Task completed, didn't arrive to location, unwanted situation
2022-06-26 13:49:45,959 [DEBUG] case 3 need to move position (from op to op position) Green
2022-06-26 13:49:45,959 [DEBUG] Task completed, didn't arrive to location, unwanted situation
2022-06-26 13:49:45,959 [DEBUG] case 3 need to move position (from op to op position) Green
2022-06-26 13:49:45,959 [DEBUG] Task completed, didn't arrive to location, unwanted situation
2022-06-26 13:49:45,959 [DEBUG] case 3 need to move position (from op to op position) Green
2022-06-26 13:49:45,960 [DEBUG] Task completed, didn't arrive to location, unwanted situation
2022-06-26 13:49:45,960 [DEBUG] case 3 need to move position (from op to op position) Green
2022-06-26 13:49:45,960 [DEBUG] Task completed, didn't arrive to location, unwanted situation
2022-06-26 13:49:45,960 [DEBUG] case 3 need to move position (from op to op position) Green
2022-06-26 13:49:45,960 [DEBUG] Task completed, didn't arrive to location, unwanted situation
2022-06-26 13:49:45,960 [DEBUG] case 3 need to move position (from op to op position) Green
2022-06-26 13:49:45,961 [DEBUG] Task completed, didn't arrive to location, unwanted situation
2022-06-26 13:49:45,961 [DEBUG] case 3 need to move position (from op to op position) Green
2022-06-26 13:49:45,961 [DEBUG] Task completed, didn't arrive to location, unwanted situation
2022-06-26 13:49:45,961 [DEBUG] case 2 Green entity arrived to locaionAT_OP movement task completed
2022-06-26 13:49:45,961 [DEBUG] entity: Green changed state to AT_OP arrived to location 999
2022-06-26 13:49:45,961 [DEBUG] case 3 need to move position (from op to op position) Agent
2022-06-26 13:49:45,962 [DEBUG] move entity: Agent to MOVE_TO_OP to location 999
2022-06-26 13:49:45,962 [DEBUG] case 3 need to move position (from op to op position) Green
2022-06-26 13:49:45,962 [DEBUG] move entity: Green to MOVE_TO_OP to location 999
2022-06-26 13:49:46,963 [DEBUG] Task completed, didn't arrive to location, unwanted situation
2022-06-26 13:49:46,964 [DEBUG] case 3 need to move position (from op to op position) Green
2022-06-26 13:49:46,964 [DEBUG] Task completed, didn't arrive to location, unwanted situation
2022-06-26 13:49:46,964 [DEBUG] case 3 need to move position (from op to op position) Green
2022-06-26 13:49:46,964 [DEBUG] Task completed, didn't arrive to location, unwanted situation
2022-06-26 13:49:46,964 [DEBUG] case 3 need to move position (from op to op position) Green
2022-06-26 13:49:46,965 [DEBUG] Task completed, didn't arrive to location, unwanted situation
2022-06-26 13:49:46,965 [DEBUG] case 3 need to move position (from op to op position) Green
2022-06-26 13:49:46,965 [DEBUG] Task completed, didn't arrive to location, unwanted situation
2022-06-26 13:49:46,965 [DEBUG] case 3 need to move position (from op to op position) Green
2022-06-26 13:49:46,965 [DEBUG] Task completed, didn't arrive to location, unwanted situation
2022-06-26 13:49:46,966 [DEBUG] case 3 need to move position (from op to op position) Green
2022-06-26 13:49:46,966 [DEBUG] Task completed, didn't arrive to location, unwanted situation
2022-06-26 13:49:46,966 [DEBUG] case 3 need to move position (from op to op position) Green
2022-06-26 13:49:46,966 [DEBUG] Task completed, didn't arrive to location, unwanted situation
2022-06-26 13:49:46,966 [DEBUG] case 3 need to move position (from op to op position) Green
2022-06-26 13:49:46,966 [DEBUG] Task completed, didn't arrive to location, unwanted situation
2022-06-26 13:49:46,967 [DEBUG] case 3 need to move position (from op to op position) Green
2022-06-26 13:49:46,967 [DEBUG] Task completed, didn't arrive to location, unwanted situation
2022-06-26 13:49:46,967 [DEBUG] case 3 need to move position (from op to op position) Green
2022-06-26 13:49:46,967 [DEBUG] Task completed, didn't arrive to location, unwanted situation
2022-06-26 13:49:46,967 [DEBUG] case 3 need to move position (from op to op position) Green
2022-06-26 13:49:46,967 [DEBUG] Task completed, didn't arrive to location, unwanted situation
2022-06-26 13:49:46,968 [DEBUG] case 2 Green entity arrived to locaionAT_OP movement task completed
2022-06-26 13:49:46,968 [DEBUG] entity: Green changed state to AT_OP arrived to location 999
2022-06-26 13:49:46,968 [DEBUG] case 3 need to move position (from op to op position) Agent
2022-06-26 13:49:46,968 [DEBUG] move entity: Agent to MOVE_TO_OP to location 999
2022-06-26 13:49:46,968 [DEBUG] case 3 need to move position (from op to op position) Green
2022-06-26 13:49:46,969 [DEBUG] move entity: Green to MOVE_TO_OP to location 999
2022-06-26 13:49:47,969 [DEBUG] Task completed, didn't arrive to location, unwanted situation
2022-06-26 13:49:47,970 [DEBUG] case 3 need to move position (from op to op position) Green
2022-06-26 13:49:47,970 [DEBUG] Task completed, didn't arrive to location, unwanted situation
2022-06-26 13:49:47,970 [DEBUG] case 3 need to move position (from op to op position) Green
2022-06-26 13:49:47,970 [DEBUG] Task completed, didn't arrive to location, unwanted situation
2022-06-26 13:49:47,971 [DEBUG] case 3 need to move position (from op to op position) Green
2022-06-26 13:49:47,971 [DEBUG] Task completed, didn't arrive to location, unwanted situation
2022-06-26 13:49:47,971 [DEBUG] case 3 need to move position (from op to op position) Green
2022-06-26 13:49:47,971 [DEBUG] Task completed, didn't arrive to location, unwanted situation
2022-06-26 13:49:47,971 [DEBUG] case 3 need to move position (from op to op position) Green
2022-06-26 13:49:47,971 [DEBUG] Task completed, didn't arrive to location, unwanted situation
2022-06-26 13:49:47,972 [DEBUG] case 3 need to move position (from op to op position) Green
2022-06-26 13:49:47,972 [DEBUG] Task completed, didn't arrive to location, unwanted situation
2022-06-26 13:49:47,972 [DEBUG] case 3 need to move position (from op to op position) Green
2022-06-26 13:49:47,972 [DEBUG] Task completed, didn't arrive to location, unwanted situation
2022-06-26 13:49:47,972 [DEBUG] case 3 need to move position (from op to op position) Green
2022-06-26 13:49:47,973 [DEBUG] Task completed, didn't arrive to location, unwanted situation
2022-06-26 13:49:47,973 [DEBUG] case 3 need to move position (from op to op position) Green
2022-06-26 13:49:47,973 [DEBUG] Task completed, didn't arrive to location, unwanted situation
2022-06-26 13:49:47,973 [DEBUG] case 3 need to move position (from op to op position) Green
2022-06-26 13:49:47,973 [DEBUG] Task completed, didn't arrive to location, unwanted situation
2022-06-26 13:49:47,973 [DEBUG] case 3 need to move position (from op to op position) Green
2022-06-26 13:49:47,974 [DEBUG] Task completed, didn't arrive to location, unwanted situation
2022-06-26 13:49:47,974 [DEBUG] case 3 need to move position (from op to op position) Green
2022-06-26 13:49:47,974 [DEBUG] Task completed, didn't arrive to location, unwanted situation
2022-06-26 13:49:47,974 [DEBUG] case 2 Green entity arrived to locaionAT_OP movement task completed
2022-06-26 13:49:47,974 [DEBUG] entity: Green changed state to AT_OP arrived to location 999
2022-06-26 13:49:47,974 [DEBUG] case 3 need to move position (from op to op position) Agent
2022-06-26 13:49:47,975 [DEBUG] move entity: Agent to MOVE_TO_OP to location 999
2022-06-26 13:49:47,975 [DEBUG] case 3 need to move position (from op to op position) Green
2022-06-26 13:49:47,975 [DEBUG] move entity: Green to MOVE_TO_OP to location 999
2022-06-26 13:49:48,975 [DEBUG] Task completed, didn't arrive to location, unwanted situation
2022-06-26 13:49:48,976 [DEBUG] case 3 need to move position (from op to op position) Green
2022-06-26 13:49:48,976 [DEBUG] Task completed, didn't arrive to location, unwanted situation
2022-06-26 13:49:48,976 [DEBUG] case 3 need to move position (from op to op position) Green
2022-06-26 13:49:48,976 [DEBUG] Task completed, didn't arrive to location, unwanted situation
2022-06-26 13:49:48,976 [DEBUG] case 3 need to move position (from op to op position) Green
2022-06-26 13:49:48,977 [DEBUG] Task completed, didn't arrive to location, unwanted situation
2022-06-26 13:49:48,977 [DEBUG] case 3 need to move position (from op to op position) Green
2022-06-26 13:49:48,977 [DEBUG] Task completed, didn't arrive to location, unwanted situation
2022-06-26 13:49:48,977 [DEBUG] case 3 need to move position (from op to op position) Green
2022-06-26 13:49:48,977 [DEBUG] Task completed, didn't arrive to location, unwanted situation
2022-06-26 13:49:48,977 [DEBUG] case 3 need to move position (from op to op position) Green
2022-06-26 13:49:48,978 [DEBUG] Task completed, didn't arrive to location, unwanted situation
2022-06-26 13:49:48,978 [DEBUG] case 3 need to move position (from op to op position) Green
2022-06-26 13:49:48,978 [DEBUG] Task completed, didn't arrive to location, unwanted situation
2022-06-26 13:49:48,978 [DEBUG] case 3 need to move position (from op to op position) Green
2022-06-26 13:49:48,978 [DEBUG] Task completed, didn't arrive to location, unwanted situation
2022-06-26 13:49:48,978 [DEBUG] case 3 need to move position (from op to op position) Green
2022-06-26 13:49:48,979 [DEBUG] Task completed, didn't arrive to location, unwanted situation
2022-06-26 13:49:48,979 [DEBUG] case 3 need to move position (from op to op position) Green
2022-06-26 13:49:48,979 [DEBUG] Task completed, didn't arrive to location, unwanted situation
2022-06-26 13:49:48,979 [DEBUG] case 3 need to move position (from op to op position) Green
2022-06-26 13:49:48,979 [DEBUG] Task completed, didn't arrive to location, unwanted situation
2022-06-26 13:49:48,979 [DEBUG] case 3 need to move position (from op to op position) Green
2022-06-26 13:49:48,980 [DEBUG] Task completed, didn't arrive to location, unwanted situation
2022-06-26 13:49:48,980 [DEBUG] case 3 need to move position (from op to op position) Green
2022-06-26 13:49:48,980 [DEBUG] Task completed, didn't arrive to location, unwanted situation
2022-06-26 13:49:48,980 [DEBUG] case 2 Green entity arrived to locaionAT_OP movement task completed
2022-06-26 13:49:48,980 [DEBUG] entity: Green changed state to AT_OP arrived to location 999
2022-06-26 13:49:48,980 [DEBUG] case 3 need to move position (from op to op position) Agent
2022-06-26 13:49:48,981 [DEBUG] move entity: Agent to MOVE_TO_OP to location 999
2022-06-26 13:49:48,981 [DEBUG] case 3 need to move position (from op to op position) Green
2022-06-26 13:49:48,981 [DEBUG] move entity: Green to MOVE_TO_OP to location 999
2022-06-26 13:49:49,981 [DEBUG] Task completed, didn't arrive to location, unwanted situation
2022-06-26 13:49:49,982 [DEBUG] case 3 need to move position (from op to op position) Green
2022-06-26 13:49:49,982 [DEBUG] Task completed, didn't arrive to location, unwanted situation
2022-06-26 13:49:49,982 [DEBUG] case 3 need to move position (from op to op position) Green
2022-06-26 13:49:49,982 [DEBUG] Task completed, didn't arrive to location, unwanted situation
2022-06-26 13:49:49,982 [DEBUG] case 3 need to move position (from op to op position) Green
2022-06-26 13:49:49,983 [DEBUG] Task completed, didn't arrive to location, unwanted situation
2022-06-26 13:49:49,983 [DEBUG] case 3 need to move position (from op to op position) Green
2022-06-26 13:49:49,983 [DEBUG] Task completed, didn't arrive to location, unwanted situation
2022-06-26 13:49:49,983 [DEBUG] case 3 need to move position (from op to op position) Green
2022-06-26 13:49:49,983 [DEBUG] Task completed, didn't arrive to location, unwanted situation
2022-06-26 13:49:49,983 [DEBUG] case 3 need to move position (from op to op position) Green
2022-06-26 13:49:49,984 [DEBUG] Task completed, didn't arrive to location, unwanted situation
2022-06-26 13:49:49,984 [DEBUG] case 3 need to move position (from op to op position) Green
2022-06-26 13:49:49,984 [DEBUG] Task completed, didn't arrive to location, unwanted situation
2022-06-26 13:49:49,984 [DEBUG] case 3 need to move position (from op to op position) Green
2022-06-26 13:49:49,984 [DEBUG] Task completed, didn't arrive to location, unwanted situation
2022-06-26 13:49:49,984 [DEBUG] case 3 need to move position (from op to op position) Green
2022-06-26 13:49:49,985 [DEBUG] Task completed, didn't arrive to location, unwanted situation
2022-06-26 13:49:49,985 [DEBUG] case 3 need to move position (from op to op position) Green
2022-06-26 13:49:49,985 [DEBUG] Task completed, didn't arrive to location, unwanted situation
2022-06-26 13:49:49,985 [DEBUG] case 3 need to move position (from op to op position) Green
2022-06-26 13:49:49,985 [DEBUG] Task completed, didn't arrive to location, unwanted situation
2022-06-26 13:49:49,985 [DEBUG] case 3 need to move position (from op to op position) Green
2022-06-26 13:49:49,985 [DEBUG] Task completed, didn't arrive to location, unwanted situation
2022-06-26 13:49:49,986 [DEBUG] case 3 need to move position (from op to op position) Green
2022-06-26 13:49:49,986 [DEBUG] Task completed, didn't arrive to location, unwanted situation
2022-06-26 13:49:49,986 [DEBUG] case 3 need to move position (from op to op position) Green
2022-06-26 13:49:49,986 [DEBUG] Task completed, didn't arrive to location, unwanted situation
2022-06-26 13:49:49,986 [DEBUG] case 2 Green entity arrived to locaionAT_OP movement task completed
2022-06-26 13:49:49,986 [DEBUG] entity: Green changed state to AT_OP arrived to location 999
2022-06-26 13:49:49,986 [DEBUG] case 3 need to move position (from op to op position) Agent
2022-06-26 13:49:49,987 [DEBUG] move entity: Agent to MOVE_TO_OP to location 999
2022-06-26 13:49:49,987 [DEBUG] case 3 need to move position (from op to op position) Green
2022-06-26 13:49:49,987 [DEBUG] move entity: Green to MOVE_TO_OP to location 999
2022-06-26 13:49:50,988 [DEBUG] Task completed, didn't arrive to location, unwanted situation
2022-06-26 13:49:50,989 [DEBUG] case 3 need to move position (from op to op position) Green
2022-06-26 13:49:50,989 [DEBUG] Task completed, didn't arrive to location, unwanted situation
2022-06-26 13:49:50,989 [DEBUG] case 3 need to move position (from op to op position) Green
2022-06-26 13:49:50,989 [DEBUG] Task completed, didn't arrive to location, unwanted situation
2022-06-26 13:49:50,990 [DEBUG] case 3 need to move position (from op to op position) Green
2022-06-26 13:49:50,990 [DEBUG] Task completed, didn't arrive to location, unwanted situation
2022-06-26 13:49:50,990 [DEBUG] case 3 need to move position (from op to op position) Green
2022-06-26 13:49:50,990 [DEBUG] Task completed, didn't arrive to location, unwanted situation
2022-06-26 13:49:50,990 [DEBUG] case 3 need to move position (from op to op position) Green
2022-06-26 13:49:50,990 [DEBUG] Task completed, didn't arrive to location, unwanted situation
2022-06-26 13:49:50,991 [DEBUG] case 3 need to move position (from op to op position) Green
2022-06-26 13:49:50,991 [DEBUG] Task completed, didn't arrive to location, unwanted situation
2022-06-26 13:49:50,991 [DEBUG] case 3 need to move position (from op to op position) Green
2022-06-26 13:49:50,991 [DEBUG] Task completed, didn't arrive to location, unwanted situation
2022-06-26 13:49:50,991 [DEBUG] case 3 need to move position (from op to op position) Green
2022-06-26 13:49:50,991 [DEBUG] Task completed, didn't arrive to location, unwanted situation
2022-06-26 13:49:50,992 [DEBUG] case 3 need to move position (from op to op position) Green
2022-06-26 13:49:50,992 [DEBUG] Task completed, didn't arrive to location, unwanted situation
2022-06-26 13:49:50,992 [DEBUG] case 3 need to move position (from op to op position) Green
2022-06-26 13:49:50,992 [DEBUG] Task completed, didn't arrive to location, unwanted situation
2022-06-26 13:49:50,992 [DEBUG] case 3 need to move position (from op to op position) Green
2022-06-26 13:49:50,992 [DEBUG] Task completed, didn't arrive to location, unwanted situation
2022-06-26 13:49:50,993 [DEBUG] case 3 need to move position (from op to op position) Green
2022-06-26 13:49:50,993 [DEBUG] Task completed, didn't arrive to location, unwanted situation
2022-06-26 13:49:50,993 [DEBUG] case 3 need to move position (from op to op position) Green
2022-06-26 13:49:50,993 [DEBUG] Task completed, didn't arrive to location, unwanted situation
2022-06-26 13:49:50,993 [DEBUG] case 3 need to move position (from op to op position) Green
2022-06-26 13:49:50,993 [DEBUG] Task completed, didn't arrive to location, unwanted situation
2022-06-26 13:49:50,994 [DEBUG] case 3 need to move position (from op to op position) Green
2022-06-26 13:49:50,994 [DEBUG] Task completed, didn't arrive to location, unwanted situation
2022-06-26 13:49:50,994 [DEBUG] case 2 Green entity arrived to locaionAT_OP movement task completed
2022-06-26 13:49:50,994 [DEBUG] entity: Green changed state to AT_OP arrived to location 999
2022-06-26 13:49:50,994 [DEBUG] case 3 need to move position (from op to op position) Agent
2022-06-26 13:49:50,994 [DEBUG] move entity: Agent to MOVE_TO_OP to location 999
2022-06-26 13:49:50,995 [DEBUG] case 3 need to move position (from op to op position) Green
2022-06-26 13:49:50,995 [DEBUG] move entity: Green to MOVE_TO_OP to location 999
2022-06-26 13:49:51,996 [DEBUG] Task completed, didn't arrive to location, unwanted situation
2022-06-26 13:49:51,996 [DEBUG] case 3 need to move position (from op to op position) Green
2022-06-26 13:49:51,996 [DEBUG] Task completed, didn't arrive to location, unwanted situation
2022-06-26 13:49:51,996 [DEBUG] case 3 need to move position (from op to op position) Green
2022-06-26 13:49:51,996 [DEBUG] Task completed, didn't arrive to location, unwanted situation
2022-06-26 13:49:51,997 [DEBUG] case 3 need to move position (from op to op position) Green
2022-06-26 13:49:51,997 [DEBUG] Task completed, didn't arrive to location, unwanted situation
2022-06-26 13:49:51,997 [DEBUG] case 3 need to move position (from op to op position) Green
2022-06-26 13:49:51,997 [DEBUG] Task completed, didn't arrive to location, unwanted situation
2022-06-26 13:49:51,997 [DEBUG] case 3 need to move position (from op to op position) Green
2022-06-26 13:49:51,997 [DEBUG] Task completed, didn't arrive to location, unwanted situation
2022-06-26 13:49:51,998 [DEBUG] case 3 need to move position (from op to op position) Green
2022-06-26 13:49:51,998 [DEBUG] Task completed, didn't arrive to location, unwanted situation
2022-06-26 13:49:51,998 [DEBUG] case 3 need to move position (from op to op position) Green
2022-06-26 13:49:51,998 [DEBUG] Task completed, didn't arrive to location, unwanted situation
2022-06-26 13:49:51,998 [DEBUG] case 3 need to move position (from op to op position) Green
2022-06-26 13:49:51,999 [DEBUG] Task completed, didn't arrive to location, unwanted situation
2022-06-26 13:49:51,999 [DEBUG] case 3 need to move position (from op to op position) Green
2022-06-26 13:49:51,999 [DEBUG] Task completed, didn't arrive to location, unwanted situation
2022-06-26 13:49:51,999 [DEBUG] case 3 need to move position (from op to op position) Green
2022-06-26 13:49:51,999 [DEBUG] Task completed, didn't arrive to location, unwanted situation
2022-06-26 13:49:51,999 [DEBUG] case 3 need to move position (from op to op position) Green
2022-06-26 13:49:52,000 [DEBUG] Task completed, didn't arrive to location, unwanted situation
2022-06-26 13:49:52,000 [DEBUG] case 3 need to move position (from op to op position) Green
2022-06-26 13:49:52,000 [DEBUG] Task completed, didn't arrive to location, unwanted situation
2022-06-26 13:49:52,000 [DEBUG] case 3 need to move position (from op to op position) Green
2022-06-26 13:49:52,000 [DEBUG] Task completed, didn't arrive to location, unwanted situation
2022-06-26 13:49:52,000 [DEBUG] case 3 need to move position (from op to op position) Green
2022-06-26 13:49:52,001 [DEBUG] Task completed, didn't arrive to location, unwanted situation
2022-06-26 13:49:52,001 [DEBUG] case 3 need to move position (from op to op position) Green
2022-06-26 13:49:52,001 [DEBUG] Task completed, didn't arrive to location, unwanted situation
2022-06-26 13:49:52,001 [DEBUG] case 3 need to move position (from op to op position) Green
2022-06-26 13:49:52,001 [DEBUG] Task completed, didn't arrive to location, unwanted situation
2022-06-26 13:49:52,001 [DEBUG] case 2 Green entity arrived to locaionAT_OP movement task completed
2022-06-26 13:49:52,001 [DEBUG] entity: Green changed state to AT_OP arrived to location 999
2022-06-26 13:49:52,002 [DEBUG] case 3 need to move position (from op to op position) Agent
2022-06-26 13:49:52,002 [DEBUG] move entity: Agent to MOVE_TO_OP to location 999
2022-06-26 13:49:52,002 [DEBUG] case 3 need to move position (from op to op position) Green
2022-06-26 13:49:52,002 [DEBUG] move entity: Green to MOVE_TO_OP to location 999
2022-06-26 13:49:53,005 [DEBUG] case 2 Agent entity arrived to locaionAT_OP movement task completed
2022-06-26 13:49:53,005 [DEBUG] entity: Agent changed state to AT_OP arrived to location 999
2022-06-26 13:49:53,005 [DEBUG] case 3 need to move position (from op to op position) Green
2022-06-26 13:49:53,005 [DEBUG] case 2 Agent entity arrived to locaionAT_OP movement task completed
2022-06-26 13:49:53,005 [DEBUG] entity: Agent changed state to AT_OP arrived to location 999
2022-06-26 13:49:53,005 [DEBUG] case 3 need to move position (from op to op position) Green
2022-06-26 13:49:53,006 [DEBUG] case 2 Agent entity arrived to locaionAT_OP movement task completed
2022-06-26 13:49:53,006 [DEBUG] entity: Agent changed state to AT_OP arrived to location 999
2022-06-26 13:49:53,006 [DEBUG] case 3 need to move position (from op to op position) Green
2022-06-26 13:49:53,006 [DEBUG] case 2 Agent entity arrived to locaionAT_OP movement task completed
2022-06-26 13:49:53,006 [DEBUG] entity: Agent changed state to AT_OP arrived to location 999
2022-06-26 13:49:53,006 [DEBUG] case 3 need to move position (from op to op position) Green
2022-06-26 13:49:53,006 [DEBUG] case 2 Agent entity arrived to locaionAT_OP movement task completed
2022-06-26 13:49:53,006 [DEBUG] entity: Agent changed state to AT_OP arrived to location 999
2022-06-26 13:49:53,007 [DEBUG] case 3 need to move position (from op to op position) Green
2022-06-26 13:49:53,007 [DEBUG] case 2 Agent entity arrived to locaionAT_OP movement task completed
2022-06-26 13:49:53,007 [DEBUG] entity: Agent changed state to AT_OP arrived to location 999
2022-06-26 13:49:53,007 [DEBUG] case 3 need to move position (from op to op position) Green
2022-06-26 13:49:53,007 [DEBUG] case 2 Agent entity arrived to locaionAT_OP movement task completed
2022-06-26 13:49:53,007 [DEBUG] entity: Agent changed state to AT_OP arrived to location 999
2022-06-26 13:49:53,007 [DEBUG] case 3 need to move position (from op to op position) Green
2022-06-26 13:49:53,008 [DEBUG] case 2 Agent entity arrived to locaionAT_OP movement task completed
2022-06-26 13:49:53,008 [DEBUG] entity: Agent changed state to AT_OP arrived to location 999
2022-06-26 13:49:53,008 [DEBUG] case 3 need to move position (from op to op position) Green
2022-06-26 13:49:53,008 [DEBUG] case 2 Agent entity arrived to locaionAT_OP movement task completed
2022-06-26 13:49:53,008 [DEBUG] entity: Agent changed state to AT_OP arrived to location 999
2022-06-26 13:49:53,008 [DEBUG] case 3 need to move position (from op to op position) Green
2022-06-26 13:49:53,009 [DEBUG] case 2 Agent entity arrived to locaionAT_OP movement task completed
2022-06-26 13:49:53,009 [DEBUG] entity: Agent changed state to AT_OP arrived to location 999
2022-06-26 13:49:53,009 [DEBUG] case 3 need to move position (from op to op position) Green
2022-06-26 13:49:53,009 [DEBUG] case 2 Agent entity arrived to locaionAT_OP movement task completed
2022-06-26 13:49:53,009 [DEBUG] entity: Agent changed state to AT_OP arrived to location 999
2022-06-26 13:49:53,009 [DEBUG] case 3 need to move position (from op to op position) Green
2022-06-26 13:49:53,009 [DEBUG] case 2 Agent entity arrived to locaionAT_OP movement task completed
2022-06-26 13:49:53,009 [DEBUG] entity: Agent changed state to AT_OP arrived to location 999
2022-06-26 13:49:53,010 [DEBUG] case 3 need to move position (from op to op position) Green
2022-06-26 13:49:53,010 [DEBUG] case 2 Agent entity arrived to locaionAT_OP movement task completed
2022-06-26 13:49:53,010 [DEBUG] entity: Agent changed state to AT_OP arrived to location 999
2022-06-26 13:49:53,010 [DEBUG] case 3 need to move position (from op to op position) Green
2022-06-26 13:49:53,010 [DEBUG] case 2 Agent entity arrived to locaionAT_OP movement task completed
2022-06-26 13:49:53,010 [DEBUG] entity: Agent changed state to AT_OP arrived to location 999
2022-06-26 13:49:53,010 [DEBUG] case 3 need to move position (from op to op position) Green
2022-06-26 13:49:53,011 [DEBUG] case 2 Agent entity arrived to locaionAT_OP movement task completed
2022-06-26 13:49:53,011 [DEBUG] entity: Agent changed state to AT_OP arrived to location 999
2022-06-26 13:49:53,011 [DEBUG] case 3 need to move position (from op to op position) Green
2022-06-26 13:49:53,011 [DEBUG] case 2 Agent entity arrived to locaionAT_OP movement task completed
2022-06-26 13:49:53,011 [DEBUG] entity: Agent changed state to AT_OP arrived to location 999
2022-06-26 13:49:53,011 [DEBUG] case 3 need to move position (from op to op position) Green
2022-06-26 13:49:53,011 [DEBUG] case 2 Agent entity arrived to locaionAT_OP movement task completed
2022-06-26 13:49:53,011 [DEBUG] entity: Agent changed state to AT_OP arrived to location 999
2022-06-26 13:49:53,011 [DEBUG] case 3 need to move position (from op to op position) Green
2022-06-26 13:49:53,012 [DEBUG] case 2 Agent entity arrived to locaionAT_OP movement task completed
2022-06-26 13:49:53,012 [DEBUG] entity: Agent changed state to AT_OP arrived to location 999
2022-06-26 13:49:53,012 [DEBUG] case 2 Green entity arrived to locaionAT_OP movement task completed
2022-06-26 13:49:53,012 [DEBUG] entity: Green changed state to AT_OP arrived to location 999
2022-06-26 13:49:53,012 [DEBUG] case 3 need to move position (from op to op position) Agent
2022-06-26 13:49:53,012 [DEBUG] move entity: Agent to MOVE_TO_OP to location 999
2022-06-26 13:49:53,012 [DEBUG] case 3 need to move position (from op to op position) Green
2022-06-26 13:49:53,013 [DEBUG] move entity: Green to MOVE_TO_OP to location 999
2022-06-26 13:49:54,013 [DEBUG] case 3 need to move position (from op to op position) Agent
2022-06-26 13:49:54,014 [DEBUG] case 3 need to move position (from op to op position) Green
2022-06-26 13:49:54,014 [DEBUG] case 3 need to move position (from op to op position) Agent
2022-06-26 13:49:54,014 [DEBUG] case 3 need to move position (from op to op position) Green
2022-06-26 13:49:54,014 [DEBUG] case 3 need to move position (from op to op position) Agent
2022-06-26 13:49:54,014 [DEBUG] case 3 need to move position (from op to op position) Green
2022-06-26 13:49:54,015 [DEBUG] case 3 need to move position (from op to op position) Agent
2022-06-26 13:49:54,015 [DEBUG] case 3 need to move position (from op to op position) Green
2022-06-26 13:49:54,015 [DEBUG] case 3 need to move position (from op to op position) Agent
2022-06-26 13:49:54,015 [DEBUG] case 3 need to move position (from op to op position) Green
2022-06-26 13:49:54,015 [DEBUG] case 3 need to move position (from op to op position) Agent
2022-06-26 13:49:54,015 [DEBUG] case 3 need to move position (from op to op position) Green
2022-06-26 13:49:54,016 [DEBUG] case 3 need to move position (from op to op position) Agent
2022-06-26 13:49:54,016 [DEBUG] case 3 need to move position (from op to op position) Green
2022-06-26 13:49:54,016 [DEBUG] case 3 need to move position (from op to op position) Agent
2022-06-26 13:49:54,016 [DEBUG] case 3 need to move position (from op to op position) Green
2022-06-26 13:49:54,016 [DEBUG] case 3 need to move position (from op to op position) Agent
2022-06-26 13:49:54,016 [DEBUG] case 3 need to move position (from op to op position) Green
2022-06-26 13:49:54,017 [DEBUG] case 3 need to move position (from op to op position) Agent
2022-06-26 13:49:54,017 [DEBUG] case 3 need to move position (from op to op position) Green
2022-06-26 13:49:54,017 [DEBUG] case 3 need to move position (from op to op position) Agent
2022-06-26 13:49:54,017 [DEBUG] case 3 need to move position (from op to op position) Green
2022-06-26 13:49:54,017 [DEBUG] case 3 need to move position (from op to op position) Agent
2022-06-26 13:49:54,017 [DEBUG] case 3 need to move position (from op to op position) Green
2022-06-26 13:49:54,018 [DEBUG] case 3 need to move position (from op to op position) Agent
2022-06-26 13:49:54,018 [DEBUG] case 3 need to move position (from op to op position) Green
2022-06-26 13:49:54,018 [DEBUG] case 3 need to move position (from op to op position) Agent
2022-06-26 13:49:54,018 [DEBUG] case 3 need to move position (from op to op position) Green
2022-06-26 13:49:54,018 [DEBUG] case 3 need to move position (from op to op position) Agent
2022-06-26 13:49:54,018 [DEBUG] case 3 need to move position (from op to op position) Green
2022-06-26 13:49:54,019 [DEBUG] case 3 need to move position (from op to op position) Agent
2022-06-26 13:49:54,019 [DEBUG] case 3 need to move position (from op to op position) Green
2022-06-26 13:49:54,019 [DEBUG] case 3 need to move position (from op to op position) Agent
2022-06-26 13:49:54,019 [DEBUG] case 3 need to move position (from op to op position) Green
2022-06-26 13:49:54,019 [DEBUG] case 3 need to move position (from op to op position) Agent
2022-06-26 13:49:54,020 [DEBUG] case 3 need to move position (from op to op position) Green
2022-06-26 13:49:54,020 [DEBUG] case 2 Agent entity arrived to locaionAT_OP movement task completed
2022-06-26 13:49:54,020 [DEBUG] entity: Agent changed state to AT_OP arrived to location 999
2022-06-26 13:49:54,020 [DEBUG] case 2 Green entity arrived to locaionAT_OP movement task completed
2022-06-26 13:49:54,020 [DEBUG] entity: Green changed state to AT_OP arrived to location 999
2022-06-26 13:49:54,020 [DEBUG] case 3 need to move position (from op to op position) Agent
2022-06-26 13:49:54,021 [DEBUG] move entity: Agent to MOVE_TO_OP to location 999
2022-06-26 13:49:54,021 [DEBUG] case 3 need to move position (from op to op position) Green
2022-06-26 13:49:54,021 [DEBUG] move entity: Green to MOVE_TO_OP to location 999
2022-06-26 13:49:55,021 [DEBUG] case 3 need to move position (from op to op position) Agent
2022-06-26 13:49:55,022 [DEBUG] case 3 need to move position (from op to op position) Green
2022-06-26 13:49:55,022 [DEBUG] case 3 need to move position (from op to op position) Agent
2022-06-26 13:49:55,022 [DEBUG] case 3 need to move position (from op to op position) Green
2022-06-26 13:49:55,022 [DEBUG] case 3 need to move position (from op to op position) Agent
2022-06-26 13:49:55,022 [DEBUG] case 3 need to move position (from op to op position) Green
2022-06-26 13:49:55,023 [DEBUG] case 3 need to move position (from op to op position) Agent
2022-06-26 13:49:55,023 [DEBUG] case 3 need to move position (from op to op position) Green
2022-06-26 13:49:55,023 [DEBUG] case 3 need to move position (from op to op position) Agent
2022-06-26 13:49:55,023 [DEBUG] case 3 need to move position (from op to op position) Green
2022-06-26 13:49:55,023 [DEBUG] case 3 need to move position (from op to op position) Agent
2022-06-26 13:49:55,023 [DEBUG] case 3 need to move position (from op to op position) Green
2022-06-26 13:49:55,024 [DEBUG] case 3 need to move position (from op to op position) Agent
2022-06-26 13:49:55,024 [DEBUG] case 3 need to move position (from op to op position) Green
2022-06-26 13:49:55,024 [DEBUG] case 3 need to move position (from op to op position) Agent
2022-06-26 13:49:55,024 [DEBUG] case 3 need to move position (from op to op position) Green
2022-06-26 13:49:55,024 [DEBUG] case 3 need to move position (from op to op position) Agent
2022-06-26 13:49:55,024 [DEBUG] case 3 need to move position (from op to op position) Green
2022-06-26 13:49:55,025 [DEBUG] case 3 need to move position (from op to op position) Agent
2022-06-26 13:49:55,025 [DEBUG] case 3 need to move position (from op to op position) Green
2022-06-26 13:49:55,025 [DEBUG] case 3 need to move position (from op to op position) Agent
2022-06-26 13:49:55,025 [DEBUG] case 3 need to move position (from op to op position) Green
2022-06-26 13:49:55,025 [DEBUG] case 3 need to move position (from op to op position) Agent
2022-06-26 13:49:55,025 [DEBUG] case 3 need to move position (from op to op position) Green
2022-06-26 13:49:55,025 [DEBUG] case 3 need to move position (from op to op position) Agent
2022-06-26 13:49:55,025 [DEBUG] case 3 need to move position (from op to op position) Green
2022-06-26 13:49:55,025 [DEBUG] case 3 need to move position (from op to op position) Agent
2022-06-26 13:49:55,026 [DEBUG] case 3 need to move position (from op to op position) Green
2022-06-26 13:49:55,026 [DEBUG] case 3 need to move position (from op to op position) Agent
2022-06-26 13:49:55,026 [DEBUG] case 3 need to move position (from op to op position) Green
2022-06-26 13:49:55,026 [DEBUG] case 3 need to move position (from op to op position) Agent
2022-06-26 13:49:55,026 [DEBUG] case 3 need to move position (from op to op position) Green
2022-06-26 13:49:55,026 [DEBUG] case 3 need to move position (from op to op position) Agent
2022-06-26 13:49:55,026 [DEBUG] case 3 need to move position (from op to op position) Green
2022-06-26 13:49:55,026 [DEBUG] case 3 need to move position (from op to op position) Agent
2022-06-26 13:49:55,027 [DEBUG] case 3 need to move position (from op to op position) Green
2022-06-26 13:49:55,027 [DEBUG] case 3 need to move position (from op to op position) Agent
2022-06-26 13:49:55,027 [DEBUG] case 3 need to move position (from op to op position) Green
2022-06-26 13:49:55,027 [DEBUG] case 2 Agent entity arrived to locaionAT_OP movement task completed
2022-06-26 13:49:55,027 [DEBUG] entity: Agent changed state to AT_OP arrived to location 999
2022-06-26 13:49:55,027 [DEBUG] case 2 Green entity arrived to locaionAT_OP movement task completed
2022-06-26 13:49:55,027 [DEBUG] entity: Green changed state to AT_OP arrived to location 999
2022-06-26 13:49:55,027 [DEBUG] case 3 need to move position (from op to op position) Agent
2022-06-26 13:49:55,027 [DEBUG] move entity: Agent to MOVE_TO_OP to location 999
2022-06-26 13:49:55,028 [DEBUG] case 3 need to move position (from op to op position) Green
2022-06-26 13:49:55,028 [DEBUG] move entity: Green to MOVE_TO_OP to location 999
2022-06-26 13:49:56,029 [DEBUG] case 3 need to move position (from op to op position) Agent
2022-06-26 13:49:56,030 [DEBUG] case 3 need to move position (from op to op position) Green
2022-06-26 13:49:56,030 [DEBUG] case 3 need to move position (from op to op position) Agent
2022-06-26 13:49:56,030 [DEBUG] case 3 need to move position (from op to op position) Green
2022-06-26 13:49:56,030 [DEBUG] case 3 need to move position (from op to op position) Agent
2022-06-26 13:49:56,030 [DEBUG] case 3 need to move position (from op to op position) Green
2022-06-26 13:49:56,031 [DEBUG] case 3 need to move position (from op to op position) Agent
2022-06-26 13:49:56,031 [DEBUG] case 3 need to move position (from op to op position) Green
2022-06-26 13:49:56,031 [DEBUG] case 3 need to move position (from op to op position) Agent
2022-06-26 13:49:56,031 [DEBUG] case 3 need to move position (from op to op position) Green
2022-06-26 13:49:56,031 [DEBUG] case 3 need to move position (from op to op position) Agent
2022-06-26 13:49:56,031 [DEBUG] case 3 need to move position (from op to op position) Green
2022-06-26 13:49:56,032 [DEBUG] case 3 need to move position (from op to op position) Agent
2022-06-26 13:49:56,032 [DEBUG] case 3 need to move position (from op to op position) Green
2022-06-26 13:49:56,032 [DEBUG] case 3 need to move position (from op to op position) Agent
2022-06-26 13:49:56,032 [DEBUG] case 3 need to move position (from op to op position) Green
2022-06-26 13:49:56,032 [DEBUG] case 3 need to move position (from op to op position) Agent
2022-06-26 13:49:56,032 [DEBUG] case 3 need to move position (from op to op position) Green
2022-06-26 13:49:56,033 [DEBUG] case 3 need to move position (from op to op position) Agent
2022-06-26 13:49:56,033 [DEBUG] case 3 need to move position (from op to op position) Green
2022-06-26 13:49:56,033 [DEBUG] case 3 need to move position (from op to op position) Agent
2022-06-26 13:49:56,033 [DEBUG] case 3 need to move position (from op to op position) Green
2022-06-26 13:49:56,033 [DEBUG] case 3 need to move position (from op to op position) Agent
2022-06-26 13:49:56,033 [DEBUG] case 3 need to move position (from op to op position) Green
2022-06-26 13:49:56,034 [DEBUG] case 3 need to move position (from op to op position) Agent
2022-06-26 13:49:56,034 [DEBUG] case 3 need to move position (from op to op position) Green
2022-06-26 13:49:56,034 [DEBUG] case 3 need to move position (from op to op position) Agent
2022-06-26 13:49:56,034 [DEBUG] case 3 need to move position (from op to op position) Green
2022-06-26 13:49:56,034 [DEBUG] case 3 need to move position (from op to op position) Agent
2022-06-26 13:49:56,034 [DEBUG] case 3 need to move position (from op to op position) Green
2022-06-26 13:49:56,035 [DEBUG] case 3 need to move position (from op to op position) Agent
2022-06-26 13:49:56,035 [DEBUG] case 3 need to move position (from op to op position) Green
2022-06-26 13:49:56,035 [DEBUG] case 3 need to move position (from op to op position) Agent
2022-06-26 13:49:56,035 [DEBUG] case 3 need to move position (from op to op position) Green
2022-06-26 13:49:56,035 [DEBUG] case 3 need to move position (from op to op position) Agent
2022-06-26 13:49:56,035 [DEBUG] case 3 need to move position (from op to op position) Green
2022-06-26 13:49:56,036 [DEBUG] case 3 need to move position (from op to op position) Agent
2022-06-26 13:49:56,036 [DEBUG] case 3 need to move position (from op to op position) Green
2022-06-26 13:49:56,036 [DEBUG] case 3 need to move position (from op to op position) Agent
2022-06-26 13:49:56,036 [DEBUG] case 3 need to move position (from op to op position) Green
2022-06-26 13:49:56,036 [DEBUG] case 2 Agent entity arrived to locaionAT_OP movement task completed
2022-06-26 13:49:56,036 [DEBUG] entity: Agent changed state to AT_OP arrived to location 999
2022-06-26 13:49:56,037 [DEBUG] case 2 Green entity arrived to locaionAT_OP movement task completed
2022-06-26 13:49:56,037 [DEBUG] entity: Green changed state to AT_OP arrived to location 999
2022-06-26 13:49:56,037 [DEBUG] case 3 need to move position (from op to op position) Agent
2022-06-26 13:49:56,037 [DEBUG] move entity: Agent to MOVE_TO_OP to location 999
2022-06-26 13:49:56,037 [DEBUG] case 3 need to move position (from op to op position) Green
2022-06-26 13:49:56,038 [DEBUG] move entity: Green to MOVE_TO_OP to location 999
2022-06-26 13:49:57,039 [DEBUG] case 3 need to move position (from op to op position) Agent
2022-06-26 13:49:57,040 [DEBUG] case 3 need to move position (from op to op position) Green
2022-06-26 13:49:57,040 [DEBUG] case 3 need to move position (from op to op position) Agent
2022-06-26 13:49:57,040 [DEBUG] case 3 need to move position (from op to op position) Green
2022-06-26 13:49:57,040 [DEBUG] case 3 need to move position (from op to op position) Agent
2022-06-26 13:49:57,041 [DEBUG] case 3 need to move position (from op to op position) Green
2022-06-26 13:49:57,041 [DEBUG] case 3 need to move position (from op to op position) Agent
2022-06-26 13:49:57,041 [DEBUG] case 3 need to move position (from op to op position) Green
2022-06-26 13:49:57,041 [DEBUG] case 3 need to move position (from op to op position) Agent
2022-06-26 13:49:57,041 [DEBUG] case 3 need to move position (from op to op position) Green
2022-06-26 13:49:57,041 [DEBUG] case 3 need to move position (from op to op position) Agent
2022-06-26 13:49:57,042 [DEBUG] case 3 need to move position (from op to op position) Green
2022-06-26 13:49:57,042 [DEBUG] case 3 need to move position (from op to op position) Agent
2022-06-26 13:49:57,042 [DEBUG] case 3 need to move position (from op to op position) Green
2022-06-26 13:49:57,042 [DEBUG] case 3 need to move position (from op to op position) Agent
2022-06-26 13:49:57,042 [DEBUG] case 3 need to move position (from op to op position) Green
2022-06-26 13:49:57,043 [DEBUG] case 3 need to move position (from op to op position) Agent
2022-06-26 13:49:57,043 [DEBUG] case 3 need to move position (from op to op position) Green
2022-06-26 13:49:57,043 [DEBUG] case 3 need to move position (from op to op position) Agent
2022-06-26 13:49:57,043 [DEBUG] case 3 need to move position (from op to op position) Green
2022-06-26 13:49:57,043 [DEBUG] case 3 need to move position (from op to op position) Agent
2022-06-26 13:49:57,043 [DEBUG] case 3 need to move position (from op to op position) Green
2022-06-26 13:49:57,044 [DEBUG] case 3 need to move position (from op to op position) Agent
2022-06-26 13:49:57,044 [DEBUG] case 3 need to move position (from op to op position) Green
2022-06-26 13:49:57,044 [DEBUG] case 3 need to move position (from op to op position) Agent
2022-06-26 13:49:57,044 [DEBUG] case 3 need to move position (from op to op position) Green
2022-06-26 13:49:57,044 [DEBUG] case 3 need to move position (from op to op position) Agent
2022-06-26 13:49:57,044 [DEBUG] case 3 need to move position (from op to op position) Green
2022-06-26 13:49:57,045 [DEBUG] case 3 need to move position (from op to op position) Agent
2022-06-26 13:49:57,045 [DEBUG] case 3 need to move position (from op to op position) Green
2022-06-26 13:49:57,045 [DEBUG] case 3 need to move position (from op to op position) Agent
2022-06-26 13:49:57,045 [DEBUG] case 3 need to move position (from op to op position) Green
2022-06-26 13:49:57,045 [DEBUG] case 3 need to move position (from op to op position) Agent
2022-06-26 13:49:57,045 [DEBUG] case 3 need to move position (from op to op position) Green
2022-06-26 13:49:57,045 [DEBUG] case 3 need to move position (from op to op position) Agent
2022-06-26 13:49:57,045 [DEBUG] case 3 need to move position (from op to op position) Green
2022-06-26 13:49:57,045 [DEBUG] case 3 need to move position (from op to op position) Agent
2022-06-26 13:49:57,046 [DEBUG] case 3 need to move position (from op to op position) Green
2022-06-26 13:49:57,046 [DEBUG] case 3 need to move position (from op to op position) Agent
2022-06-26 13:49:57,046 [DEBUG] case 3 need to move position (from op to op position) Green
2022-06-26 13:49:57,046 [DEBUG] case 3 need to move position (from op to op position) Agent
2022-06-26 13:49:57,046 [DEBUG] case 3 need to move position (from op to op position) Green
2022-06-26 13:49:57,046 [DEBUG] case 2 Agent entity arrived to locaionAT_OP movement task completed
2022-06-26 13:49:57,046 [DEBUG] entity: Agent changed state to AT_OP arrived to location 999
2022-06-26 13:49:57,046 [DEBUG] case 2 Green entity arrived to locaionAT_OP movement task completed
2022-06-26 13:49:57,046 [DEBUG] entity: Green changed state to AT_OP arrived to location 999
2022-06-26 13:49:57,047 [DEBUG] case 3 need to move position (from op to op position) Agent
2022-06-26 13:49:57,047 [DEBUG] move entity: Agent to MOVE_TO_OP to location 999
2022-06-26 13:49:57,047 [DEBUG] case 3 need to move position (from op to op position) Green
2022-06-26 13:49:57,047 [DEBUG] move entity: Green to MOVE_TO_OP to location 999
2022-06-26 13:49:58,047 [DEBUG] case 3 need to move position (from op to op position) Agent
2022-06-26 13:49:58,048 [DEBUG] case 3 need to move position (from op to op position) Green
2022-06-26 13:49:58,048 [DEBUG] case 3 need to move position (from op to op position) Agent
2022-06-26 13:49:58,048 [DEBUG] case 3 need to move position (from op to op position) Green
2022-06-26 13:49:58,048 [DEBUG] case 3 need to move position (from op to op position) Agent
2022-06-26 13:49:58,048 [DEBUG] case 3 need to move position (from op to op position) Green
2022-06-26 13:49:58,049 [DEBUG] case 3 need to move position (from op to op position) Agent
2022-06-26 13:49:58,049 [DEBUG] case 3 need to move position (from op to op position) Green
2022-06-26 13:49:58,049 [DEBUG] case 3 need to move position (from op to op position) Agent
2022-06-26 13:49:58,049 [DEBUG] case 3 need to move position (from op to op position) Green
2022-06-26 13:49:58,049 [DEBUG] case 3 need to move position (from op to op position) Agent
2022-06-26 13:49:58,049 [DEBUG] case 3 need to move position (from op to op position) Green
2022-06-26 13:49:58,050 [DEBUG] case 3 need to move position (from op to op position) Agent
2022-06-26 13:49:58,050 [DEBUG] case 3 need to move position (from op to op position) Green
2022-06-26 13:49:58,050 [DEBUG] case 3 need to move position (from op to op position) Agent
2022-06-26 13:49:58,050 [DEBUG] case 3 need to move position (from op to op position) Green
2022-06-26 13:49:58,050 [DEBUG] case 3 need to move position (from op to op position) Agent
2022-06-26 13:49:58,050 [DEBUG] case 3 need to move position (from op to op position) Green
2022-06-26 13:49:58,051 [DEBUG] case 3 need to move position (from op to op position) Agent
2022-06-26 13:49:58,051 [DEBUG] case 3 need to move position (from op to op position) Green
2022-06-26 13:49:58,051 [DEBUG] case 3 need to move position (from op to op position) Agent
2022-06-26 13:49:58,051 [DEBUG] case 3 need to move position (from op to op position) Green
2022-06-26 13:49:58,051 [DEBUG] case 3 need to move position (from op to op position) Agent
2022-06-26 13:49:58,051 [DEBUG] case 3 need to move position (from op to op position) Green
2022-06-26 13:49:58,052 [DEBUG] case 3 need to move position (from op to op position) Agent
2022-06-26 13:49:58,052 [DEBUG] case 3 need to move position (from op to op position) Green
2022-06-26 13:49:58,052 [DEBUG] case 3 need to move position (from op to op position) Agent
2022-06-26 13:49:58,052 [DEBUG] case 3 need to move position (from op to op position) Green
2022-06-26 13:49:58,052 [DEBUG] case 3 need to move position (from op to op position) Agent
2022-06-26 13:49:58,052 [DEBUG] case 3 need to move position (from op to op position) Green
2022-06-26 13:49:58,053 [DEBUG] case 3 need to move position (from op to op position) Agent
2022-06-26 13:49:58,053 [DEBUG] case 3 need to move position (from op to op position) Green
2022-06-26 13:49:58,053 [DEBUG] case 3 need to move position (from op to op position) Agent
2022-06-26 13:49:58,053 [DEBUG] case 3 need to move position (from op to op position) Green
2022-06-26 13:49:58,053 [DEBUG] case 3 need to move position (from op to op position) Agent
2022-06-26 13:49:58,053 [DEBUG] case 3 need to move position (from op to op position) Green
2022-06-26 13:49:58,054 [DEBUG] case 3 need to move position (from op to op position) Agent
2022-06-26 13:49:58,054 [DEBUG] case 3 need to move position (from op to op position) Green
2022-06-26 13:49:58,054 [DEBUG] case 3 need to move position (from op to op position) Agent
2022-06-26 13:49:58,054 [DEBUG] case 3 need to move position (from op to op position) Green
2022-06-26 13:49:58,054 [DEBUG] case 3 need to move position (from op to op position) Agent
2022-06-26 13:49:58,054 [DEBUG] case 3 need to move position (from op to op position) Green
2022-06-26 13:49:58,055 [DEBUG] case 3 need to move position (from op to op position) Agent
2022-06-26 13:49:58,055 [DEBUG] case 3 need to move position (from op to op position) Green
2022-06-26 13:49:58,055 [DEBUG] case 2 Agent entity arrived to locaionAT_OP movement task completed
2022-06-26 13:49:58,055 [DEBUG] entity: Agent changed state to AT_OP arrived to location 999
2022-06-26 13:49:58,055 [DEBUG] case 2 Green entity arrived to locaionAT_OP movement task completed
2022-06-26 13:49:58,055 [DEBUG] entity: Green changed state to AT_OP arrived to location 999
2022-06-26 13:49:58,055 [DEBUG] case 3 need to move position (from op to op position) Agent
2022-06-26 13:49:58,056 [DEBUG] move entity: Agent to MOVE_TO_OP to location 999
2022-06-26 13:49:58,056 [DEBUG] case 3 need to move position (from op to op position) Green
2022-06-26 13:49:58,056 [DEBUG] move entity: Green to MOVE_TO_OP to location 999
2022-06-26 13:49:59,057 [DEBUG] case 3 need to move position (from op to op position) Agent
2022-06-26 13:49:59,058 [DEBUG] case 3 need to move position (from op to op position) Green
2022-06-26 13:49:59,058 [DEBUG] case 3 need to move position (from op to op position) Agent
2022-06-26 13:49:59,058 [DEBUG] case 3 need to move position (from op to op position) Green
2022-06-26 13:49:59,058 [DEBUG] case 3 need to move position (from op to op position) Agent
2022-06-26 13:49:59,058 [DEBUG] case 3 need to move position (from op to op position) Green
2022-06-26 13:49:59,059 [DEBUG] case 3 need to move position (from op to op position) Agent
2022-06-26 13:49:59,059 [DEBUG] case 3 need to move position (from op to op position) Green
2022-06-26 13:49:59,059 [DEBUG] case 3 need to move position (from op to op position) Agent
2022-06-26 13:49:59,059 [DEBUG] case 3 need to move position (from op to op position) Green
2022-06-26 13:49:59,059 [DEBUG] case 3 need to move position (from op to op position) Agent
2022-06-26 13:49:59,059 [DEBUG] case 3 need to move position (from op to op position) Green
2022-06-26 13:49:59,060 [DEBUG] case 3 need to move position (from op to op position) Agent
2022-06-26 13:49:59,060 [DEBUG] case 3 need to move position (from op to op position) Green
2022-06-26 13:49:59,060 [DEBUG] case 3 need to move position (from op to op position) Agent
2022-06-26 13:49:59,060 [DEBUG] case 3 need to move position (from op to op position) Green
2022-06-26 13:49:59,060 [DEBUG] case 3 need to move position (from op to op position) Agent
2022-06-26 13:49:59,060 [DEBUG] case 3 need to move position (from op to op position) Green
2022-06-26 13:49:59,061 [DEBUG] case 3 need to move position (from op to op position) Agent
2022-06-26 13:49:59,061 [DEBUG] case 3 need to move position (from op to op position) Green
2022-06-26 13:49:59,061 [DEBUG] case 3 need to move position (from op to op position) Agent
2022-06-26 13:49:59,061 [DEBUG] case 3 need to move position (from op to op position) Green
2022-06-26 13:49:59,061 [DEBUG] case 3 need to move position (from op to op position) Agent
2022-06-26 13:49:59,061 [DEBUG] case 3 need to move position (from op to op position) Green
2022-06-26 13:49:59,062 [DEBUG] case 3 need to move position (from op to op position) Agent
2022-06-26 13:49:59,062 [DEBUG] case 3 need to move position (from op to op position) Green
2022-06-26 13:49:59,062 [DEBUG] case 3 need to move position (from op to op position) Agent
2022-06-26 13:49:59,062 [DEBUG] case 3 need to move position (from op to op position) Green
2022-06-26 13:49:59,062 [DEBUG] case 3 need to move position (from op to op position) Agent
2022-06-26 13:49:59,062 [DEBUG] case 3 need to move position (from op to op position) Green
2022-06-26 13:49:59,063 [DEBUG] case 3 need to move position (from op to op position) Agent
2022-06-26 13:49:59,063 [DEBUG] case 3 need to move position (from op to op position) Green
2022-06-26 13:49:59,063 [DEBUG] case 3 need to move position (from op to op position) Agent
2022-06-26 13:49:59,063 [DEBUG] case 3 need to move position (from op to op position) Green
2022-06-26 13:49:59,063 [DEBUG] case 3 need to move position (from op to op position) Agent
2022-06-26 13:49:59,063 [DEBUG] case 3 need to move position (from op to op position) Green
2022-06-26 13:49:59,063 [DEBUG] case 3 need to move position (from op to op position) Agent
2022-06-26 13:49:59,063 [DEBUG] case 3 need to move position (from op to op position) Green
2022-06-26 13:49:59,063 [DEBUG] case 3 need to move position (from op to op position) Agent
2022-06-26 13:49:59,063 [DEBUG] case 3 need to move position (from op to op position) Green
2022-06-26 13:49:59,063 [DEBUG] case 3 need to move position (from op to op position) Agent
2022-06-26 13:49:59,063 [DEBUG] case 3 need to move position (from op to op position) Green
2022-06-26 13:49:59,063 [DEBUG] case 3 need to move position (from op to op position) Agent
2022-06-26 13:49:59,063 [DEBUG] case 3 need to move position (from op to op position) Green
2022-06-26 13:49:59,063 [DEBUG] case 3 need to move position (from op to op position) Agent
2022-06-26 13:49:59,064 [DEBUG] case 3 need to move position (from op to op position) Green
2022-06-26 13:49:59,064 [DEBUG] case 2 Agent entity arrived to locaionAT_OP movement task completed
2022-06-26 13:49:59,064 [DEBUG] entity: Agent changed state to AT_OP arrived to location 999
2022-06-26 13:49:59,064 [DEBUG] case 2 Green entity arrived to locaionAT_OP movement task completed
2022-06-26 13:49:59,064 [DEBUG] entity: Green changed state to AT_OP arrived to location 999
2022-06-26 13:49:59,064 [DEBUG] case 3 need to move position (from op to op position) Agent
2022-06-26 13:49:59,064 [DEBUG] move entity: Agent to MOVE_TO_OP to location 999
2022-06-26 13:49:59,064 [DEBUG] case 3 need to move position (from op to op position) Green
2022-06-26 13:49:59,065 [DEBUG] move entity: Green to MOVE_TO_OP to location 999
2022-06-26 13:50:00,066 [DEBUG] case 3 need to move position (from op to op position) Agent
2022-06-26 13:50:00,067 [DEBUG] case 3 need to move position (from op to op position) Green
2022-06-26 13:50:00,067 [DEBUG] case 3 need to move position (from op to op position) Agent
2022-06-26 13:50:00,067 [DEBUG] case 3 need to move position (from op to op position) Green
2022-06-26 13:50:00,067 [DEBUG] case 3 need to move position (from op to op position) Agent
2022-06-26 13:50:00,067 [DEBUG] case 3 need to move position (from op to op position) Green
2022-06-26 13:50:00,068 [DEBUG] case 3 need to move position (from op to op position) Agent
2022-06-26 13:50:00,068 [DEBUG] case 3 need to move position (from op to op position) Green
2022-06-26 13:50:00,068 [DEBUG] case 3 need to move position (from op to op position) Agent
2022-06-26 13:50:00,068 [DEBUG] case 3 need to move position (from op to op position) Green
2022-06-26 13:50:00,068 [DEBUG] case 3 need to move position (from op to op position) Agent
2022-06-26 13:50:00,068 [DEBUG] case 3 need to move position (from op to op position) Green
2022-06-26 13:50:00,069 [DEBUG] case 3 need to move position (from op to op position) Agent
2022-06-26 13:50:00,069 [DEBUG] case 3 need to move position (from op to op position) Green
2022-06-26 13:50:00,069 [DEBUG] case 3 need to move position (from op to op position) Agent
2022-06-26 13:50:00,069 [DEBUG] case 3 need to move position (from op to op position) Green
2022-06-26 13:50:00,069 [DEBUG] case 3 need to move position (from op to op position) Agent
2022-06-26 13:50:00,069 [DEBUG] case 3 need to move position (from op to op position) Green
2022-06-26 13:50:00,070 [DEBUG] case 3 need to move position (from op to op position) Agent
2022-06-26 13:50:00,070 [DEBUG] case 3 need to move position (from op to op position) Green
2022-06-26 13:50:00,070 [DEBUG] case 3 need to move position (from op to op position) Agent
2022-06-26 13:50:00,070 [DEBUG] case 3 need to move position (from op to op position) Green
2022-06-26 13:50:00,070 [DEBUG] case 3 need to move position (from op to op position) Agent
2022-06-26 13:50:00,070 [DEBUG] case 3 need to move position (from op to op position) Green
2022-06-26 13:50:00,071 [DEBUG] case 3 need to move position (from op to op position) Agent
2022-06-26 13:50:00,071 [DEBUG] case 3 need to move position (from op to op position) Green
2022-06-26 13:50:00,071 [DEBUG] case 3 need to move position (from op to op position) Agent
2022-06-26 13:50:00,071 [DEBUG] case 3 need to move position (from op to op position) Green
2022-06-26 13:50:00,071 [DEBUG] case 3 need to move position (from op to op position) Agent
2022-06-26 13:50:00,071 [DEBUG] case 3 need to move position (from op to op position) Green
2022-06-26 13:50:00,072 [DEBUG] case 3 need to move position (from op to op position) Agent
2022-06-26 13:50:00,072 [DEBUG] case 3 need to move position (from op to op position) Green
2022-06-26 13:50:00,072 [DEBUG] case 3 need to move position (from op to op position) Agent
2022-06-26 13:50:00,072 [DEBUG] case 3 need to move position (from op to op position) Green
2022-06-26 13:50:00,072 [DEBUG] case 3 need to move position (from op to op position) Agent
2022-06-26 13:50:00,072 [DEBUG] case 3 need to move position (from op to op position) Green
2022-06-26 13:50:00,073 [DEBUG] case 3 need to move position (from op to op position) Agent
2022-06-26 13:50:00,073 [DEBUG] case 3 need to move position (from op to op position) Green
2022-06-26 13:50:00,073 [DEBUG] case 3 need to move position (from op to op position) Agent
2022-06-26 13:50:00,073 [DEBUG] case 3 need to move position (from op to op position) Green
2022-06-26 13:50:00,073 [DEBUG] case 3 need to move position (from op to op position) Agent
2022-06-26 13:50:00,073 [DEBUG] case 3 need to move position (from op to op position) Green
2022-06-26 13:50:00,074 [DEBUG] case 3 need to move position (from op to op position) Agent
2022-06-26 13:50:00,074 [DEBUG] case 3 need to move position (from op to op position) Green
2022-06-26 13:50:00,074 [DEBUG] case 3 need to move position (from op to op position) Agent
2022-06-26 13:50:00,074 [DEBUG] case 3 need to move position (from op to op position) Green
2022-06-26 13:50:00,074 [DEBUG] case 3 need to move position (from op to op position) Agent
2022-06-26 13:50:00,074 [DEBUG] case 3 need to move position (from op to op position) Green
2022-06-26 13:50:00,074 [DEBUG] case 2 Agent entity arrived to locaionAT_OP movement task completed
2022-06-26 13:50:00,075 [DEBUG] entity: Agent changed state to AT_OP arrived to location 999
2022-06-26 13:50:00,075 [DEBUG] case 2 Green entity arrived to locaionAT_OP movement task completed
2022-06-26 13:50:00,075 [DEBUG] entity: Green changed state to AT_OP arrived to location 999
2022-06-26 13:50:00,075 [DEBUG] case 3 need to move position (from op to op position) Agent
2022-06-26 13:50:00,075 [DEBUG] move entity: Agent to MOVE_TO_OP to location 999
2022-06-26 13:50:00,075 [DEBUG] case 3 need to move position (from op to op position) Green
2022-06-26 13:50:00,075 [DEBUG] move entity: Green to MOVE_TO_OP to location 999
2022-06-26 13:50:01,077 [DEBUG] case 3 need to move position (from op to op position) Agent
2022-06-26 13:50:01,078 [DEBUG] case 3 need to move position (from op to op position) Green
2022-06-26 13:50:01,078 [DEBUG] case 3 need to move position (from op to op position) Agent
2022-06-26 13:50:01,078 [DEBUG] case 3 need to move position (from op to op position) Green
2022-06-26 13:50:01,078 [DEBUG] case 3 need to move position (from op to op position) Agent
2022-06-26 13:50:01,078 [DEBUG] case 3 need to move position (from op to op position) Green
2022-06-26 13:50:01,079 [DEBUG] case 3 need to move position (from op to op position) Agent
2022-06-26 13:50:01,079 [DEBUG] case 3 need to move position (from op to op position) Green
2022-06-26 13:50:01,079 [DEBUG] case 3 need to move position (from op to op position) Agent
2022-06-26 13:50:01,079 [DEBUG] case 3 need to move position (from op to op position) Green
2022-06-26 13:50:01,079 [DEBUG] case 3 need to move position (from op to op position) Agent
2022-06-26 13:50:01,079 [DEBUG] case 3 need to move position (from op to op position) Green
2022-06-26 13:50:01,080 [DEBUG] case 3 need to move position (from op to op position) Agent
2022-06-26 13:50:01,080 [DEBUG] case 3 need to move position (from op to op position) Green
2022-06-26 13:50:01,080 [DEBUG] case 3 need to move position (from op to op position) Agent
2022-06-26 13:50:01,080 [DEBUG] case 3 need to move position (from op to op position) Green
2022-06-26 13:50:01,080 [DEBUG] case 3 need to move position (from op to op position) Agent
2022-06-26 13:50:01,080 [DEBUG] case 3 need to move position (from op to op position) Green
2022-06-26 13:50:01,081 [DEBUG] case 3 need to move position (from op to op position) Agent
2022-06-26 13:50:01,081 [DEBUG] case 3 need to move position (from op to op position) Green
2022-06-26 13:50:01,081 [DEBUG] case 3 need to move position (from op to op position) Agent
2022-06-26 13:50:01,081 [DEBUG] case 3 need to move position (from op to op position) Green
2022-06-26 13:50:01,081 [DEBUG] case 3 need to move position (from op to op position) Agent
2022-06-26 13:50:01,081 [DEBUG] case 3 need to move position (from op to op position) Green
2022-06-26 13:50:01,082 [DEBUG] case 3 need to move position (from op to op position) Agent
2022-06-26 13:50:01,082 [DEBUG] case 3 need to move position (from op to op position) Green
2022-06-26 13:50:01,082 [DEBUG] case 3 need to move position (from op to op position) Agent
2022-06-26 13:50:01,082 [DEBUG] case 3 need to move position (from op to op position) Green
2022-06-26 13:50:01,082 [DEBUG] case 3 need to move position (from op to op position) Agent
2022-06-26 13:50:01,082 [DEBUG] case 3 need to move position (from op to op position) Green
2022-06-26 13:50:01,083 [DEBUG] case 3 need to move position (from op to op position) Agent
2022-06-26 13:50:01,083 [DEBUG] case 3 need to move position (from op to op position) Green
2022-06-26 13:50:01,083 [DEBUG] case 3 need to move position (from op to op position) Agent
2022-06-26 13:50:01,083 [DEBUG] case 3 need to move position (from op to op position) Green
2022-06-26 13:50:01,083 [DEBUG] case 3 need to move position (from op to op position) Agent
2022-06-26 13:50:01,083 [DEBUG] case 3 need to move position (from op to op position) Green
2022-06-26 13:50:01,083 [DEBUG] case 3 need to move position (from op to op position) Agent
2022-06-26 13:50:01,083 [DEBUG] case 3 need to move position (from op to op position) Green
2022-06-26 13:50:01,083 [DEBUG] case 3 need to move position (from op to op position) Agent
2022-06-26 13:50:01,084 [DEBUG] case 3 need to move position (from op to op position) Green
2022-06-26 13:50:01,084 [DEBUG] case 3 need to move position (from op to op position) Agent
2022-06-26 13:50:01,084 [DEBUG] case 3 need to move position (from op to op position) Green
2022-06-26 13:50:01,084 [DEBUG] case 3 need to move position (from op to op position) Agent
2022-06-26 13:50:01,084 [DEBUG] case 3 need to move position (from op to op position) Green
2022-06-26 13:50:01,084 [DEBUG] case 3 need to move position (from op to op position) Agent
2022-06-26 13:50:01,084 [DEBUG] case 3 need to move position (from op to op position) Green
2022-06-26 13:50:01,084 [DEBUG] case 3 need to move position (from op to op position) Agent
2022-06-26 13:50:01,085 [DEBUG] case 3 need to move position (from op to op position) Green
2022-06-26 13:50:01,085 [DEBUG] case 3 need to move position (from op to op position) Agent
2022-06-26 13:50:01,085 [DEBUG] case 3 need to move position (from op to op position) Green
2022-06-26 13:50:01,085 [DEBUG] case 2 Agent entity arrived to locaionAT_OP movement task completed
2022-06-26 13:50:01,085 [DEBUG] entity: Agent changed state to AT_OP arrived to location 999
2022-06-26 13:50:01,085 [DEBUG] case 2 Green entity arrived to locaionAT_OP movement task completed
2022-06-26 13:50:01,085 [DEBUG] entity: Green changed state to AT_OP arrived to location 999
2022-06-26 13:50:01,085 [DEBUG] case 3 need to move position (from op to op position) Agent
2022-06-26 13:50:01,086 [DEBUG] move entity: Agent to MOVE_TO_OP to location 999
2022-06-26 13:50:01,086 [DEBUG] case 3 need to move position (from op to op position) Green
2022-06-26 13:50:01,086 [DEBUG] move entity: Green to MOVE_TO_OP to location 999
2022-06-26 13:50:02,086 [DEBUG] case 3 need to move position (from op to op position) Agent
2022-06-26 13:50:02,086 [DEBUG] case 3 need to move position (from op to op position) Green
2022-06-26 13:50:02,087 [DEBUG] case 3 need to move position (from op to op position) Agent
2022-06-26 13:50:02,087 [DEBUG] case 3 need to move position (from op to op position) Green
2022-06-26 13:50:02,087 [DEBUG] case 3 need to move position (from op to op position) Agent
2022-06-26 13:50:02,087 [DEBUG] case 3 need to move position (from op to op position) Green
2022-06-26 13:50:02,087 [DEBUG] case 3 need to move position (from op to op position) Agent
2022-06-26 13:50:02,087 [DEBUG] case 3 need to move position (from op to op position) Green
2022-06-26 13:50:02,087 [DEBUG] case 3 need to move position (from op to op position) Agent
2022-06-26 13:50:02,087 [DEBUG] case 3 need to move position (from op to op position) Green
2022-06-26 13:50:02,088 [DEBUG] case 3 need to move position (from op to op position) Agent
2022-06-26 13:50:02,088 [DEBUG] case 3 need to move position (from op to op position) Green
2022-06-26 13:50:02,088 [DEBUG] case 3 need to move position (from op to op position) Agent
2022-06-26 13:50:02,088 [DEBUG] case 3 need to move position (from op to op position) Green
2022-06-26 13:50:02,088 [DEBUG] case 3 need to move position (from op to op position) Agent
2022-06-26 13:50:02,088 [DEBUG] case 3 need to move position (from op to op position) Green
2022-06-26 13:50:02,088 [DEBUG] case 3 need to move position (from op to op position) Agent
2022-06-26 13:50:02,088 [DEBUG] case 3 need to move position (from op to op position) Green
2022-06-26 13:50:02,089 [DEBUG] case 3 need to move position (from op to op position) Agent
2022-06-26 13:50:02,089 [DEBUG] case 3 need to move position (from op to op position) Green
2022-06-26 13:50:02,089 [DEBUG] case 3 need to move position (from op to op position) Agent
2022-06-26 13:50:02,089 [DEBUG] case 3 need to move position (from op to op position) Green
2022-06-26 13:50:02,089 [DEBUG] case 3 need to move position (from op to op position) Agent
2022-06-26 13:50:02,089 [DEBUG] case 3 need to move position (from op to op position) Green
2022-06-26 13:50:02,089 [DEBUG] case 3 need to move position (from op to op position) Agent
2022-06-26 13:50:02,089 [DEBUG] case 3 need to move position (from op to op position) Green
2022-06-26 13:50:02,090 [DEBUG] case 3 need to move position (from op to op position) Agent
2022-06-26 13:50:02,090 [DEBUG] case 3 need to move position (from op to op position) Green
2022-06-26 13:50:02,090 [DEBUG] case 3 need to move position (from op to op position) Agent
2022-06-26 13:50:02,090 [DEBUG] case 3 need to move position (from op to op position) Green
2022-06-26 13:50:02,090 [DEBUG] case 3 need to move position (from op to op position) Agent
2022-06-26 13:50:02,090 [DEBUG] case 3 need to move position (from op to op position) Green
2022-06-26 13:50:02,090 [DEBUG] case 3 need to move position (from op to op position) Agent
2022-06-26 13:50:02,090 [DEBUG] case 3 need to move position (from op to op position) Green
2022-06-26 13:50:02,091 [DEBUG] case 3 need to move position (from op to op position) Agent
2022-06-26 13:50:02,091 [DEBUG] case 3 need to move position (from op to op position) Green
2022-06-26 13:50:02,091 [DEBUG] case 3 need to move position (from op to op position) Agent
2022-06-26 13:50:02,091 [DEBUG] case 3 need to move position (from op to op position) Green
2022-06-26 13:50:02,091 [DEBUG] case 3 need to move position (from op to op position) Agent
2022-06-26 13:50:02,091 [DEBUG] case 3 need to move position (from op to op position) Green
2022-06-26 13:50:02,091 [DEBUG] case 3 need to move position (from op to op position) Agent
2022-06-26 13:50:02,091 [DEBUG] case 3 need to move position (from op to op position) Green
2022-06-26 13:50:02,092 [DEBUG] case 3 need to move position (from op to op position) Agent
2022-06-26 13:50:02,092 [DEBUG] case 3 need to move position (from op to op position) Green
2022-06-26 13:50:02,092 [DEBUG] case 3 need to move position (from op to op position) Agent
2022-06-26 13:50:02,092 [DEBUG] case 3 need to move position (from op to op position) Green
2022-06-26 13:50:02,092 [DEBUG] case 3 need to move position (from op to op position) Agent
2022-06-26 13:50:02,092 [DEBUG] case 3 need to move position (from op to op position) Green
2022-06-26 13:50:02,092 [DEBUG] case 3 need to move position (from op to op position) Agent
2022-06-26 13:50:02,092 [DEBUG] case 3 need to move position (from op to op position) Green
2022-06-26 13:50:02,093 [DEBUG] case 3 need to move position (from op to op position) Agent
2022-06-26 13:50:02,093 [DEBUG] case 3 need to move position (from op to op position) Green
2022-06-26 13:50:02,093 [DEBUG] case 2 Agent entity arrived to locaionAT_OP movement task completed
2022-06-26 13:50:02,093 [DEBUG] entity: Agent changed state to AT_OP arrived to location 999
2022-06-26 13:50:02,093 [DEBUG] case 2 Green entity arrived to locaionAT_OP movement task completed
2022-06-26 13:50:02,093 [DEBUG] entity: Green changed state to AT_OP arrived to location 999
2022-06-26 13:50:02,093 [DEBUG] case 3 need to move position (from op to op position) Agent
2022-06-26 13:50:02,093 [DEBUG] move entity: Agent to MOVE_TO_OP to location 999
2022-06-26 13:50:02,094 [DEBUG] case 3 need to move position (from op to op position) Green
2022-06-26 13:50:02,094 [DEBUG] move entity: Green to MOVE_TO_OP to location 999
2022-06-26 13:50:03,094 [DEBUG] case 3 need to move position (from op to op position) Agent
2022-06-26 13:50:03,095 [DEBUG] case 3 need to move position (from op to op position) Green
2022-06-26 13:50:03,095 [DEBUG] case 3 need to move position (from op to op position) Agent
2022-06-26 13:50:03,095 [DEBUG] case 3 need to move position (from op to op position) Green
2022-06-26 13:50:03,095 [DEBUG] case 3 need to move position (from op to op position) Agent
2022-06-26 13:50:03,095 [DEBUG] case 3 need to move position (from op to op position) Green
2022-06-26 13:50:03,096 [DEBUG] case 3 need to move position (from op to op position) Agent
2022-06-26 13:50:03,096 [DEBUG] case 3 need to move position (from op to op position) Green
2022-06-26 13:50:03,096 [DEBUG] case 3 need to move position (from op to op position) Agent
2022-06-26 13:50:03,096 [DEBUG] case 3 need to move position (from op to op position) Green
2022-06-26 13:50:03,096 [DEBUG] case 3 need to move position (from op to op position) Agent
2022-06-26 13:50:03,096 [DEBUG] case 3 need to move position (from op to op position) Green
2022-06-26 13:50:03,097 [DEBUG] case 3 need to move position (from op to op position) Agent
2022-06-26 13:50:03,097 [DEBUG] case 3 need to move position (from op to op position) Green
2022-06-26 13:50:03,097 [DEBUG] case 3 need to move position (from op to op position) Agent
2022-06-26 13:50:03,097 [DEBUG] case 3 need to move position (from op to op position) Green
2022-06-26 13:50:03,097 [DEBUG] case 3 need to move position (from op to op position) Agent
2022-06-26 13:50:03,097 [DEBUG] case 3 need to move position (from op to op position) Green
2022-06-26 13:50:03,098 [DEBUG] case 3 need to move position (from op to op position) Agent
2022-06-26 13:50:03,098 [DEBUG] case 3 need to move position (from op to op position) Green
2022-06-26 13:50:03,098 [DEBUG] case 3 need to move position (from op to op position) Agent
2022-06-26 13:50:03,098 [DEBUG] case 3 need to move position (from op to op position) Green
2022-06-26 13:50:03,098 [DEBUG] case 3 need to move position (from op to op position) Agent
2022-06-26 13:50:03,098 [DEBUG] case 3 need to move position (from op to op position) Green
2022-06-26 13:50:03,099 [DEBUG] case 3 need to move position (from op to op position) Agent
2022-06-26 13:50:03,099 [DEBUG] case 3 need to move position (from op to op position) Green
2022-06-26 13:50:03,099 [DEBUG] case 3 need to move position (from op to op position) Agent
2022-06-26 13:50:03,099 [DEBUG] case 3 need to move position (from op to op position) Green
2022-06-26 13:50:03,099 [DEBUG] case 3 need to move position (from op to op position) Agent
2022-06-26 13:50:03,099 [DEBUG] case 3 need to move position (from op to op position) Green
2022-06-26 13:50:03,100 [DEBUG] case 3 need to move position (from op to op position) Agent
2022-06-26 13:50:03,100 [DEBUG] case 3 need to move position (from op to op position) Green
2022-06-26 13:50:03,100 [DEBUG] case 3 need to move position (from op to op position) Agent
2022-06-26 13:50:03,100 [DEBUG] case 3 need to move position (from op to op position) Green
2022-06-26 13:50:03,100 [DEBUG] case 3 need to move position (from op to op position) Agent
2022-06-26 13:50:03,100 [DEBUG] case 3 need to move position (from op to op position) Green
2022-06-26 13:50:03,101 [DEBUG] case 3 need to move position (from op to op position) Agent
2022-06-26 13:50:03,101 [DEBUG] case 3 need to move position (from op to op position) Green
2022-06-26 13:50:03,101 [DEBUG] case 3 need to move position (from op to op position) Agent
2022-06-26 13:50:03,101 [DEBUG] case 3 need to move position (from op to op position) Green
2022-06-26 13:50:03,101 [DEBUG] case 3 need to move position (from op to op position) Agent
2022-06-26 13:50:03,102 [DEBUG] case 3 need to move position (from op to op position) Green
2022-06-26 13:50:03,102 [DEBUG] case 3 need to move position (from op to op position) Agent
2022-06-26 13:50:03,102 [DEBUG] case 3 need to move position (from op to op position) Green
2022-06-26 13:50:03,102 [DEBUG] case 3 need to move position (from op to op position) Agent
2022-06-26 13:50:03,102 [DEBUG] case 3 need to move position (from op to op position) Green
2022-06-26 13:50:03,102 [DEBUG] case 3 need to move position (from op to op position) Agent
2022-06-26 13:50:03,103 [DEBUG] case 3 need to move position (from op to op position) Green
2022-06-26 13:50:03,103 [DEBUG] case 3 need to move position (from op to op position) Agent
2022-06-26 13:50:03,103 [DEBUG] case 3 need to move position (from op to op position) Green
2022-06-26 13:50:03,103 [DEBUG] case 3 need to move position (from op to op position) Agent
2022-06-26 13:50:03,103 [DEBUG] case 3 need to move position (from op to op position) Green
2022-06-26 13:50:03,103 [DEBUG] case 3 need to move position (from op to op position) Agent
2022-06-26 13:50:03,103 [DEBUG] case 3 need to move position (from op to op position) Green
2022-06-26 13:50:03,103 [DEBUG] case 2 Agent entity arrived to locaionAT_OP movement task completed
2022-06-26 13:50:03,103 [DEBUG] entity: Agent changed state to AT_OP arrived to location 999
2022-06-26 13:50:03,104 [DEBUG] case 2 Green entity arrived to locaionAT_OP movement task completed
2022-06-26 13:50:03,104 [DEBUG] entity: Green changed state to AT_OP arrived to location 999
2022-06-26 13:50:03,104 [DEBUG] case 3 need to move position (from op to op position) Agent
2022-06-26 13:50:03,104 [DEBUG] move entity: Agent to MOVE_TO_OP to location 999
2022-06-26 13:50:03,104 [DEBUG] case 3 need to move position (from op to op position) Green
2022-06-26 13:50:03,104 [DEBUG] move entity: Green to MOVE_TO_OP to location 999
