2022-06-26 14:45:12,548 [INFO] Initializing RFSM 
2022-06-26 14:45:12,723 [DEBUG] Communicator is initialized
2022-06-26 14:45:12,723 [DEBUG] running in vrf mode
2022-06-26 14:45:12,723 [DEBUG] RFSMManager is initialized
2022-06-26 14:45:12,723 [INFO] RFSM initialized
2022-06-26 14:45:12,723 [DEBUG] SpawnManager_Nadav is initialized
2022-06-26 14:45:14,725 [DEBUG] Get Forces local 
2022-06-26 14:45:20,931 [DEBUG] case 3 need to move position (from op to op position) Agent
2022-06-26 14:45:20,932 [DEBUG] move entity: Agent to MOVE_TO_OP to location 999
2022-06-26 14:45:30,953 [DEBUG] case 2 Agent entity arrived to locaionAT_OP movement task completed
2022-06-26 14:45:30,954 [DEBUG] entity: Agent changed state to AT_OP arrived to location 999
2022-06-26 14:45:30,954 [DEBUG] case 2 Agent entity arrived to locaionAT_OP movement task completed
2022-06-26 14:45:30,954 [DEBUG] entity: Agent changed state to AT_OP arrived to location -1
2022-06-26 14:45:30,955 [DEBUG] case 2 Agent entity arrived to locaionAT_OP movement task completed
2022-06-26 14:45:30,955 [DEBUG] entity: Agent changed state to AT_OP arrived to location -1
2022-06-26 14:45:30,955 [DEBUG] case 2 Agent entity arrived to locaionAT_OP movement task completed
2022-06-26 14:45:30,955 [DEBUG] entity: Agent changed state to AT_OP arrived to location -1
2022-06-26 14:45:30,955 [DEBUG] case 2 Agent entity arrived to locaionAT_OP movement task completed
2022-06-26 14:45:30,956 [DEBUG] entity: Agent changed state to AT_OP arrived to location -1
2022-06-26 14:45:30,956 [DEBUG] case 2 Agent entity arrived to locaionAT_OP movement task completed
2022-06-26 14:45:30,956 [DEBUG] entity: Agent changed state to AT_OP arrived to location -1
2022-06-26 14:45:30,956 [DEBUG] case 2 Agent entity arrived to locaionAT_OP movement task completed
2022-06-26 14:45:30,956 [DEBUG] entity: Agent changed state to AT_OP arrived to location -1
2022-06-26 14:45:30,957 [DEBUG] case 2 Agent entity arrived to locaionAT_OP movement task completed
2022-06-26 14:45:30,957 [DEBUG] entity: Agent changed state to AT_OP arrived to location -1
2022-06-26 14:45:30,957 [DEBUG] case 2 Agent entity arrived to locaionAT_OP movement task completed
2022-06-26 14:45:30,957 [DEBUG] entity: Agent changed state to AT_OP arrived to location -1
2022-06-26 14:45:30,957 [DEBUG] case 2 Agent entity arrived to locaionAT_OP movement task completed
2022-06-26 14:45:30,957 [DEBUG] entity: Agent changed state to AT_OP arrived to location -1
2022-06-26 14:45:30,958 [DEBUG] case 2 Agent entity arrived to locaionAT_OP movement task completed
2022-06-26 14:45:30,958 [DEBUG] entity: Agent changed state to AT_OP arrived to location -1
