2022-06-27 11:19:58,911 [INFO] Initializing RFSM 
2022-06-27 11:19:59,087 [DEBUG] Communicator is initialized
2022-06-27 11:19:59,087 [DEBUG] running in vrf mode
2022-06-27 11:19:59,088 [DEBUG] RFSMManager is initialized
2022-06-27 11:19:59,088 [INFO] RFSM initialized
2022-06-27 11:19:59,088 [DEBUG] SpawnManager_Nadav is initialized
2022-06-27 11:20:01,089 [DEBUG] Get Forces local 
2022-06-27 11:20:09,883 [DEBUG] case 4 need to change face to North Agent
2022-06-27 11:20:10,884 [DEBUG] case 3 need to move position (from op to op position) Agent
2022-06-27 11:20:10,885 [DEBUG] move entity: Agent to MOVE_TO_OP to location -1
2022-06-27 11:20:12,885 [DEBUG] case 2 Agent entity arrived to locaionAT_OP movement task completed
2022-06-27 11:20:12,885 [DEBUG] entity: Agent changed state to AT_OP arrived to location -1
2022-06-27 11:20:13,887 [DEBUG] case 4 need to change face to North Agent
2022-06-27 11:20:14,887 [DEBUG] case 3 need to move position (from op to op position) Agent
2022-06-27 11:20:14,888 [DEBUG] move entity: Agent to MOVE_TO_OP to location -1
2022-06-27 11:20:16,889 [DEBUG] case 2 Agent entity arrived to locaionAT_OP movement task completed
2022-06-27 11:20:16,890 [DEBUG] entity: Agent changed state to AT_OP arrived to location -1
2022-06-27 11:20:17,890 [DEBUG] case 4 need to change face to North Agent
2022-06-27 11:20:18,892 [DEBUG] case 3 need to move position (from op to op position) Agent
2022-06-27 11:20:18,893 [DEBUG] move entity: Agent to MOVE_TO_OP to location -1
2022-06-27 11:20:20,893 [DEBUG] case 2 Agent entity arrived to locaionAT_OP movement task completed
2022-06-27 11:20:20,894 [DEBUG] entity: Agent changed state to AT_OP arrived to location -1
2022-06-27 11:20:21,895 [DEBUG] case 4 need to change face to West Agent
2022-06-27 11:20:22,897 [DEBUG] case 3 need to move position (from op to op position) Agent
2022-06-27 11:20:22,898 [DEBUG] move entity: Agent to MOVE_TO_OP to location -1
2022-06-27 11:20:24,900 [DEBUG] case 2 Agent entity arrived to locaionAT_OP movement task completed
2022-06-27 11:20:24,900 [DEBUG] entity: Agent changed state to AT_OP arrived to location -1
