2022-06-27 13:59:06,028 [INFO] Initializing RFSM 
2022-06-27 13:59:06,209 [DEBUG] Communicator is initialized
2022-06-27 13:59:06,209 [DEBUG] running in vrf mode
2022-06-27 13:59:06,209 [DEBUG] RFSMManager is initialized
2022-06-27 13:59:06,209 [INFO] RFSM initialized
2022-06-27 13:59:06,209 [DEBUG] SpawnManager_Nadav is initialized
2022-06-27 13:59:08,211 [DEBUG] Get Forces local 
2022-06-27 13:59:14,328 [DEBUG] case 4 need to change face to West Agent
2022-06-27 13:59:15,329 [DEBUG] case 3 need to move position (from op to op position) Agent
2022-06-27 13:59:15,330 [DEBUG] move entity: Agent to MOVE_TO_OP to location -1
2022-06-27 13:59:16,330 [DEBUG] case 2 Agent entity arrived to locaionAT_OP movement task completed
2022-06-27 13:59:16,330 [DEBUG] entity: Agent changed state to AT_OP arrived to location -1
2022-06-27 13:59:17,332 [DEBUG] case 4 need to change face to West Agent
2022-06-27 13:59:18,333 [DEBUG] case 3 need to move position (from op to op position) Agent
2022-06-27 13:59:18,333 [DEBUG] move entity: Agent to MOVE_TO_OP to location -1
2022-06-27 13:59:19,335 [DEBUG] case 2 Agent entity arrived to locaionAT_OP movement task completed
2022-06-27 13:59:19,335 [DEBUG] entity: Agent changed state to AT_OP arrived to location -1
2022-06-27 13:59:20,337 [DEBUG] case 4 need to change face to West Agent
2022-06-27 13:59:21,338 [DEBUG] case 3 need to move position (from op to op position) Agent
2022-06-27 13:59:21,339 [DEBUG] move entity: Agent to MOVE_TO_OP to location -1
2022-06-27 13:59:22,339 [DEBUG] case 2 Agent entity arrived to locaionAT_OP movement task completed
2022-06-27 13:59:22,340 [DEBUG] entity: Agent changed state to AT_OP arrived to location -1
2022-06-27 13:59:23,341 [DEBUG] case 4 need to change face to West Agent
2022-06-27 13:59:24,343 [DEBUG] case 3 need to move position (from op to op position) Agent
2022-06-27 13:59:24,344 [DEBUG] move entity: Agent to MOVE_TO_OP to location -1
