2022-06-26 11:13:42,283 [INFO] Initializing RFSM 
2022-06-26 11:13:42,458 [DEBUG] Communicator is initialized
2022-06-26 11:13:42,458 [DEBUG] running in vrf mode
2022-06-26 11:13:42,458 [DEBUG] RFSMManager is initialized
2022-06-26 11:13:42,458 [INFO] RFSM initialized
2022-06-26 11:13:42,459 [DEBUG] SpawnManager_Nadav is initialized
2022-06-26 11:13:44,460 [DEBUG] Get Forces local 
2022-06-26 11:13:49,811 [DEBUG] move entity: Agent to MOVE_TO_OP to location 999
2022-06-26 11:13:49,811 [DEBUG] move entity: Agent to MOVE_TO_OP to location 999
2022-06-26 11:13:50,813 [DEBUG] move entity: Agent to MOVE_TO_OP to location 999
2022-06-26 11:13:51,814 [DEBUG] move entity: Agent to MOVE_TO_OP to location 999
2022-06-26 11:13:52,815 [DEBUG] move entity: Agent to MOVE_TO_OP to location 999
2022-06-26 11:13:53,818 [DEBUG] move entity: Agent to MOVE_TO_OP to location 999
2022-06-26 11:13:54,821 [DEBUG] move entity: Agent to MOVE_TO_OP to location 999
2022-06-26 11:13:55,823 [DEBUG] move entity: Agent to MOVE_TO_OP to location 999
2022-06-26 11:13:56,826 [DEBUG] move entity: Agent to MOVE_TO_OP to location 999
2022-06-26 11:13:57,828 [DEBUG] move entity: Agent to MOVE_TO_OP to location 999
2022-06-26 11:13:58,832 [DEBUG] move entity: Agent to MOVE_TO_OP to location 999
2022-06-26 11:13:59,835 [DEBUG] move entity: Agent to MOVE_TO_OP to location 999
2022-06-26 11:14:00,839 [DEBUG] move entity: Agent to MOVE_TO_OP to location 999
2022-06-26 11:14:01,842 [DEBUG] move entity: Agent to MOVE_TO_OP to location 999
2022-06-26 11:14:02,846 [DEBUG] move entity: Agent to MOVE_TO_OP to location 999
2022-06-26 11:14:03,849 [DEBUG] move entity: Agent to MOVE_TO_OP to location 999
2022-06-26 11:14:04,855 [DEBUG] move entity: Agent to MOVE_TO_OP to location 999
2022-06-26 11:14:05,860 [DEBUG] move entity: Agent to MOVE_TO_OP to location 999
2022-06-26 11:14:06,864 [DEBUG] move entity: Agent to MOVE_TO_OP to location 999
