2022-06-27 11:02:06,290 [INFO] Initializing RFSM 
2022-06-27 11:02:06,467 [DEBUG] Communicator is initialized
2022-06-27 11:02:06,467 [DEBUG] running in vrf mode
2022-06-27 11:02:06,467 [DEBUG] RFSMManager is initialized
2022-06-27 11:02:06,467 [INFO] RFSM initialized
2022-06-27 11:02:06,468 [DEBUG] SpawnManager_Nadav is initialized
2022-06-27 11:02:08,469 [DEBUG] Get Forces local 
2022-06-27 11:02:12,278 [DEBUG] case 4 need to change face to South Agent
2022-06-27 11:02:13,279 [DEBUG] case 3 need to move position (from op to op position) Agent
2022-06-27 11:02:13,280 [DEBUG] move entity: Agent to MOVE_TO_OP to location -1
2022-06-27 11:02:14,280 [DEBUG] case 2 Agent entity arrived to locaionAT_OP movement task completed
2022-06-27 11:02:14,280 [DEBUG] entity: Agent changed state to AT_OP arrived to location -1
2022-06-27 11:02:15,282 [DEBUG] case 4 need to change face to South Agent
2022-06-27 11:02:16,283 [DEBUG] case 3 need to move position (from op to op position) Agent
2022-06-27 11:02:16,284 [DEBUG] move entity: Agent to MOVE_TO_OP to location -1
2022-06-27 11:02:17,285 [DEBUG] case 2 Agent entity arrived to locaionAT_OP movement task completed
2022-06-27 11:02:17,285 [DEBUG] entity: Agent changed state to AT_OP arrived to location -1
2022-06-27 11:02:18,286 [DEBUG] case 4 need to change face to South Agent
2022-06-27 11:02:19,286 [DEBUG] case 3 need to move position (from op to op position) Agent
2022-06-27 11:02:19,287 [DEBUG] move entity: Agent to MOVE_TO_OP to location -1
2022-06-27 11:02:20,288 [DEBUG] case 2 Agent entity arrived to locaionAT_OP movement task completed
2022-06-27 11:02:20,289 [DEBUG] entity: Agent changed state to AT_OP arrived to location -1
2022-06-27 11:02:21,289 [DEBUG] case 4 need to change face to South Agent
2022-06-27 11:02:22,291 [DEBUG] case 3 need to move position (from op to op position) Agent
2022-06-27 11:02:22,291 [DEBUG] move entity: Agent to MOVE_TO_OP to location -1
2022-06-27 11:02:23,292 [DEBUG] case 2 Agent entity arrived to locaionAT_OP movement task completed
2022-06-27 11:02:23,292 [DEBUG] entity: Agent changed state to AT_OP arrived to location -1
2022-06-27 11:02:24,293 [DEBUG] case 4 need to change face to West Agent
2022-06-27 11:02:25,294 [DEBUG] case 3 need to move position (from op to op position) Agent
2022-06-27 11:02:25,295 [DEBUG] move entity: Agent to MOVE_TO_OP to location -1
2022-06-27 11:02:26,296 [DEBUG] case 2 Agent entity arrived to locaionAT_OP movement task completed
2022-06-27 11:02:26,297 [DEBUG] entity: Agent changed state to AT_OP arrived to location -1
2022-06-27 11:02:27,298 [DEBUG] case 4 need to change face to South Agent
2022-06-27 11:02:28,299 [DEBUG] case 3 need to move position (from op to op position) Agent
2022-06-27 11:02:28,300 [DEBUG] move entity: Agent to MOVE_TO_OP to location -1
2022-06-27 11:02:29,300 [DEBUG] case 2 Agent entity arrived to locaionAT_OP movement task completed
2022-06-27 11:02:29,301 [DEBUG] entity: Agent changed state to AT_OP arrived to location -1
