2022-06-27 10:45:51,465 [INFO] Initializing RFSM 
2022-06-27 10:45:51,655 [DEBUG] Communicator is initialized
2022-06-27 10:45:51,656 [DEBUG] running in vrf mode
2022-06-27 10:45:51,656 [DEBUG] RFSMManager is initialized
2022-06-27 10:45:51,656 [INFO] RFSM initialized
2022-06-27 10:45:51,656 [DEBUG] SpawnManager_Nadav is initialized
2022-06-27 10:45:53,657 [DEBUG] Get Forces local 
2022-06-27 10:46:00,393 [DEBUG] case 4 need to change face to North Agent
2022-06-27 10:46:01,393 [DEBUG] case 3 need to move position (from op to op position) Agent
2022-06-27 10:46:01,394 [DEBUG] move entity: Agent to MOVE_TO_OP to location -1
2022-06-27 10:46:05,396 [DEBUG] case 2 Agent entity arrived to locaionAT_OP movement task completed
2022-06-27 10:46:05,397 [DEBUG] entity: Agent changed state to AT_OP arrived to location -1
2022-06-27 10:46:06,397 [DEBUG] case 4 need to change face to West Agent
2022-06-27 10:46:07,398 [DEBUG] case 3 need to move position (from op to op position) Agent
2022-06-27 10:46:07,399 [DEBUG] move entity: Agent to MOVE_TO_OP to location -1
2022-06-27 10:46:08,399 [DEBUG] case 2 Agent entity arrived to locaionAT_OP movement task completed
2022-06-27 10:46:08,400 [DEBUG] entity: Agent changed state to AT_OP arrived to location -1
2022-06-27 10:46:09,400 [DEBUG] case 4 need to change face to North Agent
2022-06-27 10:46:10,402 [DEBUG] case 3 need to move position (from op to op position) Agent
2022-06-27 10:46:10,403 [DEBUG] move entity: Agent to MOVE_TO_OP to location -1
2022-06-27 10:46:11,405 [DEBUG] case 2 Agent entity arrived to locaionAT_OP movement task completed
2022-06-27 10:46:11,405 [DEBUG] entity: Agent changed state to AT_OP arrived to location -1
2022-06-27 10:46:12,406 [DEBUG] case 4 need to change face to West Agent
2022-06-27 10:46:13,407 [DEBUG] case 3 need to move position (from op to op position) Agent
2022-06-27 10:46:13,408 [DEBUG] move entity: Agent to MOVE_TO_OP to location -1
2022-06-27 10:46:14,409 [DEBUG] case 2 Agent entity arrived to locaionAT_OP movement task completed
2022-06-27 10:46:14,410 [DEBUG] entity: Agent changed state to AT_OP arrived to location -1
2022-06-27 10:46:15,411 [DEBUG] case 4 need to change face to North Agent
2022-06-27 10:46:16,412 [DEBUG] case 3 need to move position (from op to op position) Agent
2022-06-27 10:46:16,413 [DEBUG] move entity: Agent to MOVE_TO_OP to location -1
2022-06-27 10:46:17,414 [DEBUG] case 2 Agent entity arrived to locaionAT_OP movement task completed
2022-06-27 10:46:17,415 [DEBUG] entity: Agent changed state to AT_OP arrived to location -1
2022-06-27 10:46:18,415 [DEBUG] case 4 need to change face to West Agent
2022-06-27 10:46:19,417 [DEBUG] case 3 need to move position (from op to op position) Agent
2022-06-27 10:46:19,418 [DEBUG] move entity: Agent to MOVE_TO_OP to location -1
2022-06-27 10:46:20,419 [DEBUG] case 2 Agent entity arrived to locaionAT_OP movement task completed
2022-06-27 10:46:20,419 [DEBUG] entity: Agent changed state to AT_OP arrived to location -1
2022-06-27 10:46:21,419 [DEBUG] case 4 need to change face to North Agent
2022-06-27 10:46:22,421 [DEBUG] case 3 need to move position (from op to op position) Agent
2022-06-27 10:46:22,422 [DEBUG] move entity: Agent to MOVE_TO_OP to location -1
2022-06-27 10:46:23,423 [DEBUG] case 2 Agent entity arrived to locaionAT_OP movement task completed
2022-06-27 10:46:23,424 [DEBUG] entity: Agent changed state to AT_OP arrived to location -1
2022-06-27 10:46:24,424 [DEBUG] case 4 need to change face to West Agent
2022-06-27 10:46:25,425 [DEBUG] case 3 need to move position (from op to op position) Agent
2022-06-27 10:46:25,426 [DEBUG] move entity: Agent to MOVE_TO_OP to location -1
2022-06-27 10:46:26,427 [DEBUG] case 2 Agent entity arrived to locaionAT_OP movement task completed
2022-06-27 10:46:26,428 [DEBUG] entity: Agent changed state to AT_OP arrived to location -1
2022-06-27 10:46:35,439 [DEBUG] SpawnManager_Nadav is initialized
2022-06-27 10:46:37,440 [DEBUG] Get Forces local 
