2022-06-26 13:53:46,804 [INFO] Initializing RFSM 
2022-06-26 13:53:47,085 [DEBUG] Communicator is initialized
2022-06-26 13:53:47,086 [DEBUG] running in vrf mode
2022-06-26 13:53:47,086 [DEBUG] RFSMManager is initialized
2022-06-26 13:53:47,086 [INFO] RFSM initialized
2022-06-26 13:53:47,086 [DEBUG] SpawnManager_Nadav is initialized
2022-06-26 13:53:49,087 [DEBUG] Get Forces local 
2022-06-26 13:53:50,090 [DEBUG] case 3 need to move position (from op to op position) Agent
2022-06-26 13:53:50,090 [DEBUG] move entity: Agent to MOVE_TO_OP to location 999
2022-06-26 13:53:50,091 [DEBUG] case 3 need to move position (from op to op position) Agent
2022-06-26 13:53:50,092 [DEBUG] move entity: Agent to MOVE_TO_OP to location 999
2022-06-26 13:53:51,095 [DEBUG] case 3 need to move position (from op to op position) Agent
2022-06-26 13:53:51,095 [DEBUG] move entity: Agent to MOVE_TO_OP to location 999
2022-06-26 13:53:52,099 [DEBUG] case 3 need to move position (from op to op position) Agent
2022-06-26 13:53:52,100 [DEBUG] move entity: Agent to MOVE_TO_OP to location 999
2022-06-26 13:53:53,103 [DEBUG] case 3 need to move position (from op to op position) Agent
2022-06-26 13:53:53,103 [DEBUG] move entity: Agent to MOVE_TO_OP to location 999
2022-06-26 13:53:54,108 [DEBUG] case 3 need to move position (from op to op position) Agent
2022-06-26 13:53:54,109 [DEBUG] move entity: Agent to MOVE_TO_OP to location 999
2022-06-26 13:53:55,113 [DEBUG] case 3 need to move position (from op to op position) Agent
2022-06-26 13:53:55,114 [DEBUG] move entity: Agent to MOVE_TO_OP to location 999
2022-06-26 13:53:56,118 [DEBUG] case 3 need to move position (from op to op position) Agent
2022-06-26 13:53:56,118 [DEBUG] move entity: Agent to MOVE_TO_OP to location 999
2022-06-26 13:53:57,123 [DEBUG] case 3 need to move position (from op to op position) Agent
2022-06-26 13:53:57,124 [DEBUG] move entity: Agent to MOVE_TO_OP to location 999
2022-06-26 13:53:58,131 [DEBUG] case 3 need to move position (from op to op position) Agent
2022-06-26 13:53:58,131 [DEBUG] move entity: Agent to MOVE_TO_OP to location 999
2022-06-26 13:53:59,137 [DEBUG] case 3 need to move position (from op to op position) Agent
2022-06-26 13:53:59,137 [DEBUG] move entity: Agent to MOVE_TO_OP to location 999
