2022-06-27 14:00:29,138 [INFO] Initializing RFSM 
2022-06-27 14:00:29,320 [DEBUG] Communicator is initialized
2022-06-27 14:00:29,320 [DEBUG] running in vrf mode
2022-06-27 14:00:29,320 [DEBUG] RFSMManager is initialized
2022-06-27 14:00:29,320 [INFO] RFSM initialized
2022-06-27 14:00:29,320 [DEBUG] SpawnManager_Nadav is initialized
2022-06-27 14:00:31,322 [DEBUG] Get Forces local 
2022-06-27 14:00:36,923 [DEBUG] case 4 need to change face to West Agent
2022-06-27 14:00:37,924 [DEBUG] case 3 need to move position (from op to op position) Agent
2022-06-27 14:00:37,925 [DEBUG] move entity: Agent to MOVE_TO_OP to location -1
2022-06-27 14:00:38,926 [DEBUG] case 2 Agent entity arrived to locaionAT_OP movement task completed
2022-06-27 14:00:38,926 [DEBUG] entity: Agent changed state to AT_OP arrived to location -1
2022-06-27 14:00:39,927 [DEBUG] case 4 need to change face to West Agent
2022-06-27 14:00:40,929 [DEBUG] case 3 need to move position (from op to op position) Agent
2022-06-27 14:00:40,930 [DEBUG] move entity: Agent to MOVE_TO_OP to location -1
2022-06-27 14:00:41,930 [DEBUG] case 2 Agent entity arrived to locaionAT_OP movement task completed
2022-06-27 14:00:41,930 [DEBUG] entity: Agent changed state to AT_OP arrived to location -1
2022-06-27 14:00:42,932 [DEBUG] case 4 need to change face to West Agent
2022-06-27 14:00:43,933 [DEBUG] case 3 need to move position (from op to op position) Agent
2022-06-27 14:00:43,934 [DEBUG] move entity: Agent to MOVE_TO_OP to location -1
2022-06-27 14:00:44,934 [DEBUG] case 2 Agent entity arrived to locaionAT_OP movement task completed
2022-06-27 14:00:44,935 [DEBUG] entity: Agent changed state to AT_OP arrived to location -1
2022-06-27 14:00:45,936 [DEBUG] case 4 need to change face to West Agent
2022-06-27 14:00:46,937 [DEBUG] case 3 need to move position (from op to op position) Agent
2022-06-27 14:00:46,938 [DEBUG] move entity: Agent to MOVE_TO_OP to location -1
2022-06-27 14:00:47,938 [DEBUG] case 2 Agent entity arrived to locaionAT_OP movement task completed
2022-06-27 14:00:47,939 [DEBUG] entity: Agent changed state to AT_OP arrived to location -1
2022-06-27 14:00:48,940 [DEBUG] case 4 need to change face to West Agent
2022-06-27 14:00:49,941 [DEBUG] case 3 need to move position (from op to op position) Agent
2022-06-27 14:00:49,942 [DEBUG] move entity: Agent to MOVE_TO_OP to location -1
2022-06-27 14:00:50,943 [DEBUG] case 2 Agent entity arrived to locaionAT_OP movement task completed
2022-06-27 14:00:50,944 [DEBUG] entity: Agent changed state to AT_OP arrived to location -1
2022-06-27 14:00:51,945 [DEBUG] case 4 need to change face to South Agent
2022-06-27 14:00:52,946 [DEBUG] case 3 need to move position (from op to op position) Agent
2022-06-27 14:00:52,947 [DEBUG] move entity: Agent to MOVE_TO_OP to location -1
2022-06-27 14:00:53,947 [DEBUG] case 2 Agent entity arrived to locaionAT_OP movement task completed
2022-06-27 14:00:53,948 [DEBUG] entity: Agent changed state to AT_OP arrived to location -1
