2022-06-26 13:18:28,344 [INFO] Initializing RFSM 
2022-06-26 13:18:28,530 [DEBUG] Communicator is initialized
2022-06-26 13:18:28,531 [DEBUG] running in vrf mode
2022-06-26 13:18:28,531 [DEBUG] RFSMManager is initialized
2022-06-26 13:18:28,531 [INFO] RFSM initialized
2022-06-26 13:18:28,531 [DEBUG] SpawnManager_Nadav is initialized
2022-06-26 13:18:30,532 [DEBUG] Get Forces local 
2022-06-26 13:18:41,948 [DEBUG] move entity: Agent to MOVE_TO_OP to location 999
2022-06-26 13:18:41,948 [DEBUG] move entity: Agent to MOVE_TO_OP to location 999
2022-06-26 13:18:42,951 [DEBUG] move entity: Agent to MOVE_TO_OP to location 999
2022-06-26 13:18:43,952 [DEBUG] move entity: Agent to MOVE_TO_OP to location 999
2022-06-26 13:18:44,954 [DEBUG] move entity: Agent to MOVE_TO_OP to location 999
2022-06-26 13:18:45,956 [DEBUG] move entity: Agent to MOVE_TO_OP to location 999
2022-06-26 13:18:46,958 [DEBUG] move entity: Agent to MOVE_TO_OP to location 999
2022-06-26 13:18:47,962 [DEBUG] move entity: Agent to MOVE_TO_OP to location 999
2022-06-26 13:18:48,966 [DEBUG] move entity: Agent to MOVE_TO_OP to location 999
2022-06-26 13:18:49,970 [DEBUG] move entity: Agent to MOVE_TO_OP to location 999
2022-06-26 13:18:50,972 [DEBUG] move entity: Agent to MOVE_TO_OP to location 999
2022-06-26 13:18:51,974 [DEBUG] case 2 Agent entity arrived to locaionAT_OP movement task completed
2022-06-26 13:18:51,975 [DEBUG] entity: Agent changed state to AT_OP arrived to location 999
2022-06-26 13:18:51,975 [DEBUG] case 2 Agent entity arrived to locaionAT_OP movement task completed
2022-06-26 13:18:51,975 [DEBUG] entity: Agent changed state to AT_OP arrived to location 999
2022-06-26 13:18:51,976 [DEBUG] case 2 Agent entity arrived to locaionAT_OP movement task completed
2022-06-26 13:18:51,976 [DEBUG] entity: Agent changed state to AT_OP arrived to location 999
2022-06-26 13:18:51,976 [DEBUG] case 2 Agent entity arrived to locaionAT_OP movement task completed
2022-06-26 13:18:51,976 [DEBUG] entity: Agent changed state to AT_OP arrived to location 999
2022-06-26 13:18:51,977 [DEBUG] case 2 Agent entity arrived to locaionAT_OP movement task completed
2022-06-26 13:18:51,977 [DEBUG] entity: Agent changed state to AT_OP arrived to location 999
2022-06-26 13:18:51,977 [DEBUG] case 2 Agent entity arrived to locaionAT_OP movement task completed
2022-06-26 13:18:51,977 [DEBUG] entity: Agent changed state to AT_OP arrived to location 999
2022-06-26 13:18:51,978 [DEBUG] case 2 Agent entity arrived to locaionAT_OP movement task completed
2022-06-26 13:18:51,978 [DEBUG] entity: Agent changed state to AT_OP arrived to location 999
2022-06-26 13:18:51,978 [DEBUG] case 2 Agent entity arrived to locaionAT_OP movement task completed
2022-06-26 13:18:51,978 [DEBUG] entity: Agent changed state to AT_OP arrived to location 999
2022-06-26 13:18:51,979 [DEBUG] case 2 Agent entity arrived to locaionAT_OP movement task completed
2022-06-26 13:18:51,979 [DEBUG] entity: Agent changed state to AT_OP arrived to location 999
2022-06-26 13:18:51,979 [DEBUG] case 2 Agent entity arrived to locaionAT_OP movement task completed
2022-06-26 13:18:51,979 [DEBUG] entity: Agent changed state to AT_OP arrived to location 999
2022-06-26 13:18:51,979 [DEBUG] case 2 Agent entity arrived to locaionAT_OP movement task completed
2022-06-26 13:18:51,980 [DEBUG] entity: Agent changed state to AT_OP arrived to location 999
2022-06-26 13:18:51,980 [DEBUG] move entity: Agent to MOVE_TO_OP to location 999
2022-06-26 13:18:52,985 [DEBUG] case 2 Agent entity arrived to locaionAT_OP movement task completed
2022-06-26 13:18:52,986 [DEBUG] entity: Agent changed state to AT_OP arrived to location 999
2022-06-26 13:18:52,986 [DEBUG] move entity: Agent to MOVE_TO_OP to location 999
2022-06-26 13:18:53,990 [DEBUG] case 2 Agent entity arrived to locaionAT_OP movement task completed
2022-06-26 13:18:53,990 [DEBUG] entity: Agent changed state to AT_OP arrived to location 999
2022-06-26 13:18:53,991 [DEBUG] move entity: Agent to MOVE_TO_OP to location 999
2022-06-26 13:18:54,995 [DEBUG] case 2 Agent entity arrived to locaionAT_OP movement task completed
2022-06-26 13:18:54,996 [DEBUG] entity: Agent changed state to AT_OP arrived to location 999
2022-06-26 13:18:54,996 [DEBUG] move entity: Agent to MOVE_TO_OP to location 999
2022-06-26 13:18:56,000 [DEBUG] case 2 Agent entity arrived to locaionAT_OP movement task completed
2022-06-26 13:18:56,001 [DEBUG] entity: Agent changed state to AT_OP arrived to location 999
2022-06-26 13:18:56,001 [DEBUG] move entity: Agent to MOVE_TO_OP to location 999
2022-06-26 13:18:57,007 [DEBUG] case 2 Agent entity arrived to locaionAT_OP movement task completed
2022-06-26 13:18:57,008 [DEBUG] entity: Agent changed state to AT_OP arrived to location 999
2022-06-26 13:18:57,008 [DEBUG] move entity: Agent to MOVE_TO_OP to location 999
2022-06-26 13:18:58,014 [DEBUG] case 2 Agent entity arrived to locaionAT_OP movement task completed
2022-06-26 13:18:58,015 [DEBUG] entity: Agent changed state to AT_OP arrived to location 999
2022-06-26 13:18:58,015 [DEBUG] move entity: Agent to MOVE_TO_OP to location 999
2022-06-26 13:18:59,021 [DEBUG] case 2 Agent entity arrived to locaionAT_OP movement task completed
2022-06-26 13:18:59,021 [DEBUG] entity: Agent changed state to AT_OP arrived to location 999
2022-06-26 13:18:59,022 [DEBUG] move entity: Agent to MOVE_TO_OP to location 999
2022-06-26 13:19:00,029 [DEBUG] case 2 Agent entity arrived to locaionAT_OP movement task completed
2022-06-26 13:19:00,030 [DEBUG] entity: Agent changed state to AT_OP arrived to location 999
2022-06-26 13:19:00,030 [DEBUG] move entity: Agent to MOVE_TO_OP to location 999
