2022-06-26 11:04:29,034 [INFO] Initializing RFSM 
2022-06-26 11:04:29,214 [DEBUG] Communicator is initialized
2022-06-26 11:04:29,214 [DEBUG] running in vrf mode
2022-06-26 11:04:29,215 [DEBUG] RFSMManager is initialized
2022-06-26 11:04:29,215 [INFO] RFSM initialized
2022-06-26 11:04:30,216 [DEBUG] move entity: Agent to MOVE_TO_OP to location 999
2022-06-26 11:04:31,217 [DEBUG] case 2 Agent entity arrived to locaionAT_OP movement task completed
2022-06-26 11:04:31,218 [DEBUG] entity: Agent changed state to AT_OP arrived to location 999
2022-06-26 11:04:31,218 [DEBUG] move entity: Agent to MOVE_TO_OP to location 999
2022-06-26 11:04:32,220 [DEBUG] case 2 Agent entity arrived to locaionAT_OP movement task completed
2022-06-26 11:04:32,220 [DEBUG] entity: Agent changed state to AT_OP arrived to location 999
2022-06-26 11:04:32,220 [DEBUG] move entity: Agent to MOVE_TO_OP to location 999
2022-06-26 11:04:33,222 [DEBUG] case 2 Agent entity arrived to locaionAT_OP movement task completed
2022-06-26 11:04:33,222 [DEBUG] entity: Agent changed state to AT_OP arrived to location 999
2022-06-26 11:04:33,223 [DEBUG] move entity: Agent to MOVE_TO_OP to location 999
2022-06-26 11:04:34,225 [DEBUG] case 2 Agent entity arrived to locaionAT_OP movement task completed
2022-06-26 11:04:34,225 [DEBUG] entity: Agent changed state to AT_OP arrived to location 999
2022-06-26 11:04:34,226 [DEBUG] move entity: Agent to MOVE_TO_OP to location 999
2022-06-26 11:04:35,227 [DEBUG] case 2 Agent entity arrived to locaionAT_OP movement task completed
2022-06-26 11:04:35,227 [DEBUG] entity: Agent changed state to AT_OP arrived to location 999
2022-06-26 11:04:35,228 [DEBUG] move entity: Agent to MOVE_TO_OP to location 999
