2022-05-22 08:12:48,870 [INFO] Initializing RFSM 
2022-05-22 08:12:49,062 [DEBUG] Communicator is initialized
2022-05-22 08:12:49,062 [DEBUG] running in vrf mode
2022-05-22 08:12:49,062 [DEBUG] RFSMManager is initialized
2022-05-22 08:12:49,062 [INFO] RFSM initialized
2022-05-22 08:12:49,063 [DEBUG] SpawnManager is initialized
2022-05-22 08:12:49,063 [DEBUG] area compound AD area of interest Y
2022-05-22 08:12:49,063 [DEBUG] create 5 red forces and 3 civilians in area A
2022-05-22 08:12:49,063 [DEBUG] create 6 red forces and 3 civilians in area D
2022-05-22 08:12:49,063 [DEBUG] create 1 long anti tank and 1 civilians in area Y
2022-05-22 08:12:49,063 [DEBUG] start create entity
2022-05-22 08:12:49,067 [DEBUG] start create civilians
2022-05-22 08:13:08,198 [DEBUG] Create Entities
2022-05-22 08:13:08,200 [DEBUG] Send compound
2022-05-22 08:13:08,200 [DEBUG] Get Forces local 
2022-05-22 08:13:12,007 [DEBUG] enemy_is_detected
2022-05-22 08:13:12,016 [DEBUG] current position 238 move to state type Cover entity type name LONG_RA19
2022-05-22 08:13:12,019 [DEBUG] Position found 275
2022-05-22 08:13:12,019 [DEBUG] case 4 LONG_RA19 entity detected enemy LAV 1 run to cover event!
2022-05-22 08:13:12,019 [DEBUG] move entity: LONG_RA19 to MOVE_TO_COVER to location 275
2022-05-22 08:13:13,034 [DEBUG] entity is under fire
2022-05-22 08:13:13,034 [DEBUG] case 3 SHORT_R1 entity under fire  there is no los, go to cover!
2022-05-22 08:13:13,041 [DEBUG] current position 79 move to state type Cover entity type name SHORT_R1
2022-05-22 08:13:13,047 [DEBUG] Position found 66
2022-05-22 08:13:13,047 [DEBUG] move entity: SHORT_R1 to MOVE_TO_COVER to location 66
2022-05-22 08:13:13,049 [DEBUG] entity is under fire
2022-05-22 08:13:13,049 [DEBUG] case 3 SHORT_R2 entity under fire  there is no los, go to cover!
2022-05-22 08:13:13,052 [DEBUG] current position 75 move to state type Cover entity type name SHORT_R2
2022-05-22 08:13:13,053 [DEBUG] Position found 84
2022-05-22 08:13:13,053 [DEBUG] move entity: SHORT_R2 to MOVE_TO_COVER to location 84
2022-05-22 08:13:13,053 [DEBUG] entity is under fire
2022-05-22 08:13:13,053 [DEBUG] case 3 SOLDIER3 entity under fire  there is no los, go to cover!
2022-05-22 08:13:13,056 [DEBUG] current position 77 move to state type Cover entity type name SOLDIER3
2022-05-22 08:13:13,059 [DEBUG] Position found 89
2022-05-22 08:13:13,060 [DEBUG] move entity: SOLDIER3 to MOVE_TO_COVER to location 89
2022-05-22 08:13:13,062 [DEBUG] entity is under fire
2022-05-22 08:13:13,062 [DEBUG] case 3 SNIPER4 entity under fire  there is no los, go to cover!
2022-05-22 08:13:13,065 [DEBUG] current position 44 move to state type Cover entity type name SNIPER4
2022-05-22 08:13:13,068 [DEBUG] Position found 60
2022-05-22 08:13:13,069 [DEBUG] move entity: SNIPER4 to MOVE_TO_COVER to location 60
2022-05-22 08:13:13,071 [DEBUG] entity is under fire
2022-05-22 08:13:13,071 [DEBUG] case 3 OBSERVE5 entity under fire  there is no los, go to cover!
2022-05-22 08:13:13,074 [DEBUG] current position 38 move to state type Cover entity type name OBSERVE5
2022-05-22 08:13:13,083 [DEBUG] Position found 72
2022-05-22 08:13:13,084 [DEBUG] move entity: OBSERVE5 to MOVE_TO_COVER to location 72
2022-05-22 08:13:13,084 [DEBUG] entity is under fire
2022-05-22 08:13:13,084 [DEBUG] case 3 SOLDIER6 entity under fire  there is no los, go to cover!
2022-05-22 08:13:13,087 [DEBUG] current position 56 move to state type Cover entity type name SOLDIER6
2022-05-22 08:13:13,087 [DEBUG] Position found 62
2022-05-22 08:13:13,088 [DEBUG] move entity: SOLDIER6 to MOVE_TO_COVER to location 62
2022-05-22 08:13:13,089 [DEBUG] entity is under fire
2022-05-22 08:13:13,089 [DEBUG] Fire is within 15 from me
2022-05-22 08:13:13,089 [DEBUG] case 3 SOLDIER7 entity under fire  there is no los, go to cover!
2022-05-22 08:13:13,092 [DEBUG] current position 94 move to state type Cover entity type name SOLDIER7
2022-05-22 08:13:13,093 [DEBUG] Position found 108
2022-05-22 08:13:13,093 [DEBUG] move entity: SOLDIER7 to MOVE_TO_COVER to location 108
2022-05-22 08:13:13,096 [DEBUG] entity is under fire
2022-05-22 08:13:13,096 [DEBUG] case 3 OBSERVE8 entity under fire  there is no los, go to cover!
2022-05-22 08:13:13,098 [DEBUG] current position 186 move to state type Cover entity type name OBSERVE8
2022-05-22 08:13:13,101 [DEBUG] Position found 205
2022-05-22 08:13:13,101 [DEBUG] move entity: OBSERVE8 to MOVE_TO_COVER to location 205
2022-05-22 08:13:13,101 [DEBUG] entity is under fire
2022-05-22 08:13:13,102 [DEBUG] case 3 SOLDIER9 entity under fire  there is no los, go to cover!
2022-05-22 08:13:13,104 [DEBUG] current position 195 move to state type Cover entity type name SOLDIER9
2022-05-22 08:13:13,108 [DEBUG] Position found 179
2022-05-22 08:13:13,109 [DEBUG] move entity: SOLDIER9 to MOVE_TO_COVER to location 179
2022-05-22 08:13:13,110 [DEBUG] entity is under fire
2022-05-22 08:13:13,110 [DEBUG] case 3 SNIPER10 entity under fire  there is no los, go to cover!
2022-05-22 08:13:13,113 [DEBUG] current position 185 move to state type Cover entity type name SNIPER10
2022-05-22 08:13:13,118 [DEBUG] Position found 196
2022-05-22 08:13:13,118 [DEBUG] move entity: SNIPER10 to MOVE_TO_COVER to location 196
2022-05-22 08:13:13,120 [DEBUG] entity is under fire
2022-05-22 08:13:13,120 [DEBUG] case 3 SOLDIER11 entity under fire  there is no los, go to cover!
2022-05-22 08:13:13,123 [DEBUG] current position 190 move to state type Cover entity type name SOLDIER11
2022-05-22 08:13:13,125 [DEBUG] Position found 178
2022-05-22 08:13:13,126 [DEBUG] move entity: SOLDIER11 to MOVE_TO_COVER to location 178
2022-05-22 08:13:15,208 [DEBUG] case 2 OBSERVE8 entity arrived to locaionAT_COVER movement task completed
2022-05-22 08:13:15,209 [DEBUG] entity: OBSERVE8 changed state to AT_COVER arrived to location 205
