2022-07-26 11:43:56,113 [INFO] Initializing RFSM 
2022-07-26 11:43:56,569 [DEBUG] Communicator is initialized
2022-07-26 11:43:56,569 [DEBUG] running in vrf mode
2022-07-26 11:43:56,569 [DEBUG] RFAScenarioManager is initialized
2022-07-26 11:43:56,569 [INFO] RFSM initialized
2022-07-26 11:43:56,569 [DEBUG] SpawnManager_Nadav is initialized
2022-07-26 11:43:57,070 [DEBUG] Get Forces local 
2022-07-26 11:44:02,891 [DEBUG] Initiating :Choose position:at_1
2022-07-26 11:44:03,392 [DEBUG] Initiating: move to location41
2022-07-26 11:44:03,393 [DEBUG] move entity: at_1 to MOVE_TO_OP to location -1
2022-07-26 11:44:04,397 [DEBUG] case 2 at_1 Entity arrived to locaionAT_OP movement task completed
2022-07-26 11:44:04,397 [DEBUG] entity: at_1 changed state to AT_OP arrived to location 
2022-07-26 11:44:04,899 [DEBUG] Initiating: change posture to position posture at_1
2022-07-26 11:44:09,405 [DEBUG] Initiating: scan for enemy at_1
2022-07-26 11:47:12,500 [DEBUG] SpawnManager_Nadav is initialized
2022-07-26 11:47:13,002 [DEBUG] Get Forces local 
2022-07-26 11:49:02,174 [DEBUG] Initiating :Choose position:at_1
2022-07-26 11:49:02,676 [DEBUG] Initiating: move to location41
2022-07-26 11:49:02,676 [DEBUG] move entity: at_1 to MOVE_TO_OP to location -1
2022-07-26 11:49:03,680 [DEBUG] case 2 at_1 Entity arrived to locaionAT_OP movement task completed
2022-07-26 11:49:03,680 [DEBUG] entity: at_1 changed state to AT_OP arrived to location 
2022-07-26 11:49:04,182 [DEBUG] Initiating: change posture to position posture at_1
2022-07-26 11:49:08,688 [DEBUG] Initiating: scan for enemy at_1
