2022-06-27 10:51:11,438 [INFO] Initializing RFSM 
2022-06-27 10:51:11,620 [DEBUG] Communicator is initialized
2022-06-27 10:51:11,620 [DEBUG] running in vrf mode
2022-06-27 10:51:11,620 [DEBUG] RFSMManager is initialized
2022-06-27 10:51:11,620 [INFO] RFSM initialized
2022-06-27 10:51:11,620 [DEBUG] SpawnManager_Nadav is initialized
2022-06-27 10:51:13,622 [DEBUG] Get Forces local 
2022-06-27 10:51:17,555 [DEBUG] case 4 need to change face to South Agent
2022-06-27 10:51:18,557 [DEBUG] case 3 need to move position (from op to op position) Agent
2022-06-27 10:51:18,558 [DEBUG] move entity: Agent to MOVE_TO_OP to location -1
2022-06-27 10:51:19,558 [DEBUG] case 2 Agent entity arrived to locaionAT_OP movement task completed
2022-06-27 10:51:19,558 [DEBUG] entity: Agent changed state to AT_OP arrived to location -1
2022-06-27 10:51:20,559 [DEBUG] case 4 need to change face to South Agent
2022-06-27 10:51:21,559 [DEBUG] case 3 need to move position (from op to op position) Agent
2022-06-27 10:51:21,560 [DEBUG] move entity: Agent to MOVE_TO_OP to location -1
2022-06-27 10:51:22,561 [DEBUG] case 2 Agent entity arrived to locaionAT_OP movement task completed
2022-06-27 10:51:22,561 [DEBUG] entity: Agent changed state to AT_OP arrived to location -1
2022-06-27 10:51:23,563 [DEBUG] case 4 need to change face to South Agent
2022-06-27 10:51:24,564 [DEBUG] case 3 need to move position (from op to op position) Agent
2022-06-27 10:51:24,565 [DEBUG] move entity: Agent to MOVE_TO_OP to location -1
2022-06-27 10:51:25,565 [DEBUG] case 2 Agent entity arrived to locaionAT_OP movement task completed
2022-06-27 10:51:25,565 [DEBUG] entity: Agent changed state to AT_OP arrived to location -1
2022-06-27 10:51:26,567 [DEBUG] case 4 need to change face to South Agent
2022-06-27 10:51:27,568 [DEBUG] case 3 need to move position (from op to op position) Agent
2022-06-27 10:51:27,569 [DEBUG] move entity: Agent to MOVE_TO_OP to location -1
2022-06-27 10:51:28,570 [DEBUG] case 2 Agent entity arrived to locaionAT_OP movement task completed
2022-06-27 10:51:28,571 [DEBUG] entity: Agent changed state to AT_OP arrived to location -1
2022-06-27 10:51:29,572 [DEBUG] case 4 need to change face to South Agent
2022-06-27 10:51:30,573 [DEBUG] case 3 need to move position (from op to op position) Agent
2022-06-27 10:51:30,574 [DEBUG] move entity: Agent to MOVE_TO_OP to location -1
2022-06-27 10:51:31,575 [DEBUG] case 2 Agent entity arrived to locaionAT_OP movement task completed
2022-06-27 10:51:31,576 [DEBUG] entity: Agent changed state to AT_OP arrived to location -1
2022-06-27 10:51:32,576 [DEBUG] case 4 need to change face to South Agent
2022-06-27 10:51:33,578 [DEBUG] case 3 need to move position (from op to op position) Agent
2022-06-27 10:51:33,579 [DEBUG] move entity: Agent to MOVE_TO_OP to location -1
2022-06-27 10:51:35,171 [DEBUG] SpawnManager_Nadav is initialized
2022-06-27 10:51:37,174 [DEBUG] Get Forces local 
