2022-06-27 10:57:34,530 [INFO] Initializing RFSM 
2022-06-27 10:57:34,725 [DEBUG] Communicator is initialized
2022-06-27 10:57:34,725 [DEBUG] running in vrf mode
2022-06-27 10:57:34,726 [DEBUG] RFSMManager is initialized
2022-06-27 10:57:34,726 [INFO] RFSM initialized
2022-06-27 10:57:34,726 [DEBUG] SpawnManager_Nadav is initialized
2022-06-27 10:57:36,727 [DEBUG] Get Forces local 
2022-06-27 10:57:39,238 [DEBUG] case 4 need to change face to West Agent
2022-06-27 10:57:40,240 [DEBUG] case 3 need to move position (from op to op position) Agent
2022-06-27 10:57:40,241 [DEBUG] move entity: Agent to MOVE_TO_OP to location -1
2022-06-27 10:57:41,241 [DEBUG] case 2 Agent entity arrived to locaionAT_OP movement task completed
2022-06-27 10:57:41,241 [DEBUG] entity: Agent changed state to AT_OP arrived to location -1
2022-06-27 10:57:42,242 [DEBUG] case 4 need to change face to West Agent
2022-06-27 10:57:43,243 [DEBUG] case 3 need to move position (from op to op position) Agent
2022-06-27 10:57:43,244 [DEBUG] move entity: Agent to MOVE_TO_OP to location -1
2022-06-27 10:57:44,245 [DEBUG] case 2 Agent entity arrived to locaionAT_OP movement task completed
2022-06-27 10:57:44,245 [DEBUG] entity: Agent changed state to AT_OP arrived to location -1
2022-06-27 10:57:45,248 [DEBUG] case 4 need to change face to West Agent
2022-06-27 10:57:46,248 [DEBUG] case 3 need to move position (from op to op position) Agent
2022-06-27 10:57:46,249 [DEBUG] move entity: Agent to MOVE_TO_OP to location -1
2022-06-27 10:57:47,249 [DEBUG] case 2 Agent entity arrived to locaionAT_OP movement task completed
2022-06-27 10:57:47,249 [DEBUG] entity: Agent changed state to AT_OP arrived to location -1
2022-06-27 10:57:48,251 [DEBUG] case 4 need to change face to West Agent
2022-06-27 10:57:49,252 [DEBUG] case 3 need to move position (from op to op position) Agent
2022-06-27 10:57:49,253 [DEBUG] move entity: Agent to MOVE_TO_OP to location -1
2022-06-27 10:57:50,254 [DEBUG] case 2 Agent entity arrived to locaionAT_OP movement task completed
2022-06-27 10:57:50,254 [DEBUG] entity: Agent changed state to AT_OP arrived to location -1
2022-06-27 10:57:51,255 [DEBUG] case 4 need to change face to West Agent
2022-06-27 10:57:52,257 [DEBUG] case 3 need to move position (from op to op position) Agent
2022-06-27 10:57:52,258 [DEBUG] move entity: Agent to MOVE_TO_OP to location -1
2022-06-27 10:57:53,259 [DEBUG] case 2 Agent entity arrived to locaionAT_OP movement task completed
2022-06-27 10:57:53,259 [DEBUG] entity: Agent changed state to AT_OP arrived to location -1
2022-06-27 10:57:54,260 [DEBUG] case 4 need to change face to North Agent
2022-06-27 10:57:55,261 [DEBUG] case 3 need to move position (from op to op position) Agent
2022-06-27 10:57:55,262 [DEBUG] move entity: Agent to MOVE_TO_OP to location -1
2022-06-27 10:57:56,263 [DEBUG] case 2 Agent entity arrived to locaionAT_OP movement task completed
2022-06-27 10:57:56,263 [DEBUG] entity: Agent changed state to AT_OP arrived to location -1
2022-06-27 10:57:57,264 [DEBUG] case 4 need to change face to West Agent
2022-06-27 10:57:58,266 [DEBUG] case 3 need to move position (from op to op position) Agent
2022-06-27 10:57:58,267 [DEBUG] move entity: Agent to MOVE_TO_OP to location -1
2022-06-27 10:57:59,268 [DEBUG] case 2 Agent entity arrived to locaionAT_OP movement task completed
2022-06-27 10:57:59,268 [DEBUG] entity: Agent changed state to AT_OP arrived to location -1
2022-06-27 10:58:00,269 [DEBUG] case 4 need to change face to North Agent
2022-06-27 10:58:01,270 [DEBUG] case 3 need to move position (from op to op position) Agent
2022-06-27 10:58:01,271 [DEBUG] move entity: Agent to MOVE_TO_OP to location -1
2022-06-27 10:58:02,271 [DEBUG] case 2 Agent entity arrived to locaionAT_OP movement task completed
2022-06-27 10:58:02,271 [DEBUG] entity: Agent changed state to AT_OP arrived to location -1
2022-06-27 10:58:03,273 [DEBUG] case 4 need to change face to West Agent
