2022-06-27 14:43:45,718 [INFO] Initializing RFSM 
2022-06-27 14:43:45,897 [DEBUG] Communicator is initialized
2022-06-27 14:43:45,897 [DEBUG] running in vrf mode
2022-06-27 14:43:45,897 [DEBUG] RFSMManager is initialized
2022-06-27 14:43:45,897 [INFO] RFSM initialized
2022-06-27 14:43:45,897 [DEBUG] SpawnManager_Nadav is initialized
2022-06-27 14:43:47,900 [DEBUG] Get Forces local 
2022-06-27 14:43:51,702 [DEBUG] case 4 need to change face to West Agent
2022-06-27 14:43:51,803 [DEBUG] case 3 need to move position (from op to op position) Agent
2022-06-27 14:43:51,804 [DEBUG] move entity: Agent to MOVE_TO_OP to location -1
2022-06-27 14:43:53,616 [DEBUG] case 4 need to change face to North Green
2022-06-27 14:43:53,717 [DEBUG] case 3 need to move position (from op to op position) Green
2022-06-27 14:43:53,718 [DEBUG] move entity: Green to MOVE_TO_OP to location -1
2022-06-27 14:43:54,121 [DEBUG] case 2 Agent entity arrived to locaionAT_OP movement task completed
2022-06-27 14:43:54,121 [DEBUG] entity: Agent changed state to AT_OP arrived to location -1
2022-06-27 14:43:54,223 [DEBUG] case 4 need to change face to West Agent
2022-06-27 14:43:54,325 [DEBUG] case 3 need to move position (from op to op position) Agent
2022-06-27 14:43:54,326 [DEBUG] move entity: Agent to MOVE_TO_OP to location -1
2022-06-27 14:43:56,197 [DEBUG] case 2 Green entity arrived to locaionAT_OP movement task completed
2022-06-27 14:43:56,197 [DEBUG] entity: Green changed state to AT_OP arrived to location -1
2022-06-27 14:43:56,298 [DEBUG] case 2 Agent entity arrived to locaionAT_OP movement task completed
2022-06-27 14:43:56,298 [DEBUG] entity: Agent changed state to AT_OP arrived to location -1
2022-06-27 14:43:56,298 [DEBUG] case 4 need to change face to East Green
2022-06-27 14:43:56,399 [DEBUG] case 4 need to change face to West Agent
2022-06-27 14:43:56,399 [DEBUG] case 3 need to move position (from op to op position) Green
2022-06-27 14:43:56,400 [DEBUG] move entity: Green to MOVE_TO_OP to location -1
2022-06-27 14:43:56,500 [DEBUG] case 3 need to move position (from op to op position) Agent
2022-06-27 14:43:56,500 [DEBUG] move entity: Agent to MOVE_TO_OP to location -1
2022-06-27 14:43:58,365 [DEBUG] case 2 Agent entity arrived to locaionAT_OP movement task completed
2022-06-27 14:43:58,365 [DEBUG] entity: Agent changed state to AT_OP arrived to location -1
2022-06-27 14:43:58,466 [DEBUG] case 4 need to change face to South Agent
2022-06-27 14:43:58,566 [DEBUG] case 3 need to move position (from op to op position) Agent
2022-06-27 14:43:58,566 [DEBUG] move entity: Agent to MOVE_TO_OP to location -1
2022-06-27 14:43:58,668 [DEBUG] case 2 Green entity arrived to locaionAT_OP movement task completed
2022-06-27 14:43:58,668 [DEBUG] entity: Green changed state to AT_OP arrived to location -1
2022-06-27 14:43:58,769 [DEBUG] case 4 need to change face to South Green
2022-06-27 14:43:58,870 [DEBUG] case 3 need to move position (from op to op position) Green
2022-06-27 14:43:58,870 [DEBUG] move entity: Green to MOVE_TO_OP to location -1
2022-06-27 14:44:00,583 [DEBUG] case 2 Agent entity arrived to locaionAT_OP movement task completed
2022-06-27 14:44:00,584 [DEBUG] entity: Agent changed state to AT_OP arrived to location -1
2022-06-27 14:44:01,205 [DEBUG] case 4 need to change face to South Agent
2022-06-27 14:44:01,306 [DEBUG] case 3 need to move position (from op to op position) Agent
2022-06-27 14:44:01,306 [DEBUG] move entity: Agent to MOVE_TO_OP to location -1
2022-06-27 14:44:01,307 [DEBUG] case 2 Green entity arrived to locaionAT_OP movement task completed
2022-06-27 14:44:01,307 [DEBUG] entity: Green changed state to AT_OP arrived to location -1
2022-06-27 14:44:01,407 [DEBUG] case 4 need to change face to South Green
2022-06-27 14:44:01,508 [DEBUG] case 3 need to move position (from op to op position) Green
2022-06-27 14:44:01,509 [DEBUG] move entity: Green to MOVE_TO_OP to location -1
2022-06-27 14:44:03,410 [DEBUG] case 2 Agent entity arrived to locaionAT_OP movement task completed
2022-06-27 14:44:03,410 [DEBUG] entity: Agent changed state to AT_OP arrived to location -1
2022-06-27 14:44:03,411 [DEBUG] case 2 Green entity arrived to locaionAT_OP movement task completed
2022-06-27 14:44:03,411 [DEBUG] entity: Green changed state to AT_OP arrived to location -1
2022-06-27 14:44:03,512 [DEBUG] case 4 need to change face to South Agent
2022-06-27 14:44:03,512 [DEBUG] case 4 need to change face to North Green
2022-06-27 14:44:03,612 [DEBUG] case 3 need to move position (from op to op position) Agent
2022-06-27 14:44:03,613 [DEBUG] move entity: Agent to MOVE_TO_OP to location -1
2022-06-27 14:44:03,613 [DEBUG] case 3 need to move position (from op to op position) Green
2022-06-27 14:44:03,613 [DEBUG] move entity: Green to MOVE_TO_OP to location -1
2022-06-27 14:44:05,290 [DEBUG] case 2 Agent entity arrived to locaionAT_OP movement task completed
2022-06-27 14:44:05,290 [DEBUG] entity: Agent changed state to AT_OP arrived to location -1
2022-06-27 14:44:05,392 [DEBUG] case 4 need to change face to West Agent
2022-06-27 14:44:05,492 [DEBUG] case 3 need to move position (from op to op position) Agent
2022-06-27 14:44:05,492 [DEBUG] move entity: Agent to MOVE_TO_OP to location -1
2022-06-27 14:44:06,198 [DEBUG] case 2 Green entity arrived to locaionAT_OP movement task completed
2022-06-27 14:44:06,199 [DEBUG] entity: Green changed state to AT_OP arrived to location -1
2022-06-27 14:44:06,300 [DEBUG] case 4 need to change face to East Green
2022-06-27 14:44:06,401 [DEBUG] case 3 need to move position (from op to op position) Green
2022-06-27 14:44:06,402 [DEBUG] move entity: Green to MOVE_TO_OP to location -1
2022-06-27 14:44:07,810 [DEBUG] case 2 Agent entity arrived to locaionAT_OP movement task completed
2022-06-27 14:44:07,810 [DEBUG] entity: Agent changed state to AT_OP arrived to location -1
2022-06-27 14:44:07,912 [DEBUG] case 4 need to change face to South Agent
2022-06-27 14:44:08,014 [DEBUG] case 3 need to move position (from op to op position) Agent
2022-06-27 14:44:08,015 [DEBUG] move entity: Agent to MOVE_TO_OP to location -1
2022-06-27 14:44:08,962 [DEBUG] case 2 Green entity arrived to locaionAT_OP movement task completed
2022-06-27 14:44:08,962 [DEBUG] entity: Green changed state to AT_OP arrived to location -1
2022-06-27 14:44:09,063 [DEBUG] case 4 need to change face to South Green
2022-06-27 14:44:09,164 [DEBUG] case 3 need to move position (from op to op position) Green
2022-06-27 14:44:09,165 [DEBUG] move entity: Green to MOVE_TO_OP to location -1
2022-06-27 14:44:09,971 [DEBUG] case 2 Agent entity arrived to locaionAT_OP movement task completed
2022-06-27 14:44:09,971 [DEBUG] entity: Agent changed state to AT_OP arrived to location -1
2022-06-27 14:44:10,073 [DEBUG] case 4 need to change face to South Agent
2022-06-27 14:44:10,174 [DEBUG] case 3 need to move position (from op to op position) Agent
2022-06-27 14:44:10,175 [DEBUG] move entity: Agent to MOVE_TO_OP to location -1
2022-06-27 14:44:11,059 [DEBUG] case 2 Green entity arrived to locaionAT_OP movement task completed
2022-06-27 14:44:11,059 [DEBUG] entity: Green changed state to AT_OP arrived to location -1
2022-06-27 14:44:11,160 [DEBUG] case 4 need to change face to East Green
2022-06-27 14:44:11,260 [DEBUG] case 3 need to move position (from op to op position) Green
2022-06-27 14:44:11,261 [DEBUG] move entity: Green to MOVE_TO_OP to location -1
2022-06-27 14:44:11,865 [DEBUG] case 2 Agent entity arrived to locaionAT_OP movement task completed
2022-06-27 14:44:11,865 [DEBUG] entity: Agent changed state to AT_OP arrived to location -1
2022-06-27 14:44:11,967 [DEBUG] case 4 need to change face to South Agent
2022-06-27 14:44:12,069 [DEBUG] case 3 need to move position (from op to op position) Agent
2022-06-27 14:44:12,070 [DEBUG] move entity: Agent to MOVE_TO_OP to location -1
2022-06-27 14:44:13,564 [DEBUG] case 2 Green entity arrived to locaionAT_OP movement task completed
2022-06-27 14:44:13,565 [DEBUG] entity: Green changed state to AT_OP arrived to location -1
2022-06-27 14:44:13,666 [DEBUG] case 4 need to change face to West Green
2022-06-27 14:44:13,768 [DEBUG] case 3 need to move position (from op to op position) Green
2022-06-27 14:44:13,769 [DEBUG] move entity: Green to MOVE_TO_OP to location -1
2022-06-27 14:44:13,870 [DEBUG] case 2 Agent entity arrived to locaionAT_OP movement task completed
2022-06-27 14:44:13,870 [DEBUG] entity: Agent changed state to AT_OP arrived to location -1
2022-06-27 14:44:13,971 [DEBUG] case 4 need to change face to South Agent
2022-06-27 14:44:14,072 [DEBUG] case 3 need to move position (from op to op position) Agent
2022-06-27 14:44:14,073 [DEBUG] move entity: Agent to MOVE_TO_OP to location -1
2022-06-27 14:44:15,889 [DEBUG] case 2 Agent entity arrived to locaionAT_OP movement task completed
2022-06-27 14:44:15,889 [DEBUG] entity: Agent changed state to AT_OP arrived to location -1
2022-06-27 14:44:15,989 [DEBUG] case 4 need to change face to West Agent
2022-06-27 14:44:16,090 [DEBUG] case 3 need to move position (from op to op position) Agent
2022-06-27 14:44:16,091 [DEBUG] move entity: Agent to MOVE_TO_OP to location -1
2022-06-27 14:44:16,091 [DEBUG] case 2 Green entity arrived to locaionAT_OP movement task completed
2022-06-27 14:44:16,091 [DEBUG] entity: Green changed state to AT_OP arrived to location -1
2022-06-27 14:44:16,191 [DEBUG] case 4 need to change face to South Green
2022-06-27 14:44:16,291 [DEBUG] case 3 need to move position (from op to op position) Green
2022-06-27 14:44:16,292 [DEBUG] move entity: Green to MOVE_TO_OP to location -1
2022-06-27 14:44:18,306 [DEBUG] case 2 Green entity arrived to locaionAT_OP movement task completed
2022-06-27 14:44:18,307 [DEBUG] entity: Green changed state to AT_OP arrived to location -1
2022-06-27 14:44:18,408 [DEBUG] case 2 Agent entity arrived to locaionAT_OP movement task completed
2022-06-27 14:44:18,408 [DEBUG] entity: Agent changed state to AT_OP arrived to location -1
2022-06-27 14:44:18,409 [DEBUG] case 4 need to change face to North Green
2022-06-27 14:44:18,509 [DEBUG] case 4 need to change face to West Agent
2022-06-27 14:44:18,510 [DEBUG] case 3 need to move position (from op to op position) Green
2022-06-27 14:44:18,510 [DEBUG] move entity: Green to MOVE_TO_OP to location -1
2022-06-27 14:44:18,611 [DEBUG] case 3 need to move position (from op to op position) Agent
2022-06-27 14:44:18,612 [DEBUG] move entity: Agent to MOVE_TO_OP to location -1
2022-06-27 14:44:20,259 [DEBUG] case 2 Agent entity arrived to locaionAT_OP movement task completed
2022-06-27 14:44:20,260 [DEBUG] entity: Agent changed state to AT_OP arrived to location -1
2022-06-27 14:44:20,360 [DEBUG] case 4 need to change face to South Agent
2022-06-27 14:44:20,462 [DEBUG] case 3 need to move position (from op to op position) Agent
2022-06-27 14:44:20,463 [DEBUG] move entity: Agent to MOVE_TO_OP to location -1
2022-06-27 14:44:20,965 [DEBUG] case 2 Green entity arrived to locaionAT_OP movement task completed
2022-06-27 14:44:20,966 [DEBUG] entity: Green changed state to AT_OP arrived to location -1
2022-06-27 14:44:21,067 [DEBUG] case 4 need to change face to West Green
2022-06-27 14:44:21,167 [DEBUG] case 3 need to move position (from op to op position) Green
2022-06-27 14:44:21,168 [DEBUG] move entity: Green to MOVE_TO_OP to location -1
2022-06-27 14:44:22,494 [DEBUG] case 2 Agent entity arrived to locaionAT_OP movement task completed
2022-06-27 14:44:22,495 [DEBUG] entity: Agent changed state to AT_OP arrived to location -1
2022-06-27 14:44:22,595 [DEBUG] case 4 need to change face to North Agent
2022-06-27 14:44:22,828 [DEBUG] case 4 need to change face to North Agent
2022-06-27 14:44:22,930 [DEBUG] case 3 need to move position (from op to op position) Agent
2022-06-27 14:44:22,930 [DEBUG] move entity: Agent to MOVE_TO_OP to location -1
2022-06-27 14:44:23,536 [DEBUG] case 2 Green entity arrived to locaionAT_OP movement task completed
2022-06-27 14:44:23,537 [DEBUG] entity: Green changed state to AT_OP arrived to location -1
2022-06-27 14:44:23,637 [DEBUG] case 4 need to change face to North Green
2022-06-27 14:44:23,758 [DEBUG] case 3 need to move position (from op to op position) Green
2022-06-27 14:44:23,758 [DEBUG] move entity: Green to MOVE_TO_OP to location -1
2022-06-27 14:44:24,883 [DEBUG] case 2 Agent entity arrived to locaionAT_OP movement task completed
2022-06-27 14:44:24,883 [DEBUG] entity: Agent changed state to AT_OP arrived to location -1
2022-06-27 14:44:24,984 [DEBUG] case 4 need to change face to West Agent
2022-06-27 14:44:25,084 [DEBUG] case 3 need to move position (from op to op position) Agent
2022-06-27 14:44:25,085 [DEBUG] move entity: Agent to MOVE_TO_OP to location -1
2022-06-27 14:44:25,690 [DEBUG] case 2 Green entity arrived to locaionAT_OP movement task completed
2022-06-27 14:44:25,690 [DEBUG] entity: Green changed state to AT_OP arrived to location -1
2022-06-27 14:44:25,791 [DEBUG] case 4 need to change face to South Green
2022-06-27 14:44:25,892 [DEBUG] case 3 need to move position (from op to op position) Green
2022-06-27 14:44:25,893 [DEBUG] move entity: Green to MOVE_TO_OP to location -1
2022-06-27 14:44:27,402 [DEBUG] case 2 Agent entity arrived to locaionAT_OP movement task completed
2022-06-27 14:44:27,402 [DEBUG] entity: Agent changed state to AT_OP arrived to location -1
2022-06-27 14:44:27,807 [DEBUG] case 2 Green entity arrived to locaionAT_OP movement task completed
2022-06-27 14:44:27,808 [DEBUG] entity: Green changed state to AT_OP arrived to location -1
2022-06-27 14:44:27,908 [DEBUG] case 4 need to change face to East Green
2022-06-27 14:44:28,010 [DEBUG] case 3 need to move position (from op to op position) Green
2022-06-27 14:44:28,011 [DEBUG] move entity: Green to MOVE_TO_OP to location -1
2022-06-27 14:44:29,741 [DEBUG] case 4 need to change face to East Agent
2022-06-27 14:44:29,842 [DEBUG] case 3 need to move position (from op to op position) Agent
2022-06-27 14:44:29,842 [DEBUG] move entity: Agent to MOVE_TO_OP to location -1
2022-06-27 14:44:30,346 [DEBUG] case 2 Green entity arrived to locaionAT_OP movement task completed
2022-06-27 14:44:30,346 [DEBUG] entity: Green changed state to AT_OP arrived to location -1
2022-06-27 14:44:30,448 [DEBUG] case 4 need to change face to East Green
2022-06-27 14:44:30,549 [DEBUG] case 3 need to move position (from op to op position) Green
2022-06-27 14:44:30,550 [DEBUG] move entity: Green to MOVE_TO_OP to location -1
2022-06-27 14:44:32,178 [DEBUG] case 2 Agent entity arrived to locaionAT_OP movement task completed
2022-06-27 14:44:32,178 [DEBUG] entity: Agent changed state to AT_OP arrived to location -1
2022-06-27 14:44:32,280 [DEBUG] case 4 need to change face to East Agent
2022-06-27 14:44:32,281 [DEBUG] case 2 Green entity arrived to locaionAT_OP movement task completed
2022-06-27 14:44:32,281 [DEBUG] entity: Green changed state to AT_OP arrived to location -1
2022-06-27 14:44:32,381 [DEBUG] case 3 need to move position (from op to op position) Agent
2022-06-27 14:44:32,382 [DEBUG] move entity: Agent to MOVE_TO_OP to location -1
2022-06-27 14:44:32,382 [DEBUG] case 4 need to change face to West Green
2022-06-27 14:44:32,483 [DEBUG] case 3 need to move position (from op to op position) Green
2022-06-27 14:44:32,484 [DEBUG] move entity: Green to MOVE_TO_OP to location -1
2022-06-27 14:44:34,213 [DEBUG] case 2 Agent entity arrived to locaionAT_OP movement task completed
2022-06-27 14:44:34,214 [DEBUG] entity: Agent changed state to AT_OP arrived to location -1
2022-06-27 14:44:34,314 [DEBUG] case 4 need to change face to West Agent
2022-06-27 14:44:34,416 [DEBUG] case 3 need to move position (from op to op position) Agent
2022-06-27 14:44:34,417 [DEBUG] move entity: Agent to MOVE_TO_OP to location -1
2022-06-27 14:44:35,323 [DEBUG] case 2 Green entity arrived to locaionAT_OP movement task completed
2022-06-27 14:44:35,324 [DEBUG] entity: Green changed state to AT_OP arrived to location -1
2022-06-27 14:44:35,424 [DEBUG] case 4 need to change face to West Green
2022-06-27 14:44:35,525 [DEBUG] case 3 need to move position (from op to op position) Green
2022-06-27 14:44:35,526 [DEBUG] move entity: Green to MOVE_TO_OP to location -1
2022-06-27 14:44:37,257 [DEBUG] case 2 Agent entity arrived to locaionAT_OP movement task completed
2022-06-27 14:44:37,257 [DEBUG] entity: Agent changed state to AT_OP arrived to location -1
2022-06-27 14:44:37,257 [DEBUG] case 2 Green entity arrived to locaionAT_OP movement task completed
2022-06-27 14:44:37,257 [DEBUG] entity: Green changed state to AT_OP arrived to location -1
2022-06-27 14:44:37,358 [DEBUG] case 4 need to change face to West Agent
2022-06-27 14:44:37,358 [DEBUG] case 4 need to change face to South Green
2022-06-27 14:44:37,459 [DEBUG] case 3 need to move position (from op to op position) Agent
2022-06-27 14:44:37,460 [DEBUG] move entity: Agent to MOVE_TO_OP to location -1
2022-06-27 14:44:37,460 [DEBUG] case 3 need to move position (from op to op position) Green
2022-06-27 14:44:37,460 [DEBUG] move entity: Green to MOVE_TO_OP to location -1
2022-06-27 14:44:39,276 [DEBUG] case 2 Agent entity arrived to locaionAT_OP movement task completed
2022-06-27 14:44:39,276 [DEBUG] entity: Agent changed state to AT_OP arrived to location -1
2022-06-27 14:44:39,377 [DEBUG] case 4 need to change face to West Agent
2022-06-27 14:44:39,478 [DEBUG] case 3 need to move position (from op to op position) Agent
2022-06-27 14:44:39,479 [DEBUG] move entity: Agent to MOVE_TO_OP to location -1
2022-06-27 14:44:39,479 [DEBUG] case 2 Green entity arrived to locaionAT_OP movement task completed
2022-06-27 14:44:39,479 [DEBUG] entity: Green changed state to AT_OP arrived to location -1
2022-06-27 14:44:39,580 [DEBUG] case 4 need to change face to West Green
2022-06-27 14:44:39,682 [DEBUG] case 3 need to move position (from op to op position) Green
2022-06-27 14:44:39,683 [DEBUG] move entity: Green to MOVE_TO_OP to location -1
2022-06-27 14:44:41,192 [DEBUG] case 2 Agent entity arrived to locaionAT_OP movement task completed
2022-06-27 14:44:41,193 [DEBUG] entity: Agent changed state to AT_OP arrived to location -1
2022-06-27 14:44:41,294 [DEBUG] case 4 need to change face to South Agent
2022-06-27 14:44:41,396 [DEBUG] case 3 need to move position (from op to op position) Agent
2022-06-27 14:44:41,397 [DEBUG] move entity: Agent to MOVE_TO_OP to location -1
2022-06-27 14:44:42,243 [DEBUG] case 2 Green entity arrived to locaionAT_OP movement task completed
2022-06-27 14:44:42,243 [DEBUG] entity: Green changed state to AT_OP arrived to location -1
2022-06-27 14:44:42,343 [DEBUG] case 4 need to change face to South Green
2022-06-27 14:44:42,445 [DEBUG] case 3 need to move position (from op to op position) Green
2022-06-27 14:44:42,446 [DEBUG] move entity: Green to MOVE_TO_OP to location -1
2022-06-27 14:44:43,454 [DEBUG] case 2 Agent entity arrived to locaionAT_OP movement task completed
2022-06-27 14:44:43,454 [DEBUG] entity: Agent changed state to AT_OP arrived to location -1
2022-06-27 14:44:43,555 [DEBUG] case 4 need to change face to West Agent
2022-06-27 14:44:43,657 [DEBUG] case 3 need to move position (from op to op position) Agent
2022-06-27 14:44:43,658 [DEBUG] move entity: Agent to MOVE_TO_OP to location -1
2022-06-27 14:44:44,603 [DEBUG] case 2 Green entity arrived to locaionAT_OP movement task completed
2022-06-27 14:44:44,604 [DEBUG] entity: Green changed state to AT_OP arrived to location -1
2022-06-27 14:44:44,705 [DEBUG] case 4 need to change face to South Green
2022-06-27 14:44:44,807 [DEBUG] case 3 need to move position (from op to op position) Green
2022-06-27 14:44:44,808 [DEBUG] move entity: Green to MOVE_TO_OP to location -1
2022-06-27 14:44:46,171 [DEBUG] case 2 Agent entity arrived to locaionAT_OP movement task completed
2022-06-27 14:44:46,171 [DEBUG] entity: Agent changed state to AT_OP arrived to location -1
2022-06-27 14:44:46,273 [DEBUG] case 4 need to change face to South Agent
2022-06-27 14:44:46,374 [DEBUG] case 3 need to move position (from op to op position) Agent
2022-06-27 14:44:46,375 [DEBUG] move entity: Agent to MOVE_TO_OP to location -1
2022-06-27 14:44:46,778 [DEBUG] case 2 Green entity arrived to locaionAT_OP movement task completed
2022-06-27 14:44:46,779 [DEBUG] entity: Green changed state to AT_OP arrived to location -1
2022-06-27 14:44:46,880 [DEBUG] case 4 need to change face to East Green
2022-06-27 14:44:46,981 [DEBUG] case 3 need to move position (from op to op position) Green
2022-06-27 14:44:46,982 [DEBUG] move entity: Green to MOVE_TO_OP to location -1
2022-06-27 14:44:48,491 [DEBUG] case 2 Agent entity arrived to locaionAT_OP movement task completed
2022-06-27 14:44:48,492 [DEBUG] entity: Agent changed state to AT_OP arrived to location -1
2022-06-27 14:44:48,593 [DEBUG] case 4 need to change face to South Agent
2022-06-27 14:44:48,695 [DEBUG] case 3 need to move position (from op to op position) Agent
2022-06-27 14:44:48,696 [DEBUG] move entity: Agent to MOVE_TO_OP to location -1
2022-06-27 14:44:49,338 [DEBUG] case 2 Green entity arrived to locaionAT_OP movement task completed
2022-06-27 14:44:49,339 [DEBUG] entity: Green changed state to AT_OP arrived to location -1
2022-06-27 14:44:49,440 [DEBUG] case 4 need to change face to West Green
2022-06-27 14:44:49,541 [DEBUG] case 3 need to move position (from op to op position) Green
2022-06-27 14:44:49,542 [DEBUG] move entity: Green to MOVE_TO_OP to location -1
2022-06-27 14:44:49,946 [DEBUG] case 2 Agent entity arrived to locaionAT_OP movement task completed
2022-06-27 14:44:49,946 [DEBUG] entity: Agent changed state to AT_OP arrived to location -1
2022-06-27 14:44:50,047 [DEBUG] case 4 need to change face to South Agent
2022-06-27 14:44:50,149 [DEBUG] case 3 need to move position (from op to op position) Agent
2022-06-27 14:44:50,150 [DEBUG] move entity: Agent to MOVE_TO_OP to location -1
2022-06-27 14:44:51,960 [DEBUG] case 2 Agent entity arrived to locaionAT_OP movement task completed
2022-06-27 14:44:51,961 [DEBUG] entity: Agent changed state to AT_OP arrived to location -1
2022-06-27 14:44:52,062 [DEBUG] case 4 need to change face to East Agent
2022-06-27 14:44:52,164 [DEBUG] case 3 need to move position (from op to op position) Agent
2022-06-27 14:44:52,165 [DEBUG] move entity: Agent to MOVE_TO_OP to location -1
2022-06-27 14:44:52,366 [DEBUG] case 2 Green entity arrived to locaionAT_OP movement task completed
2022-06-27 14:44:52,367 [DEBUG] entity: Green changed state to AT_OP arrived to location -1
2022-06-27 14:44:52,469 [DEBUG] case 4 need to change face to North Green
2022-06-27 14:44:52,570 [DEBUG] case 3 need to move position (from op to op position) Green
2022-06-27 14:44:52,571 [DEBUG] move entity: Green to MOVE_TO_OP to location -1
2022-06-27 14:44:54,584 [DEBUG] case 2 Green entity arrived to locaionAT_OP movement task completed
2022-06-27 14:44:54,585 [DEBUG] entity: Green changed state to AT_OP arrived to location -1
2022-06-27 14:44:54,685 [DEBUG] case 4 need to change face to East Green
2022-06-27 14:44:54,909 [DEBUG] case 3 need to move position (from op to op position) Green
2022-06-27 14:44:54,910 [DEBUG] move entity: Green to MOVE_TO_OP to location -1
2022-06-27 14:44:55,834 [DEBUG] case 2 Agent entity arrived to locaionAT_OP movement task completed
2022-06-27 14:44:55,834 [DEBUG] entity: Agent changed state to AT_OP arrived to location -1
2022-06-27 14:44:55,934 [DEBUG] case 4 need to change face to North Agent
2022-06-27 14:44:56,036 [DEBUG] case 3 need to move position (from op to op position) Agent
2022-06-27 14:44:56,037 [DEBUG] move entity: Agent to MOVE_TO_OP to location -1
2022-06-27 14:44:57,245 [DEBUG] case 2 Green entity arrived to locaionAT_OP movement task completed
2022-06-27 14:44:57,245 [DEBUG] entity: Green changed state to AT_OP arrived to location -1
2022-06-27 14:44:57,347 [DEBUG] case 4 need to change face to South Green
2022-06-27 14:44:57,447 [DEBUG] case 3 need to move position (from op to op position) Green
2022-06-27 14:44:57,448 [DEBUG] move entity: Green to MOVE_TO_OP to location -1
2022-06-27 14:44:57,953 [DEBUG] case 2 Agent entity arrived to locaionAT_OP movement task completed
2022-06-27 14:44:57,954 [DEBUG] entity: Agent changed state to AT_OP arrived to location -1
2022-06-27 14:44:58,777 [DEBUG] case 4 need to change face to South Agent
2022-06-27 14:44:58,877 [DEBUG] case 3 need to move position (from op to op position) Agent
2022-06-27 14:44:58,877 [DEBUG] move entity: Agent to MOVE_TO_OP to location -1
2022-06-27 14:44:59,482 [DEBUG] case 2 Green entity arrived to locaionAT_OP movement task completed
2022-06-27 14:44:59,483 [DEBUG] entity: Green changed state to AT_OP arrived to location -1
2022-06-27 14:44:59,584 [DEBUG] case 4 need to change face to South Green
2022-06-27 14:44:59,685 [DEBUG] case 3 need to move position (from op to op position) Green
2022-06-27 14:44:59,686 [DEBUG] move entity: Green to MOVE_TO_OP to location -1
