2022-05-22 14:28:26,751 [INFO] Initializing RFSM 
2022-05-22 14:28:26,909 [DEBUG] Communicator is initialized
2022-05-22 14:28:26,909 [DEBUG] running in vrf mode
2022-05-22 14:28:26,910 [DEBUG] RFSMManager is initialized
2022-05-22 14:28:26,910 [INFO] RFSM initialized
2022-05-22 14:28:26,910 [DEBUG] SpawnManager is initialized
2022-05-22 14:28:26,911 [DEBUG] area compound AF area of interest X
2022-05-22 14:28:26,911 [DEBUG] create 5 red forces and 3 civilians in area A
2022-05-22 14:28:26,911 [DEBUG] create 5 red forces and 3 civilians in area F
2022-05-22 14:28:26,911 [DEBUG] create 1 long anti tank and 1 civilians in area X
2022-05-22 14:28:26,912 [DEBUG] start create entity
2022-05-22 14:28:26,923 [DEBUG] start create civilians
2022-05-22 14:28:45,125 [DEBUG] Create Entities
2022-05-22 14:28:45,126 [DEBUG] Send compound
2022-05-22 14:28:45,126 [DEBUG] Get Forces local 
2022-05-22 14:29:02,456 [DEBUG] enemy_is_detected
2022-05-22 14:29:02,457 [DEBUG] case 4 SHORT_R2 entity detected enemy LAV 1 fire event!
2022-05-22 14:29:02,457 [DEBUG] fire event with entity: SHORT_R2 to: LAV 1
2022-05-22 14:29:03,501 [DEBUG] enemy_is_detected
2022-05-22 14:29:03,502 [DEBUG] case 4 SHORT_R2 entity detected enemy LAV 1 fire event!
2022-05-22 14:29:03,502 [DEBUG] fire event with entity: SHORT_R2 to: LAV 1
2022-05-22 14:29:03,520 [DEBUG] enemy_is_detected
2022-05-22 14:29:03,520 [DEBUG] case 4 LONG_RA18 entity detected enemy LAV 1 fire event!
2022-05-22 14:29:03,521 [DEBUG] fire event with entity: LONG_RA18 to: LAV 1
2022-05-22 14:29:34,320 [DEBUG] change op location -> time_difference = 31.85018229484558 rand_time = 30.495802375302134 timeop_min = 30.0 timeop_max = 40.0
2022-05-22 14:29:34,326 [DEBUG] current position 86 move to state type Civil entity type name CIVILIA11
2022-05-22 14:29:34,327 [DEBUG] Position found 155
2022-05-22 14:29:34,327 [DEBUG] case 5 time passed and need to move position (from op to op position) CIVILIA11
2022-05-22 14:29:34,327 [DEBUG] move entity: CIVILIA11 to MOVE_TO_OP to location 155
2022-05-22 14:29:34,328 [DEBUG] change op location -> time_difference = 31.858161211013794 rand_time = 30.7133209836693 timeop_min = 30.0 timeop_max = 40.0
2022-05-22 14:29:34,331 [DEBUG] current position 39 move to state type Civil entity type name CIVILIA12
2022-05-22 14:29:34,332 [DEBUG] Position found 235
2022-05-22 14:29:34,332 [DEBUG] case 5 time passed and need to move position (from op to op position) CIVILIA12
2022-05-22 14:29:34,332 [DEBUG] move entity: CIVILIA12 to MOVE_TO_OP to location 235
2022-05-22 14:29:34,332 [DEBUG] change op location -> time_difference = 31.861151933670044 rand_time = 31.107121576870576 timeop_min = 30.0 timeop_max = 40.0
2022-05-22 14:29:34,335 [DEBUG] current position 65 move to state type Civil entity type name CIVILIA13
2022-05-22 14:29:34,335 [DEBUG] Position found 59
2022-05-22 14:29:34,335 [DEBUG] case 5 time passed and need to move position (from op to op position) CIVILIA13
2022-05-22 14:29:34,335 [DEBUG] move entity: CIVILIA13 to MOVE_TO_OP to location 59
2022-05-22 14:29:36,393 [DEBUG] change op location -> time_difference = 33.92125058174133 rand_time = 31.54362960844331 timeop_min = 30.0 timeop_max = 40.0
2022-05-22 14:29:36,398 [DEBUG] current position 219 move to state type Civil entity type name CIVILIA16
2022-05-22 14:29:36,398 [DEBUG] Position found 78
2022-05-22 14:29:36,399 [DEBUG] case 5 time passed and need to move position (from op to op position) CIVILIA16
2022-05-22 14:29:36,399 [DEBUG] move entity: CIVILIA16 to MOVE_TO_OP to location 78
2022-05-22 14:29:37,413 [DEBUG] change op location -> time_difference = 34.942296743392944 rand_time = 32.053493348665796 timeop_min = 30.0 timeop_max = 40.0
2022-05-22 14:29:37,419 [DEBUG] current position 105 move to state type Civil entity type name CIVILIA14
2022-05-22 14:29:37,419 [DEBUG] Position found 65
2022-05-22 14:29:37,420 [DEBUG] case 5 time passed and need to move position (from op to op position) CIVILIA14
2022-05-22 14:29:37,420 [DEBUG] move entity: CIVILIA14 to MOVE_TO_OP to location 65
2022-05-22 14:29:37,420 [DEBUG] change op location -> time_difference = 34.94828128814697 rand_time = 31.25207875349417 timeop_min = 30.0 timeop_max = 40.0
2022-05-22 14:29:37,423 [DEBUG] current position 237 move to state type Civil entity type name CIVILIA17
2022-05-22 14:29:37,425 [DEBUG] Position found 252
2022-05-22 14:29:37,425 [DEBUG] case 5 time passed and need to move position (from op to op position) CIVILIA17
2022-05-22 14:29:37,426 [DEBUG] move entity: CIVILIA17 to MOVE_TO_OP to location 252
2022-05-22 14:29:39,459 [DEBUG] change op location -> time_difference = 36.987528800964355 rand_time = 31.723098609255096 timeop_min = 30.0 timeop_max = 40.0
2022-05-22 14:29:39,464 [DEBUG] current position 178 move to state type Civil entity type name CIVILIA15
2022-05-22 14:29:39,465 [DEBUG] Position found 146
2022-05-22 14:29:39,465 [DEBUG] case 5 time passed and need to move position (from op to op position) CIVILIA15
2022-05-22 14:29:39,465 [DEBUG] move entity: CIVILIA15 to MOVE_TO_OP to location 146
2022-05-22 14:29:43,564 [DEBUG] case 2 CIVILIA13 entity arrived to locaionAT_OP movement task completed
2022-05-22 14:29:43,564 [DEBUG] entity: CIVILIA13 changed state to AT_OP arrived to location 59
2022-05-22 14:29:48,710 [DEBUG] case 2 CIVILIA17 entity arrived to locaionAT_OP movement task completed
2022-05-22 14:29:48,710 [DEBUG] entity: CIVILIA17 changed state to AT_OP arrived to location 252
2022-05-22 14:29:57,971 [DEBUG] case 2 CIVILIA15 entity arrived to locaionAT_OP movement task completed
2022-05-22 14:29:57,971 [DEBUG] entity: CIVILIA15 changed state to AT_OP arrived to location 146
2022-05-22 14:30:13,398 [DEBUG] change op location -> time_difference = 70.9378809928894 rand_time = 61.9970316811026 timeop_min = 60.0 timeop_max = 300.0
2022-05-22 14:30:13,401 [DEBUG] current position 3 move to state type Op entity type name OBSERVE6
2022-05-22 14:30:13,407 [DEBUG] Position found 2
2022-05-22 14:30:13,407 [DEBUG] case 5 time passed and need to move position (from op to op position) OBSERVE6
2022-05-22 14:30:13,407 [DEBUG] move entity: OBSERVE6 to MOVE_TO_OP to location 2
2022-05-22 14:30:13,410 [DEBUG] case 2 CIVILIA11 entity arrived to locaionAT_OP movement task completed
2022-05-22 14:30:13,410 [DEBUG] entity: CIVILIA11 changed state to AT_OP arrived to location 155
2022-05-22 14:30:16,488 [DEBUG] case 2 OBSERVE6 entity arrived to locaionAT_OP movement task completed
2022-05-22 14:30:16,489 [DEBUG] entity: OBSERVE6 changed state to AT_OP arrived to location 2
2022-05-22 14:30:16,494 [DEBUG] change op location -> time_difference = 32.9293327331543 rand_time = 30.572521070129326 timeop_min = 30.0 timeop_max = 40.0
2022-05-22 14:30:16,499 [DEBUG] current position 59 move to state type Civil entity type name CIVILIA13
2022-05-22 14:30:16,499 [DEBUG] Position found 136
2022-05-22 14:30:16,499 [DEBUG] case 5 time passed and need to move position (from op to op position) CIVILIA13
2022-05-22 14:30:16,500 [DEBUG] move entity: CIVILIA13 to MOVE_TO_OP to location 136
2022-05-22 14:30:20,586 [DEBUG] change op location -> time_difference = 78.12048149108887 rand_time = 76.94725701081606 timeop_min = 60.0 timeop_max = 300.0
2022-05-22 14:30:20,592 [DEBUG] current position 94 move to state type Op entity type name OBSERVE8
2022-05-22 14:30:20,627 [DEBUG] Position found 93
2022-05-22 14:30:20,627 [DEBUG] case 5 time passed and need to move position (from op to op position) OBSERVE8
2022-05-22 14:30:20,628 [DEBUG] move entity: OBSERVE8 to MOVE_TO_OP to location 93
2022-05-22 14:30:21,645 [DEBUG] change op location -> time_difference = 32.934765100479126 rand_time = 30.753229245634415 timeop_min = 30.0 timeop_max = 40.0
2022-05-22 14:30:21,649 [DEBUG] current position 252 move to state type Civil entity type name CIVILIA17
2022-05-22 14:30:21,654 [DEBUG] Position found 255
2022-05-22 14:30:21,654 [DEBUG] case 5 time passed and need to move position (from op to op position) CIVILIA17
2022-05-22 14:30:21,655 [DEBUG] move entity: CIVILIA17 to MOVE_TO_OP to location 255
2022-05-22 14:30:25,751 [DEBUG] case 2 CIVILIA14 entity arrived to locaionAT_OP movement task completed
2022-05-22 14:30:25,751 [DEBUG] entity: CIVILIA14 changed state to AT_OP arrived to location 65
2022-05-22 14:30:26,777 [DEBUG] case 2 OBSERVE8 entity arrived to locaionAT_OP movement task completed
2022-05-22 14:30:26,777 [DEBUG] entity: OBSERVE8 changed state to AT_OP arrived to location 93
2022-05-22 14:30:28,832 [DEBUG] change op location -> time_difference = 30.860766649246216 rand_time = 30.085899880466446 timeop_min = 30.0 timeop_max = 40.0
2022-05-22 14:30:28,837 [DEBUG] current position 146 move to state type Civil entity type name CIVILIA15
2022-05-22 14:30:28,837 [DEBUG] Position found 21
2022-05-22 14:30:28,837 [DEBUG] case 5 time passed and need to move position (from op to op position) CIVILIA15
2022-05-22 14:30:28,837 [DEBUG] move entity: CIVILIA15 to MOVE_TO_OP to location 21
2022-05-22 14:30:45,268 [DEBUG] change op location -> time_difference = 31.857980489730835 rand_time = 30.38480219859896 timeop_min = 30.0 timeop_max = 40.0
2022-05-22 14:30:45,274 [DEBUG] current position 155 move to state type Civil entity type name CIVILIA11
2022-05-22 14:30:45,274 [DEBUG] Position found 225
2022-05-22 14:30:45,275 [DEBUG] case 5 time passed and need to move position (from op to op position) CIVILIA11
2022-05-22 14:30:45,275 [DEBUG] move entity: CIVILIA11 to MOVE_TO_OP to location 225
2022-05-22 14:30:47,315 [DEBUG] case 2 CIVILIA16 entity arrived to locaionAT_OP movement task completed
2022-05-22 14:30:47,315 [DEBUG] entity: CIVILIA16 changed state to AT_OP arrived to location 78
2022-05-22 14:30:59,627 [DEBUG] case 2 CIVILIA12 entity arrived to locaionAT_OP movement task completed
2022-05-22 14:30:59,627 [DEBUG] entity: CIVILIA12 changed state to AT_OP arrived to location 235
2022-05-22 14:31:01,689 [DEBUG] change op location -> time_difference = 35.93779158592224 rand_time = 31.051155229131655 timeop_min = 30.0 timeop_max = 40.0
2022-05-22 14:31:01,695 [DEBUG] current position 65 move to state type Civil entity type name CIVILIA14
2022-05-22 14:31:01,697 [DEBUG] Position found 1
2022-05-22 14:31:01,697 [DEBUG] case 5 time passed and need to move position (from op to op position) CIVILIA14
2022-05-22 14:31:01,697 [DEBUG] move entity: CIVILIA14 to MOVE_TO_OP to location 1
2022-05-22 14:31:04,770 [DEBUG] case 2 CIVILIA13 entity arrived to locaionAT_OP movement task completed
2022-05-22 14:31:04,771 [DEBUG] entity: CIVILIA13 changed state to AT_OP arrived to location 136
2022-05-22 14:31:17,093 [DEBUG] case 2 CIVILIA15 entity arrived to locaionAT_OP movement task completed
2022-05-22 14:31:17,093 [DEBUG] entity: CIVILIA15 changed state to AT_OP arrived to location 21
2022-05-22 14:31:19,141 [DEBUG] change op location -> time_difference = 31.826279640197754 rand_time = 30.847913489607464 timeop_min = 30.0 timeop_max = 40.0
2022-05-22 14:31:19,145 [DEBUG] current position 78 move to state type Civil entity type name CIVILIA16
2022-05-22 14:31:19,146 [DEBUG] Position found 97
2022-05-22 14:31:19,146 [DEBUG] case 5 time passed and need to move position (from op to op position) CIVILIA16
2022-05-22 14:31:19,146 [DEBUG] move entity: CIVILIA16 to MOVE_TO_OP to location 97
2022-05-22 14:31:24,278 [DEBUG] case 2 CIVILIA14 entity arrived to locaionAT_OP movement task completed
2022-05-22 14:31:24,278 [DEBUG] entity: CIVILIA14 changed state to AT_OP arrived to location 1
2022-05-22 14:31:32,489 [DEBUG] case 2 CIVILIA11 entity arrived to locaionAT_OP movement task completed
2022-05-22 14:31:32,489 [DEBUG] entity: CIVILIA11 changed state to AT_OP arrived to location 225
2022-05-22 14:31:32,490 [DEBUG] change op location -> time_difference = 32.86202025413513 rand_time = 32.53411306352994 timeop_min = 30.0 timeop_max = 40.0
2022-05-22 14:31:32,494 [DEBUG] current position 235 move to state type Civil entity type name CIVILIA12
2022-05-22 14:31:32,495 [DEBUG] Position found 154
2022-05-22 14:31:32,495 [DEBUG] case 5 time passed and need to move position (from op to op position) CIVILIA12
2022-05-22 14:31:32,495 [DEBUG] move entity: CIVILIA12 to MOVE_TO_OP to location 154
2022-05-22 14:31:39,677 [DEBUG] change op location -> time_difference = 34.905930280685425 rand_time = 33.335682561913096 timeop_min = 30.0 timeop_max = 40.0
2022-05-22 14:31:39,688 [DEBUG] current position 136 move to state type Civil entity type name CIVILIA13
2022-05-22 14:31:39,689 [DEBUG] Position found 107
2022-05-22 14:31:39,689 [DEBUG] case 5 time passed and need to move position (from op to op position) CIVILIA13
2022-05-22 14:31:39,689 [DEBUG] move entity: CIVILIA13 to MOVE_TO_OP to location 107
2022-05-22 14:31:46,879 [DEBUG] case 2 CIVILIA16 entity arrived to locaionAT_OP movement task completed
2022-05-22 14:31:46,879 [DEBUG] entity: CIVILIA16 changed state to AT_OP arrived to location 97
2022-05-22 14:31:49,955 [DEBUG] change op location -> time_difference = 93.46422553062439 rand_time = 73.07004867968435 timeop_min = 60.0 timeop_max = 300.0
2022-05-22 14:31:49,957 [DEBUG] current position 2 move to state type Op entity type name OBSERVE6
2022-05-22 14:31:49,970 [DEBUG] Position found 42
2022-05-22 14:31:49,971 [DEBUG] case 5 time passed and need to move position (from op to op position) OBSERVE6
2022-05-22 14:31:49,971 [DEBUG] move entity: OBSERVE6 to MOVE_TO_OP to location 42
2022-05-22 14:31:49,975 [DEBUG] change op location -> time_difference = 32.881736040115356 rand_time = 31.89520692962549 timeop_min = 30.0 timeop_max = 40.0
2022-05-22 14:31:49,976 [DEBUG] current position 21 move to state type Civil entity type name CIVILIA15
2022-05-22 14:31:49,978 [DEBUG] Position found 189
2022-05-22 14:31:49,978 [DEBUG] case 5 time passed and need to move position (from op to op position) CIVILIA15
2022-05-22 14:31:49,978 [DEBUG] move entity: CIVILIA15 to MOVE_TO_OP to location 189
2022-05-22 14:31:56,126 [DEBUG] change op location -> time_difference = 31.848082542419434 rand_time = 30.923386561850798 timeop_min = 30.0 timeop_max = 40.0
2022-05-22 14:31:56,131 [DEBUG] current position 1 move to state type Civil entity type name CIVILIA14
2022-05-22 14:31:56,131 [DEBUG] Position found 131
2022-05-22 14:31:56,131 [DEBUG] case 5 time passed and need to move position (from op to op position) CIVILIA14
2022-05-22 14:31:56,132 [DEBUG] move entity: CIVILIA14 to MOVE_TO_OP to location 131
2022-05-22 14:32:01,247 [DEBUG] change op location -> time_difference = 94.47018194198608 rand_time = 61.508324472802144 timeop_min = 60.0 timeop_max = 300.0
2022-05-22 14:32:01,254 [DEBUG] current position 93 move to state type Op entity type name OBSERVE8
2022-05-22 14:32:01,273 [DEBUG] Position found 94
2022-05-22 14:32:01,273 [DEBUG] case 5 time passed and need to move position (from op to op position) OBSERVE8
2022-05-22 14:32:01,273 [DEBUG] move entity: OBSERVE8 to MOVE_TO_OP to location 94
2022-05-22 14:32:06,404 [DEBUG] change op location -> time_difference = 33.915008544921875 rand_time = 33.092209199992666 timeop_min = 30.0 timeop_max = 40.0
2022-05-22 14:32:06,412 [DEBUG] current position 225 move to state type Civil entity type name CIVILIA11
2022-05-22 14:32:06,413 [DEBUG] Position found 135
2022-05-22 14:32:06,413 [DEBUG] case 5 time passed and need to move position (from op to op position) CIVILIA11
2022-05-22 14:32:06,414 [DEBUG] move entity: CIVILIA11 to MOVE_TO_OP to location 135
2022-05-22 14:32:07,435 [DEBUG] case 2 OBSERVE6 entity arrived to locaionAT_OP movement task completed
2022-05-22 14:32:07,435 [DEBUG] entity: OBSERVE6 changed state to AT_OP arrived to location 42
2022-05-22 14:32:07,438 [DEBUG] case 2 OBSERVE8 entity arrived to locaionAT_OP movement task completed
2022-05-22 14:32:07,439 [DEBUG] entity: OBSERVE8 changed state to AT_OP arrived to location 94
2022-05-22 14:32:11,559 [DEBUG] case 2 CIVILIA17 entity arrived to locaionAT_OP movement task completed
2022-05-22 14:32:11,559 [DEBUG] entity: CIVILIA17 changed state to AT_OP arrived to location 255
2022-05-22 14:32:18,751 [DEBUG] case 2 CIVILIA12 entity arrived to locaionAT_OP movement task completed
2022-05-22 14:32:18,752 [DEBUG] entity: CIVILIA12 changed state to AT_OP arrived to location 154
2022-05-22 14:32:19,782 [DEBUG] change op location -> time_difference = 32.90133047103882 rand_time = 31.78427460489456 timeop_min = 30.0 timeop_max = 40.0
2022-05-22 14:32:19,787 [DEBUG] current position 97 move to state type Civil entity type name CIVILIA16
2022-05-22 14:32:19,788 [DEBUG] Position found 119
2022-05-22 14:32:19,788 [DEBUG] case 5 time passed and need to move position (from op to op position) CIVILIA16
2022-05-22 14:32:19,788 [DEBUG] move entity: CIVILIA16 to MOVE_TO_OP to location 119
2022-05-22 14:32:25,947 [DEBUG] case 2 CIVILIA16 entity arrived to locaionAT_OP movement task completed
2022-05-22 14:32:25,947 [DEBUG] entity: CIVILIA16 changed state to AT_OP arrived to location 119
2022-05-22 14:32:34,158 [DEBUG] case 2 CIVILIA13 entity arrived to locaionAT_OP movement task completed
2022-05-22 14:32:34,158 [DEBUG] entity: CIVILIA13 changed state to AT_OP arrived to location 107
2022-05-22 14:32:40,316 [DEBUG] case 2 CIVILIA15 entity arrived to locaionAT_OP movement task completed
2022-05-22 14:32:40,316 [DEBUG] entity: CIVILIA15 changed state to AT_OP arrived to location 189
2022-05-22 14:32:47,509 [DEBUG] change op location -> time_difference = 35.947397232055664 rand_time = 33.604433152585415 timeop_min = 30.0 timeop_max = 40.0
2022-05-22 14:32:47,514 [DEBUG] current position 255 move to state type Civil entity type name CIVILIA17
2022-05-22 14:32:47,519 [DEBUG] Position found 242
2022-05-22 14:32:47,520 [DEBUG] case 5 time passed and need to move position (from op to op position) CIVILIA17
2022-05-22 14:32:47,520 [DEBUG] move entity: CIVILIA17 to MOVE_TO_OP to location 242
2022-05-22 14:32:48,549 [DEBUG] case 2 CIVILIA14 entity arrived to locaionAT_OP movement task completed
2022-05-22 14:32:48,549 [DEBUG] entity: CIVILIA14 changed state to AT_OP arrived to location 131
2022-05-22 14:32:51,630 [DEBUG] change op location -> time_difference = 32.87652850151062 rand_time = 32.40748311103601 timeop_min = 30.0 timeop_max = 40.0
2022-05-22 14:32:51,635 [DEBUG] current position 154 move to state type Civil entity type name CIVILIA12
2022-05-22 14:32:51,636 [DEBUG] Position found 231
2022-05-22 14:32:51,636 [DEBUG] case 5 time passed and need to move position (from op to op position) CIVILIA12
2022-05-22 14:32:51,636 [DEBUG] move entity: CIVILIA12 to MOVE_TO_OP to location 231
2022-05-22 14:32:55,720 [DEBUG] case 2 CIVILIA11 entity arrived to locaionAT_OP movement task completed
2022-05-22 14:32:55,720 [DEBUG] entity: CIVILIA11 changed state to AT_OP arrived to location 135
2022-05-22 14:32:59,824 [DEBUG] change op location -> time_difference = 33.875582456588745 rand_time = 30.910844087917344 timeop_min = 30.0 timeop_max = 40.0
2022-05-22 14:32:59,828 [DEBUG] current position 119 move to state type Civil entity type name CIVILIA16
2022-05-22 14:32:59,829 [DEBUG] Position found 206
2022-05-22 14:32:59,829 [DEBUG] case 5 time passed and need to move position (from op to op position) CIVILIA16
2022-05-22 14:32:59,829 [DEBUG] move entity: CIVILIA16 to MOVE_TO_OP to location 206
2022-05-22 14:33:07,004 [DEBUG] change op location -> time_difference = 32.845547914505005 rand_time = 31.71037693892188 timeop_min = 30.0 timeop_max = 40.0
2022-05-22 14:33:07,010 [DEBUG] current position 107 move to state type Civil entity type name CIVILIA13
2022-05-22 14:33:07,011 [DEBUG] Position found 69
2022-05-22 14:33:07,011 [DEBUG] case 5 time passed and need to move position (from op to op position) CIVILIA13
2022-05-22 14:33:07,012 [DEBUG] move entity: CIVILIA13 to MOVE_TO_OP to location 69
2022-05-22 14:33:13,184 [DEBUG] change op location -> time_difference = 65.74931073188782 rand_time = 61.666499688200005 timeop_min = 60.0 timeop_max = 300.0
2022-05-22 14:33:13,187 [DEBUG] current position 42 move to state type Op entity type name OBSERVE6
2022-05-22 14:33:13,190 [DEBUG] Position found 40
2022-05-22 14:33:13,190 [DEBUG] case 5 time passed and need to move position (from op to op position) OBSERVE6
2022-05-22 14:33:13,191 [DEBUG] move entity: OBSERVE6 to MOVE_TO_OP to location 40
2022-05-22 14:33:13,194 [DEBUG] change op location -> time_difference = 32.87842583656311 rand_time = 32.70182821980921 timeop_min = 30.0 timeop_max = 40.0
2022-05-22 14:33:13,200 [DEBUG] current position 189 move to state type Civil entity type name CIVILIA15
2022-05-22 14:33:13,201 [DEBUG] Position found 7
2022-05-22 14:33:13,201 [DEBUG] case 5 time passed and need to move position (from op to op position) CIVILIA15
2022-05-22 14:33:13,201 [DEBUG] move entity: CIVILIA15 to MOVE_TO_OP to location 7
2022-05-22 14:33:17,306 [DEBUG] case 2 OBSERVE6 entity arrived to locaionAT_OP movement task completed
2022-05-22 14:33:17,306 [DEBUG] entity: OBSERVE6 changed state to AT_OP arrived to location 40
2022-05-22 14:33:20,380 [DEBUG] change op location -> time_difference = 31.83176851272583 rand_time = 31.787502576716598 timeop_min = 30.0 timeop_max = 40.0
2022-05-22 14:33:20,385 [DEBUG] current position 131 move to state type Civil entity type name CIVILIA14
2022-05-22 14:33:20,386 [DEBUG] Position found 59
2022-05-22 14:33:20,386 [DEBUG] case 5 time passed and need to move position (from op to op position) CIVILIA14
2022-05-22 14:33:20,386 [DEBUG] move entity: CIVILIA14 to MOVE_TO_OP to location 59
2022-05-22 14:33:26,545 [DEBUG] change op location -> time_difference = 79.105637550354 rand_time = 67.93556405958712 timeop_min = 60.0 timeop_max = 300.0
2022-05-22 14:33:26,552 [DEBUG] current position 94 move to state type Op entity type name OBSERVE8
2022-05-22 14:33:26,603 [DEBUG] Position found 93
2022-05-22 14:33:26,603 [DEBUG] case 5 time passed and need to move position (from op to op position) OBSERVE8
2022-05-22 14:33:26,604 [DEBUG] move entity: OBSERVE8 to MOVE_TO_OP to location 93
2022-05-22 14:33:30,692 [DEBUG] change op location -> time_difference = 34.97194480895996 rand_time = 34.37855600812539 timeop_min = 30.0 timeop_max = 40.0
2022-05-22 14:33:30,699 [DEBUG] current position 135 move to state type Civil entity type name CIVILIA11
2022-05-22 14:33:30,700 [DEBUG] Position found 97
2022-05-22 14:33:30,700 [DEBUG] case 5 time passed and need to move position (from op to op position) CIVILIA11
2022-05-22 14:33:30,700 [DEBUG] move entity: CIVILIA11 to MOVE_TO_OP to location 97
2022-05-22 14:33:32,741 [DEBUG] case 2 OBSERVE8 entity arrived to locaionAT_OP movement task completed
2022-05-22 14:33:32,742 [DEBUG] entity: OBSERVE8 changed state to AT_OP arrived to location 93
2022-05-22 14:33:39,923 [DEBUG] case 2 CIVILIA12 entity arrived to locaionAT_OP movement task completed
2022-05-22 14:33:39,923 [DEBUG] entity: CIVILIA12 changed state to AT_OP arrived to location 231
2022-05-22 14:33:44,037 [DEBUG] case 2 CIVILIA16 entity arrived to locaionAT_OP movement task completed
2022-05-22 14:33:44,038 [DEBUG] entity: CIVILIA16 changed state to AT_OP arrived to location 206
2022-05-22 14:33:55,312 [DEBUG] case 2 CIVILIA13 entity arrived to locaionAT_OP movement task completed
2022-05-22 14:33:55,313 [DEBUG] entity: CIVILIA13 changed state to AT_OP arrived to location 69
2022-05-22 14:34:03,511 [DEBUG] case 2 CIVILIA15 entity arrived to locaionAT_OP movement task completed
2022-05-22 14:34:03,511 [DEBUG] entity: CIVILIA15 changed state to AT_OP arrived to location 7
2022-05-22 14:34:06,593 [DEBUG] change op location -> time_difference = 304.1245265007019 rand_time = 303.22285084780844 timeop_min = 300.0 timeop_max = 600.0
2022-05-22 14:34:06,599 [DEBUG] current position 101 move to state type Op entity type name SOLDIER9
2022-05-22 14:34:06,615 [DEBUG] Position found 122
2022-05-22 14:34:06,615 [DEBUG] case 5 time passed and need to move position (from op to op position) SOLDIER9
2022-05-22 14:34:06,615 [DEBUG] move entity: SOLDIER9 to MOVE_TO_OP to location 122
2022-05-22 14:34:09,706 [DEBUG] case 2 CIVILIA14 entity arrived to locaionAT_OP movement task completed
2022-05-22 14:34:09,706 [DEBUG] entity: CIVILIA14 changed state to AT_OP arrived to location 59
2022-05-22 14:34:13,813 [DEBUG] change op location -> time_difference = 33.88933277130127 rand_time = 31.073819571954136 timeop_min = 30.0 timeop_max = 40.0
2022-05-22 14:34:13,819 [DEBUG] current position 231 move to state type Civil entity type name CIVILIA12
2022-05-22 14:34:13,819 [DEBUG] Position found 42
2022-05-22 14:34:13,819 [DEBUG] case 5 time passed and need to move position (from op to op position) CIVILIA12
2022-05-22 14:34:13,819 [DEBUG] move entity: CIVILIA12 to MOVE_TO_OP to location 42
2022-05-22 14:34:16,892 [DEBUG] case 2 SOLDIER9 entity arrived to locaionAT_OP movement task completed
2022-05-22 14:34:16,892 [DEBUG] entity: SOLDIER9 changed state to AT_OP arrived to location 122
2022-05-22 14:34:16,893 [DEBUG] case 2 CIVILIA11 entity arrived to locaionAT_OP movement task completed
2022-05-22 14:34:16,894 [DEBUG] entity: CIVILIA11 changed state to AT_OP arrived to location 97
2022-05-22 14:34:16,896 [DEBUG] change op location -> time_difference = 32.85753798484802 rand_time = 30.845218533802107 timeop_min = 30.0 timeop_max = 40.0
2022-05-22 14:34:16,905 [DEBUG] current position 206 move to state type Civil entity type name CIVILIA16
2022-05-22 14:34:16,908 [DEBUG] Position found 182
2022-05-22 14:34:16,908 [DEBUG] case 5 time passed and need to move position (from op to op position) CIVILIA16
2022-05-22 14:34:16,909 [DEBUG] move entity: CIVILIA16 to MOVE_TO_OP to location 182
2022-05-22 14:34:28,226 [DEBUG] change op location -> time_difference = 32.91302156448364 rand_time = 30.180823668349618 timeop_min = 30.0 timeop_max = 40.0
2022-05-22 14:34:28,231 [DEBUG] current position 69 move to state type Civil entity type name CIVILIA13
2022-05-22 14:34:28,232 [DEBUG] Position found 88
2022-05-22 14:34:28,232 [DEBUG] case 5 time passed and need to move position (from op to op position) CIVILIA13
2022-05-22 14:34:28,232 [DEBUG] move entity: CIVILIA13 to MOVE_TO_OP to location 88
2022-05-22 14:34:29,246 [DEBUG] change op location -> time_difference = 326.77686047554016 rand_time = 305.1729111117025 timeop_min = 300.0 timeop_max = 600.0
2022-05-22 14:34:29,253 [DEBUG] current position 213 move to state type Op entity type name SOLDIER10
2022-05-22 14:34:29,264 [DEBUG] Position found 217
2022-05-22 14:34:29,264 [DEBUG] case 5 time passed and need to move position (from op to op position) SOLDIER10
2022-05-22 14:34:29,264 [DEBUG] move entity: SOLDIER10 to MOVE_TO_OP to location 217
2022-05-22 14:34:31,301 [DEBUG] case 2 CIVILIA17 entity arrived to locaionAT_OP movement task completed
2022-05-22 14:34:31,301 [DEBUG] entity: CIVILIA17 changed state to AT_OP arrived to location 242
2022-05-22 14:34:35,420 [DEBUG] change op location -> time_difference = 31.909716606140137 rand_time = 30.789075885635093 timeop_min = 30.0 timeop_max = 40.0
2022-05-22 14:34:35,425 [DEBUG] current position 7 move to state type Civil entity type name CIVILIA15
2022-05-22 14:34:35,426 [DEBUG] Position found 104
2022-05-22 14:34:35,426 [DEBUG] case 5 time passed and need to move position (from op to op position) CIVILIA15
2022-05-22 14:34:35,426 [DEBUG] move entity: CIVILIA15 to MOVE_TO_OP to location 104
2022-05-22 14:34:39,537 [DEBUG] case 2 CIVILIA16 entity arrived to locaionAT_OP movement task completed
2022-05-22 14:34:39,537 [DEBUG] entity: CIVILIA16 changed state to AT_OP arrived to location 182
2022-05-22 14:34:40,550 [DEBUG] change op location -> time_difference = 338.09139108657837 rand_time = 315.60437990878205 timeop_min = 300.0 timeop_max = 600.0
2022-05-22 14:34:40,556 [DEBUG] current position 77 move to state type Op entity type name SOLDIER5
2022-05-22 14:34:40,559 [DEBUG] Position found 38
2022-05-22 14:34:40,560 [DEBUG] case 5 time passed and need to move position (from op to op position) SOLDIER5
2022-05-22 14:34:40,560 [DEBUG] move entity: SOLDIER5 to MOVE_TO_OP to location 38
2022-05-22 14:34:40,562 [DEBUG] change op location -> time_difference = 83.25615763664246 rand_time = 74.88647633789054 timeop_min = 60.0 timeop_max = 300.0
2022-05-22 14:34:40,565 [DEBUG] current position 40 move to state type Op entity type name OBSERVE6
2022-05-22 14:34:40,570 [DEBUG] Position found 41
2022-05-22 14:34:40,570 [DEBUG] case 5 time passed and need to move position (from op to op position) OBSERVE6
2022-05-22 14:34:40,570 [DEBUG] move entity: OBSERVE6 to MOVE_TO_OP to location 41
2022-05-22 14:34:40,573 [DEBUG] change op location -> time_difference = 30.867393255233765 rand_time = 30.000043433715874 timeop_min = 30.0 timeop_max = 40.0
2022-05-22 14:34:40,576 [DEBUG] current position 59 move to state type Civil entity type name CIVILIA14
2022-05-22 14:34:40,576 [DEBUG] Position found 71
2022-05-22 14:34:40,577 [DEBUG] case 5 time passed and need to move position (from op to op position) CIVILIA14
2022-05-22 14:34:40,577 [DEBUG] move entity: CIVILIA14 to MOVE_TO_OP to location 71
2022-05-22 14:34:42,617 [DEBUG] change op location -> time_difference = 340.1582555770874 rand_time = 320.2406811457832 timeop_min = 300.0 timeop_max = 600.0
2022-05-22 14:34:42,620 [DEBUG] current position 10 move to state type Op entity type name SOLDIER4
2022-05-22 14:34:42,621 [DEBUG] Position found 54
2022-05-22 14:34:42,621 [DEBUG] case 5 time passed and need to move position (from op to op position) SOLDIER4
2022-05-22 14:34:42,622 [DEBUG] move entity: SOLDIER4 to MOVE_TO_OP to location 54
2022-05-22 14:34:42,624 [DEBUG] case 2 OBSERVE6 entity arrived to locaionAT_OP movement task completed
2022-05-22 14:34:42,624 [DEBUG] entity: OBSERVE6 changed state to AT_OP arrived to location 41
2022-05-22 14:34:42,628 [DEBUG] case 2 SOLDIER10 entity arrived to locaionAT_OP movement task completed
2022-05-22 14:34:42,628 [DEBUG] entity: SOLDIER10 changed state to AT_OP arrived to location 217
2022-05-22 14:34:48,797 [DEBUG] change op location -> time_difference = 31.90369939804077 rand_time = 30.2831861157857 timeop_min = 30.0 timeop_max = 40.0
2022-05-22 14:34:48,802 [DEBUG] current position 97 move to state type Civil entity type name CIVILIA11
2022-05-22 14:34:48,803 [DEBUG] Position found 185
2022-05-22 14:34:48,803 [DEBUG] case 5 time passed and need to move position (from op to op position) CIVILIA11
2022-05-22 14:34:48,803 [DEBUG] move entity: CIVILIA11 to MOVE_TO_OP to location 185
2022-05-22 14:34:54,966 [DEBUG] case 2 CIVILIA13 entity arrived to locaionAT_OP movement task completed
2022-05-22 14:34:54,966 [DEBUG] entity: CIVILIA13 changed state to AT_OP arrived to location 88
2022-05-22 14:34:55,995 [DEBUG] change op location -> time_difference = 83.25199937820435 rand_time = 60.32660760247274 timeop_min = 60.0 timeop_max = 300.0
2022-05-22 14:34:56,001 [DEBUG] current position 93 move to state type Op entity type name OBSERVE8
2022-05-22 14:34:56,023 [DEBUG] Position found 94
2022-05-22 14:34:56,024 [DEBUG] case 5 time passed and need to move position (from op to op position) OBSERVE8
2022-05-22 14:34:56,024 [DEBUG] move entity: OBSERVE8 to MOVE_TO_OP to location 94
2022-05-22 14:34:57,044 [DEBUG] case 2 CIVILIA14 entity arrived to locaionAT_OP movement task completed
2022-05-22 14:34:57,044 [DEBUG] entity: CIVILIA14 changed state to AT_OP arrived to location 71
2022-05-22 14:34:58,062 [DEBUG] enemy_is_detected
2022-05-22 14:34:58,062 [DEBUG] case 4 SNIPER3 entity detected enemy DJI 1 fire event!
2022-05-22 14:34:58,062 [DEBUG] fire event with entity: SNIPER3 to: DJI 1
2022-05-22 14:34:59,090 [DEBUG] enemy_is_detected
2022-05-22 14:34:59,097 [DEBUG] current position 37 move to state type Cover entity type name SNIPER3
2022-05-22 14:34:59,101 [DEBUG] Position found 34
2022-05-22 14:34:59,102 [DEBUG] case 4 SNIPER3 entity detected enemy DJI 1 run to cover event!
2022-05-22 14:34:59,102 [DEBUG] move entity: SNIPER3 to MOVE_TO_COVER to location 34
2022-05-22 14:35:02,202 [DEBUG] case 2 OBSERVE8 entity arrived to locaionAT_OP movement task completed
2022-05-22 14:35:02,203 [DEBUG] entity: OBSERVE8 changed state to AT_OP arrived to location 94
2022-05-22 14:35:03,237 [DEBUG] change op location -> time_difference = 31.93554186820984 rand_time = 30.32996702699649 timeop_min = 30.0 timeop_max = 40.0
2022-05-22 14:35:03,242 [DEBUG] current position 242 move to state type Civil entity type name CIVILIA17
2022-05-22 14:35:03,245 [DEBUG] Position found 246
2022-05-22 14:35:03,246 [DEBUG] case 5 time passed and need to move position (from op to op position) CIVILIA17
2022-05-22 14:35:03,246 [DEBUG] move entity: CIVILIA17 to MOVE_TO_OP to location 246
2022-05-22 14:35:14,648 [DEBUG] case 2 SOLDIER4 entity arrived to locaionAT_OP movement task completed
2022-05-22 14:35:14,648 [DEBUG] entity: SOLDIER4 changed state to AT_OP arrived to location 54
