2022-06-27 11:52:18,553 [INFO] Initializing RFSM 
2022-06-27 11:52:18,736 [DEBUG] Communicator is initialized
2022-06-27 11:52:18,736 [DEBUG] running in vrf mode
2022-06-27 11:52:18,736 [DEBUG] RFSMManager is initialized
2022-06-27 11:52:18,736 [INFO] RFSM initialized
2022-06-27 11:52:18,736 [DEBUG] SpawnManager_Nadav is initialized
2022-06-27 11:52:20,737 [DEBUG] Get Forces local 
2022-06-27 11:52:24,784 [DEBUG] case 4 need to change face to North Agent
2022-06-27 11:52:25,786 [DEBUG] case 3 need to move position (from op to op position) Agent
2022-06-27 11:52:25,787 [DEBUG] move entity: Agent to MOVE_TO_OP to location -1
2022-06-27 11:52:26,787 [DEBUG] case 2 Agent entity arrived to locaionAT_OP movement task completed
2022-06-27 11:52:26,787 [DEBUG] entity: Agent changed state to AT_OP arrived to location -1
2022-06-27 11:52:27,789 [DEBUG] case 4 need to change face to West Agent
2022-06-27 11:52:28,791 [DEBUG] case 3 need to move position (from op to op position) Agent
2022-06-27 11:52:28,791 [DEBUG] move entity: Agent to MOVE_TO_OP to location -1
2022-06-27 11:52:29,792 [DEBUG] case 2 Agent entity arrived to locaionAT_OP movement task completed
2022-06-27 11:52:29,792 [DEBUG] entity: Agent changed state to AT_OP arrived to location -1
2022-06-27 11:52:30,794 [DEBUG] case 4 need to change face to North Agent
2022-06-27 11:52:31,795 [DEBUG] case 3 need to move position (from op to op position) Agent
2022-06-27 11:52:31,796 [DEBUG] move entity: Agent to MOVE_TO_OP to location -1
2022-06-27 11:52:31,796 [DEBUG] case 4 need to change face to North Green
2022-06-27 11:52:32,797 [DEBUG] case 2 Agent entity arrived to locaionAT_OP movement task completed
2022-06-27 11:52:32,798 [DEBUG] entity: Agent changed state to AT_OP arrived to location -1
2022-06-27 11:52:32,798 [DEBUG] case 3 need to move position (from op to op position) Green
2022-06-27 11:52:32,798 [DEBUG] move entity: Green to MOVE_TO_OP to location -1
2022-06-27 11:52:34,137 [DEBUG] case 4 need to change face to North Agent
2022-06-27 11:52:34,137 [DEBUG] case 2 Green entity arrived to locaionAT_OP movement task completed
2022-06-27 11:52:34,137 [DEBUG] entity: Green changed state to AT_OP arrived to location -1
2022-06-27 11:52:35,138 [DEBUG] case 3 need to move position (from op to op position) Agent
2022-06-27 11:52:35,139 [DEBUG] move entity: Agent to MOVE_TO_OP to location -1
2022-06-27 11:52:35,139 [DEBUG] case 4 need to change face to North Green
2022-06-27 11:52:36,139 [DEBUG] case 2 Agent entity arrived to locaionAT_OP movement task completed
2022-06-27 11:52:36,139 [DEBUG] entity: Agent changed state to AT_OP arrived to location -1
2022-06-27 11:52:36,140 [DEBUG] case 3 need to move position (from op to op position) Green
2022-06-27 11:52:36,140 [DEBUG] move entity: Green to MOVE_TO_OP to location -1
