2022-05-22 14:25:11,559 [INFO] Initializing RFSM 
2022-05-22 14:25:11,730 [DEBUG] Communicator is initialized
2022-05-22 14:25:11,730 [DEBUG] running in vrf mode
2022-05-22 14:25:11,731 [DEBUG] RFSMManager is initialized
2022-05-22 14:25:11,731 [INFO] RFSM initialized
2022-05-22 14:25:14,839 [DEBUG] enemy_is_detected
2022-05-22 14:25:14,839 [DEBUG] case 4 LONG_RA15 entity detected enemy LAV 1 fire event!
2022-05-22 14:25:14,840 [DEBUG] fire event with entity: LONG_RA15 to: LAV 1
2022-05-22 14:25:15,867 [DEBUG] enemy_is_detected
2022-05-22 14:25:15,867 [DEBUG] case 4 LONG_RA15 entity detected enemy LAV 1 fire event!
2022-05-22 14:25:15,868 [DEBUG] fire event with entity: LONG_RA15 to: LAV 1
2022-05-22 14:25:16,907 [DEBUG] enemy_is_detected
2022-05-22 14:25:16,908 [DEBUG] case 4 LONG_RA15 entity detected enemy LAV 1 fire event!
2022-05-22 14:25:16,908 [DEBUG] fire event with entity: LONG_RA15 to: LAV 1
2022-05-22 14:25:18,300 [DEBUG] SpawnManager is initialized
2022-05-22 14:25:18,301 [DEBUG] area compound AG area of interest Y
2022-05-22 14:25:18,301 [DEBUG] create 4 red forces and 3 civilians in area A
2022-05-22 14:25:18,301 [DEBUG] create 6 red forces and 3 civilians in area G
2022-05-22 14:25:18,301 [DEBUG] create 1 long anti tank and 1 civilians in area Y
2022-05-22 14:25:18,301 [DEBUG] start create entity
2022-05-22 14:25:18,302 [DEBUG] start create civilians
2022-05-22 14:25:36,500 [DEBUG] Create Entities
2022-05-22 14:25:36,502 [DEBUG] Send compound
2022-05-22 14:25:36,503 [DEBUG] Get Forces local 
