2022-06-26 15:38:26,940 [INFO] Initializing RFSM 
2022-06-26 15:38:27,132 [DEBUG] Communicator is initialized
2022-06-26 15:38:27,132 [DEBUG] running in vrf mode
2022-06-26 15:38:27,133 [DEBUG] RFSMManager is initialized
2022-06-26 15:38:27,133 [INFO] RFSM initialized
2022-06-26 15:38:27,133 [DEBUG] SpawnManager_Nadav is initialized
2022-06-26 15:38:29,134 [DEBUG] Get Forces local 
2022-06-26 15:38:32,238 [DEBUG] case 3 need to move position (from op to op position) Agent
2022-06-26 15:38:32,239 [DEBUG] move entity: Agent to MOVE_TO_OP to location -1
2022-06-26 15:38:42,257 [DEBUG] case 2 Agent entity arrived to locaionAT_OP movement task completed
2022-06-26 15:38:42,258 [DEBUG] entity: Agent changed state to AT_OP arrived to location -1
2022-06-26 15:38:42,258 [DEBUG] case 2 Agent entity arrived to locaionAT_OP movement task completed
2022-06-26 15:38:42,259 [DEBUG] entity: Agent changed state to AT_OP arrived to location -1
2022-06-26 15:38:42,259 [DEBUG] case 2 Agent entity arrived to locaionAT_OP movement task completed
2022-06-26 15:38:42,259 [DEBUG] entity: Agent changed state to AT_OP arrived to location -1
2022-06-26 15:38:42,259 [DEBUG] case 2 Agent entity arrived to locaionAT_OP movement task completed
2022-06-26 15:38:42,259 [DEBUG] entity: Agent changed state to AT_OP arrived to location -1
2022-06-26 15:38:42,259 [DEBUG] case 2 Agent entity arrived to locaionAT_OP movement task completed
2022-06-26 15:38:42,260 [DEBUG] entity: Agent changed state to AT_OP arrived to location -1
2022-06-26 15:38:42,260 [DEBUG] case 2 Agent entity arrived to locaionAT_OP movement task completed
2022-06-26 15:38:42,260 [DEBUG] entity: Agent changed state to AT_OP arrived to location -1
2022-06-26 15:38:42,260 [DEBUG] case 2 Agent entity arrived to locaionAT_OP movement task completed
2022-06-26 15:38:42,260 [DEBUG] entity: Agent changed state to AT_OP arrived to location -1
2022-06-26 15:38:42,260 [DEBUG] case 2 Agent entity arrived to locaionAT_OP movement task completed
2022-06-26 15:38:42,261 [DEBUG] entity: Agent changed state to AT_OP arrived to location -1
2022-06-26 15:38:42,261 [DEBUG] case 2 Agent entity arrived to locaionAT_OP movement task completed
2022-06-26 15:38:42,261 [DEBUG] entity: Agent changed state to AT_OP arrived to location -1
2022-06-26 15:38:42,261 [DEBUG] case 2 Agent entity arrived to locaionAT_OP movement task completed
2022-06-26 15:38:42,261 [DEBUG] entity: Agent changed state to AT_OP arrived to location -1
2022-06-26 15:38:42,261 [DEBUG] case 2 Agent entity arrived to locaionAT_OP movement task completed
2022-06-26 15:38:42,262 [DEBUG] entity: Agent changed state to AT_OP arrived to location -1
