2022-06-27 10:52:06,990 [INFO] Initializing RFSM 
2022-06-27 10:52:07,175 [DEBUG] Communicator is initialized
2022-06-27 10:52:07,175 [DEBUG] running in vrf mode
2022-06-27 10:52:07,175 [DEBUG] RFSMManager is initialized
2022-06-27 10:52:07,175 [INFO] RFSM initialized
2022-06-27 10:52:07,175 [DEBUG] SpawnManager_Nadav is initialized
2022-06-27 10:52:09,178 [DEBUG] Get Forces local 
2022-06-27 10:52:11,161 [DEBUG] case 4 need to change face to South Agent
2022-06-27 10:52:12,163 [DEBUG] case 3 need to move position (from op to op position) Agent
2022-06-27 10:52:12,164 [DEBUG] move entity: Agent to MOVE_TO_OP to location -1
2022-06-27 10:52:13,164 [DEBUG] case 2 Agent entity arrived to locaionAT_OP movement task completed
2022-06-27 10:52:13,164 [DEBUG] entity: Agent changed state to AT_OP arrived to location -1
2022-06-27 10:52:14,166 [DEBUG] case 4 need to change face to South Agent
2022-06-27 10:52:15,166 [DEBUG] case 3 need to move position (from op to op position) Agent
2022-06-27 10:52:15,167 [DEBUG] move entity: Agent to MOVE_TO_OP to location -1
2022-06-27 10:52:16,168 [DEBUG] case 2 Agent entity arrived to locaionAT_OP movement task completed
2022-06-27 10:52:16,168 [DEBUG] entity: Agent changed state to AT_OP arrived to location -1
2022-06-27 10:52:17,169 [DEBUG] case 4 need to change face to South Agent
2022-06-27 10:52:18,170 [DEBUG] case 3 need to move position (from op to op position) Agent
2022-06-27 10:52:18,171 [DEBUG] move entity: Agent to MOVE_TO_OP to location -1
2022-06-27 10:52:19,171 [DEBUG] case 2 Agent entity arrived to locaionAT_OP movement task completed
2022-06-27 10:52:19,172 [DEBUG] entity: Agent changed state to AT_OP arrived to location -1
2022-06-27 10:52:20,172 [DEBUG] case 4 need to change face to South Agent
2022-06-27 10:52:21,175 [DEBUG] case 3 need to move position (from op to op position) Agent
2022-06-27 10:52:21,175 [DEBUG] move entity: Agent to MOVE_TO_OP to location -1
2022-06-27 10:52:22,175 [DEBUG] case 2 Agent entity arrived to locaionAT_OP movement task completed
2022-06-27 10:52:22,176 [DEBUG] entity: Agent changed state to AT_OP arrived to location -1
2022-06-27 10:52:23,176 [DEBUG] case 4 need to change face to South Agent
2022-06-27 10:52:24,178 [DEBUG] case 3 need to move position (from op to op position) Agent
2022-06-27 10:52:24,179 [DEBUG] move entity: Agent to MOVE_TO_OP to location -1
2022-06-27 10:52:25,180 [DEBUG] case 2 Agent entity arrived to locaionAT_OP movement task completed
2022-06-27 10:52:25,180 [DEBUG] entity: Agent changed state to AT_OP arrived to location -1
2022-06-27 10:52:26,181 [DEBUG] case 4 need to change face to South Agent
2022-06-27 10:52:27,182 [DEBUG] case 3 need to move position (from op to op position) Agent
2022-06-27 10:52:27,183 [DEBUG] move entity: Agent to MOVE_TO_OP to location -1
2022-06-27 10:52:28,185 [DEBUG] case 2 Agent entity arrived to locaionAT_OP movement task completed
2022-06-27 10:52:28,185 [DEBUG] entity: Agent changed state to AT_OP arrived to location -1
2022-06-27 10:52:29,185 [DEBUG] case 4 need to change face to East Agent
2022-06-27 10:52:30,188 [DEBUG] case 3 need to move position (from op to op position) Agent
2022-06-27 10:52:30,188 [DEBUG] move entity: Agent to MOVE_TO_OP to location -1
2022-06-27 10:52:31,188 [DEBUG] case 2 Agent entity arrived to locaionAT_OP movement task completed
2022-06-27 10:52:31,189 [DEBUG] entity: Agent changed state to AT_OP arrived to location -1
2022-06-27 10:52:32,190 [DEBUG] case 4 need to change face to South Agent
2022-06-27 10:52:33,191 [DEBUG] case 3 need to move position (from op to op position) Agent
2022-06-27 10:52:33,192 [DEBUG] move entity: Agent to MOVE_TO_OP to location -1
2022-06-27 10:52:34,193 [DEBUG] case 2 Agent entity arrived to locaionAT_OP movement task completed
2022-06-27 10:52:34,193 [DEBUG] entity: Agent changed state to AT_OP arrived to location -1
2022-06-27 10:52:35,195 [DEBUG] case 4 need to change face to East Agent
2022-06-27 10:52:36,196 [DEBUG] case 3 need to move position (from op to op position) Agent
2022-06-27 10:52:36,197 [DEBUG] move entity: Agent to MOVE_TO_OP to location -1
2022-06-27 10:52:37,198 [DEBUG] case 2 Agent entity arrived to locaionAT_OP movement task completed
2022-06-27 10:52:37,199 [DEBUG] entity: Agent changed state to AT_OP arrived to location -1
2022-06-27 10:52:38,199 [DEBUG] case 4 need to change face to South Agent
2022-06-27 10:52:39,201 [DEBUG] case 3 need to move position (from op to op position) Agent
2022-06-27 10:52:39,202 [DEBUG] move entity: Agent to MOVE_TO_OP to location -1
2022-06-27 10:52:40,204 [DEBUG] case 2 Agent entity arrived to locaionAT_OP movement task completed
2022-06-27 10:52:40,204 [DEBUG] entity: Agent changed state to AT_OP arrived to location -1
2022-06-27 10:52:41,206 [DEBUG] case 4 need to change face to East Agent
2022-06-27 10:52:42,206 [DEBUG] case 3 need to move position (from op to op position) Agent
2022-06-27 10:52:42,207 [DEBUG] move entity: Agent to MOVE_TO_OP to location -1
2022-06-27 10:52:43,207 [DEBUG] case 2 Agent entity arrived to locaionAT_OP movement task completed
2022-06-27 10:52:43,208 [DEBUG] entity: Agent changed state to AT_OP arrived to location -1
2022-06-27 10:52:44,209 [DEBUG] case 4 need to change face to South Agent
2022-06-27 10:52:45,210 [DEBUG] case 3 need to move position (from op to op position) Agent
2022-06-27 10:52:45,211 [DEBUG] move entity: Agent to MOVE_TO_OP to location -1
2022-06-27 10:52:46,212 [DEBUG] case 2 Agent entity arrived to locaionAT_OP movement task completed
2022-06-27 10:52:46,213 [DEBUG] entity: Agent changed state to AT_OP arrived to location -1
2022-06-27 10:52:47,213 [DEBUG] case 4 need to change face to East Agent
2022-06-27 10:52:48,214 [DEBUG] case 3 need to move position (from op to op position) Agent
2022-06-27 10:52:48,215 [DEBUG] move entity: Agent to MOVE_TO_OP to location -1
2022-06-27 10:52:49,217 [DEBUG] case 2 Agent entity arrived to locaionAT_OP movement task completed
2022-06-27 10:52:49,217 [DEBUG] entity: Agent changed state to AT_OP arrived to location -1
