2022-06-27 11:50:45,137 [INFO] Initializing RFSM 
2022-06-27 11:50:45,333 [DEBUG] Communicator is initialized
2022-06-27 11:50:45,333 [DEBUG] running in vrf mode
2022-06-27 11:50:45,333 [DEBUG] RFSMManager is initialized
2022-06-27 11:50:45,333 [INFO] RFSM initialized
2022-06-27 11:50:45,333 [DEBUG] SpawnManager_Nadav is initialized
2022-06-27 11:50:47,334 [DEBUG] Get Forces local 
2022-06-27 11:50:55,261 [DEBUG] case 4 need to change face to South Agent
2022-06-27 11:50:56,263 [DEBUG] case 3 need to move position (from op to op position) Agent
2022-06-27 11:50:56,264 [DEBUG] move entity: Agent to MOVE_TO_OP to location -1
2022-06-27 11:50:56,264 [DEBUG] case 4 need to change face to North Green
2022-06-27 11:50:57,264 [DEBUG] case 2 Agent entity arrived to locaionAT_OP movement task completed
2022-06-27 11:50:57,264 [DEBUG] entity: Agent changed state to AT_OP arrived to location -1
2022-06-27 11:50:57,265 [DEBUG] case 3 need to move position (from op to op position) Green
2022-06-27 11:50:57,265 [DEBUG] move entity: Green to MOVE_TO_OP to location -1
2022-06-27 11:50:58,266 [DEBUG] case 4 need to change face to South Agent
2022-06-27 11:50:58,266 [DEBUG] case 2 Green entity arrived to locaionAT_OP movement task completed
2022-06-27 11:50:58,266 [DEBUG] entity: Green changed state to AT_OP arrived to location -1
2022-06-27 11:50:59,642 [DEBUG] case 4 need to change face to South Agent
2022-06-27 11:50:59,642 [DEBUG] case 4 need to change face to North Green
2022-06-27 11:51:00,642 [DEBUG] case 3 need to move position (from op to op position) Agent
2022-06-27 11:51:00,643 [DEBUG] move entity: Agent to MOVE_TO_OP to location -1
2022-06-27 11:51:00,643 [DEBUG] case 3 need to move position (from op to op position) Green
2022-06-27 11:51:00,643 [DEBUG] move entity: Green to MOVE_TO_OP to location -1
2022-06-27 11:51:01,807 [DEBUG] case 2 Agent entity arrived to locaionAT_OP movement task completed
2022-06-27 11:51:01,807 [DEBUG] entity: Agent changed state to AT_OP arrived to location -1
2022-06-27 11:51:01,807 [DEBUG] case 2 Green entity arrived to locaionAT_OP movement task completed
2022-06-27 11:51:01,807 [DEBUG] entity: Green changed state to AT_OP arrived to location -1
2022-06-27 11:51:02,809 [DEBUG] case 4 need to change face to South Agent
2022-06-27 11:51:02,809 [DEBUG] case 4 need to change face to North Green
2022-06-27 11:51:03,811 [DEBUG] case 3 need to move position (from op to op position) Agent
2022-06-27 11:51:03,811 [DEBUG] move entity: Agent to MOVE_TO_OP to location -1
2022-06-27 11:51:03,811 [DEBUG] case 3 need to move position (from op to op position) Green
2022-06-27 11:51:03,811 [DEBUG] move entity: Green to MOVE_TO_OP to location -1
2022-06-27 11:51:04,830 [DEBUG] case 2 Agent entity arrived to locaionAT_OP movement task completed
2022-06-27 11:51:04,830 [DEBUG] entity: Agent changed state to AT_OP arrived to location -1
2022-06-27 11:51:04,831 [DEBUG] case 2 Green entity arrived to locaionAT_OP movement task completed
2022-06-27 11:51:04,831 [DEBUG] entity: Green changed state to AT_OP arrived to location -1
2022-06-27 11:51:05,831 [DEBUG] case 4 need to change face to East Agent
2022-06-27 11:51:06,833 [DEBUG] case 3 need to move position (from op to op position) Agent
2022-06-27 11:51:06,834 [DEBUG] move entity: Agent to MOVE_TO_OP to location -1
2022-06-27 11:51:07,835 [DEBUG] case 2 Agent entity arrived to locaionAT_OP movement task completed
2022-06-27 11:51:07,836 [DEBUG] entity: Agent changed state to AT_OP arrived to location -1
2022-06-27 11:51:09,837 [DEBUG] case 4 need to change face to North Green
2022-06-27 11:51:10,839 [DEBUG] case 3 need to move position (from op to op position) Green
2022-06-27 11:51:10,840 [DEBUG] move entity: Green to MOVE_TO_OP to location -1
