2022-06-23 14:58:50,004 [INFO] Initializing RFSM 
2022-06-23 14:58:50,182 [DEBUG] Communicator is initialized
2022-06-23 14:58:50,182 [DEBUG] running in vrf mode
2022-06-23 14:58:50,182 [DEBUG] RFSMManager is initialized
2022-06-23 14:58:50,182 [INFO] RFSM initialized
2022-06-23 14:58:50,182 [DEBUG] SpawnManager is initialized
2022-06-23 14:58:50,182 [DEBUG] area compound AG area of interest X
2022-06-23 14:58:50,183 [DEBUG] create 4 red forces and 0 civilians in area A
2022-06-23 14:58:50,183 [DEBUG] create 5 red forces and 0 civilians in area G
2022-06-23 14:58:50,183 [DEBUG] create 1 long anti tank and 1 civilians in area X
2022-06-23 14:58:50,183 [DEBUG] start create entity
2022-06-23 14:58:50,184 [DEBUG] start create civilians
2022-06-23 14:59:01,191 [DEBUG] Create Entities
2022-06-23 14:59:01,192 [DEBUG] Send compound
2022-06-23 14:59:01,192 [DEBUG] Get Forces local 
2022-06-23 14:59:35,302 [DEBUG] change op location -> time_difference = 33.10680913925171 rand_time = 31.904101884311505 timeop_min = 30.0 timeop_max = 40.0
2022-06-23 14:59:35,305 [DEBUG] current position 259 move to state type Civil entity type name CIVILIA10
2022-06-23 14:59:35,305 [DEBUG] Position found 255
2022-06-23 14:59:35,305 [DEBUG] case 5 time passed and need to move position (from op to op position) CIVILIA10
2022-06-23 14:59:35,306 [DEBUG] move entity: CIVILIA10 to MOVE_TO_OP to location 255
2022-06-23 14:59:35,306 [DEBUG] change op location -> time_difference = 33.111796617507935 rand_time = 31.189129691936742 timeop_min = 30.0 timeop_max = 40.0
2022-06-23 14:59:35,309 [DEBUG] current position -1 move to state type Civil entity type name CIVILIA9
2022-06-23 14:59:35,309 [DEBUG] current location is not set yet
2022-06-23 14:59:35,309 [DEBUG] Position found 249
2022-06-23 14:59:35,309 [DEBUG] case 5 time passed and need to move position (from op to op position) CIVILIA9
2022-06-23 14:59:35,310 [DEBUG] move entity: CIVILIA9 to MOVE_TO_OP to location 249
2022-06-23 14:59:38,320 [DEBUG] case 2 CIVILIA10 entity arrived to locaionAT_OP movement task completed
2022-06-23 14:59:38,320 [DEBUG] entity: CIVILIA10 changed state to AT_OP arrived to location 255
2022-06-23 14:59:41,331 [DEBUG] case 2 CIVILIA9 entity arrived to locaionAT_OP movement task completed
2022-06-23 14:59:41,331 [DEBUG] entity: CIVILIA9 changed state to AT_OP arrived to location 249
2022-06-23 15:00:12,432 [DEBUG] change op location -> time_difference = 34.11121320724487 rand_time = 30.51757229852494 timeop_min = 30.0 timeop_max = 40.0
2022-06-23 15:00:12,435 [DEBUG] current position 255 move to state type Civil entity type name CIVILIA10
2022-06-23 15:00:12,435 [DEBUG] Position found 243
2022-06-23 15:00:12,435 [DEBUG] case 5 time passed and need to move position (from op to op position) CIVILIA10
2022-06-23 15:00:12,435 [DEBUG] move entity: CIVILIA10 to MOVE_TO_OP to location 243
2022-06-23 15:00:15,447 [DEBUG] change op location -> time_difference = 34.11629390716553 rand_time = 31.47530122412327 timeop_min = 30.0 timeop_max = 40.0
2022-06-23 15:00:15,450 [DEBUG] current position 249 move to state type Civil entity type name CIVILIA9
2022-06-23 15:00:15,451 [DEBUG] Position found 265
2022-06-23 15:00:15,451 [DEBUG] case 5 time passed and need to move position (from op to op position) CIVILIA9
2022-06-23 15:00:15,451 [DEBUG] move entity: CIVILIA9 to MOVE_TO_OP to location 265
2022-06-23 15:00:20,468 [DEBUG] case 2 CIVILIA9 entity arrived to locaionAT_OP movement task completed
2022-06-23 15:00:20,468 [DEBUG] entity: CIVILIA9 changed state to AT_OP arrived to location 265
2022-06-23 15:00:25,484 [DEBUG] case 2 CIVILIA10 entity arrived to locaionAT_OP movement task completed
2022-06-23 15:00:25,485 [DEBUG] entity: CIVILIA10 changed state to AT_OP arrived to location 243
