2022-06-27 13:13:42,560 [INFO] Initializing RFSM 
2022-06-27 13:13:42,737 [DEBUG] Communicator is initialized
2022-06-27 13:13:42,737 [DEBUG] running in vrf mode
2022-06-27 13:13:42,737 [DEBUG] RFSMManager is initialized
2022-06-27 13:13:42,738 [INFO] RFSM initialized
2022-06-27 13:13:42,738 [DEBUG] SpawnManager_Nadav is initialized
2022-06-27 13:13:44,739 [DEBUG] Get Forces local 
2022-06-27 13:13:55,404 [DEBUG] case 4 need to change face to North Agent
2022-06-27 13:13:56,405 [DEBUG] case 3 need to move position (from op to op position) Agent
2022-06-27 13:13:56,406 [DEBUG] move entity: Agent to MOVE_TO_OP to location -1
2022-06-27 13:14:00,408 [DEBUG] case 4 need to change face to West Green
2022-06-27 13:14:01,408 [DEBUG] case 2 Agent entity arrived to locaionAT_OP movement task completed
2022-06-27 13:14:01,408 [DEBUG] entity: Agent changed state to AT_OP arrived to location -1
2022-06-27 13:14:01,409 [DEBUG] case 3 need to move position (from op to op position) Green
2022-06-27 13:14:01,409 [DEBUG] move entity: Green to MOVE_TO_OP to location -1
2022-06-27 13:14:02,410 [DEBUG] case 4 need to change face to North Agent
2022-06-27 13:14:03,411 [DEBUG] case 3 need to move position (from op to op position) Agent
2022-06-27 13:14:03,412 [DEBUG] move entity: Agent to MOVE_TO_OP to location -1
2022-06-27 13:14:05,799 [DEBUG] case 2 Green entity arrived to locaionAT_OP movement task completed
2022-06-27 13:14:05,799 [DEBUG] entity: Green changed state to AT_OP arrived to location -1
2022-06-27 13:14:06,801 [DEBUG] case 4 need to change face to South Green
2022-06-27 13:14:07,801 [DEBUG] case 3 need to move position (from op to op position) Green
2022-06-27 13:14:07,802 [DEBUG] move entity: Green to MOVE_TO_OP to location -1
2022-06-27 13:14:08,803 [DEBUG] case 2 Agent entity arrived to locaionAT_OP movement task completed
2022-06-27 13:14:08,803 [DEBUG] entity: Agent changed state to AT_OP arrived to location -1
2022-06-27 13:14:09,805 [DEBUG] case 4 need to change face to North Agent
2022-06-27 13:14:10,955 [DEBUG] case 4 need to change face to East Agent
2022-06-27 13:14:11,955 [DEBUG] case 3 need to move position (from op to op position) Agent
2022-06-27 13:14:11,955 [DEBUG] move entity: Agent to MOVE_TO_OP to location -1
2022-06-27 13:14:12,957 [DEBUG] case 2 Green entity arrived to locaionAT_OP movement task completed
2022-06-27 13:14:12,957 [DEBUG] entity: Green changed state to AT_OP arrived to location -1
2022-06-27 13:14:13,959 [DEBUG] case 4 need to change face to West Green
2022-06-27 13:14:14,959 [DEBUG] case 3 need to move position (from op to op position) Green
2022-06-27 13:14:14,960 [DEBUG] move entity: Green to MOVE_TO_OP to location -1
2022-06-27 13:14:15,961 [DEBUG] case 2 Agent entity arrived to locaionAT_OP movement task completed
2022-06-27 13:14:15,961 [DEBUG] entity: Agent changed state to AT_OP arrived to location -1
2022-06-27 13:14:16,962 [DEBUG] case 4 need to change face to North Agent
2022-06-27 13:14:17,980 [DEBUG] case 4 need to change face to North Agent
2022-06-27 13:14:18,981 [DEBUG] case 3 need to move position (from op to op position) Agent
2022-06-27 13:14:18,982 [DEBUG] move entity: Agent to MOVE_TO_OP to location -1
2022-06-27 13:14:18,982 [DEBUG] case 2 Green entity arrived to locaionAT_OP movement task completed
2022-06-27 13:14:18,982 [DEBUG] entity: Green changed state to AT_OP arrived to location -1
2022-06-27 13:14:19,984 [DEBUG] case 4 need to change face to South Green
2022-06-27 13:14:20,984 [DEBUG] case 3 need to move position (from op to op position) Green
2022-06-27 13:14:20,985 [DEBUG] move entity: Green to MOVE_TO_OP to location -1
2022-06-27 13:14:24,006 [DEBUG] case 2 Agent entity arrived to locaionAT_OP movement task completed
2022-06-27 13:14:24,006 [DEBUG] entity: Agent changed state to AT_OP arrived to location -1
2022-06-27 13:14:25,006 [DEBUG] case 4 need to change face to South Agent
2022-06-27 13:14:26,007 [DEBUG] case 3 need to move position (from op to op position) Agent
2022-06-27 13:14:26,007 [DEBUG] move entity: Agent to MOVE_TO_OP to location -1
2022-06-27 13:14:26,008 [DEBUG] case 2 Green entity arrived to locaionAT_OP movement task completed
2022-06-27 13:14:26,008 [DEBUG] entity: Green changed state to AT_OP arrived to location -1
2022-06-27 13:14:27,009 [DEBUG] case 4 need to change face to North Green
2022-06-27 13:14:28,010 [DEBUG] case 3 need to move position (from op to op position) Green
2022-06-27 13:14:28,011 [DEBUG] move entity: Green to MOVE_TO_OP to location -1
2022-06-27 13:14:31,032 [DEBUG] case 2 Agent entity arrived to locaionAT_OP movement task completed
2022-06-27 13:14:31,032 [DEBUG] entity: Agent changed state to AT_OP arrived to location -1
2022-06-27 13:14:32,033 [DEBUG] case 4 need to change face to North Agent
2022-06-27 13:14:33,034 [DEBUG] case 3 need to move position (from op to op position) Agent
2022-06-27 13:14:33,035 [DEBUG] move entity: Agent to MOVE_TO_OP to location -1
2022-06-27 13:14:33,035 [DEBUG] case 2 Green entity arrived to locaionAT_OP movement task completed
2022-06-27 13:14:33,035 [DEBUG] entity: Green changed state to AT_OP arrived to location -1
2022-06-27 13:14:34,036 [DEBUG] case 4 need to change face to East Green
2022-06-27 13:14:35,037 [DEBUG] case 3 need to move position (from op to op position) Green
2022-06-27 13:14:35,037 [DEBUG] move entity: Green to MOVE_TO_OP to location -1
2022-06-27 13:14:38,058 [DEBUG] case 2 Agent entity arrived to locaionAT_OP movement task completed
2022-06-27 13:14:38,058 [DEBUG] entity: Agent changed state to AT_OP arrived to location -1
2022-06-27 13:14:39,059 [DEBUG] case 4 need to change face to East Agent
2022-06-27 13:14:39,059 [DEBUG] case 2 Green entity arrived to locaionAT_OP movement task completed
2022-06-27 13:14:39,059 [DEBUG] entity: Green changed state to AT_OP arrived to location -1
2022-06-27 13:14:40,060 [DEBUG] case 3 need to move position (from op to op position) Agent
2022-06-27 13:14:40,060 [DEBUG] move entity: Agent to MOVE_TO_OP to location -1
2022-06-27 13:14:40,061 [DEBUG] case 4 need to change face to North Green
2022-06-27 13:14:41,063 [DEBUG] case 3 need to move position (from op to op position) Green
2022-06-27 13:14:41,063 [DEBUG] move entity: Green to MOVE_TO_OP to location -1
