2022-06-27 13:41:58,398 [INFO] Initializing RFSM 
2022-06-27 13:41:58,575 [DEBUG] Communicator is initialized
2022-06-27 13:41:58,575 [DEBUG] running in vrf mode
2022-06-27 13:41:58,575 [DEBUG] RFSMManager is initialized
2022-06-27 13:41:58,575 [INFO] RFSM initialized
2022-06-27 13:41:58,576 [DEBUG] SpawnManager_Nadav is initialized
2022-06-27 13:42:00,577 [DEBUG] Get Forces local 
2022-06-27 13:42:07,751 [DEBUG] case 4 need to change face to South Agent
2022-06-27 13:42:08,753 [DEBUG] case 3 need to move position (from op to op position) Agent
2022-06-27 13:42:08,754 [DEBUG] move entity: Agent to MOVE_TO_OP to location -1
2022-06-27 13:42:10,756 [DEBUG] case 2 Agent entity arrived to locaionAT_OP movement task completed
2022-06-27 13:42:10,756 [DEBUG] entity: Agent changed state to AT_OP arrived to location -1
2022-06-27 13:42:11,757 [DEBUG] case 4 need to change face to South Agent
2022-06-27 13:42:12,759 [DEBUG] case 3 need to move position (from op to op position) Agent
2022-06-27 13:42:12,760 [DEBUG] move entity: Agent to MOVE_TO_OP to location -1
2022-06-27 13:42:13,761 [DEBUG] case 2 Agent entity arrived to locaionAT_OP movement task completed
2022-06-27 13:42:13,761 [DEBUG] entity: Agent changed state to AT_OP arrived to location -1
2022-06-27 13:42:14,762 [DEBUG] case 4 need to change face to South Agent
2022-06-27 13:42:15,763 [DEBUG] case 3 need to move position (from op to op position) Agent
2022-06-27 13:42:15,764 [DEBUG] move entity: Agent to MOVE_TO_OP to location -1
2022-06-27 13:42:16,764 [DEBUG] case 2 Agent entity arrived to locaionAT_OP movement task completed
2022-06-27 13:42:16,765 [DEBUG] entity: Agent changed state to AT_OP arrived to location -1
2022-06-27 13:42:17,766 [DEBUG] case 4 need to change face to South Agent
2022-06-27 13:42:18,768 [DEBUG] case 3 need to move position (from op to op position) Agent
2022-06-27 13:42:18,769 [DEBUG] move entity: Agent to MOVE_TO_OP to location -1
2022-06-27 13:42:19,769 [DEBUG] case 2 Agent entity arrived to locaionAT_OP movement task completed
2022-06-27 13:42:19,770 [DEBUG] entity: Agent changed state to AT_OP arrived to location -1
2022-06-27 13:42:20,771 [DEBUG] case 4 need to change face to West Agent
2022-06-27 13:42:21,772 [DEBUG] case 3 need to move position (from op to op position) Agent
2022-06-27 13:42:21,773 [DEBUG] move entity: Agent to MOVE_TO_OP to location -1
2022-06-27 13:42:22,774 [DEBUG] case 2 Agent entity arrived to locaionAT_OP movement task completed
2022-06-27 13:42:22,775 [DEBUG] entity: Agent changed state to AT_OP arrived to location -1
2022-06-27 13:42:23,775 [DEBUG] case 4 need to change face to South Agent
2022-06-27 13:42:24,776 [DEBUG] case 3 need to move position (from op to op position) Agent
2022-06-27 13:42:24,777 [DEBUG] move entity: Agent to MOVE_TO_OP to location -1
2022-06-27 13:42:25,778 [DEBUG] case 2 Agent entity arrived to locaionAT_OP movement task completed
2022-06-27 13:42:25,779 [DEBUG] entity: Agent changed state to AT_OP arrived to location -1
2022-06-27 13:42:26,779 [DEBUG] case 4 need to change face to West Agent
2022-06-27 13:42:27,780 [DEBUG] case 3 need to move position (from op to op position) Agent
2022-06-27 13:42:27,781 [DEBUG] move entity: Agent to MOVE_TO_OP to location -1
2022-06-27 13:42:28,782 [DEBUG] case 2 Agent entity arrived to locaionAT_OP movement task completed
2022-06-27 13:42:28,782 [DEBUG] entity: Agent changed state to AT_OP arrived to location -1
2022-06-27 13:42:29,784 [DEBUG] case 4 need to change face to South Agent
2022-06-27 13:42:30,785 [DEBUG] case 3 need to move position (from op to op position) Agent
2022-06-27 13:42:30,786 [DEBUG] move entity: Agent to MOVE_TO_OP to location -1
2022-06-27 13:42:31,787 [DEBUG] case 2 Agent entity arrived to locaionAT_OP movement task completed
2022-06-27 13:42:31,787 [DEBUG] entity: Agent changed state to AT_OP arrived to location -1
2022-06-27 13:42:34,790 [DEBUG] case 4 need to change face to East Green
2022-06-27 13:42:35,792 [DEBUG] case 3 need to move position (from op to op position) Green
2022-06-27 13:42:35,793 [DEBUG] move entity: Green to MOVE_TO_OP to location -1
2022-06-27 13:42:36,794 [DEBUG] case 2 Green entity arrived to locaionAT_OP movement task completed
2022-06-27 13:42:36,794 [DEBUG] entity: Green changed state to AT_OP arrived to location -1
2022-06-27 13:42:37,815 [DEBUG] case 4 need to change face to East Agent
2022-06-27 13:42:38,816 [DEBUG] case 3 need to move position (from op to op position) Agent
2022-06-27 13:42:38,817 [DEBUG] move entity: Agent to MOVE_TO_OP to location -1
2022-06-27 13:42:38,817 [DEBUG] case 4 need to change face to South Green
2022-06-27 13:42:39,817 [DEBUG] case 2 Agent entity arrived to locaionAT_OP movement task completed
2022-06-27 13:42:39,817 [DEBUG] entity: Agent changed state to AT_OP arrived to location -1
2022-06-27 13:42:39,818 [DEBUG] case 3 need to move position (from op to op position) Green
2022-06-27 13:42:39,818 [DEBUG] move entity: Green to MOVE_TO_OP to location -1
2022-06-27 13:42:40,819 [DEBUG] case 2 Green entity arrived to locaionAT_OP movement task completed
2022-06-27 13:42:40,819 [DEBUG] entity: Green changed state to AT_OP arrived to location -1
2022-06-27 13:42:41,838 [DEBUG] case 4 need to change face to South Agent
2022-06-27 13:42:42,840 [DEBUG] case 3 need to move position (from op to op position) Agent
2022-06-27 13:42:42,841 [DEBUG] move entity: Agent to MOVE_TO_OP to location -1
2022-06-27 13:42:43,842 [DEBUG] case 2 Agent entity arrived to locaionAT_OP movement task completed
2022-06-27 13:42:43,842 [DEBUG] entity: Agent changed state to AT_OP arrived to location -1
2022-06-27 13:42:48,847 [DEBUG] case 4 need to change face to North Green
2022-06-27 13:42:49,850 [DEBUG] case 3 need to move position (from op to op position) Green
2022-06-27 13:42:49,850 [DEBUG] move entity: Green to MOVE_TO_OP to location -1
2022-06-27 13:42:50,850 [DEBUG] case 2 Green entity arrived to locaionAT_OP movement task completed
2022-06-27 13:42:50,851 [DEBUG] entity: Green changed state to AT_OP arrived to location -1
2022-06-27 13:42:51,871 [DEBUG] case 4 need to change face to North Agent
2022-06-27 13:42:51,871 [DEBUG] case 4 need to change face to North Green
2022-06-27 13:42:52,871 [DEBUG] case 3 need to move position (from op to op position) Agent
2022-06-27 13:42:52,872 [DEBUG] move entity: Agent to MOVE_TO_OP to location -1
2022-06-27 13:42:52,872 [DEBUG] case 3 need to move position (from op to op position) Green
2022-06-27 13:42:52,872 [DEBUG] move entity: Green to MOVE_TO_OP to location -1
2022-06-27 13:42:53,889 [DEBUG] case 2 Agent entity arrived to locaionAT_OP movement task completed
2022-06-27 13:42:53,889 [DEBUG] entity: Agent changed state to AT_OP arrived to location -1
2022-06-27 13:42:53,889 [DEBUG] case 2 Green entity arrived to locaionAT_OP movement task completed
2022-06-27 13:42:53,890 [DEBUG] entity: Green changed state to AT_OP arrived to location -1
2022-06-27 13:42:54,891 [DEBUG] case 4 need to change face to North Agent
2022-06-27 13:42:54,891 [DEBUG] case 4 need to change face to South Green
2022-06-27 13:42:55,892 [DEBUG] case 3 need to move position (from op to op position) Agent
2022-06-27 13:42:55,893 [DEBUG] move entity: Agent to MOVE_TO_OP to location -1
2022-06-27 13:42:55,893 [DEBUG] case 3 need to move position (from op to op position) Green
2022-06-27 13:42:55,893 [DEBUG] move entity: Green to MOVE_TO_OP to location -1
2022-06-27 13:42:56,913 [DEBUG] case 2 Agent entity arrived to locaionAT_OP movement task completed
2022-06-27 13:42:56,913 [DEBUG] entity: Agent changed state to AT_OP arrived to location -1
2022-06-27 13:42:56,913 [DEBUG] case 2 Green entity arrived to locaionAT_OP movement task completed
2022-06-27 13:42:56,913 [DEBUG] entity: Green changed state to AT_OP arrived to location -1
2022-06-27 13:42:57,913 [DEBUG] case 4 need to change face to South Agent
2022-06-27 13:42:57,913 [DEBUG] case 4 need to change face to North Green
2022-06-27 13:42:58,915 [DEBUG] case 3 need to move position (from op to op position) Agent
2022-06-27 13:42:58,916 [DEBUG] move entity: Agent to MOVE_TO_OP to location -1
2022-06-27 13:42:58,916 [DEBUG] case 3 need to move position (from op to op position) Green
2022-06-27 13:42:58,916 [DEBUG] move entity: Green to MOVE_TO_OP to location -1
2022-06-27 13:42:59,934 [DEBUG] case 2 Agent entity arrived to locaionAT_OP movement task completed
2022-06-27 13:42:59,934 [DEBUG] entity: Agent changed state to AT_OP arrived to location -1
2022-06-27 13:42:59,935 [DEBUG] case 2 Green entity arrived to locaionAT_OP movement task completed
2022-06-27 13:42:59,935 [DEBUG] entity: Green changed state to AT_OP arrived to location -1
2022-06-27 13:43:00,936 [DEBUG] case 4 need to change face to North Agent
2022-06-27 13:43:01,936 [DEBUG] case 3 need to move position (from op to op position) Agent
2022-06-27 13:43:01,937 [DEBUG] move entity: Agent to MOVE_TO_OP to location -1
2022-06-27 13:43:02,938 [DEBUG] case 2 Agent entity arrived to locaionAT_OP movement task completed
2022-06-27 13:43:02,939 [DEBUG] entity: Agent changed state to AT_OP arrived to location -1
2022-06-27 13:43:02,939 [DEBUG] case 4 need to change face to West Green
2022-06-27 13:43:03,940 [DEBUG] case 3 need to move position (from op to op position) Green
2022-06-27 13:43:03,941 [DEBUG] move entity: Green to MOVE_TO_OP to location -1
2022-06-27 13:43:04,960 [DEBUG] case 4 need to change face to West Agent
2022-06-27 13:43:04,961 [DEBUG] case 2 Green entity arrived to locaionAT_OP movement task completed
2022-06-27 13:43:04,961 [DEBUG] entity: Green changed state to AT_OP arrived to location -1
2022-06-27 13:43:05,961 [DEBUG] case 3 need to move position (from op to op position) Agent
2022-06-27 13:43:05,962 [DEBUG] move entity: Agent to MOVE_TO_OP to location -1
2022-06-27 13:43:05,962 [DEBUG] case 4 need to change face to South Green
2022-06-27 13:43:06,963 [DEBUG] case 2 Agent entity arrived to locaionAT_OP movement task completed
2022-06-27 13:43:06,963 [DEBUG] entity: Agent changed state to AT_OP arrived to location -1
2022-06-27 13:43:06,964 [DEBUG] case 3 need to move position (from op to op position) Green
2022-06-27 13:43:06,964 [DEBUG] move entity: Green to MOVE_TO_OP to location -1
2022-06-27 13:43:07,983 [DEBUG] case 4 need to change face to South Agent
2022-06-27 13:43:07,984 [DEBUG] case 2 Green entity arrived to locaionAT_OP movement task completed
2022-06-27 13:43:07,984 [DEBUG] entity: Green changed state to AT_OP arrived to location -1
2022-06-27 13:43:08,985 [DEBUG] case 3 need to move position (from op to op position) Agent
2022-06-27 13:43:08,986 [DEBUG] move entity: Agent to MOVE_TO_OP to location -1
2022-06-27 13:43:09,987 [DEBUG] case 2 Agent entity arrived to locaionAT_OP movement task completed
2022-06-27 13:43:09,987 [DEBUG] entity: Agent changed state to AT_OP arrived to location -1
