2022-07-14 09:30:51,022 [INFO] Initializing RFSM 
2022-07-14 09:30:51,438 [DEBUG] Communicator is initialized
2022-07-14 09:30:51,438 [DEBUG] running in vrf mode
2022-07-14 09:30:51,438 [DEBUG] RFSMManager is initialized
2022-07-14 09:30:51,438 [INFO] RFSM initialized
2022-07-14 09:30:51,439 [DEBUG] SpawnManager_Nadav is initialized
2022-07-14 09:30:52,439 [DEBUG] Get Forces local 
2022-07-14 09:30:58,359 [DEBUG] case 3 need to choose position (from op to op position) Agent
2022-07-14 09:30:58,460 [DEBUG] case 3 need to move location (from op to op position) 37
2022-07-14 09:30:58,461 [DEBUG] move entity: Agent to MOVE_TO_OP to location -1
2022-07-14 09:31:28,582 [DEBUG] case 2 Agent entity arrived to locaionAT_OP movement task completed
2022-07-14 09:31:28,582 [DEBUG] entity: Agent changed state to AT_OP arrived to location -1
2022-07-14 09:32:23,673 [DEBUG] SpawnManager_Nadav is initialized
2022-07-14 09:32:24,674 [DEBUG] Get Forces local 
2022-07-14 09:32:40,598 [DEBUG] case 3 need to choose position (from op to op position) Agent
2022-07-14 09:32:40,699 [DEBUG] case 3 need to move location (from op to op position) 31
2022-07-14 09:32:40,700 [DEBUG] move entity: Agent to MOVE_TO_OP to location -1
2022-07-14 09:33:36,107 [DEBUG] case 2 Agent entity arrived to locaionAT_OP movement task completed
2022-07-14 09:33:36,107 [DEBUG] entity: Agent changed state to AT_OP arrived to location -1
2022-07-14 09:34:04,995 [DEBUG] SpawnManager_Nadav is initialized
2022-07-14 09:34:05,995 [DEBUG] Get Forces local 
2022-07-14 09:34:19,379 [DEBUG] case 3 need to choose position (from op to op position) Agent
2022-07-14 09:34:19,480 [DEBUG] case 3 need to move location (from op to op position) 32
2022-07-14 09:34:19,480 [DEBUG] move entity: Agent to MOVE_TO_OP to location -1
2022-07-14 09:34:38,625 [DEBUG] case 2 Agent entity arrived to locaionAT_OP movement task completed
2022-07-14 09:34:38,626 [DEBUG] entity: Agent changed state to AT_OP arrived to location -1
