2022-06-26 14:44:05,762 [INFO] Initializing RFSM 
2022-06-26 14:44:05,938 [DEBUG] Communicator is initialized
2022-06-26 14:44:05,938 [DEBUG] running in vrf mode
2022-06-26 14:44:05,938 [DEBUG] RFSMManager is initialized
2022-06-26 14:44:05,939 [INFO] RFSM initialized
2022-06-26 14:44:05,939 [DEBUG] SpawnManager_Nadav is initialized
2022-06-26 14:44:07,940 [DEBUG] Get Forces local 
2022-06-26 14:44:12,660 [DEBUG] case 3 need to move position (from op to op position) Agent
2022-06-26 14:44:12,660 [DEBUG] move entity: Agent to MOVE_TO_OP to location 999
2022-06-26 14:44:12,660 [DEBUG] case 3 need to move position (from op to op position) Agent
2022-06-26 14:44:12,661 [DEBUG] move entity: Agent to MOVE_TO_OP to location 999
2022-06-26 14:44:22,680 [DEBUG] case 2 Agent entity arrived to locaionAT_OP movement task completed
2022-06-26 14:44:22,681 [DEBUG] entity: Agent changed state to AT_OP arrived to location 999
2022-06-26 14:44:22,681 [DEBUG] case 2 Agent entity arrived to locaionAT_OP movement task completed
2022-06-26 14:44:22,681 [DEBUG] entity: Agent changed state to AT_OP arrived to location 999
2022-06-26 14:44:22,681 [DEBUG] case 2 Agent entity arrived to locaionAT_OP movement task completed
2022-06-26 14:44:22,682 [DEBUG] entity: Agent changed state to AT_OP arrived to location -1
2022-06-26 14:44:22,682 [DEBUG] case 2 Agent entity arrived to locaionAT_OP movement task completed
2022-06-26 14:44:22,682 [DEBUG] entity: Agent changed state to AT_OP arrived to location -1
2022-06-26 14:44:22,682 [DEBUG] case 2 Agent entity arrived to locaionAT_OP movement task completed
2022-06-26 14:44:22,682 [DEBUG] entity: Agent changed state to AT_OP arrived to location -1
2022-06-26 14:44:22,683 [DEBUG] case 2 Agent entity arrived to locaionAT_OP movement task completed
2022-06-26 14:44:22,683 [DEBUG] entity: Agent changed state to AT_OP arrived to location -1
2022-06-26 14:44:22,683 [DEBUG] case 2 Agent entity arrived to locaionAT_OP movement task completed
2022-06-26 14:44:22,683 [DEBUG] entity: Agent changed state to AT_OP arrived to location -1
2022-06-26 14:44:22,683 [DEBUG] case 2 Agent entity arrived to locaionAT_OP movement task completed
2022-06-26 14:44:22,683 [DEBUG] entity: Agent changed state to AT_OP arrived to location -1
2022-06-26 14:44:22,684 [DEBUG] case 2 Agent entity arrived to locaionAT_OP movement task completed
2022-06-26 14:44:22,684 [DEBUG] entity: Agent changed state to AT_OP arrived to location -1
2022-06-26 14:44:22,684 [DEBUG] case 2 Agent entity arrived to locaionAT_OP movement task completed
2022-06-26 14:44:22,684 [DEBUG] entity: Agent changed state to AT_OP arrived to location -1
2022-06-26 14:44:22,684 [DEBUG] case 2 Agent entity arrived to locaionAT_OP movement task completed
2022-06-26 14:44:22,684 [DEBUG] entity: Agent changed state to AT_OP arrived to location -1
2022-06-26 14:44:22,685 [DEBUG] case 2 Agent entity arrived to locaionAT_OP movement task completed
2022-06-26 14:44:22,685 [DEBUG] entity: Agent changed state to AT_OP arrived to location -1
2022-06-26 14:44:23,687 [DEBUG] case 3 need to move position (from op to op position) Agent
2022-06-26 14:44:23,687 [DEBUG] case 3 need to move position (from op to op position) Agent
2022-06-26 14:44:23,687 [DEBUG] case 3 need to move position (from op to op position) Agent
2022-06-26 14:44:23,688 [DEBUG] move entity: Agent to MOVE_TO_OP to location 999
2022-06-26 14:44:23,688 [DEBUG] case 3 need to move position (from op to op position) Agent
2022-06-26 14:44:23,688 [DEBUG] move entity: Agent to MOVE_TO_OP to location 999
2022-06-26 14:44:23,689 [DEBUG] case 3 need to move position (from op to op position) Agent
2022-06-26 14:44:23,689 [DEBUG] move entity: Agent to MOVE_TO_OP to location 999
2022-06-26 14:44:23,689 [DEBUG] case 3 need to move position (from op to op position) Agent
2022-06-26 14:44:23,689 [DEBUG] move entity: Agent to MOVE_TO_OP to location 999
2022-06-26 14:44:23,690 [DEBUG] case 3 need to move position (from op to op position) Agent
2022-06-26 14:44:23,690 [DEBUG] move entity: Agent to MOVE_TO_OP to location 999
2022-06-26 14:44:23,690 [DEBUG] case 3 need to move position (from op to op position) Agent
2022-06-26 14:44:23,690 [DEBUG] move entity: Agent to MOVE_TO_OP to location 999
2022-06-26 14:44:23,691 [DEBUG] case 3 need to move position (from op to op position) Agent
2022-06-26 14:44:23,691 [DEBUG] move entity: Agent to MOVE_TO_OP to location 999
2022-06-26 14:44:23,691 [DEBUG] case 3 need to move position (from op to op position) Agent
2022-06-26 14:44:23,691 [DEBUG] move entity: Agent to MOVE_TO_OP to location 999
2022-06-26 14:44:23,692 [DEBUG] case 3 need to move position (from op to op position) Agent
2022-06-26 14:44:23,692 [DEBUG] move entity: Agent to MOVE_TO_OP to location 999
2022-06-26 14:44:23,692 [DEBUG] case 3 need to move position (from op to op position) Agent
2022-06-26 14:44:23,692 [DEBUG] move entity: Agent to MOVE_TO_OP to location 999
2022-06-26 14:44:23,693 [DEBUG] case 3 need to move position (from op to op position) Agent
2022-06-26 14:44:23,693 [DEBUG] move entity: Agent to MOVE_TO_OP to location 999
2022-06-26 14:44:24,693 [DEBUG] case 3 need to move position (from op to op position) Agent
2022-06-26 14:44:24,694 [DEBUG] case 3 need to move position (from op to op position) Agent
2022-06-26 14:44:24,694 [DEBUG] case 2 Agent entity arrived to locaionAT_OP movement task completed
2022-06-26 14:44:24,694 [DEBUG] entity: Agent changed state to AT_OP arrived to location 999
2022-06-26 14:44:24,695 [DEBUG] case 2 Agent entity arrived to locaionAT_OP movement task completed
2022-06-26 14:44:24,695 [DEBUG] entity: Agent changed state to AT_OP arrived to location 999
2022-06-26 14:44:24,695 [DEBUG] case 2 Agent entity arrived to locaionAT_OP movement task completed
2022-06-26 14:44:24,695 [DEBUG] entity: Agent changed state to AT_OP arrived to location 999
2022-06-26 14:44:24,695 [DEBUG] case 2 Agent entity arrived to locaionAT_OP movement task completed
2022-06-26 14:44:24,695 [DEBUG] entity: Agent changed state to AT_OP arrived to location 999
2022-06-26 14:44:24,696 [DEBUG] case 2 Agent entity arrived to locaionAT_OP movement task completed
2022-06-26 14:44:24,696 [DEBUG] entity: Agent changed state to AT_OP arrived to location 999
2022-06-26 14:44:24,696 [DEBUG] case 2 Agent entity arrived to locaionAT_OP movement task completed
2022-06-26 14:44:24,696 [DEBUG] entity: Agent changed state to AT_OP arrived to location 999
2022-06-26 14:44:24,696 [DEBUG] case 2 Agent entity arrived to locaionAT_OP movement task completed
2022-06-26 14:44:24,696 [DEBUG] entity: Agent changed state to AT_OP arrived to location 999
2022-06-26 14:44:24,697 [DEBUG] case 2 Agent entity arrived to locaionAT_OP movement task completed
2022-06-26 14:44:24,697 [DEBUG] entity: Agent changed state to AT_OP arrived to location 999
2022-06-26 14:44:24,697 [DEBUG] case 2 Agent entity arrived to locaionAT_OP movement task completed
2022-06-26 14:44:24,697 [DEBUG] entity: Agent changed state to AT_OP arrived to location 999
2022-06-26 14:44:24,697 [DEBUG] case 2 Agent entity arrived to locaionAT_OP movement task completed
2022-06-26 14:44:24,697 [DEBUG] entity: Agent changed state to AT_OP arrived to location 999
2022-06-26 14:44:24,698 [DEBUG] case 2 Agent entity arrived to locaionAT_OP movement task completed
2022-06-26 14:44:24,698 [DEBUG] entity: Agent changed state to AT_OP arrived to location 999
2022-06-26 14:44:24,698 [DEBUG] case 3 need to move position (from op to op position) Agent
2022-06-26 14:44:24,698 [DEBUG] move entity: Agent to MOVE_TO_OP to location 999
2022-06-26 14:44:25,699 [DEBUG] case 3 need to move position (from op to op position) Agent
2022-06-26 14:44:25,700 [DEBUG] case 3 need to move position (from op to op position) Agent
2022-06-26 14:44:25,700 [DEBUG] case 3 need to move position (from op to op position) Agent
2022-06-26 14:44:25,700 [DEBUG] case 3 need to move position (from op to op position) Agent
2022-06-26 14:44:25,701 [DEBUG] case 3 need to move position (from op to op position) Agent
2022-06-26 14:44:25,701 [DEBUG] case 3 need to move position (from op to op position) Agent
2022-06-26 14:44:25,701 [DEBUG] case 3 need to move position (from op to op position) Agent
2022-06-26 14:44:25,702 [DEBUG] case 3 need to move position (from op to op position) Agent
2022-06-26 14:44:25,702 [DEBUG] case 3 need to move position (from op to op position) Agent
2022-06-26 14:44:25,702 [DEBUG] case 3 need to move position (from op to op position) Agent
2022-06-26 14:44:25,702 [DEBUG] case 3 need to move position (from op to op position) Agent
2022-06-26 14:44:25,703 [DEBUG] case 3 need to move position (from op to op position) Agent
2022-06-26 14:44:25,703 [DEBUG] case 3 need to move position (from op to op position) Agent
2022-06-26 14:44:25,703 [DEBUG] case 2 Agent entity arrived to locaionAT_OP movement task completed
2022-06-26 14:44:25,703 [DEBUG] entity: Agent changed state to AT_OP arrived to location 999
2022-06-26 14:44:25,703 [DEBUG] case 3 need to move position (from op to op position) Agent
2022-06-26 14:44:25,704 [DEBUG] move entity: Agent to MOVE_TO_OP to location 999
2022-06-26 14:44:26,705 [DEBUG] case 3 need to move position (from op to op position) Agent
2022-06-26 14:44:26,706 [DEBUG] case 3 need to move position (from op to op position) Agent
2022-06-26 14:44:26,706 [DEBUG] case 3 need to move position (from op to op position) Agent
2022-06-26 14:44:26,706 [DEBUG] case 3 need to move position (from op to op position) Agent
2022-06-26 14:44:26,707 [DEBUG] case 3 need to move position (from op to op position) Agent
2022-06-26 14:44:26,707 [DEBUG] case 3 need to move position (from op to op position) Agent
2022-06-26 14:44:26,707 [DEBUG] case 3 need to move position (from op to op position) Agent
2022-06-26 14:44:26,708 [DEBUG] case 3 need to move position (from op to op position) Agent
2022-06-26 14:44:26,708 [DEBUG] case 3 need to move position (from op to op position) Agent
2022-06-26 14:44:26,708 [DEBUG] case 3 need to move position (from op to op position) Agent
2022-06-26 14:44:26,709 [DEBUG] case 3 need to move position (from op to op position) Agent
2022-06-26 14:44:26,709 [DEBUG] case 3 need to move position (from op to op position) Agent
2022-06-26 14:44:26,709 [DEBUG] case 3 need to move position (from op to op position) Agent
2022-06-26 14:44:26,709 [DEBUG] case 3 need to move position (from op to op position) Agent
2022-06-26 14:44:26,710 [DEBUG] case 2 Agent entity arrived to locaionAT_OP movement task completed
2022-06-26 14:44:26,710 [DEBUG] entity: Agent changed state to AT_OP arrived to location 999
2022-06-26 14:44:26,710 [DEBUG] case 3 need to move position (from op to op position) Agent
2022-06-26 14:44:26,710 [DEBUG] move entity: Agent to MOVE_TO_OP to location 999
2022-06-26 14:44:27,712 [DEBUG] case 3 need to move position (from op to op position) Agent
2022-06-26 14:44:27,713 [DEBUG] case 3 need to move position (from op to op position) Agent
2022-06-26 14:44:27,713 [DEBUG] case 3 need to move position (from op to op position) Agent
2022-06-26 14:44:27,714 [DEBUG] case 3 need to move position (from op to op position) Agent
2022-06-26 14:44:27,714 [DEBUG] case 3 need to move position (from op to op position) Agent
2022-06-26 14:44:27,714 [DEBUG] case 3 need to move position (from op to op position) Agent
2022-06-26 14:44:27,714 [DEBUG] case 3 need to move position (from op to op position) Agent
2022-06-26 14:44:27,715 [DEBUG] case 3 need to move position (from op to op position) Agent
2022-06-26 14:44:27,715 [DEBUG] case 3 need to move position (from op to op position) Agent
2022-06-26 14:44:27,715 [DEBUG] case 3 need to move position (from op to op position) Agent
2022-06-26 14:44:27,715 [DEBUG] case 3 need to move position (from op to op position) Agent
2022-06-26 14:44:27,716 [DEBUG] case 3 need to move position (from op to op position) Agent
2022-06-26 14:44:27,716 [DEBUG] case 3 need to move position (from op to op position) Agent
2022-06-26 14:44:27,716 [DEBUG] case 3 need to move position (from op to op position) Agent
2022-06-26 14:44:27,716 [DEBUG] case 3 need to move position (from op to op position) Agent
2022-06-26 14:44:27,717 [DEBUG] case 2 Agent entity arrived to locaionAT_OP movement task completed
2022-06-26 14:44:27,717 [DEBUG] entity: Agent changed state to AT_OP arrived to location 999
2022-06-26 14:44:27,717 [DEBUG] case 3 need to move position (from op to op position) Agent
2022-06-26 14:44:27,717 [DEBUG] move entity: Agent to MOVE_TO_OP to location 999
2022-06-26 14:44:28,718 [DEBUG] case 3 need to move position (from op to op position) Agent
2022-06-26 14:44:28,719 [DEBUG] case 3 need to move position (from op to op position) Agent
2022-06-26 14:44:28,719 [DEBUG] case 3 need to move position (from op to op position) Agent
2022-06-26 14:44:28,719 [DEBUG] case 3 need to move position (from op to op position) Agent
2022-06-26 14:44:28,719 [DEBUG] case 3 need to move position (from op to op position) Agent
2022-06-26 14:44:28,719 [DEBUG] case 3 need to move position (from op to op position) Agent
2022-06-26 14:44:28,720 [DEBUG] case 3 need to move position (from op to op position) Agent
2022-06-26 14:44:28,720 [DEBUG] case 3 need to move position (from op to op position) Agent
2022-06-26 14:44:28,720 [DEBUG] case 3 need to move position (from op to op position) Agent
2022-06-26 14:44:28,720 [DEBUG] case 3 need to move position (from op to op position) Agent
2022-06-26 14:44:28,720 [DEBUG] case 3 need to move position (from op to op position) Agent
2022-06-26 14:44:28,721 [DEBUG] case 3 need to move position (from op to op position) Agent
2022-06-26 14:44:28,721 [DEBUG] case 3 need to move position (from op to op position) Agent
2022-06-26 14:44:28,721 [DEBUG] case 3 need to move position (from op to op position) Agent
2022-06-26 14:44:28,721 [DEBUG] case 3 need to move position (from op to op position) Agent
2022-06-26 14:44:28,721 [DEBUG] case 3 need to move position (from op to op position) Agent
2022-06-26 14:44:28,722 [DEBUG] case 2 Agent entity arrived to locaionAT_OP movement task completed
2022-06-26 14:44:28,722 [DEBUG] entity: Agent changed state to AT_OP arrived to location 999
2022-06-26 14:44:28,722 [DEBUG] case 3 need to move position (from op to op position) Agent
2022-06-26 14:44:28,722 [DEBUG] move entity: Agent to MOVE_TO_OP to location 999
