2022-06-26 14:00:09,473 [INFO] Initializing RFSM 
2022-06-26 14:00:09,648 [DEBUG] Communicator is initialized
2022-06-26 14:00:09,648 [DEBUG] running in vrf mode
2022-06-26 14:00:09,648 [DEBUG] RFSMManager is initialized
2022-06-26 14:00:09,648 [INFO] RFSM initialized
2022-06-26 14:00:09,648 [DEBUG] SpawnManager_Nadav is initialized
2022-06-26 14:00:11,651 [DEBUG] Get Forces local 
2022-06-26 14:00:24,128 [DEBUG] case 3 need to move position (from op to op position) Agent
2022-06-26 14:00:24,128 [DEBUG] move entity: Agent to MOVE_TO_OP to location 999
2022-06-26 14:00:34,143 [DEBUG] case 2 Agent entity arrived to locaionAT_OP movement task completed
2022-06-26 14:00:34,144 [DEBUG] entity: Agent changed state to AT_OP arrived to location 999
2022-06-26 14:00:35,145 [DEBUG] case 3 need to move position (from op to op position) Agent
2022-06-26 14:00:36,147 [DEBUG] case 3 need to move position (from op to op position) Agent
2022-06-26 14:00:37,148 [DEBUG] case 3 need to move position (from op to op position) Agent
2022-06-26 14:00:38,149 [DEBUG] case 3 need to move position (from op to op position) Agent
2022-06-26 14:00:39,151 [DEBUG] case 3 need to move position (from op to op position) Agent
2022-06-26 14:00:40,152 [DEBUG] case 3 need to move position (from op to op position) Agent
2022-06-26 14:00:41,154 [DEBUG] case 3 need to move position (from op to op position) Agent
2022-06-26 14:00:42,156 [DEBUG] case 3 need to move position (from op to op position) Agent
2022-06-26 14:00:43,157 [DEBUG] case 3 need to move position (from op to op position) Agent
2022-06-26 14:00:44,158 [DEBUG] case 3 need to move position (from op to op position) Agent
2022-06-26 14:00:45,159 [DEBUG] case 3 need to move position (from op to op position) Agent
