2022-07-26 11:33:26,502 [INFO] Initializing RFSM 
2022-07-26 11:33:26,950 [DEBUG] Communicator is initialized
2022-07-26 11:33:26,950 [DEBUG] running in vrf mode
2022-07-26 11:33:26,950 [DEBUG] RFAScenarioManager is initialized
2022-07-26 11:33:26,950 [INFO] RFSM initialized
2022-07-26 11:33:26,950 [DEBUG] SpawnManager_Nadav is initialized
2022-07-26 11:33:27,452 [DEBUG] Get Forces local 
2022-07-26 11:33:33,476 [DEBUG] Initiating :Choose position:at_1
2022-07-26 11:33:33,977 [DEBUG] Initiating: move to location40
2022-07-26 11:33:33,978 [DEBUG] move entity: at_1 to MOVE_TO_OP to location -1
2022-07-26 11:33:34,480 [DEBUG] Task completed, didn't arrive to location, unwanted situation
2022-07-26 11:33:48,334 [DEBUG] SpawnManager_Nadav is initialized
2022-07-26 11:33:48,836 [DEBUG] Get Forces local 
2022-07-26 11:34:05,614 [DEBUG] Initiating :Choose position:at_1
2022-07-26 11:34:06,117 [DEBUG] Initiating: move to location40
2022-07-26 11:34:06,117 [DEBUG] move entity: at_1 to MOVE_TO_OP to location -1
2022-07-26 11:35:05,412 [DEBUG] case 2 at_1 Entity arrived to locaionAT_OP movement task completed
2022-07-26 11:35:05,412 [DEBUG] entity: at_1 changed state to AT_OP arrived to location 
2022-07-26 11:35:05,915 [DEBUG] Initiating: change posture to position posture at_1
2022-07-26 11:35:10,420 [DEBUG] Initiating: scan for enemy at_1
