2022-06-27 10:50:12,829 [INFO] Initializing RFSM 
2022-06-27 10:50:13,006 [DEBUG] Communicator is initialized
2022-06-27 10:50:13,006 [DEBUG] running in vrf mode
2022-06-27 10:50:13,006 [DEBUG] RFSMManager is initialized
2022-06-27 10:50:13,006 [INFO] RFSM initialized
2022-06-27 10:50:13,006 [DEBUG] SpawnManager_Nadav is initialized
2022-06-27 10:50:15,008 [DEBUG] Get Forces local 
2022-06-27 10:50:20,670 [DEBUG] case 4 need to change face to North Agent
2022-06-27 10:50:21,672 [DEBUG] case 3 need to move position (from op to op position) Agent
2022-06-27 10:50:21,673 [DEBUG] move entity: Agent to MOVE_TO_OP to location -1
2022-06-27 10:50:22,673 [DEBUG] case 2 Agent entity arrived to locaionAT_OP movement task completed
2022-06-27 10:50:22,673 [DEBUG] entity: Agent changed state to AT_OP arrived to location -1
2022-06-27 10:50:23,675 [DEBUG] case 4 need to change face to West Agent
2022-06-27 10:50:24,677 [DEBUG] case 3 need to move position (from op to op position) Agent
2022-06-27 10:50:24,678 [DEBUG] move entity: Agent to MOVE_TO_OP to location -1
2022-06-27 10:50:25,678 [DEBUG] case 2 Agent entity arrived to locaionAT_OP movement task completed
2022-06-27 10:50:25,678 [DEBUG] entity: Agent changed state to AT_OP arrived to location -1
2022-06-27 10:50:26,680 [DEBUG] case 4 need to change face to North Agent
2022-06-27 10:50:27,681 [DEBUG] case 3 need to move position (from op to op position) Agent
2022-06-27 10:50:27,682 [DEBUG] move entity: Agent to MOVE_TO_OP to location -1
2022-06-27 10:50:28,683 [DEBUG] case 2 Agent entity arrived to locaionAT_OP movement task completed
2022-06-27 10:50:28,684 [DEBUG] entity: Agent changed state to AT_OP arrived to location -1
2022-06-27 10:50:29,685 [DEBUG] case 4 need to change face to West Agent
2022-06-27 10:50:30,685 [DEBUG] case 3 need to move position (from op to op position) Agent
2022-06-27 10:50:30,686 [DEBUG] move entity: Agent to MOVE_TO_OP to location -1
2022-06-27 10:50:31,687 [DEBUG] case 2 Agent entity arrived to locaionAT_OP movement task completed
2022-06-27 10:50:31,687 [DEBUG] entity: Agent changed state to AT_OP arrived to location -1
2022-06-27 10:50:32,689 [DEBUG] case 4 need to change face to North Agent
2022-06-27 10:50:33,689 [DEBUG] case 3 need to move position (from op to op position) Agent
2022-06-27 10:50:33,690 [DEBUG] move entity: Agent to MOVE_TO_OP to location -1
2022-06-27 10:50:34,691 [DEBUG] case 2 Agent entity arrived to locaionAT_OP movement task completed
2022-06-27 10:50:34,691 [DEBUG] entity: Agent changed state to AT_OP arrived to location -1
2022-06-27 10:50:35,693 [DEBUG] case 4 need to change face to West Agent
2022-06-27 10:50:36,694 [DEBUG] case 3 need to move position (from op to op position) Agent
2022-06-27 10:50:36,695 [DEBUG] move entity: Agent to MOVE_TO_OP to location -1
2022-06-27 10:50:37,696 [DEBUG] case 2 Agent entity arrived to locaionAT_OP movement task completed
2022-06-27 10:50:37,697 [DEBUG] entity: Agent changed state to AT_OP arrived to location -1
2022-06-27 10:50:38,697 [DEBUG] case 4 need to change face to North Agent
2022-06-27 10:50:39,698 [DEBUG] case 3 need to move position (from op to op position) Agent
2022-06-27 10:50:39,699 [DEBUG] move entity: Agent to MOVE_TO_OP to location -1
2022-06-27 10:50:40,699 [DEBUG] case 2 Agent entity arrived to locaionAT_OP movement task completed
2022-06-27 10:50:40,699 [DEBUG] entity: Agent changed state to AT_OP arrived to location -1
2022-06-27 10:50:41,701 [DEBUG] case 4 need to change face to West Agent
2022-06-27 10:50:42,702 [DEBUG] case 3 need to move position (from op to op position) Agent
2022-06-27 10:50:42,703 [DEBUG] move entity: Agent to MOVE_TO_OP to location -1
2022-06-27 10:50:43,703 [DEBUG] case 2 Agent entity arrived to locaionAT_OP movement task completed
2022-06-27 10:50:43,703 [DEBUG] entity: Agent changed state to AT_OP arrived to location -1
2022-06-27 10:50:51,065 [DEBUG] SpawnManager_Nadav is initialized
