2022-07-13 18:10:54,050 [INFO] Initializing RFSM 
2022-07-13 18:10:54,464 [DEBUG] Communicator is initialized
2022-07-13 18:10:54,464 [DEBUG] running in vrf mode
2022-07-13 18:10:54,464 [DEBUG] RFSMManager is initialized
2022-07-13 18:10:54,464 [INFO] RFSM initialized
2022-07-13 18:10:54,464 [DEBUG] SpawnManager_Nadav is initialized
2022-07-13 18:10:55,466 [DEBUG] Get Forces local 
2022-07-13 18:12:02,250 [DEBUG] case 3 need to choose position (from op to op position) Agent
2022-07-13 18:12:02,351 [DEBUG] case 3 need to move location (from op to op position) 38
2022-07-13 18:12:02,352 [DEBUG] move entity: Agent to MOVE_TO_OP to location -1
2022-07-13 18:12:42,997 [DEBUG] case 2 Agent entity arrived to locaionAT_OP movement task completed
2022-07-13 18:12:42,997 [DEBUG] entity: Agent changed state to AT_OP arrived to location -1
2022-07-13 18:13:16,511 [DEBUG] SpawnManager_Nadav is initialized
2022-07-13 18:13:17,512 [DEBUG] Get Forces local 
2022-07-13 18:14:27,691 [DEBUG] case 3 need to choose position (from op to op position) Agent
2022-07-13 18:14:27,791 [DEBUG] case 3 need to move location (from op to op position) 38
2022-07-13 18:14:27,791 [DEBUG] move entity: Agent to MOVE_TO_OP to location -1
2022-07-13 18:14:46,102 [DEBUG] case 2 Agent entity arrived to locaionAT_OP movement task completed
2022-07-13 18:14:46,103 [DEBUG] entity: Agent changed state to AT_OP arrived to location -1
2022-07-13 18:15:10,941 [DEBUG] SpawnManager_Nadav is initialized
2022-07-13 18:15:11,943 [DEBUG] Get Forces local 
2022-07-13 18:15:21,902 [DEBUG] case 3 need to choose position (from op to op position) Agent
2022-07-13 18:15:22,003 [DEBUG] case 3 need to move location (from op to op position) 48
2022-07-13 18:15:22,003 [DEBUG] move entity: Agent to MOVE_TO_OP to location -1
2022-07-13 18:15:44,831 [DEBUG] case 2 Agent entity arrived to locaionAT_OP movement task completed
2022-07-13 18:15:44,831 [DEBUG] entity: Agent changed state to AT_OP arrived to location -1
2022-07-13 18:16:26,337 [DEBUG] SpawnManager_Nadav is initialized
2022-07-13 18:16:27,339 [DEBUG] Get Forces local 
2022-07-13 18:16:49,255 [DEBUG] case 3 need to choose position (from op to op position) Agent
2022-07-13 18:16:49,356 [DEBUG] case 3 need to move location (from op to op position) 5
2022-07-13 18:16:49,356 [DEBUG] move entity: Agent to MOVE_TO_OP to location -1
2022-07-13 18:16:56,596 [DEBUG] case 2 Agent entity arrived to locaionAT_OP movement task completed
2022-07-13 18:16:56,596 [DEBUG] entity: Agent changed state to AT_OP arrived to location -1
2022-07-13 18:17:23,947 [DEBUG] SpawnManager_Nadav is initialized
2022-07-13 18:17:24,948 [DEBUG] Get Forces local 
2022-07-13 18:18:06,287 [DEBUG] case 3 need to choose position (from op to op position) Agent
2022-07-13 18:18:06,388 [DEBUG] case 3 need to move location (from op to op position) 30
2022-07-13 18:18:06,388 [DEBUG] move entity: Agent to MOVE_TO_OP to location -1
2022-07-13 18:18:11,519 [DEBUG] case 2 Agent entity arrived to locaionAT_OP movement task completed
2022-07-13 18:18:11,519 [DEBUG] entity: Agent changed state to AT_OP arrived to location -1
2022-07-13 18:18:39,858 [DEBUG] SpawnManager_Nadav is initialized
2022-07-13 18:18:40,859 [DEBUG] Get Forces local 
2022-07-13 18:19:04,203 [DEBUG] case 3 need to choose position (from op to op position) Agent
2022-07-13 18:19:04,303 [DEBUG] case 3 need to move location (from op to op position) 38
2022-07-13 18:19:04,303 [DEBUG] move entity: Agent to MOVE_TO_OP to location -1
2022-07-13 18:19:24,106 [DEBUG] case 2 Agent entity arrived to locaionAT_OP movement task completed
2022-07-13 18:19:24,106 [DEBUG] entity: Agent changed state to AT_OP arrived to location -1
2022-07-13 18:19:49,952 [DEBUG] SpawnManager_Nadav is initialized
2022-07-13 18:19:50,954 [DEBUG] Get Forces local 
2022-07-13 18:20:01,394 [DEBUG] case 3 need to choose position (from op to op position) Agent
2022-07-13 18:20:01,494 [DEBUG] case 3 need to move location (from op to op position) 38
2022-07-13 18:20:01,494 [DEBUG] move entity: Agent to MOVE_TO_OP to location -1
