2022-06-26 15:20:38,810 [INFO] Initializing RFSM 
2022-06-26 15:20:39,002 [DEBUG] Communicator is initialized
2022-06-26 15:20:39,002 [DEBUG] running in vrf mode
2022-06-26 15:20:39,002 [DEBUG] RFSMManager is initialized
2022-06-26 15:20:39,002 [INFO] RFSM initialized
2022-06-26 15:20:39,003 [DEBUG] SpawnManager_Nadav is initialized
2022-06-26 15:20:41,004 [DEBUG] Get Forces local 
2022-06-26 15:20:42,004 [DEBUG] case 3 need to move position (from op to op position) Agent
2022-06-26 15:20:42,005 [DEBUG] move entity: Agent to MOVE_TO_OP to location -1
2022-06-26 15:21:31,202 [DEBUG] case 2 Agent entity arrived to locaionAT_OP movement task completed
2022-06-26 15:21:31,203 [DEBUG] entity: Agent changed state to AT_OP arrived to location -1
2022-06-26 15:21:31,203 [DEBUG] case 2 Agent entity arrived to locaionAT_OP movement task completed
2022-06-26 15:21:31,203 [DEBUG] entity: Agent changed state to AT_OP arrived to location -1
2022-06-26 15:21:31,204 [DEBUG] case 2 Agent entity arrived to locaionAT_OP movement task completed
2022-06-26 15:21:31,204 [DEBUG] entity: Agent changed state to AT_OP arrived to location -1
2022-06-26 15:21:31,204 [DEBUG] case 2 Agent entity arrived to locaionAT_OP movement task completed
2022-06-26 15:21:31,204 [DEBUG] entity: Agent changed state to AT_OP arrived to location -1
2022-06-26 15:21:31,204 [DEBUG] case 2 Agent entity arrived to locaionAT_OP movement task completed
2022-06-26 15:21:31,204 [DEBUG] entity: Agent changed state to AT_OP arrived to location -1
2022-06-26 15:21:31,205 [DEBUG] case 2 Agent entity arrived to locaionAT_OP movement task completed
2022-06-26 15:21:31,205 [DEBUG] entity: Agent changed state to AT_OP arrived to location -1
2022-06-26 15:21:31,205 [DEBUG] case 2 Agent entity arrived to locaionAT_OP movement task completed
2022-06-26 15:21:31,205 [DEBUG] entity: Agent changed state to AT_OP arrived to location -1
2022-06-26 15:21:31,205 [DEBUG] case 2 Agent entity arrived to locaionAT_OP movement task completed
2022-06-26 15:21:31,206 [DEBUG] entity: Agent changed state to AT_OP arrived to location -1
2022-06-26 15:21:31,206 [DEBUG] case 2 Agent entity arrived to locaionAT_OP movement task completed
2022-06-26 15:21:31,206 [DEBUG] entity: Agent changed state to AT_OP arrived to location -1
2022-06-26 15:21:31,206 [DEBUG] case 2 Agent entity arrived to locaionAT_OP movement task completed
2022-06-26 15:21:31,206 [DEBUG] entity: Agent changed state to AT_OP arrived to location -1
2022-06-26 15:21:31,206 [DEBUG] case 2 Agent entity arrived to locaionAT_OP movement task completed
2022-06-26 15:21:31,206 [DEBUG] entity: Agent changed state to AT_OP arrived to location -1
2022-06-26 15:21:31,207 [DEBUG] case 2 Agent entity arrived to locaionAT_OP movement task completed
2022-06-26 15:21:31,207 [DEBUG] entity: Agent changed state to AT_OP arrived to location -1
2022-06-26 15:21:31,207 [DEBUG] case 2 Agent entity arrived to locaionAT_OP movement task completed
2022-06-26 15:21:31,207 [DEBUG] entity: Agent changed state to AT_OP arrived to location -1
2022-06-26 15:21:31,207 [DEBUG] case 2 Agent entity arrived to locaionAT_OP movement task completed
2022-06-26 15:21:31,207 [DEBUG] entity: Agent changed state to AT_OP arrived to location -1
2022-06-26 15:21:31,208 [DEBUG] case 2 Agent entity arrived to locaionAT_OP movement task completed
2022-06-26 15:21:31,208 [DEBUG] entity: Agent changed state to AT_OP arrived to location -1
2022-06-26 15:21:31,208 [DEBUG] case 2 Agent entity arrived to locaionAT_OP movement task completed
2022-06-26 15:21:31,208 [DEBUG] entity: Agent changed state to AT_OP arrived to location -1
2022-06-26 15:21:31,208 [DEBUG] case 2 Agent entity arrived to locaionAT_OP movement task completed
2022-06-26 15:21:31,208 [DEBUG] entity: Agent changed state to AT_OP arrived to location -1
2022-06-26 15:21:31,208 [DEBUG] case 2 Agent entity arrived to locaionAT_OP movement task completed
2022-06-26 15:21:31,209 [DEBUG] entity: Agent changed state to AT_OP arrived to location -1
2022-06-26 15:21:31,209 [DEBUG] case 2 Agent entity arrived to locaionAT_OP movement task completed
2022-06-26 15:21:31,209 [DEBUG] entity: Agent changed state to AT_OP arrived to location -1
2022-06-26 15:21:31,209 [DEBUG] case 2 Agent entity arrived to locaionAT_OP movement task completed
2022-06-26 15:21:31,209 [DEBUG] entity: Agent changed state to AT_OP arrived to location -1
2022-06-26 15:21:31,209 [DEBUG] case 2 Agent entity arrived to locaionAT_OP movement task completed
2022-06-26 15:21:31,209 [DEBUG] entity: Agent changed state to AT_OP arrived to location -1
2022-06-26 15:21:31,210 [DEBUG] case 2 Agent entity arrived to locaionAT_OP movement task completed
2022-06-26 15:21:31,210 [DEBUG] entity: Agent changed state to AT_OP arrived to location -1
2022-06-26 15:21:31,210 [DEBUG] case 2 Agent entity arrived to locaionAT_OP movement task completed
2022-06-26 15:21:31,210 [DEBUG] entity: Agent changed state to AT_OP arrived to location -1
2022-06-26 15:21:31,210 [DEBUG] case 2 Agent entity arrived to locaionAT_OP movement task completed
2022-06-26 15:21:31,210 [DEBUG] entity: Agent changed state to AT_OP arrived to location -1
2022-06-26 15:21:31,211 [DEBUG] case 2 Agent entity arrived to locaionAT_OP movement task completed
2022-06-26 15:21:31,211 [DEBUG] entity: Agent changed state to AT_OP arrived to location -1
2022-06-26 15:21:31,211 [DEBUG] case 2 Agent entity arrived to locaionAT_OP movement task completed
2022-06-26 15:21:31,211 [DEBUG] entity: Agent changed state to AT_OP arrived to location -1
2022-06-26 15:21:31,211 [DEBUG] case 2 Agent entity arrived to locaionAT_OP movement task completed
2022-06-26 15:21:31,211 [DEBUG] entity: Agent changed state to AT_OP arrived to location -1
2022-06-26 15:21:31,212 [DEBUG] case 2 Agent entity arrived to locaionAT_OP movement task completed
2022-06-26 15:21:31,212 [DEBUG] entity: Agent changed state to AT_OP arrived to location -1
2022-06-26 15:21:31,212 [DEBUG] case 2 Agent entity arrived to locaionAT_OP movement task completed
2022-06-26 15:21:31,212 [DEBUG] entity: Agent changed state to AT_OP arrived to location -1
2022-06-26 15:21:31,212 [DEBUG] case 2 Agent entity arrived to locaionAT_OP movement task completed
2022-06-26 15:21:31,212 [DEBUG] entity: Agent changed state to AT_OP arrived to location -1
2022-06-26 15:21:31,212 [DEBUG] case 2 Agent entity arrived to locaionAT_OP movement task completed
2022-06-26 15:21:31,212 [DEBUG] entity: Agent changed state to AT_OP arrived to location -1
2022-06-26 15:21:31,213 [DEBUG] case 2 Agent entity arrived to locaionAT_OP movement task completed
2022-06-26 15:21:31,213 [DEBUG] entity: Agent changed state to AT_OP arrived to location -1
2022-06-26 15:21:31,213 [DEBUG] case 2 Agent entity arrived to locaionAT_OP movement task completed
2022-06-26 15:21:31,213 [DEBUG] entity: Agent changed state to AT_OP arrived to location -1
2022-06-26 15:21:31,213 [DEBUG] case 2 Agent entity arrived to locaionAT_OP movement task completed
2022-06-26 15:21:31,213 [DEBUG] entity: Agent changed state to AT_OP arrived to location -1
2022-06-26 15:21:31,213 [DEBUG] case 2 Agent entity arrived to locaionAT_OP movement task completed
2022-06-26 15:21:31,213 [DEBUG] entity: Agent changed state to AT_OP arrived to location -1
2022-06-26 15:21:31,214 [DEBUG] case 2 Agent entity arrived to locaionAT_OP movement task completed
2022-06-26 15:21:31,214 [DEBUG] entity: Agent changed state to AT_OP arrived to location -1
2022-06-26 15:21:31,214 [DEBUG] case 2 Agent entity arrived to locaionAT_OP movement task completed
2022-06-26 15:21:31,214 [DEBUG] entity: Agent changed state to AT_OP arrived to location -1
2022-06-26 15:21:31,214 [DEBUG] case 2 Agent entity arrived to locaionAT_OP movement task completed
2022-06-26 15:21:31,214 [DEBUG] entity: Agent changed state to AT_OP arrived to location -1
2022-06-26 15:21:31,215 [DEBUG] case 2 Agent entity arrived to locaionAT_OP movement task completed
2022-06-26 15:21:31,215 [DEBUG] entity: Agent changed state to AT_OP arrived to location -1
2022-06-26 15:21:31,215 [DEBUG] case 2 Agent entity arrived to locaionAT_OP movement task completed
2022-06-26 15:21:31,215 [DEBUG] entity: Agent changed state to AT_OP arrived to location -1
2022-06-26 15:21:31,215 [DEBUG] case 2 Agent entity arrived to locaionAT_OP movement task completed
2022-06-26 15:21:31,215 [DEBUG] entity: Agent changed state to AT_OP arrived to location -1
2022-06-26 15:21:31,215 [DEBUG] case 2 Agent entity arrived to locaionAT_OP movement task completed
2022-06-26 15:21:31,215 [DEBUG] entity: Agent changed state to AT_OP arrived to location -1
2022-06-26 15:21:31,216 [DEBUG] case 2 Agent entity arrived to locaionAT_OP movement task completed
2022-06-26 15:21:31,216 [DEBUG] entity: Agent changed state to AT_OP arrived to location -1
2022-06-26 15:21:31,216 [DEBUG] case 2 Agent entity arrived to locaionAT_OP movement task completed
2022-06-26 15:21:31,216 [DEBUG] entity: Agent changed state to AT_OP arrived to location -1
2022-06-26 15:21:31,216 [DEBUG] case 2 Agent entity arrived to locaionAT_OP movement task completed
2022-06-26 15:21:31,216 [DEBUG] entity: Agent changed state to AT_OP arrived to location -1
2022-06-26 15:21:31,217 [DEBUG] case 2 Agent entity arrived to locaionAT_OP movement task completed
2022-06-26 15:21:31,217 [DEBUG] entity: Agent changed state to AT_OP arrived to location -1
2022-06-26 15:21:31,217 [DEBUG] case 2 Agent entity arrived to locaionAT_OP movement task completed
2022-06-26 15:21:31,217 [DEBUG] entity: Agent changed state to AT_OP arrived to location -1
2022-06-26 15:21:31,217 [DEBUG] case 2 Agent entity arrived to locaionAT_OP movement task completed
2022-06-26 15:21:31,217 [DEBUG] entity: Agent changed state to AT_OP arrived to location -1
2022-06-26 15:21:31,217 [DEBUG] case 2 Agent entity arrived to locaionAT_OP movement task completed
2022-06-26 15:21:31,217 [DEBUG] entity: Agent changed state to AT_OP arrived to location -1
2022-06-26 15:21:31,218 [DEBUG] case 2 Agent entity arrived to locaionAT_OP movement task completed
2022-06-26 15:21:31,218 [DEBUG] entity: Agent changed state to AT_OP arrived to location -1
