2022-06-27 13:37:30,488 [INFO] Initializing RFSM 
2022-06-27 13:37:30,669 [DEBUG] Communicator is initialized
2022-06-27 13:37:30,669 [DEBUG] running in vrf mode
2022-06-27 13:37:30,669 [DEBUG] RFSMManager is initialized
2022-06-27 13:37:30,669 [INFO] RFSM initialized
2022-06-27 13:37:30,670 [DEBUG] SpawnManager_Nadav is initialized
2022-06-27 13:37:32,671 [DEBUG] Get Forces local 
2022-06-27 13:37:36,882 [DEBUG] case 4 need to change face to South Agent
2022-06-27 13:37:37,883 [DEBUG] case 3 need to move position (from op to op position) Agent
2022-06-27 13:37:37,884 [DEBUG] move entity: Agent to MOVE_TO_OP to location -1
2022-06-27 13:37:39,885 [DEBUG] case 2 Agent entity arrived to locaionAT_OP movement task completed
2022-06-27 13:37:39,885 [DEBUG] entity: Agent changed state to AT_OP arrived to location -1
2022-06-27 13:37:40,886 [DEBUG] case 4 need to change face to South Agent
2022-06-27 13:37:41,886 [DEBUG] case 3 need to move position (from op to op position) Agent
2022-06-27 13:37:41,887 [DEBUG] move entity: Agent to MOVE_TO_OP to location -1
2022-06-27 13:37:44,888 [DEBUG] case 2 Agent entity arrived to locaionAT_OP movement task completed
2022-06-27 13:37:44,889 [DEBUG] entity: Agent changed state to AT_OP arrived to location -1
2022-06-27 13:37:44,889 [DEBUG] case 4 need to change face to West Green
2022-06-27 13:37:45,890 [DEBUG] case 4 need to change face to South Agent
2022-06-27 13:37:45,891 [DEBUG] case 3 need to move position (from op to op position) Green
2022-06-27 13:37:45,891 [DEBUG] move entity: Green to MOVE_TO_OP to location -1
2022-06-27 13:37:46,892 [DEBUG] case 3 need to move position (from op to op position) Agent
2022-06-27 13:37:46,893 [DEBUG] move entity: Agent to MOVE_TO_OP to location -1
2022-06-27 13:37:48,739 [DEBUG] case 2 Green entity arrived to locaionAT_OP movement task completed
2022-06-27 13:37:48,739 [DEBUG] entity: Green changed state to AT_OP arrived to location -1
2022-06-27 13:37:49,740 [DEBUG] case 2 Agent entity arrived to locaionAT_OP movement task completed
2022-06-27 13:37:49,740 [DEBUG] entity: Agent changed state to AT_OP arrived to location -1
2022-06-27 13:37:50,741 [DEBUG] case 4 need to change face to South Agent
2022-06-27 13:37:51,742 [DEBUG] case 3 need to move position (from op to op position) Agent
2022-06-27 13:37:51,742 [DEBUG] move entity: Agent to MOVE_TO_OP to location -1
2022-06-27 13:37:54,744 [DEBUG] case 2 Agent entity arrived to locaionAT_OP movement task completed
2022-06-27 13:37:54,744 [DEBUG] entity: Agent changed state to AT_OP arrived to location -1
2022-06-27 13:37:55,746 [DEBUG] case 4 need to change face to South Agent
2022-06-27 13:37:56,746 [DEBUG] case 3 need to move position (from op to op position) Agent
2022-06-27 13:37:56,746 [DEBUG] move entity: Agent to MOVE_TO_OP to location -1
2022-06-27 13:37:59,750 [DEBUG] case 2 Agent entity arrived to locaionAT_OP movement task completed
2022-06-27 13:37:59,750 [DEBUG] entity: Agent changed state to AT_OP arrived to location -1
2022-06-27 13:38:00,752 [DEBUG] case 4 need to change face to South Agent
2022-06-27 13:38:01,753 [DEBUG] case 3 need to move position (from op to op position) Agent
2022-06-27 13:38:01,754 [DEBUG] move entity: Agent to MOVE_TO_OP to location -1
2022-06-27 13:38:04,755 [DEBUG] case 2 Agent entity arrived to locaionAT_OP movement task completed
2022-06-27 13:38:04,755 [DEBUG] entity: Agent changed state to AT_OP arrived to location -1
2022-06-27 13:38:05,757 [DEBUG] case 4 need to change face to West Agent
2022-06-27 13:38:06,758 [DEBUG] case 3 need to move position (from op to op position) Agent
2022-06-27 13:38:06,759 [DEBUG] move entity: Agent to MOVE_TO_OP to location -1
2022-06-27 13:38:08,760 [DEBUG] case 2 Agent entity arrived to locaionAT_OP movement task completed
2022-06-27 13:38:08,760 [DEBUG] entity: Agent changed state to AT_OP arrived to location -1
2022-06-27 13:38:09,761 [DEBUG] case 4 need to change face to South Agent
2022-06-27 13:38:10,763 [DEBUG] case 3 need to move position (from op to op position) Agent
2022-06-27 13:38:10,764 [DEBUG] move entity: Agent to MOVE_TO_OP to location -1
2022-06-27 13:38:13,765 [DEBUG] case 2 Agent entity arrived to locaionAT_OP movement task completed
2022-06-27 13:38:13,765 [DEBUG] entity: Agent changed state to AT_OP arrived to location -1
2022-06-27 13:38:14,767 [DEBUG] case 4 need to change face to West Agent
2022-06-27 13:38:15,768 [DEBUG] case 3 need to move position (from op to op position) Agent
2022-06-27 13:38:15,769 [DEBUG] move entity: Agent to MOVE_TO_OP to location -1
2022-06-27 13:38:17,770 [DEBUG] case 2 Agent entity arrived to locaionAT_OP movement task completed
2022-06-27 13:38:17,770 [DEBUG] entity: Agent changed state to AT_OP arrived to location -1
2022-06-27 13:38:18,772 [DEBUG] case 4 need to change face to South Agent
2022-06-27 13:38:19,774 [DEBUG] case 3 need to move position (from op to op position) Agent
2022-06-27 13:38:19,775 [DEBUG] move entity: Agent to MOVE_TO_OP to location -1
2022-06-27 13:38:22,776 [DEBUG] case 2 Agent entity arrived to locaionAT_OP movement task completed
2022-06-27 13:38:22,776 [DEBUG] entity: Agent changed state to AT_OP arrived to location -1
2022-06-27 13:38:22,776 [DEBUG] case 4 need to change face to East Green
2022-06-27 13:38:23,777 [DEBUG] case 4 need to change face to West Agent
2022-06-27 13:38:23,777 [DEBUG] case 3 need to move position (from op to op position) Green
2022-06-27 13:38:23,778 [DEBUG] move entity: Green to MOVE_TO_OP to location -1
2022-06-27 13:38:24,778 [DEBUG] case 3 need to move position (from op to op position) Agent
2022-06-27 13:38:24,779 [DEBUG] move entity: Agent to MOVE_TO_OP to location -1
2022-06-27 13:38:25,834 [DEBUG] case 2 Green entity arrived to locaionAT_OP movement task completed
2022-06-27 13:38:25,835 [DEBUG] entity: Green changed state to AT_OP arrived to location -1
2022-06-27 13:38:26,835 [DEBUG] case 2 Agent entity arrived to locaionAT_OP movement task completed
2022-06-27 13:38:26,835 [DEBUG] entity: Agent changed state to AT_OP arrived to location -1
2022-06-27 13:38:27,836 [DEBUG] case 4 need to change face to West Agent
2022-06-27 13:38:28,837 [DEBUG] case 3 need to move position (from op to op position) Agent
2022-06-27 13:38:28,838 [DEBUG] move entity: Agent to MOVE_TO_OP to location -1
2022-06-27 13:38:30,838 [DEBUG] case 2 Agent entity arrived to locaionAT_OP movement task completed
2022-06-27 13:38:30,838 [DEBUG] entity: Agent changed state to AT_OP arrived to location -1
2022-06-27 13:38:31,839 [DEBUG] case 4 need to change face to South Agent
2022-06-27 13:38:32,840 [DEBUG] case 3 need to move position (from op to op position) Agent
2022-06-27 13:38:32,841 [DEBUG] move entity: Agent to MOVE_TO_OP to location -1
2022-06-27 13:38:35,844 [DEBUG] case 2 Agent entity arrived to locaionAT_OP movement task completed
2022-06-27 13:38:35,844 [DEBUG] entity: Agent changed state to AT_OP arrived to location -1
2022-06-27 13:38:38,847 [DEBUG] case 4 need to change face to East Green
2022-06-27 13:38:39,848 [DEBUG] case 3 need to move position (from op to op position) Green
2022-06-27 13:38:39,849 [DEBUG] move entity: Green to MOVE_TO_OP to location -1
2022-06-27 13:38:41,891 [DEBUG] case 4 need to change face to East Agent
2022-06-27 13:38:41,892 [DEBUG] case 2 Green entity arrived to locaionAT_OP movement task completed
2022-06-27 13:38:41,892 [DEBUG] entity: Green changed state to AT_OP arrived to location -1
2022-06-27 13:38:42,893 [DEBUG] case 3 need to move position (from op to op position) Agent
2022-06-27 13:38:42,893 [DEBUG] move entity: Agent to MOVE_TO_OP to location -1
2022-06-27 13:38:44,895 [DEBUG] case 2 Agent entity arrived to locaionAT_OP movement task completed
2022-06-27 13:38:44,895 [DEBUG] entity: Agent changed state to AT_OP arrived to location -1
2022-06-27 13:38:45,896 [DEBUG] case 4 need to change face to East Agent
2022-06-27 13:38:46,898 [DEBUG] case 3 need to move position (from op to op position) Agent
2022-06-27 13:38:46,899 [DEBUG] move entity: Agent to MOVE_TO_OP to location -1
2022-06-27 13:38:46,899 [DEBUG] case 4 need to change face to North Green
2022-06-27 13:38:47,899 [DEBUG] case 3 need to move position (from op to op position) Green
2022-06-27 13:38:47,900 [DEBUG] move entity: Green to MOVE_TO_OP to location -1
2022-06-27 13:38:48,900 [DEBUG] Task completed, didn't arrive to location, unwanted situation
