2022-06-27 11:19:09,481 [INFO] Initializing RFSM 
2022-06-27 11:19:09,654 [DEBUG] Communicator is initialized
2022-06-27 11:19:09,654 [DEBUG] running in vrf mode
2022-06-27 11:19:09,654 [DEBUG] RFSMManager is initialized
2022-06-27 11:19:09,654 [INFO] RFSM initialized
2022-06-27 11:19:09,654 [DEBUG] SpawnManager_Nadav is initialized
2022-06-27 11:19:11,656 [DEBUG] Get Forces local 
2022-06-27 11:19:14,444 [DEBUG] case 4 need to change face to North Agent
2022-06-27 11:19:15,444 [DEBUG] case 3 need to move position (from op to op position) Agent
2022-06-27 11:19:15,445 [DEBUG] move entity: Agent to MOVE_TO_OP to location -1
2022-06-27 11:19:16,446 [DEBUG] case 2 Agent entity arrived to locaionAT_OP movement task completed
2022-06-27 11:19:16,446 [DEBUG] entity: Agent changed state to AT_OP arrived to location -1
2022-06-27 11:19:17,448 [DEBUG] case 4 need to change face to North Agent
2022-06-27 11:19:18,449 [DEBUG] case 3 need to move position (from op to op position) Agent
2022-06-27 11:19:18,450 [DEBUG] move entity: Agent to MOVE_TO_OP to location -1
2022-06-27 11:19:19,450 [DEBUG] case 2 Agent entity arrived to locaionAT_OP movement task completed
2022-06-27 11:19:19,451 [DEBUG] entity: Agent changed state to AT_OP arrived to location -1
2022-06-27 11:19:20,452 [DEBUG] case 4 need to change face to East Agent
2022-06-27 11:19:21,453 [DEBUG] case 3 need to move position (from op to op position) Agent
2022-06-27 11:19:21,454 [DEBUG] move entity: Agent to MOVE_TO_OP to location -1
2022-06-27 11:19:22,455 [DEBUG] case 2 Agent entity arrived to locaionAT_OP movement task completed
2022-06-27 11:19:22,456 [DEBUG] entity: Agent changed state to AT_OP arrived to location -1
