2022-06-27 11:30:55,814 [INFO] Initializing RFSM 
2022-06-27 11:30:55,995 [DEBUG] Communicator is initialized
2022-06-27 11:30:55,995 [DEBUG] running in vrf mode
2022-06-27 11:30:55,995 [DEBUG] RFSMManager is initialized
2022-06-27 11:30:55,995 [INFO] RFSM initialized
2022-06-27 11:30:55,996 [DEBUG] SpawnManager_Nadav is initialized
2022-06-27 11:30:57,997 [DEBUG] Get Forces local 
2022-06-27 11:31:01,985 [DEBUG] case 4 need to change face to South Agent
2022-06-27 11:31:02,985 [DEBUG] case 3 need to move position (from op to op position) Agent
2022-06-27 11:31:02,986 [DEBUG] move entity: Agent to MOVE_TO_OP to location -1
2022-06-27 11:31:03,987 [DEBUG] case 2 Agent entity arrived to locaionAT_OP movement task completed
2022-06-27 11:31:03,987 [DEBUG] entity: Agent changed state to AT_OP arrived to location -1
2022-06-27 11:31:04,989 [DEBUG] case 4 need to change face to South Agent
2022-06-27 11:31:05,990 [DEBUG] case 3 need to move position (from op to op position) Agent
2022-06-27 11:31:05,991 [DEBUG] move entity: Agent to MOVE_TO_OP to location -1
2022-06-27 11:31:06,991 [DEBUG] case 2 Agent entity arrived to locaionAT_OP movement task completed
2022-06-27 11:31:06,991 [DEBUG] entity: Agent changed state to AT_OP arrived to location -1
2022-06-27 11:31:07,993 [DEBUG] case 4 need to change face to South Agent
2022-06-27 11:31:08,994 [DEBUG] case 3 need to move position (from op to op position) Agent
2022-06-27 11:31:08,994 [DEBUG] move entity: Agent to MOVE_TO_OP to location -1
2022-06-27 11:31:09,996 [DEBUG] case 2 Agent entity arrived to locaionAT_OP movement task completed
2022-06-27 11:31:09,996 [DEBUG] entity: Agent changed state to AT_OP arrived to location -1
2022-06-27 11:31:10,997 [DEBUG] case 4 need to change face to South Agent
2022-06-27 11:31:11,998 [DEBUG] case 3 need to move position (from op to op position) Agent
2022-06-27 11:31:11,999 [DEBUG] move entity: Agent to MOVE_TO_OP to location -1
2022-06-27 11:31:13,000 [DEBUG] case 2 Agent entity arrived to locaionAT_OP movement task completed
2022-06-27 11:31:13,000 [DEBUG] entity: Agent changed state to AT_OP arrived to location -1
2022-06-27 11:31:14,001 [DEBUG] case 4 need to change face to South Agent
2022-06-27 11:31:15,003 [DEBUG] case 3 need to move position (from op to op position) Agent
2022-06-27 11:31:15,004 [DEBUG] move entity: Agent to MOVE_TO_OP to location -1
2022-06-27 11:31:16,004 [DEBUG] case 2 Agent entity arrived to locaionAT_OP movement task completed
2022-06-27 11:31:16,004 [DEBUG] entity: Agent changed state to AT_OP arrived to location -1
2022-06-27 11:31:17,005 [DEBUG] case 4 need to change face to South Agent
2022-06-27 11:31:18,007 [DEBUG] case 3 need to move position (from op to op position) Agent
2022-06-27 11:31:18,008 [DEBUG] move entity: Agent to MOVE_TO_OP to location -1
2022-06-27 11:31:19,008 [DEBUG] case 2 Agent entity arrived to locaionAT_OP movement task completed
2022-06-27 11:31:19,009 [DEBUG] entity: Agent changed state to AT_OP arrived to location -1
2022-06-27 11:31:20,010 [DEBUG] case 4 need to change face to East Agent
2022-06-27 11:31:21,011 [DEBUG] case 3 need to move position (from op to op position) Agent
2022-06-27 11:31:21,012 [DEBUG] move entity: Agent to MOVE_TO_OP to location -1
2022-06-27 11:31:22,013 [DEBUG] case 2 Agent entity arrived to locaionAT_OP movement task completed
2022-06-27 11:31:22,013 [DEBUG] entity: Agent changed state to AT_OP arrived to location -1
