2022-06-27 10:58:35,658 [INFO] Initializing RFSM 
2022-06-27 10:58:35,848 [DEBUG] Communicator is initialized
2022-06-27 10:58:35,849 [DEBUG] running in vrf mode
2022-06-27 10:58:35,849 [DEBUG] RFSMManager is initialized
2022-06-27 10:58:35,849 [INFO] RFSM initialized
2022-06-27 10:58:35,849 [DEBUG] SpawnManager_Nadav is initialized
2022-06-27 10:58:37,851 [DEBUG] Get Forces local 
2022-06-27 10:58:40,922 [DEBUG] case 4 need to change face to West Agent
2022-06-27 10:58:41,924 [DEBUG] case 3 need to move position (from op to op position) Agent
2022-06-27 10:58:41,925 [DEBUG] move entity: Agent to MOVE_TO_OP to location -1
2022-06-27 10:58:42,925 [DEBUG] case 2 Agent entity arrived to locaionAT_OP movement task completed
2022-06-27 10:58:42,925 [DEBUG] entity: Agent changed state to AT_OP arrived to location -1
2022-06-27 10:58:43,927 [DEBUG] case 4 need to change face to West Agent
2022-06-27 10:58:44,928 [DEBUG] case 3 need to move position (from op to op position) Agent
2022-06-27 10:58:44,929 [DEBUG] move entity: Agent to MOVE_TO_OP to location -1
2022-06-27 10:58:45,929 [DEBUG] case 2 Agent entity arrived to locaionAT_OP movement task completed
2022-06-27 10:58:45,929 [DEBUG] entity: Agent changed state to AT_OP arrived to location -1
2022-06-27 10:58:46,930 [DEBUG] case 4 need to change face to West Agent
2022-06-27 10:58:47,932 [DEBUG] case 3 need to move position (from op to op position) Agent
2022-06-27 10:58:47,932 [DEBUG] move entity: Agent to MOVE_TO_OP to location -1
2022-06-27 10:58:48,933 [DEBUG] case 2 Agent entity arrived to locaionAT_OP movement task completed
2022-06-27 10:58:48,934 [DEBUG] entity: Agent changed state to AT_OP arrived to location -1
2022-06-27 10:58:49,935 [DEBUG] case 4 need to change face to West Agent
2022-06-27 10:58:50,937 [DEBUG] case 3 need to move position (from op to op position) Agent
2022-06-27 10:58:50,938 [DEBUG] move entity: Agent to MOVE_TO_OP to location -1
2022-06-27 10:58:51,939 [DEBUG] case 2 Agent entity arrived to locaionAT_OP movement task completed
2022-06-27 10:58:51,939 [DEBUG] entity: Agent changed state to AT_OP arrived to location -1
2022-06-27 10:58:52,939 [DEBUG] case 4 need to change face to West Agent
2022-06-27 10:58:53,941 [DEBUG] case 3 need to move position (from op to op position) Agent
2022-06-27 10:58:53,942 [DEBUG] move entity: Agent to MOVE_TO_OP to location -1
2022-06-27 10:58:54,942 [DEBUG] case 2 Agent entity arrived to locaionAT_OP movement task completed
2022-06-27 10:58:54,943 [DEBUG] entity: Agent changed state to AT_OP arrived to location -1
2022-06-27 10:58:55,944 [DEBUG] case 4 need to change face to North Agent
2022-06-27 10:58:56,945 [DEBUG] case 3 need to move position (from op to op position) Agent
2022-06-27 10:58:56,946 [DEBUG] move entity: Agent to MOVE_TO_OP to location -1
2022-06-27 10:58:57,947 [DEBUG] case 2 Agent entity arrived to locaionAT_OP movement task completed
2022-06-27 10:58:57,948 [DEBUG] entity: Agent changed state to AT_OP arrived to location -1
2022-06-27 10:58:58,948 [DEBUG] case 4 need to change face to West Agent
2022-06-27 10:58:59,950 [DEBUG] case 3 need to move position (from op to op position) Agent
2022-06-27 10:58:59,951 [DEBUG] move entity: Agent to MOVE_TO_OP to location -1
2022-06-27 10:59:00,951 [DEBUG] case 2 Agent entity arrived to locaionAT_OP movement task completed
2022-06-27 10:59:00,952 [DEBUG] entity: Agent changed state to AT_OP arrived to location -1
2022-06-27 10:59:01,953 [DEBUG] case 4 need to change face to North Agent
2022-06-27 10:59:02,954 [DEBUG] case 3 need to move position (from op to op position) Agent
2022-06-27 10:59:02,955 [DEBUG] move entity: Agent to MOVE_TO_OP to location -1
2022-06-27 10:59:03,956 [DEBUG] case 2 Agent entity arrived to locaionAT_OP movement task completed
2022-06-27 10:59:03,957 [DEBUG] entity: Agent changed state to AT_OP arrived to location -1
2022-06-27 10:59:04,958 [DEBUG] case 4 need to change face to West Agent
2022-06-27 10:59:05,960 [DEBUG] case 3 need to move position (from op to op position) Agent
2022-06-27 10:59:05,961 [DEBUG] move entity: Agent to MOVE_TO_OP to location -1
2022-06-27 10:59:06,961 [DEBUG] case 2 Agent entity arrived to locaionAT_OP movement task completed
2022-06-27 10:59:06,962 [DEBUG] entity: Agent changed state to AT_OP arrived to location -1
2022-06-27 10:59:07,963 [DEBUG] case 4 need to change face to North Agent
2022-06-27 10:59:08,964 [DEBUG] case 3 need to move position (from op to op position) Agent
2022-06-27 10:59:08,965 [DEBUG] move entity: Agent to MOVE_TO_OP to location -1
2022-06-27 10:59:09,965 [DEBUG] case 2 Agent entity arrived to locaionAT_OP movement task completed
2022-06-27 10:59:09,965 [DEBUG] entity: Agent changed state to AT_OP arrived to location -1
2022-06-27 10:59:10,966 [DEBUG] case 4 need to change face to West Agent
