2022-06-27 11:49:51,902 [INFO] Initializing RFSM 
2022-06-27 11:49:52,088 [DEBUG] Communicator is initialized
2022-06-27 11:49:52,088 [DEBUG] running in vrf mode
2022-06-27 11:49:52,088 [DEBUG] RFSMManager is initialized
2022-06-27 11:49:52,088 [INFO] RFSM initialized
2022-06-27 11:49:52,089 [DEBUG] SpawnManager_Nadav is initialized
2022-06-27 11:49:54,091 [DEBUG] Get Forces local 
2022-06-27 11:50:00,281 [DEBUG] case 4 need to change face to South Agent
2022-06-27 11:50:01,283 [DEBUG] case 3 need to move position (from op to op position) Agent
2022-06-27 11:50:01,284 [DEBUG] move entity: Agent to MOVE_TO_OP to location -1
2022-06-27 11:50:01,284 [DEBUG] case 4 need to change face to North Green
2022-06-27 11:50:02,284 [DEBUG] case 2 Agent entity arrived to locaionAT_OP movement task completed
2022-06-27 11:50:02,284 [DEBUG] entity: Agent changed state to AT_OP arrived to location -1
2022-06-27 11:50:02,285 [DEBUG] case 3 need to move position (from op to op position) Green
2022-06-27 11:50:02,285 [DEBUG] move entity: Green to MOVE_TO_OP to location -1
2022-06-27 11:50:03,286 [DEBUG] case 4 need to change face to South Agent
2022-06-27 11:50:03,287 [DEBUG] case 2 Green entity arrived to locaionAT_OP movement task completed
2022-06-27 11:50:03,287 [DEBUG] entity: Green changed state to AT_OP arrived to location -1
2022-06-27 11:50:04,287 [DEBUG] case 3 need to move position (from op to op position) Agent
2022-06-27 11:50:04,288 [DEBUG] move entity: Agent to MOVE_TO_OP to location -1
2022-06-27 11:50:04,288 [DEBUG] case 4 need to change face to North Green
2022-06-27 11:50:05,288 [DEBUG] case 2 Agent entity arrived to locaionAT_OP movement task completed
2022-06-27 11:50:05,288 [DEBUG] entity: Agent changed state to AT_OP arrived to location -1
2022-06-27 11:50:05,289 [DEBUG] case 3 need to move position (from op to op position) Green
2022-06-27 11:50:05,289 [DEBUG] move entity: Green to MOVE_TO_OP to location -1
2022-06-27 11:50:06,290 [DEBUG] case 4 need to change face to South Agent
2022-06-27 11:50:06,291 [DEBUG] case 2 Green entity arrived to locaionAT_OP movement task completed
2022-06-27 11:50:06,291 [DEBUG] entity: Green changed state to AT_OP arrived to location -1
2022-06-27 11:50:07,291 [DEBUG] case 3 need to move position (from op to op position) Agent
2022-06-27 11:50:07,292 [DEBUG] move entity: Agent to MOVE_TO_OP to location -1
2022-06-27 11:50:07,292 [DEBUG] case 4 need to change face to North Green
2022-06-27 11:50:08,293 [DEBUG] case 2 Agent entity arrived to locaionAT_OP movement task completed
2022-06-27 11:50:08,293 [DEBUG] entity: Agent changed state to AT_OP arrived to location -1
2022-06-27 11:50:08,293 [DEBUG] case 3 need to move position (from op to op position) Green
2022-06-27 11:50:08,294 [DEBUG] move entity: Green to MOVE_TO_OP to location -1
2022-06-27 11:50:09,294 [DEBUG] case 4 need to change face to South Agent
2022-06-27 11:50:09,295 [DEBUG] case 2 Green entity arrived to locaionAT_OP movement task completed
2022-06-27 11:50:09,295 [DEBUG] entity: Green changed state to AT_OP arrived to location -1
2022-06-27 11:50:10,297 [DEBUG] case 3 need to move position (from op to op position) Agent
2022-06-27 11:50:10,297 [DEBUG] move entity: Agent to MOVE_TO_OP to location -1
2022-06-27 11:50:10,297 [DEBUG] case 4 need to change face to North Green
2022-06-27 11:50:11,298 [DEBUG] case 2 Agent entity arrived to locaionAT_OP movement task completed
2022-06-27 11:50:11,298 [DEBUG] entity: Agent changed state to AT_OP arrived to location -1
2022-06-27 11:50:11,298 [DEBUG] case 3 need to move position (from op to op position) Green
2022-06-27 11:50:11,298 [DEBUG] move entity: Green to MOVE_TO_OP to location -1
2022-06-27 11:50:12,298 [DEBUG] case 4 need to change face to South Agent
2022-06-27 11:50:12,299 [DEBUG] case 2 Green entity arrived to locaionAT_OP movement task completed
2022-06-27 11:50:12,299 [DEBUG] entity: Green changed state to AT_OP arrived to location -1
2022-06-27 11:50:13,300 [DEBUG] case 3 need to move position (from op to op position) Agent
2022-06-27 11:50:13,301 [DEBUG] move entity: Agent to MOVE_TO_OP to location -1
2022-06-27 11:50:13,301 [DEBUG] case 4 need to change face to North Green
2022-06-27 11:50:14,301 [DEBUG] case 2 Agent entity arrived to locaionAT_OP movement task completed
2022-06-27 11:50:14,302 [DEBUG] entity: Agent changed state to AT_OP arrived to location -1
2022-06-27 11:50:14,302 [DEBUG] case 3 need to move position (from op to op position) Green
2022-06-27 11:50:14,303 [DEBUG] move entity: Green to MOVE_TO_OP to location -1
2022-06-27 11:50:15,304 [DEBUG] case 4 need to change face to South Agent
2022-06-27 11:50:15,305 [DEBUG] case 2 Green entity arrived to locaionAT_OP movement task completed
2022-06-27 11:50:15,305 [DEBUG] entity: Green changed state to AT_OP arrived to location -1
2022-06-27 11:50:16,305 [DEBUG] case 3 need to move position (from op to op position) Agent
2022-06-27 11:50:16,306 [DEBUG] move entity: Agent to MOVE_TO_OP to location -1
2022-06-27 11:50:16,306 [DEBUG] case 4 need to change face to North Green
2022-06-27 11:50:17,307 [DEBUG] case 2 Agent entity arrived to locaionAT_OP movement task completed
2022-06-27 11:50:17,308 [DEBUG] entity: Agent changed state to AT_OP arrived to location -1
2022-06-27 11:50:17,308 [DEBUG] case 3 need to move position (from op to op position) Green
2022-06-27 11:50:17,308 [DEBUG] move entity: Green to MOVE_TO_OP to location -1
