2022-05-22 08:13:53,296 [INFO] Initializing RFSM 
2022-05-22 08:13:53,458 [DEBUG] Communicator is initialized
2022-05-22 08:13:53,458 [DEBUG] running in vrf mode
2022-05-22 08:13:53,458 [DEBUG] RFSMManager is initialized
2022-05-22 08:13:53,459 [INFO] RFSM initialized
2022-05-22 08:13:53,461 [DEBUG] SpawnManager is initialized
2022-05-22 08:13:53,462 [DEBUG] area compound AC area of interest Y
2022-05-22 08:13:53,462 [DEBUG] create 4 red forces and 3 civilians in area A
2022-05-22 08:13:53,462 [DEBUG] create 4 red forces and 3 civilians in area C
2022-05-22 08:13:53,462 [DEBUG] create 1 long anti tank and 1 civilians in area Y
2022-05-22 08:13:53,463 [DEBUG] start create entity
2022-05-22 08:13:53,474 [DEBUG] start create civilians
2022-05-22 08:14:09,574 [DEBUG] Create Entities
2022-05-22 08:14:09,576 [DEBUG] Send compound
2022-05-22 08:14:09,577 [DEBUG] Get Forces local 
2022-05-22 08:19:36,187 [DEBUG] change op location -> time_difference = 242.98879957199097 rand_time = 101.87736296684164 timeop_min = 60.0 timeop_max = 300.0
2022-05-22 08:19:36,204 [DEBUG] current position 185 move to state type Op entity type name OBSERVE7
2022-05-22 08:19:36,251 [DEBUG] Position found 184
2022-05-22 08:19:36,251 [DEBUG] case 5 time passed and need to move position (from op to op position) OBSERVE7
2022-05-22 08:19:36,251 [DEBUG] move entity: OBSERVE7 to MOVE_TO_OP to location 184
2022-05-22 08:19:36,253 [DEBUG] change op location -> time_difference = 243.04916954040527 rand_time = 30.75974572770849 timeop_min = 30.0 timeop_max = 40.0
2022-05-22 08:19:36,267 [DEBUG] current position 4 move to state type Civil entity type name CIVILIA9
2022-05-22 08:19:36,268 [DEBUG] Position found 135
2022-05-22 08:19:36,268 [DEBUG] case 5 time passed and need to move position (from op to op position) CIVILIA9
2022-05-22 08:19:36,268 [DEBUG] move entity: CIVILIA9 to MOVE_TO_OP to location 135
2022-05-22 08:19:36,269 [DEBUG] change op location -> time_difference = 243.06379747390747 rand_time = 35.96955588938888 timeop_min = 30.0 timeop_max = 40.0
2022-05-22 08:19:36,284 [DEBUG] current position 33 move to state type Civil entity type name CIVILIA10
2022-05-22 08:19:36,284 [DEBUG] Position found 136
2022-05-22 08:19:36,285 [DEBUG] case 5 time passed and need to move position (from op to op position) CIVILIA10
2022-05-22 08:19:36,285 [DEBUG] move entity: CIVILIA10 to MOVE_TO_OP to location 136
2022-05-22 08:19:36,286 [DEBUG] change op location -> time_difference = 243.079754114151 rand_time = 34.925327915003265 timeop_min = 30.0 timeop_max = 40.0
2022-05-22 08:19:36,299 [DEBUG] current position 75 move to state type Civil entity type name CIVILIA11
2022-05-22 08:19:36,300 [DEBUG] Position found 172
2022-05-22 08:19:36,300 [DEBUG] case 5 time passed and need to move position (from op to op position) CIVILIA11
2022-05-22 08:19:36,301 [DEBUG] move entity: CIVILIA11 to MOVE_TO_OP to location 172
2022-05-22 08:19:36,301 [DEBUG] change op location -> time_difference = 243.09371709823608 rand_time = 39.13780733515938 timeop_min = 30.0 timeop_max = 40.0
2022-05-22 08:19:36,316 [DEBUG] current position 170 move to state type Civil entity type name CIVILIA12
2022-05-22 08:19:36,316 [DEBUG] Position found 133
2022-05-22 08:19:36,316 [DEBUG] case 5 time passed and need to move position (from op to op position) CIVILIA12
2022-05-22 08:19:36,317 [DEBUG] move entity: CIVILIA12 to MOVE_TO_OP to location 133
2022-05-22 08:19:36,318 [DEBUG] change op location -> time_difference = 243.10867762565613 rand_time = 34.62983045595663 timeop_min = 30.0 timeop_max = 40.0
2022-05-22 08:19:36,331 [DEBUG] current position 208 move to state type Civil entity type name CIVILIA13
2022-05-22 08:19:36,332 [DEBUG] Position found 154
2022-05-22 08:19:36,332 [DEBUG] case 5 time passed and need to move position (from op to op position) CIVILIA13
2022-05-22 08:19:36,332 [DEBUG] move entity: CIVILIA13 to MOVE_TO_OP to location 154
2022-05-22 08:19:36,333 [DEBUG] change op location -> time_difference = 243.122633934021 rand_time = 36.7150377719582 timeop_min = 30.0 timeop_max = 40.0
2022-05-22 08:19:36,347 [DEBUG] current position 127 move to state type Civil entity type name CIVILIA14
2022-05-22 08:19:36,348 [DEBUG] Position found 115
2022-05-22 08:19:36,348 [DEBUG] case 5 time passed and need to move position (from op to op position) CIVILIA14
2022-05-22 08:19:36,349 [DEBUG] move entity: CIVILIA14 to MOVE_TO_OP to location 115
2022-05-22 08:19:36,349 [DEBUG] change op location -> time_difference = 243.13759326934814 rand_time = 30.452394438536103 timeop_min = 30.0 timeop_max = 40.0
2022-05-22 08:19:36,363 [DEBUG] current position 263 move to state type Civil entity type name CIVILIA15
2022-05-22 08:19:36,364 [DEBUG] Position found 266
2022-05-22 08:19:36,365 [DEBUG] case 5 time passed and need to move position (from op to op position) CIVILIA15
2022-05-22 08:19:36,365 [DEBUG] move entity: CIVILIA15 to MOVE_TO_OP to location 266
2022-05-22 08:19:41,297 [DEBUG] case 2 OBSERVE7 entity arrived to locaionAT_OP movement task completed
2022-05-22 08:19:41,297 [DEBUG] entity: OBSERVE7 changed state to AT_OP arrived to location 184
2022-05-22 08:19:51,555 [DEBUG] case 2 CIVILIA15 entity arrived to locaionAT_OP movement task completed
2022-05-22 08:19:51,555 [DEBUG] entity: CIVILIA15 changed state to AT_OP arrived to location 266
2022-05-22 08:19:54,622 [DEBUG] case 2 CIVILIA13 entity arrived to locaionAT_OP movement task completed
2022-05-22 08:19:54,622 [DEBUG] entity: CIVILIA13 changed state to AT_OP arrived to location 154
2022-05-22 08:19:59,716 [DEBUG] case 2 CIVILIA12 entity arrived to locaionAT_OP movement task completed
2022-05-22 08:19:59,716 [DEBUG] entity: CIVILIA12 changed state to AT_OP arrived to location 133
2022-05-22 08:20:20,157 [DEBUG] case 2 CIVILIA11 entity arrived to locaionAT_OP movement task completed
2022-05-22 08:20:20,157 [DEBUG] entity: CIVILIA11 changed state to AT_OP arrived to location 172
2022-05-22 08:20:24,258 [DEBUG] case 2 CIVILIA14 entity arrived to locaionAT_OP movement task completed
2022-05-22 08:20:24,258 [DEBUG] entity: CIVILIA14 changed state to AT_OP arrived to location 115
2022-05-22 08:20:25,284 [DEBUG] case 2 CIVILIA10 entity arrived to locaionAT_OP movement task completed
2022-05-22 08:20:25,285 [DEBUG] entity: CIVILIA10 changed state to AT_OP arrived to location 136
2022-05-22 08:20:25,287 [DEBUG] change op location -> time_difference = 33.73153066635132 rand_time = 33.50843969669105 timeop_min = 30.0 timeop_max = 40.0
2022-05-22 08:20:25,301 [DEBUG] current position 266 move to state type Civil entity type name CIVILIA15
2022-05-22 08:20:25,307 [DEBUG] Position found 276
2022-05-22 08:20:25,307 [DEBUG] case 5 time passed and need to move position (from op to op position) CIVILIA15
2022-05-22 08:20:25,308 [DEBUG] move entity: CIVILIA15 to MOVE_TO_OP to location 276
2022-05-22 08:20:26,336 [DEBUG] case 2 CIVILIA9 entity arrived to locaionAT_OP movement task completed
2022-05-22 08:20:26,336 [DEBUG] entity: CIVILIA9 changed state to AT_OP arrived to location 135
2022-05-22 08:20:31,466 [DEBUG] change op location -> time_difference = 36.84341764450073 rand_time = 33.63503175666316 timeop_min = 30.0 timeop_max = 40.0
2022-05-22 08:20:31,486 [DEBUG] current position 154 move to state type Civil entity type name CIVILIA13
2022-05-22 08:20:31,487 [DEBUG] Position found 142
2022-05-22 08:20:31,487 [DEBUG] case 5 time passed and need to move position (from op to op position) CIVILIA13
2022-05-22 08:20:31,487 [DEBUG] move entity: CIVILIA13 to MOVE_TO_OP to location 142
2022-05-22 08:20:32,515 [DEBUG] change op location -> time_difference = 32.798954010009766 rand_time = 30.242783764411023 timeop_min = 30.0 timeop_max = 40.0
2022-05-22 08:20:32,531 [DEBUG] current position 133 move to state type Civil entity type name CIVILIA12
2022-05-22 08:20:32,532 [DEBUG] Position found 110
2022-05-22 08:20:32,532 [DEBUG] case 5 time passed and need to move position (from op to op position) CIVILIA12
2022-05-22 08:20:32,533 [DEBUG] move entity: CIVILIA12 to MOVE_TO_OP to location 110
2022-05-22 08:20:39,689 [DEBUG] case 2 CIVILIA13 entity arrived to locaionAT_OP movement task completed
2022-05-22 08:20:39,690 [DEBUG] entity: CIVILIA13 changed state to AT_OP arrived to location 142
2022-05-22 08:20:43,787 [DEBUG] change op location -> time_difference = 310.5851745605469 rand_time = 310.5206302870746 timeop_min = 300.0 timeop_max = 600.0
2022-05-22 08:20:43,801 [DEBUG] current position 144 move to state type Op entity type name SOLDIER8
2022-05-22 08:20:43,807 [DEBUG] Position found 127
2022-05-22 08:20:43,807 [DEBUG] case 5 time passed and need to move position (from op to op position) SOLDIER8
2022-05-22 08:20:43,807 [DEBUG] move entity: SOLDIER8 to MOVE_TO_OP to location 127
2022-05-22 08:20:50,964 [DEBUG] change op location -> time_difference = 317.76630115509033 rand_time = 314.8774026918969 timeop_min = 300.0 timeop_max = 600.0
2022-05-22 08:20:50,981 [DEBUG] current position 1 move to state type Op entity type name SOLDIER5
2022-05-22 08:20:50,991 [DEBUG] Position found 12
2022-05-22 08:20:50,992 [DEBUG] case 5 time passed and need to move position (from op to op position) SOLDIER5
2022-05-22 08:20:50,992 [DEBUG] move entity: SOLDIER5 to MOVE_TO_OP to location 12
2022-05-22 08:20:53,053 [DEBUG] change op location -> time_difference = 32.894694328308105 rand_time = 30.14157661510578 timeop_min = 30.0 timeop_max = 40.0
2022-05-22 08:20:53,067 [DEBUG] current position 172 move to state type Civil entity type name CIVILIA11
2022-05-22 08:20:53,068 [DEBUG] Position found 105
2022-05-22 08:20:53,068 [DEBUG] case 5 time passed and need to move position (from op to op position) CIVILIA11
2022-05-22 08:20:53,069 [DEBUG] move entity: CIVILIA11 to MOVE_TO_OP to location 105
2022-05-22 08:20:54,088 [DEBUG] case 2 SOLDIER8 entity arrived to locaionAT_OP movement task completed
2022-05-22 08:20:54,088 [DEBUG] entity: SOLDIER8 changed state to AT_OP arrived to location 127
2022-05-22 08:20:57,159 [DEBUG] change op location -> time_difference = 32.90018916130066 rand_time = 31.255277326303872 timeop_min = 30.0 timeop_max = 40.0
2022-05-22 08:20:57,174 [DEBUG] current position 115 move to state type Civil entity type name CIVILIA14
2022-05-22 08:20:57,175 [DEBUG] Position found 131
2022-05-22 08:20:57,175 [DEBUG] case 5 time passed and need to move position (from op to op position) CIVILIA14
2022-05-22 08:20:57,175 [DEBUG] move entity: CIVILIA14 to MOVE_TO_OP to location 131
2022-05-22 08:20:59,225 [DEBUG] change op location -> time_difference = 32.889729261398315 rand_time = 32.773781883492596 timeop_min = 30.0 timeop_max = 40.0
2022-05-22 08:20:59,243 [DEBUG] current position 135 move to state type Civil entity type name CIVILIA9
2022-05-22 08:20:59,244 [DEBUG] Position found 60
2022-05-22 08:20:59,244 [DEBUG] case 5 time passed and need to move position (from op to op position) CIVILIA9
2022-05-22 08:20:59,244 [DEBUG] move entity: CIVILIA9 to MOVE_TO_OP to location 60
2022-05-22 08:21:00,269 [DEBUG] change op location -> time_difference = 327.0710508823395 rand_time = 302.2871190404922 timeop_min = 300.0 timeop_max = 600.0
2022-05-22 08:21:00,289 [DEBUG] current position 126 move to state type Op entity type name SOLDIER6
2022-05-22 08:21:00,293 [DEBUG] Position found 147
2022-05-22 08:21:00,293 [DEBUG] case 5 time passed and need to move position (from op to op position) SOLDIER6
2022-05-22 08:21:00,293 [DEBUG] move entity: SOLDIER6 to MOVE_TO_OP to location 147
2022-05-22 08:21:00,297 [DEBUG] change op location -> time_difference = 35.01177954673767 rand_time = 33.35583622378473 timeop_min = 30.0 timeop_max = 40.0
2022-05-22 08:21:00,311 [DEBUG] current position 136 move to state type Civil entity type name CIVILIA10
2022-05-22 08:21:00,312 [DEBUG] Position found 199
2022-05-22 08:21:00,312 [DEBUG] case 5 time passed and need to move position (from op to op position) CIVILIA10
2022-05-22 08:21:00,312 [DEBUG] move entity: CIVILIA10 to MOVE_TO_OP to location 199
2022-05-22 08:21:05,402 [DEBUG] case 2 SOLDIER5 entity arrived to locaionAT_OP movement task completed
2022-05-22 08:21:05,403 [DEBUG] entity: SOLDIER5 changed state to AT_OP arrived to location 12
2022-05-22 08:21:05,404 [DEBUG] case 2 SOLDIER6 entity arrived to locaionAT_OP movement task completed
2022-05-22 08:21:05,404 [DEBUG] entity: SOLDIER6 changed state to AT_OP arrived to location 147
2022-05-22 08:21:06,426 [DEBUG] change op location -> time_difference = 333.2288088798523 rand_time = 307.99858835716805 timeop_min = 300.0 timeop_max = 600.0
2022-05-22 08:21:06,440 [DEBUG] current position 8 move to state type Op entity type name SOLDIER4
2022-05-22 08:21:06,442 [DEBUG] Position found 1
2022-05-22 08:21:06,443 [DEBUG] case 5 time passed and need to move position (from op to op position) SOLDIER4
2022-05-22 08:21:06,443 [DEBUG] move entity: SOLDIER4 to MOVE_TO_OP to location 1
2022-05-22 08:21:09,522 [DEBUG] change op location -> time_difference = 88.2246789932251 rand_time = 76.24165588731859 timeop_min = 60.0 timeop_max = 300.0
2022-05-22 08:21:09,536 [DEBUG] current position 184 move to state type Op entity type name OBSERVE7
2022-05-22 08:21:09,549 [DEBUG] Position found 186
2022-05-22 08:21:09,549 [DEBUG] case 5 time passed and need to move position (from op to op position) OBSERVE7
2022-05-22 08:21:09,550 [DEBUG] move entity: OBSERVE7 to MOVE_TO_OP to location 186
2022-05-22 08:21:11,607 [DEBUG] change op location -> time_difference = 31.916880130767822 rand_time = 31.222183582986784 timeop_min = 30.0 timeop_max = 40.0
2022-05-22 08:21:11,622 [DEBUG] current position 142 move to state type Civil entity type name CIVILIA13
2022-05-22 08:21:11,623 [DEBUG] Position found 233
2022-05-22 08:21:11,623 [DEBUG] case 5 time passed and need to move position (from op to op position) CIVILIA13
2022-05-22 08:21:11,624 [DEBUG] move entity: CIVILIA13 to MOVE_TO_OP to location 233
2022-05-22 08:21:15,717 [DEBUG] case 2 OBSERVE7 entity arrived to locaionAT_OP movement task completed
2022-05-22 08:21:15,718 [DEBUG] entity: OBSERVE7 changed state to AT_OP arrived to location 186
2022-05-22 08:21:18,792 [DEBUG] case 2 SOLDIER4 entity arrived to locaionAT_OP movement task completed
2022-05-22 08:21:18,793 [DEBUG] entity: SOLDIER4 changed state to AT_OP arrived to location 1
2022-05-22 08:21:21,905 [DEBUG] enemy_is_detected
2022-05-22 08:21:21,906 [DEBUG] case 4 SHORT_R2 entity detected enemy IVECO_LMV 1 fire event!
2022-05-22 08:21:21,906 [DEBUG] fire event with entity: SHORT_R2 to: IVECO_LMV 1
2022-05-22 08:21:22,956 [DEBUG] enemy_is_detected
2022-05-22 08:21:22,976 [DEBUG] current position 137 move to state type Cover entity type name SHORT_R2
2022-05-22 08:21:22,979 [DEBUG] Position found 157
2022-05-22 08:21:22,980 [DEBUG] case 4 SHORT_R2 entity detected enemy IVECO_LMV 1 run to cover event!
2022-05-22 08:21:22,980 [DEBUG] move entity: SHORT_R2 to MOVE_TO_COVER to location 157
2022-05-22 08:21:22,993 [DEBUG] case 2 CIVILIA10 entity arrived to locaionAT_OP movement task completed
2022-05-22 08:21:22,994 [DEBUG] entity: CIVILIA10 changed state to AT_OP arrived to location 199
2022-05-22 08:21:22,997 [DEBUG] case 2 CIVILIA12 entity arrived to locaionAT_OP movement task completed
2022-05-22 08:21:22,997 [DEBUG] entity: CIVILIA12 changed state to AT_OP arrived to location 110
2022-05-22 08:21:24,046 [DEBUG] case 2 CIVILIA11 entity arrived to locaionAT_OP movement task completed
2022-05-22 08:21:24,047 [DEBUG] entity: CIVILIA11 changed state to AT_OP arrived to location 105
2022-05-22 08:21:29,232 [DEBUG] case 2 SHORT_R2 entity arrived to locaionAT_COVER movement task completed
2022-05-22 08:21:29,232 [DEBUG] entity: SHORT_R2 changed state to AT_COVER arrived to location 157
2022-05-22 08:21:45,592 [DEBUG] enemy_is_detected
2022-05-22 08:21:45,592 [DEBUG] current weopon GROUNDPLATFORM doesn't match platform UNKNOWN
2022-05-22 08:21:45,607 [DEBUG] current position 238 move to state type Cover entity type name LONG_RA16
2022-05-22 08:21:45,610 [DEBUG] Position found 264
2022-05-22 08:21:45,611 [DEBUG] case 4 LONG_RA16 entity detected enemy LMV 1 run to cover event!
2022-05-22 08:21:45,611 [DEBUG] move entity: LONG_RA16 to MOVE_TO_COVER to location 264
2022-05-22 08:21:46,650 [DEBUG] case 2 CIVILIA14 entity arrived to locaionAT_OP movement task completed
2022-05-22 08:21:46,650 [DEBUG] entity: CIVILIA14 changed state to AT_OP arrived to location 131
2022-05-22 08:21:48,727 [DEBUG] case 2 CIVILIA9 entity arrived to locaionAT_OP movement task completed
2022-05-22 08:21:48,728 [DEBUG] entity: CIVILIA9 changed state to AT_OP arrived to location 60
2022-05-22 08:21:53,938 [DEBUG] case 2 CIVILIA15 entity arrived to locaionAT_OP movement task completed
2022-05-22 08:21:53,939 [DEBUG] entity: CIVILIA15 changed state to AT_OP arrived to location 276
2022-05-22 08:21:57,057 [DEBUG] change op location -> time_difference = 34.063068151474 rand_time = 31.475922922706292 timeop_min = 30.0 timeop_max = 40.0
2022-05-22 08:21:57,072 [DEBUG] current position 199 move to state type Civil entity type name CIVILIA10
2022-05-22 08:21:57,073 [DEBUG] Position found 142
2022-05-22 08:21:57,073 [DEBUG] case 5 time passed and need to move position (from op to op position) CIVILIA10
2022-05-22 08:21:57,074 [DEBUG] move entity: CIVILIA10 to MOVE_TO_OP to location 142
2022-05-22 08:21:58,122 [DEBUG] change op location -> time_difference = 34.07337784767151 rand_time = 33.201542187473336 timeop_min = 30.0 timeop_max = 40.0
2022-05-22 08:21:58,139 [DEBUG] current position 105 move to state type Civil entity type name CIVILIA11
2022-05-22 08:21:58,141 [DEBUG] Position found 188
2022-05-22 08:21:58,141 [DEBUG] case 5 time passed and need to move position (from op to op position) CIVILIA11
2022-05-22 08:21:58,142 [DEBUG] move entity: CIVILIA11 to MOVE_TO_OP to location 188
2022-05-22 08:21:59,185 [DEBUG] change op location -> time_difference = 36.18810486793518 rand_time = 35.92564604020572 timeop_min = 30.0 timeop_max = 40.0
2022-05-22 08:21:59,201 [DEBUG] current position 110 move to state type Civil entity type name CIVILIA12
2022-05-22 08:21:59,201 [DEBUG] Position found 183
2022-05-22 08:21:59,202 [DEBUG] case 5 time passed and need to move position (from op to op position) CIVILIA12
2022-05-22 08:21:59,202 [DEBUG] move entity: CIVILIA12 to MOVE_TO_OP to location 183
2022-05-22 08:22:00,232 [DEBUG] case 2 CIVILIA13 entity arrived to locaionAT_OP movement task completed
2022-05-22 08:22:00,233 [DEBUG] entity: CIVILIA13 changed state to AT_OP arrived to location 233
2022-05-22 08:22:20,094 [DEBUG] case 2 CIVILIA10 entity arrived to locaionAT_OP movement task completed
2022-05-22 08:22:20,094 [DEBUG] entity: CIVILIA10 changed state to AT_OP arrived to location 142
2022-05-22 08:22:22,184 [DEBUG] change op location -> time_difference = 35.5342321395874 rand_time = 34.930175294655484 timeop_min = 30.0 timeop_max = 40.0
2022-05-22 08:22:22,198 [DEBUG] current position 131 move to state type Civil entity type name CIVILIA14
2022-05-22 08:22:22,199 [DEBUG] Position found 221
2022-05-22 08:22:22,199 [DEBUG] case 5 time passed and need to move position (from op to op position) CIVILIA14
2022-05-22 08:22:22,200 [DEBUG] move entity: CIVILIA14 to MOVE_TO_OP to location 221
2022-05-22 08:22:25,333 [DEBUG] change op location -> time_difference = 31.394270658493042 rand_time = 31.35384199452418 timeop_min = 30.0 timeop_max = 40.0
2022-05-22 08:22:25,347 [DEBUG] current position 276 move to state type Civil entity type name CIVILIA15
2022-05-22 08:22:25,353 [DEBUG] Position found 271
2022-05-22 08:22:25,353 [DEBUG] case 5 time passed and need to move position (from op to op position) CIVILIA15
2022-05-22 08:22:25,354 [DEBUG] move entity: CIVILIA15 to MOVE_TO_OP to location 271
2022-05-22 08:22:43,368 [DEBUG] entity is under fire
2022-05-22 08:22:43,369 [DEBUG] case 3 SHORT_R1 entity under fire  there is no los, go to cover!
2022-05-22 08:22:43,390 [DEBUG] current position 5 move to state type Cover entity type name SHORT_R1
2022-05-22 08:22:43,390 [DEBUG] Position found 22
2022-05-22 08:22:43,391 [DEBUG] move entity: SHORT_R1 to MOVE_TO_COVER to location 22
2022-05-22 08:22:46,164 [DEBUG] entity is under fire
2022-05-22 08:22:46,164 [DEBUG] case 3 SNIPER3 entity under fire  there is no los, go to cover!
2022-05-22 08:22:46,181 [DEBUG] current position 2 move to state type Cover entity type name SNIPER3
2022-05-22 08:22:46,182 [DEBUG] Position found 34
2022-05-22 08:22:46,182 [DEBUG] move entity: SNIPER3 to MOVE_TO_COVER to location 34
2022-05-22 08:23:09,268 [DEBUG] entity is under fire
2022-05-22 08:23:10,392 [DEBUG] Fire is within 15 from me
2022-05-22 08:23:42,390 [DEBUG] case 3 SOLDIER4 entity under fire  there is no los, go to cover!
2022-05-22 08:23:42,406 [DEBUG] current position 1 move to state type Cover entity type name SOLDIER4
2022-05-22 08:23:42,421 [DEBUG] Position found 30
2022-05-22 08:23:42,422 [DEBUG] move entity: SOLDIER4 to MOVE_TO_COVER to location 30
2022-05-22 08:23:44,676 [DEBUG] entity is under fire
2022-05-22 08:23:44,677 [DEBUG] case 3 SOLDIER5 entity under fire  there is no los, go to cover!
2022-05-22 08:23:44,698 [DEBUG] current position 12 move to state type Cover entity type name SOLDIER5
2022-05-22 08:23:44,706 [DEBUG] Position found 35
2022-05-22 08:23:44,706 [DEBUG] move entity: SOLDIER5 to MOVE_TO_COVER to location 35
