2022-06-27 11:22:06,417 [INFO] Initializing RFSM 
2022-06-27 11:22:06,598 [DEBUG] Communicator is initialized
2022-06-27 11:22:06,598 [DEBUG] running in vrf mode
2022-06-27 11:22:06,598 [DEBUG] RFSMManager is initialized
2022-06-27 11:22:06,598 [INFO] RFSM initialized
2022-06-27 11:22:06,598 [DEBUG] SpawnManager_Nadav is initialized
2022-06-27 11:22:08,601 [DEBUG] Get Forces local 
2022-06-27 11:22:25,802 [DEBUG] case 4 need to change face to West Agent
2022-06-27 11:22:26,804 [DEBUG] case 3 need to move position (from op to op position) Agent
2022-06-27 11:22:26,805 [DEBUG] move entity: Agent to MOVE_TO_OP to location -1
2022-06-27 11:22:27,806 [DEBUG] case 2 Agent entity arrived to locaionAT_OP movement task completed
2022-06-27 11:22:27,806 [DEBUG] entity: Agent changed state to AT_OP arrived to location -1
2022-06-27 11:22:28,807 [DEBUG] case 4 need to change face to South Agent
2022-06-27 11:22:29,808 [DEBUG] case 3 need to move position (from op to op position) Agent
2022-06-27 11:22:29,809 [DEBUG] move entity: Agent to MOVE_TO_OP to location -1
2022-06-27 11:22:30,810 [DEBUG] case 2 Agent entity arrived to locaionAT_OP movement task completed
2022-06-27 11:22:30,810 [DEBUG] entity: Agent changed state to AT_OP arrived to location -1
2022-06-27 11:22:31,811 [DEBUG] case 4 need to change face to West Agent
2022-06-27 11:22:32,813 [DEBUG] case 3 need to move position (from op to op position) Agent
2022-06-27 11:22:32,814 [DEBUG] move entity: Agent to MOVE_TO_OP to location -1
2022-06-27 11:22:33,814 [DEBUG] case 2 Agent entity arrived to locaionAT_OP movement task completed
2022-06-27 11:22:33,815 [DEBUG] entity: Agent changed state to AT_OP arrived to location -1
2022-06-27 11:22:34,816 [DEBUG] case 4 need to change face to South Agent
2022-06-27 11:22:35,817 [DEBUG] case 3 need to move position (from op to op position) Agent
2022-06-27 11:22:35,818 [DEBUG] move entity: Agent to MOVE_TO_OP to location -1
2022-06-27 11:22:36,819 [DEBUG] case 2 Agent entity arrived to locaionAT_OP movement task completed
2022-06-27 11:22:36,819 [DEBUG] entity: Agent changed state to AT_OP arrived to location -1
2022-06-27 11:22:37,821 [DEBUG] case 4 need to change face to West Agent
2022-06-27 11:22:38,822 [DEBUG] case 3 need to move position (from op to op position) Agent
2022-06-27 11:22:38,823 [DEBUG] move entity: Agent to MOVE_TO_OP to location -1
2022-06-27 11:22:39,823 [DEBUG] case 2 Agent entity arrived to locaionAT_OP movement task completed
2022-06-27 11:22:39,823 [DEBUG] entity: Agent changed state to AT_OP arrived to location -1
2022-06-27 11:22:40,824 [DEBUG] case 4 need to change face to South Agent
2022-06-27 11:22:41,826 [DEBUG] case 3 need to move position (from op to op position) Agent
2022-06-27 11:22:41,827 [DEBUG] move entity: Agent to MOVE_TO_OP to location -1
2022-06-27 11:22:42,827 [DEBUG] case 2 Agent entity arrived to locaionAT_OP movement task completed
2022-06-27 11:22:42,827 [DEBUG] entity: Agent changed state to AT_OP arrived to location -1
2022-06-27 11:22:43,829 [DEBUG] case 4 need to change face to West Agent
2022-06-27 11:22:44,831 [DEBUG] case 3 need to move position (from op to op position) Agent
2022-06-27 11:22:44,832 [DEBUG] move entity: Agent to MOVE_TO_OP to location -1
2022-06-27 11:22:45,833 [DEBUG] case 2 Agent entity arrived to locaionAT_OP movement task completed
2022-06-27 11:22:45,833 [DEBUG] entity: Agent changed state to AT_OP arrived to location -1
2022-06-27 11:22:46,835 [DEBUG] case 4 need to change face to South Agent
2022-06-27 11:22:47,836 [DEBUG] case 3 need to move position (from op to op position) Agent
2022-06-27 11:22:47,837 [DEBUG] move entity: Agent to MOVE_TO_OP to location -1
2022-06-27 11:22:48,838 [DEBUG] case 2 Agent entity arrived to locaionAT_OP movement task completed
2022-06-27 11:22:48,838 [DEBUG] entity: Agent changed state to AT_OP arrived to location -1
2022-06-27 11:22:49,839 [DEBUG] case 4 need to change face to West Agent
2022-06-27 11:22:50,840 [DEBUG] case 3 need to move position (from op to op position) Agent
2022-06-27 11:22:50,841 [DEBUG] move entity: Agent to MOVE_TO_OP to location -1
2022-06-27 11:22:51,842 [DEBUG] case 2 Agent entity arrived to locaionAT_OP movement task completed
2022-06-27 11:22:51,843 [DEBUG] entity: Agent changed state to AT_OP arrived to location -1
2022-06-27 11:22:52,843 [DEBUG] case 4 need to change face to South Agent
2022-06-27 11:22:53,845 [DEBUG] case 3 need to move position (from op to op position) Agent
2022-06-27 11:22:53,846 [DEBUG] move entity: Agent to MOVE_TO_OP to location -1
2022-06-27 11:22:54,847 [DEBUG] case 2 Agent entity arrived to locaionAT_OP movement task completed
2022-06-27 11:22:54,847 [DEBUG] entity: Agent changed state to AT_OP arrived to location -1
2022-06-27 11:22:55,849 [DEBUG] case 4 need to change face to West Agent
2022-06-27 11:22:56,850 [DEBUG] case 3 need to move position (from op to op position) Agent
2022-06-27 11:22:56,851 [DEBUG] move entity: Agent to MOVE_TO_OP to location -1
2022-06-27 11:22:57,852 [DEBUG] case 2 Agent entity arrived to locaionAT_OP movement task completed
2022-06-27 11:22:57,853 [DEBUG] entity: Agent changed state to AT_OP arrived to location -1
2022-06-27 11:22:58,854 [DEBUG] case 4 need to change face to South Agent
2022-06-27 11:22:59,855 [DEBUG] case 3 need to move position (from op to op position) Agent
2022-06-27 11:22:59,856 [DEBUG] move entity: Agent to MOVE_TO_OP to location -1
2022-06-27 11:23:00,856 [DEBUG] case 2 Agent entity arrived to locaionAT_OP movement task completed
2022-06-27 11:23:00,857 [DEBUG] entity: Agent changed state to AT_OP arrived to location -1
2022-06-27 11:23:01,857 [DEBUG] case 4 need to change face to West Agent
2022-06-27 11:23:02,859 [DEBUG] case 3 need to move position (from op to op position) Agent
2022-06-27 11:23:02,860 [DEBUG] move entity: Agent to MOVE_TO_OP to location -1
2022-06-27 11:23:03,862 [DEBUG] case 2 Agent entity arrived to locaionAT_OP movement task completed
2022-06-27 11:23:03,862 [DEBUG] entity: Agent changed state to AT_OP arrived to location -1
2022-06-27 11:23:04,863 [DEBUG] case 4 need to change face to South Agent
2022-06-27 11:23:05,865 [DEBUG] case 3 need to move position (from op to op position) Agent
2022-06-27 11:23:05,866 [DEBUG] move entity: Agent to MOVE_TO_OP to location -1
2022-06-27 11:23:06,866 [DEBUG] case 2 Agent entity arrived to locaionAT_OP movement task completed
2022-06-27 11:23:06,866 [DEBUG] entity: Agent changed state to AT_OP arrived to location -1
