2022-06-27 14:04:07,139 [INFO] Initializing RFSM 
2022-06-27 14:04:07,319 [DEBUG] Communicator is initialized
2022-06-27 14:04:07,319 [DEBUG] running in vrf mode
2022-06-27 14:04:07,319 [DEBUG] RFSMManager is initialized
2022-06-27 14:04:07,319 [INFO] RFSM initialized
2022-06-27 14:04:08,172 [DEBUG] SpawnManager_Nadav is initialized
2022-06-27 14:04:10,174 [DEBUG] Get Forces local 
2022-06-27 14:04:14,171 [DEBUG] case 4 need to change face to South Agent
2022-06-27 14:04:15,171 [DEBUG] case 3 need to move position (from op to op position) Agent
2022-06-27 14:04:15,172 [DEBUG] move entity: Agent to MOVE_TO_OP to location -1
2022-06-27 14:04:16,173 [DEBUG] case 2 Agent entity arrived to locaionAT_OP movement task completed
2022-06-27 14:04:16,173 [DEBUG] entity: Agent changed state to AT_OP arrived to location -1
2022-06-27 14:04:17,174 [DEBUG] case 4 need to change face to South Agent
2022-06-27 14:04:18,174 [DEBUG] case 3 need to move position (from op to op position) Agent
2022-06-27 14:04:18,175 [DEBUG] move entity: Agent to MOVE_TO_OP to location -1
2022-06-27 14:04:19,176 [DEBUG] case 2 Agent entity arrived to locaionAT_OP movement task completed
2022-06-27 14:04:19,176 [DEBUG] entity: Agent changed state to AT_OP arrived to location -1
2022-06-27 14:04:20,177 [DEBUG] case 4 need to change face to South Agent
2022-06-27 14:04:21,178 [DEBUG] case 3 need to move position (from op to op position) Agent
2022-06-27 14:04:21,178 [DEBUG] move entity: Agent to MOVE_TO_OP to location -1
2022-06-27 14:04:22,180 [DEBUG] case 2 Agent entity arrived to locaionAT_OP movement task completed
2022-06-27 14:04:22,180 [DEBUG] entity: Agent changed state to AT_OP arrived to location -1
2022-06-27 14:04:23,181 [DEBUG] case 4 need to change face to South Agent
2022-06-27 14:04:24,182 [DEBUG] case 3 need to move position (from op to op position) Agent
2022-06-27 14:04:24,183 [DEBUG] move entity: Agent to MOVE_TO_OP to location -1
2022-06-27 14:04:25,184 [DEBUG] case 2 Agent entity arrived to locaionAT_OP movement task completed
2022-06-27 14:04:25,184 [DEBUG] entity: Agent changed state to AT_OP arrived to location -1
2022-06-27 14:04:26,186 [DEBUG] case 4 need to change face to East Agent
2022-06-27 14:04:27,187 [DEBUG] case 3 need to move position (from op to op position) Agent
2022-06-27 14:04:27,188 [DEBUG] move entity: Agent to MOVE_TO_OP to location -1
2022-06-27 14:04:28,189 [DEBUG] case 2 Agent entity arrived to locaionAT_OP movement task completed
2022-06-27 14:04:28,190 [DEBUG] entity: Agent changed state to AT_OP arrived to location -1
2022-06-27 14:04:29,191 [DEBUG] case 4 need to change face to South Agent
2022-06-27 14:04:30,193 [DEBUG] case 3 need to move position (from op to op position) Agent
2022-06-27 14:04:30,194 [DEBUG] move entity: Agent to MOVE_TO_OP to location -1
2022-06-27 14:04:31,194 [DEBUG] case 2 Agent entity arrived to locaionAT_OP movement task completed
2022-06-27 14:04:31,194 [DEBUG] entity: Agent changed state to AT_OP arrived to location -1
2022-06-27 14:04:32,195 [DEBUG] case 4 need to change face to East Agent
2022-06-27 14:04:33,197 [DEBUG] case 3 need to move position (from op to op position) Agent
2022-06-27 14:04:33,198 [DEBUG] move entity: Agent to MOVE_TO_OP to location -1
2022-06-27 14:04:34,198 [DEBUG] case 2 Agent entity arrived to locaionAT_OP movement task completed
2022-06-27 14:04:34,198 [DEBUG] entity: Agent changed state to AT_OP arrived to location -1
