2022-06-27 13:19:57,819 [INFO] Initializing RFSM 
2022-06-27 13:19:57,995 [DEBUG] Communicator is initialized
2022-06-27 13:19:57,995 [DEBUG] running in vrf mode
2022-06-27 13:19:57,995 [DEBUG] RFSMManager is initialized
2022-06-27 13:19:57,995 [INFO] RFSM initialized
2022-06-27 13:19:57,995 [DEBUG] SpawnManager_Nadav is initialized
2022-06-27 13:19:59,997 [DEBUG] Get Forces local 
2022-06-27 13:20:08,516 [DEBUG] case 4 need to change face to West Agent
2022-06-27 13:20:09,517 [DEBUG] case 3 need to move position (from op to op position) Agent
2022-06-27 13:20:09,518 [DEBUG] move entity: Agent to MOVE_TO_OP to location -1
2022-06-27 13:20:11,519 [DEBUG] case 4 need to change face to South Green
2022-06-27 13:20:12,519 [DEBUG] case 3 need to move position (from op to op position) Green
2022-06-27 13:20:12,520 [DEBUG] move entity: Green to MOVE_TO_OP to location -1
2022-06-27 13:20:13,521 [DEBUG] case 2 Agent entity arrived to locaionAT_OP movement task completed
2022-06-27 13:20:13,521 [DEBUG] entity: Agent changed state to AT_OP arrived to location -1
2022-06-27 13:20:15,543 [DEBUG] case 4 need to change face to South Agent
2022-06-27 13:20:16,543 [DEBUG] case 3 need to move position (from op to op position) Agent
2022-06-27 13:20:16,543 [DEBUG] move entity: Agent to MOVE_TO_OP to location -1
2022-06-27 13:20:17,544 [DEBUG] case 2 Green entity arrived to locaionAT_OP movement task completed
2022-06-27 13:20:17,544 [DEBUG] entity: Green changed state to AT_OP arrived to location -1
2022-06-27 13:20:18,546 [DEBUG] case 4 need to change face to East Green
2022-06-27 13:20:19,547 [DEBUG] case 3 need to move position (from op to op position) Green
2022-06-27 13:20:19,548 [DEBUG] move entity: Green to MOVE_TO_OP to location -1
2022-06-27 13:20:21,551 [DEBUG] case 2 Agent entity arrived to locaionAT_OP movement task completed
2022-06-27 13:20:21,551 [DEBUG] entity: Agent changed state to AT_OP arrived to location -1
2022-06-27 13:20:22,571 [DEBUG] case 4 need to change face to East Agent
2022-06-27 13:20:23,572 [DEBUG] case 3 need to move position (from op to op position) Agent
2022-06-27 13:20:23,573 [DEBUG] move entity: Agent to MOVE_TO_OP to location -1
2022-06-27 13:20:23,573 [DEBUG] case 2 Green entity arrived to locaionAT_OP movement task completed
2022-06-27 13:20:23,573 [DEBUG] entity: Green changed state to AT_OP arrived to location -1
2022-06-27 13:20:27,577 [DEBUG] case 4 need to change face to North Green
2022-06-27 13:20:28,578 [DEBUG] case 3 need to move position (from op to op position) Green
2022-06-27 13:20:28,579 [DEBUG] move entity: Green to MOVE_TO_OP to location -1
2022-06-27 13:20:30,582 [DEBUG] case 2 Agent entity arrived to locaionAT_OP movement task completed
2022-06-27 13:20:30,583 [DEBUG] entity: Agent changed state to AT_OP arrived to location -1
2022-06-27 13:20:31,601 [DEBUG] case 4 need to change face to North Agent
2022-06-27 13:20:32,602 [DEBUG] case 3 need to move position (from op to op position) Agent
2022-06-27 13:20:32,603 [DEBUG] move entity: Agent to MOVE_TO_OP to location -1
2022-06-27 13:20:33,603 [DEBUG] case 2 Green entity arrived to locaionAT_OP movement task completed
2022-06-27 13:20:33,603 [DEBUG] entity: Green changed state to AT_OP arrived to location -1
2022-06-27 13:20:35,607 [DEBUG] case 4 need to change face to North Green
2022-06-27 13:20:36,607 [DEBUG] case 3 need to move position (from op to op position) Green
2022-06-27 13:20:36,609 [DEBUG] move entity: Green to MOVE_TO_OP to location -1
2022-06-27 13:20:37,610 [DEBUG] case 2 Agent entity arrived to locaionAT_OP movement task completed
2022-06-27 13:20:37,610 [DEBUG] entity: Agent changed state to AT_OP arrived to location -1
2022-06-27 13:20:39,629 [DEBUG] case 4 need to change face to North Agent
2022-06-27 13:20:40,631 [DEBUG] case 3 need to move position (from op to op position) Agent
2022-06-27 13:20:40,632 [DEBUG] move entity: Agent to MOVE_TO_OP to location -1
2022-06-27 13:20:41,633 [DEBUG] case 2 Green entity arrived to locaionAT_OP movement task completed
2022-06-27 13:20:41,633 [DEBUG] entity: Green changed state to AT_OP arrived to location -1
2022-06-27 13:20:42,634 [DEBUG] case 4 need to change face to West Green
2022-06-27 13:20:43,637 [DEBUG] case 3 need to move position (from op to op position) Green
2022-06-27 13:20:43,637 [DEBUG] move entity: Green to MOVE_TO_OP to location -1
2022-06-27 13:20:45,639 [DEBUG] case 2 Agent entity arrived to locaionAT_OP movement task completed
2022-06-27 13:20:45,640 [DEBUG] entity: Agent changed state to AT_OP arrived to location -1
2022-06-27 13:20:46,660 [DEBUG] case 4 need to change face to West Agent
2022-06-27 13:20:47,661 [DEBUG] case 3 need to move position (from op to op position) Agent
2022-06-27 13:20:47,662 [DEBUG] move entity: Agent to MOVE_TO_OP to location -1
2022-06-27 13:20:47,662 [DEBUG] case 2 Green entity arrived to locaionAT_OP movement task completed
2022-06-27 13:20:47,662 [DEBUG] entity: Green changed state to AT_OP arrived to location -1
2022-06-27 13:20:48,662 [DEBUG] case 4 need to change face to South Green
2022-06-27 13:20:49,664 [DEBUG] case 3 need to move position (from op to op position) Green
2022-06-27 13:20:49,665 [DEBUG] move entity: Green to MOVE_TO_OP to location -1
2022-06-27 13:20:51,666 [DEBUG] case 2 Agent entity arrived to locaionAT_OP movement task completed
2022-06-27 13:20:51,667 [DEBUG] entity: Agent changed state to AT_OP arrived to location -1
2022-06-27 13:20:52,686 [DEBUG] case 4 need to change face to South Agent
2022-06-27 13:20:53,687 [DEBUG] case 3 need to move position (from op to op position) Agent
2022-06-27 13:20:53,688 [DEBUG] move entity: Agent to MOVE_TO_OP to location -1
2022-06-27 13:20:54,688 [DEBUG] case 2 Green entity arrived to locaionAT_OP movement task completed
2022-06-27 13:20:54,688 [DEBUG] entity: Green changed state to AT_OP arrived to location -1
2022-06-27 13:20:55,689 [DEBUG] case 4 need to change face to East Green
2022-06-27 13:20:56,692 [DEBUG] case 3 need to move position (from op to op position) Green
2022-06-27 13:20:56,692 [DEBUG] move entity: Green to MOVE_TO_OP to location -1
2022-06-27 13:20:58,693 [DEBUG] case 2 Agent entity arrived to locaionAT_OP movement task completed
2022-06-27 13:20:58,694 [DEBUG] entity: Agent changed state to AT_OP arrived to location -1
2022-06-27 13:20:59,713 [DEBUG] case 4 need to change face to East Agent
2022-06-27 13:21:00,714 [DEBUG] case 3 need to move position (from op to op position) Agent
2022-06-27 13:21:00,715 [DEBUG] move entity: Agent to MOVE_TO_OP to location -1
2022-06-27 13:21:00,715 [DEBUG] case 2 Green entity arrived to locaionAT_OP movement task completed
2022-06-27 13:21:00,715 [DEBUG] entity: Green changed state to AT_OP arrived to location -1
2022-06-27 13:21:04,718 [DEBUG] case 4 need to change face to South Green
2022-06-27 13:21:05,719 [DEBUG] case 3 need to move position (from op to op position) Green
2022-06-27 13:21:05,720 [DEBUG] move entity: Green to MOVE_TO_OP to location -1
2022-06-27 13:21:08,743 [DEBUG] case 2 Agent entity arrived to locaionAT_OP movement task completed
2022-06-27 13:21:08,743 [DEBUG] entity: Agent changed state to AT_OP arrived to location -1
2022-06-27 13:21:09,743 [DEBUG] case 4 need to change face to South Agent
2022-06-27 13:21:10,745 [DEBUG] case 3 need to move position (from op to op position) Agent
2022-06-27 13:21:10,746 [DEBUG] move entity: Agent to MOVE_TO_OP to location -1
2022-06-27 13:21:10,746 [DEBUG] case 2 Green entity arrived to locaionAT_OP movement task completed
2022-06-27 13:21:10,746 [DEBUG] entity: Green changed state to AT_OP arrived to location -1
2022-06-27 13:21:11,746 [DEBUG] case 4 need to change face to West Green
2022-06-27 13:21:12,748 [DEBUG] case 3 need to move position (from op to op position) Green
2022-06-27 13:21:12,748 [DEBUG] move entity: Green to MOVE_TO_OP to location -1
2022-06-27 13:21:15,768 [DEBUG] case 2 Agent entity arrived to locaionAT_OP movement task completed
2022-06-27 13:21:15,769 [DEBUG] entity: Agent changed state to AT_OP arrived to location -1
2022-06-27 13:21:16,769 [DEBUG] case 4 need to change face to West Agent
2022-06-27 13:21:16,770 [DEBUG] case 2 Green entity arrived to locaionAT_OP movement task completed
2022-06-27 13:21:16,770 [DEBUG] entity: Green changed state to AT_OP arrived to location -1
2022-06-27 13:21:17,771 [DEBUG] case 3 need to move position (from op to op position) Agent
2022-06-27 13:21:17,772 [DEBUG] move entity: Agent to MOVE_TO_OP to location -1
2022-06-27 13:21:17,772 [DEBUG] case 4 need to change face to East Green
2022-06-27 13:21:18,774 [DEBUG] case 3 need to move position (from op to op position) Green
2022-06-27 13:21:18,774 [DEBUG] move entity: Green to MOVE_TO_OP to location -1
2022-06-27 13:21:22,797 [DEBUG] case 2 Agent entity arrived to locaionAT_OP movement task completed
2022-06-27 13:21:22,797 [DEBUG] entity: Agent changed state to AT_OP arrived to location -1
2022-06-27 13:21:22,798 [DEBUG] case 2 Green entity arrived to locaionAT_OP movement task completed
2022-06-27 13:21:22,798 [DEBUG] entity: Green changed state to AT_OP arrived to location -1
2022-06-27 13:21:23,798 [DEBUG] case 4 need to change face to East Agent
2022-06-27 13:21:23,798 [DEBUG] case 4 need to change face to West Green
2022-06-27 13:21:24,801 [DEBUG] case 3 need to move position (from op to op position) Agent
2022-06-27 13:21:24,801 [DEBUG] move entity: Agent to MOVE_TO_OP to location -1
2022-06-27 13:21:24,801 [DEBUG] case 3 need to move position (from op to op position) Green
2022-06-27 13:21:24,801 [DEBUG] move entity: Green to MOVE_TO_OP to location -1
2022-06-27 13:21:28,826 [DEBUG] case 2 Green entity arrived to locaionAT_OP movement task completed
2022-06-27 13:21:28,826 [DEBUG] entity: Green changed state to AT_OP arrived to location -1
2022-06-27 13:21:29,828 [DEBUG] case 2 Agent entity arrived to locaionAT_OP movement task completed
2022-06-27 13:21:29,829 [DEBUG] entity: Agent changed state to AT_OP arrived to location -1
2022-06-27 13:21:29,829 [DEBUG] case 4 need to change face to North Green
2022-06-27 13:21:30,830 [DEBUG] case 4 need to change face to West Agent
2022-06-27 13:21:30,831 [DEBUG] case 3 need to move position (from op to op position) Green
2022-06-27 13:21:30,831 [DEBUG] move entity: Green to MOVE_TO_OP to location -1
2022-06-27 13:21:31,831 [DEBUG] case 3 need to move position (from op to op position) Agent
2022-06-27 13:21:31,832 [DEBUG] move entity: Agent to MOVE_TO_OP to location -1
2022-06-27 13:21:35,987 [DEBUG] case 2 Agent entity arrived to locaionAT_OP movement task completed
2022-06-27 13:21:35,987 [DEBUG] entity: Agent changed state to AT_OP arrived to location -1
2022-06-27 13:21:35,988 [DEBUG] case 2 Green entity arrived to locaionAT_OP movement task completed
2022-06-27 13:21:35,988 [DEBUG] entity: Green changed state to AT_OP arrived to location -1
2022-06-27 13:21:36,988 [DEBUG] case 4 need to change face to North Agent
2022-06-27 13:21:36,988 [DEBUG] case 4 need to change face to West Green
2022-06-27 13:21:37,989 [DEBUG] case 3 need to move position (from op to op position) Agent
2022-06-27 13:21:37,990 [DEBUG] move entity: Agent to MOVE_TO_OP to location -1
2022-06-27 13:21:37,990 [DEBUG] case 3 need to move position (from op to op position) Green
2022-06-27 13:21:37,990 [DEBUG] move entity: Green to MOVE_TO_OP to location -1
2022-06-27 13:21:42,142 [DEBUG] case 2 Green entity arrived to locaionAT_OP movement task completed
2022-06-27 13:21:42,142 [DEBUG] entity: Green changed state to AT_OP arrived to location -1
2022-06-27 13:21:43,144 [DEBUG] case 2 Agent entity arrived to locaionAT_OP movement task completed
2022-06-27 13:21:43,144 [DEBUG] entity: Agent changed state to AT_OP arrived to location -1
2022-06-27 13:21:43,145 [DEBUG] case 4 need to change face to South Green
2022-06-27 13:21:44,145 [DEBUG] case 4 need to change face to North Agent
2022-06-27 13:21:44,146 [DEBUG] case 3 need to move position (from op to op position) Green
2022-06-27 13:21:44,146 [DEBUG] move entity: Green to MOVE_TO_OP to location -1
2022-06-27 13:21:45,146 [DEBUG] case 3 need to move position (from op to op position) Agent
2022-06-27 13:21:45,147 [DEBUG] move entity: Agent to MOVE_TO_OP to location -1
2022-06-27 13:21:49,227 [DEBUG] case 2 Green entity arrived to locaionAT_OP movement task completed
2022-06-27 13:21:49,227 [DEBUG] entity: Green changed state to AT_OP arrived to location -1
2022-06-27 13:21:50,228 [DEBUG] case 2 Agent entity arrived to locaionAT_OP movement task completed
2022-06-27 13:21:50,228 [DEBUG] entity: Agent changed state to AT_OP arrived to location -1
2022-06-27 13:21:51,229 [DEBUG] case 4 need to change face to West Agent
2022-06-27 13:21:52,229 [DEBUG] case 3 need to move position (from op to op position) Agent
2022-06-27 13:21:52,230 [DEBUG] move entity: Agent to MOVE_TO_OP to location -1
2022-06-27 13:21:56,232 [DEBUG] case 2 Agent entity arrived to locaionAT_OP movement task completed
2022-06-27 13:21:56,233 [DEBUG] entity: Agent changed state to AT_OP arrived to location -1
2022-06-27 13:21:57,233 [DEBUG] case 4 need to change face to South Agent
2022-06-27 13:21:58,234 [DEBUG] case 3 need to move position (from op to op position) Agent
2022-06-27 13:21:58,235 [DEBUG] move entity: Agent to MOVE_TO_OP to location -1
2022-06-27 13:22:00,236 [DEBUG] case 2 Agent entity arrived to locaionAT_OP movement task completed
2022-06-27 13:22:00,236 [DEBUG] entity: Agent changed state to AT_OP arrived to location -1
2022-06-27 13:22:16,249 [DEBUG] case 4 need to change face to South Green
2022-06-27 13:22:17,250 [DEBUG] case 3 need to move position (from op to op position) Green
2022-06-27 13:22:17,251 [DEBUG] move entity: Green to MOVE_TO_OP to location -1
2022-06-27 13:22:18,331 [DEBUG] case 4 need to change face to South Agent
2022-06-27 13:22:18,331 [DEBUG] case 2 Green entity arrived to locaionAT_OP movement task completed
2022-06-27 13:22:18,331 [DEBUG] entity: Green changed state to AT_OP arrived to location -1
2022-06-27 13:22:19,332 [DEBUG] case 3 need to move position (from op to op position) Agent
2022-06-27 13:22:19,333 [DEBUG] move entity: Agent to MOVE_TO_OP to location -1
2022-06-27 13:22:20,333 [DEBUG] case 2 Agent entity arrived to locaionAT_OP movement task completed
2022-06-27 13:22:20,334 [DEBUG] entity: Agent changed state to AT_OP arrived to location -1
2022-06-27 13:22:21,334 [DEBUG] case 4 need to change face to South Agent
2022-06-27 13:22:22,335 [DEBUG] case 3 need to move position (from op to op position) Agent
2022-06-27 13:22:22,336 [DEBUG] move entity: Agent to MOVE_TO_OP to location -1
2022-06-27 13:22:24,337 [DEBUG] case 2 Agent entity arrived to locaionAT_OP movement task completed
2022-06-27 13:22:24,337 [DEBUG] entity: Agent changed state to AT_OP arrived to location -1
2022-06-27 13:22:33,342 [DEBUG] case 4 need to change face to North Green
2022-06-27 13:22:34,343 [DEBUG] case 3 need to move position (from op to op position) Green
2022-06-27 13:22:34,344 [DEBUG] move entity: Green to MOVE_TO_OP to location -1
2022-06-27 13:22:35,363 [DEBUG] case 4 need to change face to North Agent
2022-06-27 13:22:36,363 [DEBUG] case 3 need to move position (from op to op position) Agent
2022-06-27 13:22:36,364 [DEBUG] move entity: Agent to MOVE_TO_OP to location -1
2022-06-27 13:22:36,364 [DEBUG] case 2 Green entity arrived to locaionAT_OP movement task completed
2022-06-27 13:22:36,364 [DEBUG] entity: Green changed state to AT_OP arrived to location -1
2022-06-27 13:22:37,364 [DEBUG] case 2 Agent entity arrived to locaionAT_OP movement task completed
2022-06-27 13:22:37,364 [DEBUG] entity: Agent changed state to AT_OP arrived to location -1
2022-06-27 13:22:37,365 [DEBUG] case 4 need to change face to North Green
2022-06-27 13:22:38,366 [DEBUG] case 3 need to move position (from op to op position) Green
2022-06-27 13:22:38,367 [DEBUG] move entity: Green to MOVE_TO_OP to location -1
2022-06-27 13:22:39,386 [DEBUG] case 4 need to change face to North Agent
2022-06-27 13:22:39,386 [DEBUG] case 2 Green entity arrived to locaionAT_OP movement task completed
2022-06-27 13:22:39,386 [DEBUG] entity: Green changed state to AT_OP arrived to location -1
2022-06-27 13:22:40,387 [DEBUG] case 3 need to move position (from op to op position) Agent
2022-06-27 13:22:40,388 [DEBUG] move entity: Agent to MOVE_TO_OP to location -1
2022-06-27 13:22:41,389 [DEBUG] case 2 Agent entity arrived to locaionAT_OP movement task completed
2022-06-27 13:22:41,389 [DEBUG] entity: Agent changed state to AT_OP arrived to location -1
2022-06-27 13:22:44,392 [DEBUG] case 4 need to change face to East Green
2022-06-27 13:22:45,393 [DEBUG] case 3 need to move position (from op to op position) Green
2022-06-27 13:22:45,394 [DEBUG] move entity: Green to MOVE_TO_OP to location -1
2022-06-27 13:22:46,413 [DEBUG] case 4 need to change face to East Agent
2022-06-27 13:22:47,414 [DEBUG] case 3 need to move position (from op to op position) Agent
2022-06-27 13:22:47,415 [DEBUG] move entity: Agent to MOVE_TO_OP to location -1
2022-06-27 13:22:47,415 [DEBUG] case 2 Green entity arrived to locaionAT_OP movement task completed
2022-06-27 13:22:47,415 [DEBUG] entity: Green changed state to AT_OP arrived to location -1
2022-06-27 13:22:48,415 [DEBUG] case 4 need to change face to South Green
2022-06-27 13:22:49,417 [DEBUG] case 2 Agent entity arrived to locaionAT_OP movement task completed
2022-06-27 13:22:49,417 [DEBUG] entity: Agent changed state to AT_OP arrived to location -1
2022-06-27 13:22:49,418 [DEBUG] case 3 need to move position (from op to op position) Green
2022-06-27 13:22:49,418 [DEBUG] move entity: Green to MOVE_TO_OP to location -1
2022-06-27 13:22:50,437 [DEBUG] case 4 need to change face to South Agent
2022-06-27 13:22:50,438 [DEBUG] case 2 Green entity arrived to locaionAT_OP movement task completed
2022-06-27 13:22:50,438 [DEBUG] entity: Green changed state to AT_OP arrived to location -1
2022-06-27 13:22:51,438 [DEBUG] case 3 need to move position (from op to op position) Agent
2022-06-27 13:22:51,439 [DEBUG] move entity: Agent to MOVE_TO_OP to location -1
2022-06-27 13:22:51,439 [DEBUG] case 4 need to change face to East Green
2022-06-27 13:22:52,439 [DEBUG] case 2 Agent entity arrived to locaionAT_OP movement task completed
2022-06-27 13:22:52,439 [DEBUG] entity: Agent changed state to AT_OP arrived to location -1
2022-06-27 13:22:52,440 [DEBUG] case 3 need to move position (from op to op position) Green
2022-06-27 13:22:52,440 [DEBUG] move entity: Green to MOVE_TO_OP to location -1
2022-06-27 13:22:53,461 [DEBUG] case 4 need to change face to East Agent
2022-06-27 13:22:53,461 [DEBUG] case 2 Green entity arrived to locaionAT_OP movement task completed
2022-06-27 13:22:53,461 [DEBUG] entity: Green changed state to AT_OP arrived to location -1
2022-06-27 13:22:54,462 [DEBUG] case 3 need to move position (from op to op position) Agent
2022-06-27 13:22:54,463 [DEBUG] move entity: Agent to MOVE_TO_OP to location -1
2022-06-27 13:23:09,461 [DEBUG] SpawnManager_Nadav is initialized
2022-06-27 13:23:11,463 [DEBUG] Get Forces local 
