2022-06-27 11:00:17,114 [INFO] Initializing RFSM 
2022-06-27 11:00:17,308 [DEBUG] Communicator is initialized
2022-06-27 11:00:17,308 [DEBUG] running in vrf mode
2022-06-27 11:00:17,308 [DEBUG] RFSMManager is initialized
2022-06-27 11:00:17,308 [INFO] RFSM initialized
2022-06-27 11:00:17,309 [DEBUG] SpawnManager_Nadav is initialized
2022-06-27 11:00:19,310 [DEBUG] Get Forces local 
2022-06-27 11:00:31,925 [DEBUG] case 4 need to change face to West Agent
2022-06-27 11:00:32,927 [DEBUG] case 3 need to move position (from op to op position) Agent
2022-06-27 11:00:32,928 [DEBUG] move entity: Agent to MOVE_TO_OP to location -1
2022-06-27 11:00:33,928 [DEBUG] case 2 Agent entity arrived to locaionAT_OP movement task completed
2022-06-27 11:00:33,928 [DEBUG] entity: Agent changed state to AT_OP arrived to location -1
2022-06-27 11:00:34,930 [DEBUG] case 4 need to change face to West Agent
2022-06-27 11:00:35,932 [DEBUG] case 3 need to move position (from op to op position) Agent
2022-06-27 11:00:35,933 [DEBUG] move entity: Agent to MOVE_TO_OP to location -1
2022-06-27 11:00:36,933 [DEBUG] case 2 Agent entity arrived to locaionAT_OP movement task completed
2022-06-27 11:00:36,933 [DEBUG] entity: Agent changed state to AT_OP arrived to location -1
2022-06-27 11:00:37,935 [DEBUG] case 4 need to change face to West Agent
2022-06-27 11:00:38,937 [DEBUG] case 3 need to move position (from op to op position) Agent
2022-06-27 11:00:38,938 [DEBUG] move entity: Agent to MOVE_TO_OP to location -1
2022-06-27 11:00:39,938 [DEBUG] case 2 Agent entity arrived to locaionAT_OP movement task completed
2022-06-27 11:00:39,938 [DEBUG] entity: Agent changed state to AT_OP arrived to location -1
2022-06-27 11:00:40,939 [DEBUG] case 4 need to change face to West Agent
2022-06-27 11:00:41,940 [DEBUG] case 3 need to move position (from op to op position) Agent
2022-06-27 11:00:41,941 [DEBUG] move entity: Agent to MOVE_TO_OP to location -1
2022-06-27 11:00:42,942 [DEBUG] case 2 Agent entity arrived to locaionAT_OP movement task completed
2022-06-27 11:00:42,943 [DEBUG] entity: Agent changed state to AT_OP arrived to location -1
2022-06-27 11:00:43,944 [DEBUG] case 4 need to change face to West Agent
2022-06-27 11:00:44,946 [DEBUG] case 3 need to move position (from op to op position) Agent
2022-06-27 11:00:44,947 [DEBUG] move entity: Agent to MOVE_TO_OP to location -1
2022-06-27 11:00:45,948 [DEBUG] case 2 Agent entity arrived to locaionAT_OP movement task completed
2022-06-27 11:00:45,949 [DEBUG] entity: Agent changed state to AT_OP arrived to location -1
2022-06-27 11:00:46,949 [DEBUG] case 4 need to change face to North Agent
2022-06-27 11:00:47,951 [DEBUG] case 3 need to move position (from op to op position) Agent
2022-06-27 11:00:47,952 [DEBUG] move entity: Agent to MOVE_TO_OP to location -1
2022-06-27 11:00:48,953 [DEBUG] case 2 Agent entity arrived to locaionAT_OP movement task completed
2022-06-27 11:00:48,954 [DEBUG] entity: Agent changed state to AT_OP arrived to location -1
2022-06-27 11:00:49,954 [DEBUG] case 4 need to change face to West Agent
2022-06-27 11:00:50,955 [DEBUG] case 3 need to move position (from op to op position) Agent
2022-06-27 11:00:50,956 [DEBUG] move entity: Agent to MOVE_TO_OP to location -1
2022-06-27 11:00:51,957 [DEBUG] case 2 Agent entity arrived to locaionAT_OP movement task completed
2022-06-27 11:00:51,958 [DEBUG] entity: Agent changed state to AT_OP arrived to location -1
2022-06-27 11:00:52,958 [DEBUG] case 4 need to change face to North Agent
2022-06-27 11:00:53,960 [DEBUG] case 3 need to move position (from op to op position) Agent
2022-06-27 11:00:53,961 [DEBUG] move entity: Agent to MOVE_TO_OP to location -1
2022-06-27 11:00:54,962 [DEBUG] case 2 Agent entity arrived to locaionAT_OP movement task completed
2022-06-27 11:00:54,962 [DEBUG] entity: Agent changed state to AT_OP arrived to location -1
2022-06-27 11:00:55,963 [DEBUG] case 4 need to change face to West Agent
2022-06-27 11:00:56,964 [DEBUG] case 3 need to move position (from op to op position) Agent
2022-06-27 11:00:56,965 [DEBUG] move entity: Agent to MOVE_TO_OP to location -1
2022-06-27 11:00:57,965 [DEBUG] case 2 Agent entity arrived to locaionAT_OP movement task completed
2022-06-27 11:00:57,966 [DEBUG] entity: Agent changed state to AT_OP arrived to location -1
2022-06-27 11:00:58,967 [DEBUG] case 4 need to change face to North Agent
2022-06-27 11:00:59,969 [DEBUG] case 3 need to move position (from op to op position) Agent
2022-06-27 11:00:59,970 [DEBUG] move entity: Agent to MOVE_TO_OP to location -1
2022-06-27 11:01:00,970 [DEBUG] case 2 Agent entity arrived to locaionAT_OP movement task completed
2022-06-27 11:01:00,971 [DEBUG] entity: Agent changed state to AT_OP arrived to location -1
2022-06-27 11:01:01,972 [DEBUG] case 4 need to change face to West Agent
2022-06-27 11:01:02,974 [DEBUG] case 3 need to move position (from op to op position) Agent
2022-06-27 11:01:02,974 [DEBUG] move entity: Agent to MOVE_TO_OP to location -1
2022-06-27 11:01:03,975 [DEBUG] case 2 Agent entity arrived to locaionAT_OP movement task completed
2022-06-27 11:01:03,975 [DEBUG] entity: Agent changed state to AT_OP arrived to location -1
2022-06-27 11:01:04,977 [DEBUG] case 4 need to change face to North Agent
2022-06-27 11:01:05,978 [DEBUG] case 3 need to move position (from op to op position) Agent
2022-06-27 11:01:05,979 [DEBUG] move entity: Agent to MOVE_TO_OP to location -1
2022-06-27 11:01:06,979 [DEBUG] case 2 Agent entity arrived to locaionAT_OP movement task completed
2022-06-27 11:01:06,979 [DEBUG] entity: Agent changed state to AT_OP arrived to location -1
2022-06-27 11:01:07,980 [DEBUG] case 4 need to change face to West Agent
2022-06-27 11:01:08,982 [DEBUG] case 3 need to move position (from op to op position) Agent
2022-06-27 11:01:08,983 [DEBUG] move entity: Agent to MOVE_TO_OP to location -1
2022-06-27 11:01:09,983 [DEBUG] case 2 Agent entity arrived to locaionAT_OP movement task completed
2022-06-27 11:01:09,984 [DEBUG] entity: Agent changed state to AT_OP arrived to location -1
2022-06-27 11:01:13,792 [DEBUG] SpawnManager_Nadav is initialized
2022-06-27 11:01:15,795 [DEBUG] Get Forces local 
