2022-06-26 15:19:40,111 [INFO] Initializing RFSM 
2022-06-26 15:19:40,290 [DEBUG] Communicator is initialized
2022-06-26 15:19:40,290 [DEBUG] running in vrf mode
2022-06-26 15:19:40,290 [DEBUG] RFSMManager is initialized
2022-06-26 15:19:40,290 [INFO] RFSM initialized
2022-06-26 15:19:40,291 [DEBUG] SpawnManager_Nadav is initialized
2022-06-26 15:19:42,292 [DEBUG] Get Forces local 
2022-06-26 15:20:08,197 [DEBUG] case 3 need to move position (from op to op position) Agent
2022-06-26 15:20:08,198 [DEBUG] move entity: Agent to MOVE_TO_OP to location -1
2022-06-26 15:20:18,215 [DEBUG] case 2 Agent entity arrived to locaionAT_OP movement task completed
2022-06-26 15:20:18,216 [DEBUG] entity: Agent changed state to AT_OP arrived to location -1
2022-06-26 15:20:18,216 [DEBUG] case 2 Agent entity arrived to locaionAT_OP movement task completed
2022-06-26 15:20:18,217 [DEBUG] entity: Agent changed state to AT_OP arrived to location -1
2022-06-26 15:20:18,217 [DEBUG] case 2 Agent entity arrived to locaionAT_OP movement task completed
2022-06-26 15:20:18,217 [DEBUG] entity: Agent changed state to AT_OP arrived to location -1
2022-06-26 15:20:18,217 [DEBUG] case 2 Agent entity arrived to locaionAT_OP movement task completed
2022-06-26 15:20:18,217 [DEBUG] entity: Agent changed state to AT_OP arrived to location -1
2022-06-26 15:20:18,218 [DEBUG] case 2 Agent entity arrived to locaionAT_OP movement task completed
2022-06-26 15:20:18,218 [DEBUG] entity: Agent changed state to AT_OP arrived to location -1
2022-06-26 15:20:18,218 [DEBUG] case 2 Agent entity arrived to locaionAT_OP movement task completed
2022-06-26 15:20:18,218 [DEBUG] entity: Agent changed state to AT_OP arrived to location -1
2022-06-26 15:20:18,218 [DEBUG] case 2 Agent entity arrived to locaionAT_OP movement task completed
2022-06-26 15:20:18,218 [DEBUG] entity: Agent changed state to AT_OP arrived to location -1
2022-06-26 15:20:18,219 [DEBUG] case 2 Agent entity arrived to locaionAT_OP movement task completed
2022-06-26 15:20:18,219 [DEBUG] entity: Agent changed state to AT_OP arrived to location -1
2022-06-26 15:20:18,219 [DEBUG] case 2 Agent entity arrived to locaionAT_OP movement task completed
2022-06-26 15:20:18,219 [DEBUG] entity: Agent changed state to AT_OP arrived to location -1
2022-06-26 15:20:18,219 [DEBUG] case 2 Agent entity arrived to locaionAT_OP movement task completed
2022-06-26 15:20:18,219 [DEBUG] entity: Agent changed state to AT_OP arrived to location -1
2022-06-26 15:20:18,220 [DEBUG] case 2 Agent entity arrived to locaionAT_OP movement task completed
2022-06-26 15:20:18,220 [DEBUG] entity: Agent changed state to AT_OP arrived to location -1
