2022-06-26 11:04:42,963 [INFO] Initializing RFSM 
2022-06-26 11:04:43,140 [DEBUG] Communicator is initialized
2022-06-26 11:04:43,140 [DEBUG] running in vrf mode
2022-06-26 11:04:43,140 [DEBUG] RFSMManager is initialized
2022-06-26 11:04:43,140 [INFO] RFSM initialized
2022-06-26 11:04:43,140 [DEBUG] SpawnManager_Nadav is initialized
2022-06-26 11:04:45,143 [DEBUG] Get Forces local 
2022-06-26 11:04:52,902 [DEBUG] move entity: Agent to MOVE_TO_OP to location 999
2022-06-26 11:04:52,902 [DEBUG] move entity: Agent to MOVE_TO_OP to location 999
2022-06-26 11:04:53,905 [DEBUG] move entity: Agent to MOVE_TO_OP to location 999
2022-06-26 11:04:54,907 [DEBUG] move entity: Agent to MOVE_TO_OP to location 999
2022-06-26 11:04:55,908 [DEBUG] move entity: Agent to MOVE_TO_OP to location 999
2022-06-26 11:04:56,911 [DEBUG] move entity: Agent to MOVE_TO_OP to location 999
2022-06-26 11:04:57,914 [DEBUG] move entity: Agent to MOVE_TO_OP to location 999
2022-06-26 11:04:58,916 [DEBUG] move entity: Agent to MOVE_TO_OP to location 999
2022-06-26 11:04:59,918 [DEBUG] move entity: Agent to MOVE_TO_OP to location 999
2022-06-26 11:05:00,922 [DEBUG] move entity: Agent to MOVE_TO_OP to location 999
2022-06-26 11:05:01,926 [DEBUG] move entity: Agent to MOVE_TO_OP to location 999
2022-06-26 11:05:02,928 [DEBUG] move entity: Agent to MOVE_TO_OP to location 999
2022-06-26 11:05:03,931 [DEBUG] move entity: Agent to MOVE_TO_OP to location 999
2022-06-26 11:05:04,935 [DEBUG] move entity: Agent to MOVE_TO_OP to location 999
2022-06-26 11:05:05,938 [DEBUG] move entity: Agent to MOVE_TO_OP to location 999
2022-06-26 11:05:06,943 [DEBUG] move entity: Agent to MOVE_TO_OP to location 999
2022-06-26 11:05:07,948 [DEBUG] move entity: Agent to MOVE_TO_OP to location 999
2022-06-26 11:05:08,953 [DEBUG] move entity: Agent to MOVE_TO_OP to location 999
2022-06-26 11:05:09,958 [DEBUG] move entity: Agent to MOVE_TO_OP to location 999
2022-06-26 11:05:10,959 [DEBUG] case 2 Agent entity arrived to locaionAT_OP movement task completed
2022-06-26 11:05:10,960 [DEBUG] entity: Agent changed state to AT_OP arrived to location 999
2022-06-26 11:05:10,960 [DEBUG] case 2 Agent entity arrived to locaionAT_OP movement task completed
2022-06-26 11:05:10,960 [DEBUG] entity: Agent changed state to AT_OP arrived to location 999
2022-06-26 11:05:10,960 [DEBUG] case 2 Agent entity arrived to locaionAT_OP movement task completed
2022-06-26 11:05:10,960 [DEBUG] entity: Agent changed state to AT_OP arrived to location 999
2022-06-26 11:05:10,961 [DEBUG] case 2 Agent entity arrived to locaionAT_OP movement task completed
2022-06-26 11:05:10,961 [DEBUG] entity: Agent changed state to AT_OP arrived to location 999
2022-06-26 11:05:10,961 [DEBUG] case 2 Agent entity arrived to locaionAT_OP movement task completed
2022-06-26 11:05:10,961 [DEBUG] entity: Agent changed state to AT_OP arrived to location 999
2022-06-26 11:05:10,961 [DEBUG] case 2 Agent entity arrived to locaionAT_OP movement task completed
2022-06-26 11:05:10,962 [DEBUG] entity: Agent changed state to AT_OP arrived to location 999
2022-06-26 11:05:10,962 [DEBUG] case 2 Agent entity arrived to locaionAT_OP movement task completed
2022-06-26 11:05:10,962 [DEBUG] entity: Agent changed state to AT_OP arrived to location 999
2022-06-26 11:05:10,962 [DEBUG] case 2 Agent entity arrived to locaionAT_OP movement task completed
2022-06-26 11:05:10,962 [DEBUG] entity: Agent changed state to AT_OP arrived to location 999
2022-06-26 11:05:10,963 [DEBUG] case 2 Agent entity arrived to locaionAT_OP movement task completed
2022-06-26 11:05:10,963 [DEBUG] entity: Agent changed state to AT_OP arrived to location 999
2022-06-26 11:05:10,963 [DEBUG] case 2 Agent entity arrived to locaionAT_OP movement task completed
2022-06-26 11:05:10,963 [DEBUG] entity: Agent changed state to AT_OP arrived to location 999
2022-06-26 11:05:10,963 [DEBUG] case 2 Agent entity arrived to locaionAT_OP movement task completed
2022-06-26 11:05:10,963 [DEBUG] entity: Agent changed state to AT_OP arrived to location 999
2022-06-26 11:05:10,964 [DEBUG] case 2 Agent entity arrived to locaionAT_OP movement task completed
2022-06-26 11:05:10,964 [DEBUG] entity: Agent changed state to AT_OP arrived to location 999
2022-06-26 11:05:10,964 [DEBUG] case 2 Agent entity arrived to locaionAT_OP movement task completed
2022-06-26 11:05:10,964 [DEBUG] entity: Agent changed state to AT_OP arrived to location 999
2022-06-26 11:05:10,964 [DEBUG] case 2 Agent entity arrived to locaionAT_OP movement task completed
2022-06-26 11:05:10,964 [DEBUG] entity: Agent changed state to AT_OP arrived to location 999
2022-06-26 11:05:10,965 [DEBUG] case 2 Agent entity arrived to locaionAT_OP movement task completed
2022-06-26 11:05:10,965 [DEBUG] entity: Agent changed state to AT_OP arrived to location 999
2022-06-26 11:05:10,965 [DEBUG] case 2 Agent entity arrived to locaionAT_OP movement task completed
2022-06-26 11:05:10,965 [DEBUG] entity: Agent changed state to AT_OP arrived to location 999
2022-06-26 11:05:10,965 [DEBUG] case 2 Agent entity arrived to locaionAT_OP movement task completed
2022-06-26 11:05:10,966 [DEBUG] entity: Agent changed state to AT_OP arrived to location 999
2022-06-26 11:05:10,966 [DEBUG] case 2 Agent entity arrived to locaionAT_OP movement task completed
2022-06-26 11:05:10,966 [DEBUG] entity: Agent changed state to AT_OP arrived to location 999
2022-06-26 11:05:10,966 [DEBUG] case 2 Agent entity arrived to locaionAT_OP movement task completed
2022-06-26 11:05:10,966 [DEBUG] entity: Agent changed state to AT_OP arrived to location 999
2022-06-26 11:05:10,966 [DEBUG] move entity: Agent to MOVE_TO_OP to location 999
2022-06-26 11:05:11,971 [DEBUG] case 2 Agent entity arrived to locaionAT_OP movement task completed
2022-06-26 11:05:11,971 [DEBUG] entity: Agent changed state to AT_OP arrived to location 999
2022-06-26 11:05:11,972 [DEBUG] move entity: Agent to MOVE_TO_OP to location 999
2022-06-26 11:05:12,977 [DEBUG] case 2 Agent entity arrived to locaionAT_OP movement task completed
2022-06-26 11:05:12,977 [DEBUG] entity: Agent changed state to AT_OP arrived to location 999
2022-06-26 11:05:12,978 [DEBUG] move entity: Agent to MOVE_TO_OP to location 999
2022-06-26 11:05:13,983 [DEBUG] case 2 Agent entity arrived to locaionAT_OP movement task completed
2022-06-26 11:05:13,983 [DEBUG] entity: Agent changed state to AT_OP arrived to location 999
2022-06-26 11:05:13,984 [DEBUG] move entity: Agent to MOVE_TO_OP to location 999
2022-06-26 11:05:14,988 [DEBUG] case 2 Agent entity arrived to locaionAT_OP movement task completed
2022-06-26 11:05:14,988 [DEBUG] entity: Agent changed state to AT_OP arrived to location 999
2022-06-26 11:05:14,989 [DEBUG] move entity: Agent to MOVE_TO_OP to location 999
2022-06-26 11:05:15,994 [DEBUG] case 2 Agent entity arrived to locaionAT_OP movement task completed
2022-06-26 11:05:15,995 [DEBUG] entity: Agent changed state to AT_OP arrived to location 999
2022-06-26 11:05:15,995 [DEBUG] move entity: Agent to MOVE_TO_OP to location 999
2022-06-26 11:05:16,998 [DEBUG] case 2 Agent entity arrived to locaionAT_OP movement task completed
2022-06-26 11:05:16,999 [DEBUG] entity: Agent changed state to AT_OP arrived to location 999
2022-06-26 11:05:16,999 [DEBUG] move entity: Agent to MOVE_TO_OP to location 999
2022-06-26 11:05:18,005 [DEBUG] case 2 Agent entity arrived to locaionAT_OP movement task completed
2022-06-26 11:05:18,005 [DEBUG] entity: Agent changed state to AT_OP arrived to location 999
2022-06-26 11:05:18,006 [DEBUG] move entity: Agent to MOVE_TO_OP to location 999
2022-06-26 11:05:19,012 [DEBUG] case 2 Agent entity arrived to locaionAT_OP movement task completed
2022-06-26 11:05:19,012 [DEBUG] entity: Agent changed state to AT_OP arrived to location 999
2022-06-26 11:05:19,013 [DEBUG] move entity: Agent to MOVE_TO_OP to location 999
2022-06-26 11:05:20,018 [DEBUG] case 2 Agent entity arrived to locaionAT_OP movement task completed
2022-06-26 11:05:20,018 [DEBUG] entity: Agent changed state to AT_OP arrived to location 999
2022-06-26 11:05:20,019 [DEBUG] move entity: Agent to MOVE_TO_OP to location 999
2022-06-26 11:05:21,023 [DEBUG] case 2 Agent entity arrived to locaionAT_OP movement task completed
2022-06-26 11:05:21,023 [DEBUG] entity: Agent changed state to AT_OP arrived to location 999
2022-06-26 11:05:21,023 [DEBUG] move entity: Agent to MOVE_TO_OP to location 999
2022-06-26 11:05:22,029 [DEBUG] case 2 Agent entity arrived to locaionAT_OP movement task completed
2022-06-26 11:05:22,029 [DEBUG] entity: Agent changed state to AT_OP arrived to location 999
2022-06-26 11:05:22,029 [DEBUG] move entity: Agent to MOVE_TO_OP to location 999
2022-06-26 11:05:23,036 [DEBUG] case 2 Agent entity arrived to locaionAT_OP movement task completed
2022-06-26 11:05:23,036 [DEBUG] entity: Agent changed state to AT_OP arrived to location 999
2022-06-26 11:05:23,036 [DEBUG] move entity: Agent to MOVE_TO_OP to location 999
2022-06-26 11:05:24,042 [DEBUG] case 2 Agent entity arrived to locaionAT_OP movement task completed
2022-06-26 11:05:24,042 [DEBUG] entity: Agent changed state to AT_OP arrived to location 999
2022-06-26 11:05:24,043 [DEBUG] move entity: Agent to MOVE_TO_OP to location 999
2022-06-26 11:05:25,047 [DEBUG] case 2 Agent entity arrived to locaionAT_OP movement task completed
2022-06-26 11:05:25,047 [DEBUG] entity: Agent changed state to AT_OP arrived to location 999
2022-06-26 11:05:25,048 [DEBUG] move entity: Agent to MOVE_TO_OP to location 999
2022-06-26 11:05:26,052 [DEBUG] case 2 Agent entity arrived to locaionAT_OP movement task completed
2022-06-26 11:05:26,053 [DEBUG] entity: Agent changed state to AT_OP arrived to location 999
2022-06-26 11:05:26,053 [DEBUG] move entity: Agent to MOVE_TO_OP to location 999
2022-06-26 11:05:27,060 [DEBUG] case 2 Agent entity arrived to locaionAT_OP movement task completed
2022-06-26 11:05:27,060 [DEBUG] entity: Agent changed state to AT_OP arrived to location 999
2022-06-26 11:05:27,060 [DEBUG] move entity: Agent to MOVE_TO_OP to location 999
2022-06-26 11:05:28,069 [DEBUG] case 2 Agent entity arrived to locaionAT_OP movement task completed
2022-06-26 11:05:28,069 [DEBUG] entity: Agent changed state to AT_OP arrived to location 999
2022-06-26 11:05:28,069 [DEBUG] move entity: Agent to MOVE_TO_OP to location 999
2022-06-26 11:05:29,074 [DEBUG] case 2 Agent entity arrived to locaionAT_OP movement task completed
2022-06-26 11:05:29,075 [DEBUG] entity: Agent changed state to AT_OP arrived to location 999
2022-06-26 11:05:29,075 [DEBUG] move entity: Agent to MOVE_TO_OP to location 999
2022-06-26 11:05:30,080 [DEBUG] case 2 Agent entity arrived to locaionAT_OP movement task completed
2022-06-26 11:05:30,081 [DEBUG] entity: Agent changed state to AT_OP arrived to location 999
2022-06-26 11:05:30,081 [DEBUG] move entity: Agent to MOVE_TO_OP to location 999
2022-06-26 11:05:31,088 [DEBUG] case 2 Agent entity arrived to locaionAT_OP movement task completed
2022-06-26 11:05:31,088 [DEBUG] entity: Agent changed state to AT_OP arrived to location 999
2022-06-26 11:05:31,088 [DEBUG] move entity: Agent to MOVE_TO_OP to location 999
2022-06-26 11:05:32,095 [DEBUG] case 2 Agent entity arrived to locaionAT_OP movement task completed
2022-06-26 11:05:32,096 [DEBUG] entity: Agent changed state to AT_OP arrived to location 999
2022-06-26 11:05:32,096 [DEBUG] move entity: Agent to MOVE_TO_OP to location 999
2022-06-26 11:05:33,103 [DEBUG] case 2 Agent entity arrived to locaionAT_OP movement task completed
2022-06-26 11:05:33,103 [DEBUG] entity: Agent changed state to AT_OP arrived to location 999
2022-06-26 11:05:33,104 [DEBUG] move entity: Agent to MOVE_TO_OP to location 999
2022-06-26 11:05:34,109 [DEBUG] case 2 Agent entity arrived to locaionAT_OP movement task completed
2022-06-26 11:05:34,109 [DEBUG] entity: Agent changed state to AT_OP arrived to location 999
2022-06-26 11:05:34,110 [DEBUG] move entity: Agent to MOVE_TO_OP to location 999
2022-06-26 11:05:35,118 [DEBUG] case 2 Agent entity arrived to locaionAT_OP movement task completed
2022-06-26 11:05:35,118 [DEBUG] entity: Agent changed state to AT_OP arrived to location 999
2022-06-26 11:05:35,119 [DEBUG] move entity: Agent to MOVE_TO_OP to location 999
2022-06-26 11:05:36,126 [DEBUG] case 2 Agent entity arrived to locaionAT_OP movement task completed
2022-06-26 11:05:36,127 [DEBUG] entity: Agent changed state to AT_OP arrived to location 999
2022-06-26 11:05:36,127 [DEBUG] move entity: Agent to MOVE_TO_OP to location 999
2022-06-26 11:05:37,133 [DEBUG] case 2 Agent entity arrived to locaionAT_OP movement task completed
2022-06-26 11:05:37,134 [DEBUG] entity: Agent changed state to AT_OP arrived to location 999
2022-06-26 11:05:37,134 [DEBUG] move entity: Agent to MOVE_TO_OP to location 999
2022-06-26 11:05:38,140 [DEBUG] case 2 Agent entity arrived to locaionAT_OP movement task completed
2022-06-26 11:05:38,141 [DEBUG] entity: Agent changed state to AT_OP arrived to location 999
2022-06-26 11:05:38,141 [DEBUG] move entity: Agent to MOVE_TO_OP to location 999
2022-06-26 11:05:39,147 [DEBUG] case 2 Agent entity arrived to locaionAT_OP movement task completed
2022-06-26 11:05:39,147 [DEBUG] entity: Agent changed state to AT_OP arrived to location 999
2022-06-26 11:05:39,147 [DEBUG] move entity: Agent to MOVE_TO_OP to location 999
2022-06-26 11:05:40,155 [DEBUG] case 2 Agent entity arrived to locaionAT_OP movement task completed
2022-06-26 11:05:40,155 [DEBUG] entity: Agent changed state to AT_OP arrived to location 999
2022-06-26 11:05:40,156 [DEBUG] move entity: Agent to MOVE_TO_OP to location 999
2022-06-26 11:05:41,165 [DEBUG] case 2 Agent entity arrived to locaionAT_OP movement task completed
2022-06-26 11:05:41,165 [DEBUG] entity: Agent changed state to AT_OP arrived to location 999
2022-06-26 11:05:41,166 [DEBUG] move entity: Agent to MOVE_TO_OP to location 999
2022-06-26 11:05:42,173 [DEBUG] case 2 Agent entity arrived to locaionAT_OP movement task completed
2022-06-26 11:05:42,173 [DEBUG] entity: Agent changed state to AT_OP arrived to location 999
2022-06-26 11:05:42,173 [DEBUG] move entity: Agent to MOVE_TO_OP to location 999
2022-06-26 11:05:43,180 [DEBUG] case 2 Agent entity arrived to locaionAT_OP movement task completed
2022-06-26 11:05:43,181 [DEBUG] entity: Agent changed state to AT_OP arrived to location 999
2022-06-26 11:05:43,181 [DEBUG] move entity: Agent to MOVE_TO_OP to location 999
2022-06-26 11:05:44,188 [DEBUG] case 2 Agent entity arrived to locaionAT_OP movement task completed
2022-06-26 11:05:44,188 [DEBUG] entity: Agent changed state to AT_OP arrived to location 999
2022-06-26 11:05:44,189 [DEBUG] move entity: Agent to MOVE_TO_OP to location 999
2022-06-26 11:05:45,195 [DEBUG] case 2 Agent entity arrived to locaionAT_OP movement task completed
2022-06-26 11:05:45,196 [DEBUG] entity: Agent changed state to AT_OP arrived to location 999
2022-06-26 11:05:45,196 [DEBUG] move entity: Agent to MOVE_TO_OP to location 999
2022-06-26 11:05:46,204 [DEBUG] case 2 Agent entity arrived to locaionAT_OP movement task completed
2022-06-26 11:05:46,204 [DEBUG] entity: Agent changed state to AT_OP arrived to location 999
2022-06-26 11:05:46,204 [DEBUG] move entity: Agent to MOVE_TO_OP to location 999
2022-06-26 11:05:47,211 [DEBUG] case 2 Agent entity arrived to locaionAT_OP movement task completed
2022-06-26 11:05:47,211 [DEBUG] entity: Agent changed state to AT_OP arrived to location 999
2022-06-26 11:05:47,211 [DEBUG] move entity: Agent to MOVE_TO_OP to location 999
