2022-06-26 15:15:39,450 [INFO] Initializing RFSM 
2022-06-26 15:15:39,626 [DEBUG] Communicator is initialized
2022-06-26 15:15:39,626 [DEBUG] running in vrf mode
2022-06-26 15:15:39,626 [DEBUG] RFSMManager is initialized
2022-06-26 15:15:39,626 [INFO] RFSM initialized
2022-06-26 15:15:39,627 [DEBUG] SpawnManager_Nadav is initialized
2022-06-26 15:15:41,629 [DEBUG] Get Forces local 
2022-06-26 15:15:44,005 [DEBUG] case 3 need to move position (from op to op position) Agent
2022-06-26 15:15:44,006 [DEBUG] move entity: Agent to MOVE_TO_OP to location -1
2022-06-26 15:15:54,025 [DEBUG] case 2 Agent entity arrived to locaionAT_OP movement task completed
2022-06-26 15:15:54,026 [DEBUG] entity: Agent changed state to AT_OP arrived to location -1
2022-06-26 15:15:54,026 [DEBUG] case 2 Agent entity arrived to locaionAT_OP movement task completed
2022-06-26 15:15:54,026 [DEBUG] entity: Agent changed state to AT_OP arrived to location -1
2022-06-26 15:15:54,027 [DEBUG] case 2 Agent entity arrived to locaionAT_OP movement task completed
2022-06-26 15:15:54,027 [DEBUG] entity: Agent changed state to AT_OP arrived to location -1
2022-06-26 15:15:54,027 [DEBUG] case 2 Agent entity arrived to locaionAT_OP movement task completed
2022-06-26 15:15:54,027 [DEBUG] entity: Agent changed state to AT_OP arrived to location -1
2022-06-26 15:15:54,027 [DEBUG] case 2 Agent entity arrived to locaionAT_OP movement task completed
2022-06-26 15:15:54,027 [DEBUG] entity: Agent changed state to AT_OP arrived to location -1
2022-06-26 15:15:54,028 [DEBUG] case 2 Agent entity arrived to locaionAT_OP movement task completed
2022-06-26 15:15:54,028 [DEBUG] entity: Agent changed state to AT_OP arrived to location -1
2022-06-26 15:15:54,028 [DEBUG] case 2 Agent entity arrived to locaionAT_OP movement task completed
2022-06-26 15:15:54,028 [DEBUG] entity: Agent changed state to AT_OP arrived to location -1
2022-06-26 15:15:54,028 [DEBUG] case 2 Agent entity arrived to locaionAT_OP movement task completed
2022-06-26 15:15:54,029 [DEBUG] entity: Agent changed state to AT_OP arrived to location -1
2022-06-26 15:15:54,029 [DEBUG] case 2 Agent entity arrived to locaionAT_OP movement task completed
2022-06-26 15:15:54,029 [DEBUG] entity: Agent changed state to AT_OP arrived to location -1
2022-06-26 15:15:54,029 [DEBUG] case 2 Agent entity arrived to locaionAT_OP movement task completed
2022-06-26 15:15:54,029 [DEBUG] entity: Agent changed state to AT_OP arrived to location -1
2022-06-26 15:15:54,029 [DEBUG] case 2 Agent entity arrived to locaionAT_OP movement task completed
2022-06-26 15:15:54,029 [DEBUG] entity: Agent changed state to AT_OP arrived to location -1
