2022-06-27 12:02:24,359 [INFO] Initializing RFSM 
2022-06-27 12:02:24,537 [DEBUG] Communicator is initialized
2022-06-27 12:02:24,537 [DEBUG] running in vrf mode
2022-06-27 12:02:24,537 [DEBUG] RFSMManager is initialized
2022-06-27 12:02:24,538 [INFO] RFSM initialized
2022-06-27 12:02:24,538 [DEBUG] SpawnManager_Nadav is initialized
2022-06-27 12:02:26,539 [DEBUG] Get Forces local 
2022-06-27 12:03:04,241 [DEBUG] case 4 need to change face to East Agent
2022-06-27 12:03:05,241 [DEBUG] case 3 need to move position (from op to op position) Agent
2022-06-27 12:03:05,242 [DEBUG] move entity: Agent to MOVE_TO_OP to location -1
2022-06-27 12:03:05,242 [DEBUG] case 4 need to change face to West Green
2022-06-27 12:03:06,242 [DEBUG] case 3 need to move position (from op to op position) Green
2022-06-27 12:03:06,243 [DEBUG] move entity: Green to MOVE_TO_OP to location -1
2022-06-27 12:03:10,019 [DEBUG] case 2 Agent entity arrived to locaionAT_OP movement task completed
2022-06-27 12:03:10,019 [DEBUG] entity: Agent changed state to AT_OP arrived to location -1
2022-06-27 12:03:11,019 [DEBUG] case 4 need to change face to East Agent
2022-06-27 12:03:11,019 [DEBUG] case 2 Green entity arrived to locaionAT_OP movement task completed
2022-06-27 12:03:11,020 [DEBUG] entity: Green changed state to AT_OP arrived to location -1
2022-06-27 12:03:12,021 [DEBUG] case 3 need to move position (from op to op position) Agent
2022-06-27 12:03:12,022 [DEBUG] move entity: Agent to MOVE_TO_OP to location -1
2022-06-27 12:03:12,022 [DEBUG] case 4 need to change face to West Green
2022-06-27 12:03:13,022 [DEBUG] case 3 need to move position (from op to op position) Green
2022-06-27 12:03:13,023 [DEBUG] move entity: Green to MOVE_TO_OP to location -1
2022-06-27 12:03:16,461 [DEBUG] case 2 Agent entity arrived to locaionAT_OP movement task completed
2022-06-27 12:03:16,462 [DEBUG] entity: Agent changed state to AT_OP arrived to location -1
2022-06-27 12:03:17,463 [DEBUG] case 4 need to change face to South Agent
2022-06-27 12:03:17,463 [DEBUG] case 2 Green entity arrived to locaionAT_OP movement task completed
2022-06-27 12:03:17,464 [DEBUG] entity: Green changed state to AT_OP arrived to location -1
2022-06-27 12:03:18,464 [DEBUG] case 3 need to move position (from op to op position) Agent
2022-06-27 12:03:18,465 [DEBUG] move entity: Agent to MOVE_TO_OP to location -1
2022-06-27 12:03:18,465 [DEBUG] case 4 need to change face to West Green
2022-06-27 12:03:19,466 [DEBUG] case 3 need to move position (from op to op position) Green
2022-06-27 12:03:19,467 [DEBUG] move entity: Green to MOVE_TO_OP to location -1
