2022-06-27 11:53:11,702 [INFO] Initializing RFSM 
2022-06-27 11:53:11,877 [DEBUG] Communicator is initialized
2022-06-27 11:53:11,877 [DEBUG] running in vrf mode
2022-06-27 11:53:11,877 [DEBUG] RFSMManager is initialized
2022-06-27 11:53:11,877 [INFO] RFSM initialized
2022-06-27 11:53:11,877 [DEBUG] SpawnManager_Nadav is initialized
2022-06-27 11:53:13,879 [DEBUG] Get Forces local 
2022-06-27 11:53:19,049 [DEBUG] case 4 need to change face to West Agent
2022-06-27 11:53:20,050 [DEBUG] case 3 need to move position (from op to op position) Agent
2022-06-27 11:53:20,051 [DEBUG] move entity: Agent to MOVE_TO_OP to location -1
2022-06-27 11:53:20,051 [DEBUG] case 4 need to change face to North Green
2022-06-27 11:53:21,053 [DEBUG] case 2 Agent entity arrived to locaionAT_OP movement task completed
2022-06-27 11:53:21,053 [DEBUG] entity: Agent changed state to AT_OP arrived to location -1
2022-06-27 11:53:21,053 [DEBUG] case 3 need to move position (from op to op position) Green
2022-06-27 11:53:21,053 [DEBUG] move entity: Green to MOVE_TO_OP to location -1
2022-06-27 11:53:22,695 [DEBUG] case 4 need to change face to West Agent
2022-06-27 11:53:22,695 [DEBUG] case 2 Green entity arrived to locaionAT_OP movement task completed
2022-06-27 11:53:22,696 [DEBUG] entity: Green changed state to AT_OP arrived to location -1
2022-06-27 11:53:23,697 [DEBUG] case 3 need to move position (from op to op position) Agent
2022-06-27 11:53:23,698 [DEBUG] move entity: Agent to MOVE_TO_OP to location -1
2022-06-27 11:53:24,698 [DEBUG] case 2 Agent entity arrived to locaionAT_OP movement task completed
2022-06-27 11:53:24,698 [DEBUG] entity: Agent changed state to AT_OP arrived to location -1
2022-06-27 11:53:25,700 [DEBUG] case 4 need to change face to West Agent
2022-06-27 11:53:26,701 [DEBUG] case 3 need to move position (from op to op position) Agent
2022-06-27 11:53:26,702 [DEBUG] move entity: Agent to MOVE_TO_OP to location -1
2022-06-27 11:53:26,702 [DEBUG] case 4 need to change face to North Green
2022-06-27 11:53:27,703 [DEBUG] case 2 Agent entity arrived to locaionAT_OP movement task completed
2022-06-27 11:53:27,704 [DEBUG] entity: Agent changed state to AT_OP arrived to location -1
2022-06-27 11:53:27,704 [DEBUG] case 3 need to move position (from op to op position) Green
2022-06-27 11:53:27,704 [DEBUG] move entity: Green to MOVE_TO_OP to location -1
2022-06-27 11:53:28,705 [DEBUG] case 4 need to change face to West Agent
2022-06-27 11:53:28,706 [DEBUG] case 2 Green entity arrived to locaionAT_OP movement task completed
2022-06-27 11:53:28,706 [DEBUG] entity: Green changed state to AT_OP arrived to location -1
2022-06-27 11:53:30,247 [DEBUG] case 4 need to change face to West Agent
2022-06-27 11:53:30,247 [DEBUG] case 4 need to change face to North Green
2022-06-27 11:53:31,247 [DEBUG] case 3 need to move position (from op to op position) Agent
2022-06-27 11:53:31,248 [DEBUG] move entity: Agent to MOVE_TO_OP to location -1
2022-06-27 11:53:31,248 [DEBUG] case 3 need to move position (from op to op position) Green
2022-06-27 11:53:31,248 [DEBUG] move entity: Green to MOVE_TO_OP to location -1
2022-06-27 11:53:32,756 [DEBUG] case 2 Agent entity arrived to locaionAT_OP movement task completed
2022-06-27 11:53:32,756 [DEBUG] entity: Agent changed state to AT_OP arrived to location -1
2022-06-27 11:53:32,756 [DEBUG] case 2 Green entity arrived to locaionAT_OP movement task completed
2022-06-27 11:53:32,756 [DEBUG] entity: Green changed state to AT_OP arrived to location -1
2022-06-27 11:53:33,757 [DEBUG] case 4 need to change face to West Agent
2022-06-27 11:53:33,758 [DEBUG] case 4 need to change face to North Green
2022-06-27 11:53:34,758 [DEBUG] case 3 need to move position (from op to op position) Agent
2022-06-27 11:53:34,759 [DEBUG] move entity: Agent to MOVE_TO_OP to location -1
2022-06-27 11:53:34,759 [DEBUG] case 3 need to move position (from op to op position) Green
2022-06-27 11:53:34,759 [DEBUG] move entity: Green to MOVE_TO_OP to location -1
2022-06-27 11:53:35,760 [DEBUG] case 2 Agent entity arrived to locaionAT_OP movement task completed
2022-06-27 11:53:35,761 [DEBUG] entity: Agent changed state to AT_OP arrived to location -1
2022-06-27 11:53:35,761 [DEBUG] case 2 Green entity arrived to locaionAT_OP movement task completed
2022-06-27 11:53:35,761 [DEBUG] entity: Green changed state to AT_OP arrived to location -1
2022-06-27 11:53:37,261 [DEBUG] case 4 need to change face to North Agent
2022-06-27 11:53:38,262 [DEBUG] case 3 need to move position (from op to op position) Agent
2022-06-27 11:53:38,262 [DEBUG] move entity: Agent to MOVE_TO_OP to location -1
2022-06-27 11:53:39,264 [DEBUG] case 2 Agent entity arrived to locaionAT_OP movement task completed
2022-06-27 11:53:39,264 [DEBUG] entity: Agent changed state to AT_OP arrived to location -1
2022-06-27 11:53:39,265 [DEBUG] case 4 need to change face to North Green
2022-06-27 11:53:40,265 [DEBUG] case 4 need to change face to West Agent
2022-06-27 11:53:40,265 [DEBUG] case 3 need to move position (from op to op position) Green
2022-06-27 11:53:40,266 [DEBUG] move entity: Green to MOVE_TO_OP to location -1
