2022-06-26 15:39:06,906 [INFO] Initializing RFSM 
2022-06-26 15:39:07,096 [DEBUG] Communicator is initialized
2022-06-26 15:39:07,096 [DEBUG] running in vrf mode
2022-06-26 15:39:07,096 [DEBUG] RFSMManager is initialized
2022-06-26 15:39:07,097 [INFO] RFSM initialized
2022-06-26 15:39:07,097 [DEBUG] SpawnManager_Nadav is initialized
2022-06-26 15:39:09,098 [DEBUG] Get Forces local 
2022-06-26 15:39:26,249 [DEBUG] case 3 need to move position (from op to op position) Agent
2022-06-26 15:39:26,250 [DEBUG] move entity: Agent to MOVE_TO_OP to location -1
2022-06-26 15:39:36,267 [DEBUG] case 2 Agent entity arrived to locaionAT_OP movement task completed
2022-06-26 15:39:36,268 [DEBUG] entity: Agent changed state to AT_OP arrived to location -1
2022-06-26 15:39:36,268 [DEBUG] case 2 Agent entity arrived to locaionAT_OP movement task completed
2022-06-26 15:39:36,268 [DEBUG] entity: Agent changed state to AT_OP arrived to location -1
2022-06-26 15:39:36,269 [DEBUG] case 2 Agent entity arrived to locaionAT_OP movement task completed
2022-06-26 15:39:36,269 [DEBUG] entity: Agent changed state to AT_OP arrived to location -1
2022-06-26 15:39:36,269 [DEBUG] case 2 Agent entity arrived to locaionAT_OP movement task completed
2022-06-26 15:39:36,269 [DEBUG] entity: Agent changed state to AT_OP arrived to location -1
2022-06-26 15:39:36,269 [DEBUG] case 2 Agent entity arrived to locaionAT_OP movement task completed
2022-06-26 15:39:36,270 [DEBUG] entity: Agent changed state to AT_OP arrived to location -1
2022-06-26 15:39:36,270 [DEBUG] case 2 Agent entity arrived to locaionAT_OP movement task completed
2022-06-26 15:39:36,270 [DEBUG] entity: Agent changed state to AT_OP arrived to location -1
2022-06-26 15:39:36,270 [DEBUG] case 2 Agent entity arrived to locaionAT_OP movement task completed
2022-06-26 15:39:36,270 [DEBUG] entity: Agent changed state to AT_OP arrived to location -1
2022-06-26 15:39:36,270 [DEBUG] case 2 Agent entity arrived to locaionAT_OP movement task completed
2022-06-26 15:39:36,271 [DEBUG] entity: Agent changed state to AT_OP arrived to location -1
2022-06-26 15:39:36,271 [DEBUG] case 2 Agent entity arrived to locaionAT_OP movement task completed
2022-06-26 15:39:36,271 [DEBUG] entity: Agent changed state to AT_OP arrived to location -1
2022-06-26 15:39:36,271 [DEBUG] case 2 Agent entity arrived to locaionAT_OP movement task completed
2022-06-26 15:39:36,271 [DEBUG] entity: Agent changed state to AT_OP arrived to location -1
2022-06-26 15:39:36,271 [DEBUG] case 2 Agent entity arrived to locaionAT_OP movement task completed
2022-06-26 15:39:36,271 [DEBUG] entity: Agent changed state to AT_OP arrived to location -1
