2022-06-26 13:49:24,855 [INFO] Initializing RFSM 
2022-06-26 13:49:25,031 [DEBUG] Communicator is initialized
2022-06-26 13:49:25,031 [DEBUG] running in vrf mode
2022-06-26 13:49:25,031 [DEBUG] RFSMManager is initialized
2022-06-26 13:49:25,031 [INFO] RFSM initialized
2022-06-26 13:49:26,033 [DEBUG] case 3 need to move position (from op to op position) Agent
2022-06-26 13:49:26,034 [DEBUG] move entity: Agent to MOVE_TO_OP to location 999
2022-06-26 13:49:26,034 [DEBUG] case 3 need to move position (from op to op position) Green
2022-06-26 13:49:26,034 [DEBUG] move entity: Green to MOVE_TO_OP to location 999
2022-06-26 13:49:27,036 [DEBUG] case 2 Agent entity arrived to locaionAT_OP movement task completed
2022-06-26 13:49:27,036 [DEBUG] entity: Agent changed state to AT_OP arrived to location 999
2022-06-26 13:49:27,036 [DEBUG] case 3 need to move position (from op to op position) Agent
2022-06-26 13:49:27,036 [DEBUG] move entity: Agent to MOVE_TO_OP to location 999
2022-06-26 13:49:27,037 [DEBUG] case 3 need to move position (from op to op position) Green
2022-06-26 13:49:27,037 [DEBUG] move entity: Green to MOVE_TO_OP to location 999
2022-06-26 13:49:28,039 [DEBUG] case 3 need to move position (from op to op position) Agent
2022-06-26 13:49:28,039 [DEBUG] case 2 Agent entity arrived to locaionAT_OP movement task completed
2022-06-26 13:49:28,039 [DEBUG] entity: Agent changed state to AT_OP arrived to location 999
2022-06-26 13:49:28,039 [DEBUG] case 3 need to move position (from op to op position) Agent
2022-06-26 13:49:28,040 [DEBUG] move entity: Agent to MOVE_TO_OP to location 999
2022-06-26 13:49:28,040 [DEBUG] case 3 need to move position (from op to op position) Green
2022-06-26 13:49:28,040 [DEBUG] move entity: Green to MOVE_TO_OP to location 999
