2022-06-27 13:55:00,152 [INFO] Initializing RFSM 
2022-06-27 13:55:00,346 [DEBUG] Communicator is initialized
2022-06-27 13:55:00,346 [DEBUG] running in vrf mode
2022-06-27 13:55:00,346 [DEBUG] RFSMManager is initialized
2022-06-27 13:55:00,346 [INFO] RFSM initialized
2022-06-27 13:55:00,346 [DEBUG] SpawnManager_Nadav is initialized
2022-06-27 13:55:02,348 [DEBUG] Get Forces local 
2022-06-27 13:55:06,947 [DEBUG] case 4 need to change face to West Agent
2022-06-27 13:55:07,948 [DEBUG] case 3 need to move position (from op to op position) Agent
2022-06-27 13:55:07,949 [DEBUG] move entity: Agent to MOVE_TO_OP to location -1
2022-06-27 13:55:08,949 [DEBUG] case 2 Agent entity arrived to locaionAT_OP movement task completed
2022-06-27 13:55:08,949 [DEBUG] entity: Agent changed state to AT_OP arrived to location -1
2022-06-27 13:55:09,951 [DEBUG] case 4 need to change face to West Agent
2022-06-27 13:55:10,952 [DEBUG] case 3 need to move position (from op to op position) Agent
2022-06-27 13:55:10,953 [DEBUG] move entity: Agent to MOVE_TO_OP to location -1
2022-06-27 13:55:11,953 [DEBUG] case 2 Agent entity arrived to locaionAT_OP movement task completed
2022-06-27 13:55:11,953 [DEBUG] entity: Agent changed state to AT_OP arrived to location -1
2022-06-27 13:55:12,955 [DEBUG] case 4 need to change face to West Agent
2022-06-27 13:55:13,956 [DEBUG] case 3 need to move position (from op to op position) Agent
2022-06-27 13:55:13,957 [DEBUG] move entity: Agent to MOVE_TO_OP to location -1
2022-06-27 13:55:14,958 [DEBUG] case 2 Agent entity arrived to locaionAT_OP movement task completed
2022-06-27 13:55:14,958 [DEBUG] entity: Agent changed state to AT_OP arrived to location -1
2022-06-27 13:55:15,960 [DEBUG] case 4 need to change face to West Agent
2022-06-27 13:55:16,961 [DEBUG] case 3 need to move position (from op to op position) Agent
2022-06-27 13:55:16,962 [DEBUG] move entity: Agent to MOVE_TO_OP to location -1
2022-06-27 13:55:17,962 [DEBUG] case 2 Agent entity arrived to locaionAT_OP movement task completed
2022-06-27 13:55:17,962 [DEBUG] entity: Agent changed state to AT_OP arrived to location -1
2022-06-27 13:55:18,964 [DEBUG] case 4 need to change face to West Agent
