2022-06-26 13:27:10,389 [INFO] Initializing RFSM 
2022-06-26 13:27:10,564 [DEBUG] Communicator is initialized
2022-06-26 13:27:10,564 [DEBUG] running in vrf mode
2022-06-26 13:27:10,564 [DEBUG] RFSMManager is initialized
2022-06-26 13:27:10,564 [INFO] RFSM initialized
2022-06-26 13:27:11,565 [DEBUG] case 3 need to move position (from op to op position) Agent
2022-06-26 13:27:11,566 [DEBUG] move entity: Agent to MOVE_TO_OP to location 999
2022-06-26 13:27:12,568 [DEBUG] case 3 need to move position (from op to op position) Agent
2022-06-26 13:27:12,568 [DEBUG] move entity: Agent to MOVE_TO_OP to location 999
2022-06-26 13:27:13,571 [DEBUG] case 3 need to move position (from op to op position) Agent
2022-06-26 13:27:13,571 [DEBUG] move entity: Agent to MOVE_TO_OP to location 999
2022-06-26 13:27:14,572 [DEBUG] case 3 need to move position (from op to op position) Agent
2022-06-26 13:27:14,572 [DEBUG] move entity: Agent to MOVE_TO_OP to location 999
2022-06-26 13:27:15,575 [DEBUG] case 3 need to move position (from op to op position) Agent
2022-06-26 13:27:15,575 [DEBUG] move entity: Agent to MOVE_TO_OP to location 999
2022-06-26 13:27:16,576 [DEBUG] case 3 need to move position (from op to op position) Agent
2022-06-26 13:27:16,577 [DEBUG] move entity: Agent to MOVE_TO_OP to location 999
2022-06-26 13:27:17,579 [DEBUG] case 3 need to move position (from op to op position) Agent
2022-06-26 13:27:17,580 [DEBUG] move entity: Agent to MOVE_TO_OP to location 999
2022-06-26 13:27:18,582 [DEBUG] case 3 need to move position (from op to op position) Agent
2022-06-26 13:27:18,583 [DEBUG] move entity: Agent to MOVE_TO_OP to location 999
2022-06-26 13:27:19,586 [DEBUG] case 3 need to move position (from op to op position) Agent
2022-06-26 13:27:19,586 [DEBUG] move entity: Agent to MOVE_TO_OP to location 999
2022-06-26 13:27:20,588 [DEBUG] case 3 need to move position (from op to op position) Agent
2022-06-26 13:27:20,588 [DEBUG] move entity: Agent to MOVE_TO_OP to location 999
2022-06-26 13:27:21,590 [DEBUG] case 2 Agent entity arrived to locaionAT_OP movement task completed
2022-06-26 13:27:21,591 [DEBUG] entity: Agent changed state to AT_OP arrived to location 999
2022-06-26 13:27:21,591 [DEBUG] case 2 Agent entity arrived to locaionAT_OP movement task completed
2022-06-26 13:27:21,591 [DEBUG] entity: Agent changed state to AT_OP arrived to location 999
2022-06-26 13:27:21,591 [DEBUG] case 2 Agent entity arrived to locaionAT_OP movement task completed
2022-06-26 13:27:21,591 [DEBUG] entity: Agent changed state to AT_OP arrived to location 999
2022-06-26 13:27:21,592 [DEBUG] case 2 Agent entity arrived to locaionAT_OP movement task completed
2022-06-26 13:27:21,592 [DEBUG] entity: Agent changed state to AT_OP arrived to location 999
2022-06-26 13:27:21,592 [DEBUG] case 2 Agent entity arrived to locaionAT_OP movement task completed
2022-06-26 13:27:21,592 [DEBUG] entity: Agent changed state to AT_OP arrived to location 999
2022-06-26 13:27:21,592 [DEBUG] case 2 Agent entity arrived to locaionAT_OP movement task completed
2022-06-26 13:27:21,592 [DEBUG] entity: Agent changed state to AT_OP arrived to location 999
2022-06-26 13:27:21,593 [DEBUG] case 2 Agent entity arrived to locaionAT_OP movement task completed
2022-06-26 13:27:21,593 [DEBUG] entity: Agent changed state to AT_OP arrived to location 999
2022-06-26 13:27:21,593 [DEBUG] case 2 Agent entity arrived to locaionAT_OP movement task completed
2022-06-26 13:27:21,593 [DEBUG] entity: Agent changed state to AT_OP arrived to location 999
2022-06-26 13:27:21,593 [DEBUG] case 2 Agent entity arrived to locaionAT_OP movement task completed
2022-06-26 13:27:21,593 [DEBUG] entity: Agent changed state to AT_OP arrived to location 999
2022-06-26 13:27:21,594 [DEBUG] case 2 Agent entity arrived to locaionAT_OP movement task completed
2022-06-26 13:27:21,594 [DEBUG] entity: Agent changed state to AT_OP arrived to location 999
2022-06-26 13:27:21,594 [DEBUG] case 3 need to move position (from op to op position) Agent
2022-06-26 13:27:21,594 [DEBUG] move entity: Agent to MOVE_TO_OP to location 999
2022-06-26 13:27:22,595 [DEBUG] case 3 need to move position (from op to op position) Agent
2022-06-26 13:27:22,596 [DEBUG] case 3 need to move position (from op to op position) Agent
2022-06-26 13:27:22,596 [DEBUG] case 3 need to move position (from op to op position) Agent
2022-06-26 13:27:22,596 [DEBUG] case 3 need to move position (from op to op position) Agent
2022-06-26 13:27:22,597 [DEBUG] case 3 need to move position (from op to op position) Agent
2022-06-26 13:27:22,597 [DEBUG] case 3 need to move position (from op to op position) Agent
2022-06-26 13:27:22,597 [DEBUG] case 3 need to move position (from op to op position) Agent
2022-06-26 13:27:22,598 [DEBUG] case 3 need to move position (from op to op position) Agent
2022-06-26 13:27:22,598 [DEBUG] case 3 need to move position (from op to op position) Agent
2022-06-26 13:27:22,598 [DEBUG] case 3 need to move position (from op to op position) Agent
2022-06-26 13:27:22,598 [DEBUG] case 2 Agent entity arrived to locaionAT_OP movement task completed
2022-06-26 13:27:22,598 [DEBUG] entity: Agent changed state to AT_OP arrived to location 999
2022-06-26 13:27:22,599 [DEBUG] case 3 need to move position (from op to op position) Agent
2022-06-26 13:27:22,599 [DEBUG] move entity: Agent to MOVE_TO_OP to location 999
2022-06-26 13:27:23,600 [DEBUG] case 3 need to move position (from op to op position) Agent
2022-06-26 13:27:23,601 [DEBUG] case 3 need to move position (from op to op position) Agent
2022-06-26 13:27:23,601 [DEBUG] case 3 need to move position (from op to op position) Agent
2022-06-26 13:27:23,601 [DEBUG] case 3 need to move position (from op to op position) Agent
2022-06-26 13:27:23,602 [DEBUG] case 3 need to move position (from op to op position) Agent
2022-06-26 13:27:23,602 [DEBUG] case 3 need to move position (from op to op position) Agent
2022-06-26 13:27:23,602 [DEBUG] case 3 need to move position (from op to op position) Agent
2022-06-26 13:27:23,602 [DEBUG] case 3 need to move position (from op to op position) Agent
2022-06-26 13:27:23,603 [DEBUG] case 3 need to move position (from op to op position) Agent
2022-06-26 13:27:23,603 [DEBUG] case 3 need to move position (from op to op position) Agent
2022-06-26 13:27:23,603 [DEBUG] case 3 need to move position (from op to op position) Agent
2022-06-26 13:27:23,603 [DEBUG] case 2 Agent entity arrived to locaionAT_OP movement task completed
2022-06-26 13:27:23,604 [DEBUG] entity: Agent changed state to AT_OP arrived to location 999
2022-06-26 13:27:23,604 [DEBUG] case 3 need to move position (from op to op position) Agent
2022-06-26 13:27:23,604 [DEBUG] move entity: Agent to MOVE_TO_OP to location 999
2022-06-26 13:27:24,605 [DEBUG] case 3 need to move position (from op to op position) Agent
2022-06-26 13:27:24,605 [DEBUG] case 3 need to move position (from op to op position) Agent
2022-06-26 13:27:24,606 [DEBUG] case 3 need to move position (from op to op position) Agent
2022-06-26 13:27:24,606 [DEBUG] case 3 need to move position (from op to op position) Agent
2022-06-26 13:27:24,606 [DEBUG] case 3 need to move position (from op to op position) Agent
2022-06-26 13:27:24,606 [DEBUG] case 3 need to move position (from op to op position) Agent
2022-06-26 13:27:24,606 [DEBUG] case 3 need to move position (from op to op position) Agent
2022-06-26 13:27:24,607 [DEBUG] case 3 need to move position (from op to op position) Agent
2022-06-26 13:27:24,607 [DEBUG] case 3 need to move position (from op to op position) Agent
2022-06-26 13:27:24,607 [DEBUG] case 3 need to move position (from op to op position) Agent
2022-06-26 13:27:24,607 [DEBUG] case 3 need to move position (from op to op position) Agent
2022-06-26 13:27:24,607 [DEBUG] case 3 need to move position (from op to op position) Agent
2022-06-26 13:27:24,608 [DEBUG] case 2 Agent entity arrived to locaionAT_OP movement task completed
2022-06-26 13:27:24,608 [DEBUG] entity: Agent changed state to AT_OP arrived to location 999
2022-06-26 13:27:24,608 [DEBUG] case 3 need to move position (from op to op position) Agent
2022-06-26 13:27:24,608 [DEBUG] move entity: Agent to MOVE_TO_OP to location 999
2022-06-26 13:27:25,609 [DEBUG] case 3 need to move position (from op to op position) Agent
2022-06-26 13:27:25,610 [DEBUG] case 3 need to move position (from op to op position) Agent
2022-06-26 13:27:25,610 [DEBUG] case 3 need to move position (from op to op position) Agent
2022-06-26 13:27:25,610 [DEBUG] case 3 need to move position (from op to op position) Agent
2022-06-26 13:27:25,610 [DEBUG] case 3 need to move position (from op to op position) Agent
2022-06-26 13:27:25,610 [DEBUG] case 3 need to move position (from op to op position) Agent
2022-06-26 13:27:25,611 [DEBUG] case 3 need to move position (from op to op position) Agent
2022-06-26 13:27:25,611 [DEBUG] case 3 need to move position (from op to op position) Agent
2022-06-26 13:27:25,611 [DEBUG] case 3 need to move position (from op to op position) Agent
2022-06-26 13:27:25,611 [DEBUG] case 3 need to move position (from op to op position) Agent
2022-06-26 13:27:25,611 [DEBUG] case 3 need to move position (from op to op position) Agent
2022-06-26 13:27:25,612 [DEBUG] case 3 need to move position (from op to op position) Agent
2022-06-26 13:27:25,612 [DEBUG] case 3 need to move position (from op to op position) Agent
2022-06-26 13:27:25,612 [DEBUG] case 2 Agent entity arrived to locaionAT_OP movement task completed
2022-06-26 13:27:25,612 [DEBUG] entity: Agent changed state to AT_OP arrived to location 999
2022-06-26 13:27:25,612 [DEBUG] case 3 need to move position (from op to op position) Agent
2022-06-26 13:27:25,613 [DEBUG] move entity: Agent to MOVE_TO_OP to location 999
